<?xml version="1.0" encoding="UTF-8"?>
<robot generator="Robot 7.4.1 (Python 3.13.11 on win32)" generated="2026-02-22T17:08:37.433048" rpa="false" schemaversion="5">
<suite id="s1" name="Tests" source="C:\Users\user\Desktop\CAPSTONE PROJECT\Ecommerce\robot-framework\tests">
<suite id="s1-s1" name="00 Invalid Login" source="C:\Users\user\Desktop\CAPSTONE PROJECT\Ecommerce\robot-framework\tests\00_invalid_login.robot">
<kw name="Open Website" owner="ecommerce_keywords" type="SETUP">
<if>
<branch type="IF" condition="'${BROWSER}' == 'Chrome'">
<kw name="Evaluate" owner="BuiltIn">
<msg time="2026-02-22T17:08:37.762234" level="INFO">${options} = &lt;selenium.webdriver.chrome.options.Options object at 0x000001CBD6E16510&gt;</msg>
<var>${options}</var>
<arg>sys.modules['selenium.webdriver'].ChromeOptions()</arg>
<arg>sys, selenium.webdriver</arg>
<doc>Evaluates the given expression in Python and returns the result.</doc>
<status status="PASS" start="2026-02-22T17:08:37.761415" elapsed="0.000858"/>
</kw>
<kw name="Evaluate" owner="BuiltIn">
<msg time="2026-02-22T17:08:37.763664" level="INFO">${temp_dir} = C:\Users\user\AppData\Local\Temp\tmpeovmtqjm</msg>
<var>${temp_dir}</var>
<arg>__import__('tempfile').mkdtemp()</arg>
<doc>Evaluates the given expression in Python and returns the result.</doc>
<status status="PASS" start="2026-02-22T17:08:37.762473" elapsed="0.001227"/>
</kw>
<kw name="Create Dictionary" owner="BuiltIn">
<msg time="2026-02-22T17:08:37.764134" level="INFO">${prefs} = {'credentials_enable_service': 'False', 'profile.password_manager_enabled': 'False', 'profile.default_content_setting_values.notifications': '2'}</msg>
<var>${prefs}</var>
<arg>credentials_enable_service=False</arg>
<arg>profile.password_manager_enabled=False</arg>
<arg>profile.default_content_setting_values.notifications=2</arg>
<doc>Creates and returns a dictionary based on the given ``items``.</doc>
<status status="PASS" start="2026-02-22T17:08:37.763827" elapsed="0.000333"/>
</kw>
<kw name="Call Method" owner="BuiltIn">
<arg>${options}</arg>
<arg>add_experimental_option</arg>
<arg>prefs</arg>
<arg>${prefs}</arg>
<doc>Calls the named method of the given object with the provided arguments.</doc>
<status status="PASS" start="2026-02-22T17:08:37.764252" elapsed="0.000200"/>
</kw>
<kw name="Set Variable" owner="BuiltIn">
<msg time="2026-02-22T17:08:37.764681" level="INFO">${incognito} = --incognito</msg>
<var>${incognito}</var>
<arg>--incognito</arg>
<doc>Returns the given values which can then be assigned to a variables.</doc>
<status status="PASS" start="2026-02-22T17:08:37.764535" elapsed="0.000165"/>
</kw>
<kw name="Set Variable" owner="BuiltIn">
<msg time="2026-02-22T17:08:37.764914" level="INFO">${disable_pw} = --disable-features=PasswordLeakDetection</msg>
<var>${disable_pw}</var>
<arg>--disable-features=PasswordLeakDetection</arg>
<doc>Returns the given values which can then be assigned to a variables.</doc>
<status status="PASS" start="2026-02-22T17:08:37.764771" elapsed="0.000161"/>
</kw>
<kw name="Set Variable" owner="BuiltIn">
<msg time="2026-02-22T17:08:37.765127" level="INFO">${disable_notify} = --disable-notifications</msg>
<var>${disable_notify}</var>
<arg>--disable-notifications</arg>
<doc>Returns the given values which can then be assigned to a variables.</doc>
<status status="PASS" start="2026-02-22T17:08:37.765000" elapsed="0.000143"/>
</kw>
<kw name="Set Variable" owner="BuiltIn">
<msg time="2026-02-22T17:08:37.765336" level="INFO">${no_first} = --no-first-run</msg>
<var>${no_first}</var>
<arg>--no-first-run</arg>
<doc>Returns the given values which can then be assigned to a variables.</doc>
<status status="PASS" start="2026-02-22T17:08:37.765206" elapsed="0.000147"/>
</kw>
<kw name="Set Variable" owner="BuiltIn">
<msg time="2026-02-22T17:08:37.765554" level="INFO">${no_default} = --no-default-browser-check</msg>
<var>${no_default}</var>
<arg>--no-default-browser-check</arg>
<doc>Returns the given values which can then be assigned to a variables.</doc>
<status status="PASS" start="2026-02-22T17:08:37.765421" elapsed="0.000150"/>
</kw>
<kw name="Set Variable" owner="BuiltIn">
<msg time="2026-02-22T17:08:37.765762" level="INFO">${maximize} = --start-maximized</msg>
<var>${maximize}</var>
<arg>--start-maximized</arg>
<doc>Returns the given values which can then be assigned to a variables.</doc>
<status status="PASS" start="2026-02-22T17:08:37.765635" elapsed="0.000144"/>
</kw>
<kw name="Set Variable" owner="BuiltIn">
<msg time="2026-02-22T17:08:37.766002" level="INFO">${profile} = --user-data-dir=C:\Users\user\AppData\Local\Temp\tmpeovmtqjm</msg>
<var>${profile}</var>
<arg>--user-data-dir=${temp_dir}</arg>
<doc>Returns the given values which can then be assigned to a variables.</doc>
<status status="PASS" start="2026-02-22T17:08:37.765841" elapsed="0.000178"/>
</kw>
<kw name="Call Method" owner="BuiltIn">
<arg>${options}</arg>
<arg>add_argument</arg>
<arg>${incognito}</arg>
<doc>Calls the named method of the given object with the provided arguments.</doc>
<status status="PASS" start="2026-02-22T17:08:37.766082" elapsed="0.000154"/>
</kw>
<kw name="Call Method" owner="BuiltIn">
<arg>${options}</arg>
<arg>add_argument</arg>
<arg>${disable_pw}</arg>
<doc>Calls the named method of the given object with the provided arguments.</doc>
<status status="PASS" start="2026-02-22T17:08:37.766305" elapsed="0.000158"/>
</kw>
<kw name="Call Method" owner="BuiltIn">
<arg>${options}</arg>
<arg>add_argument</arg>
<arg>${disable_notify}</arg>
<doc>Calls the named method of the given object with the provided arguments.</doc>
<status status="PASS" start="2026-02-22T17:08:37.766532" elapsed="0.000166"/>
</kw>
<kw name="Call Method" owner="BuiltIn">
<arg>${options}</arg>
<arg>add_argument</arg>
<arg>${no_first}</arg>
<doc>Calls the named method of the given object with the provided arguments.</doc>
<status status="PASS" start="2026-02-22T17:08:37.766761" elapsed="0.000142"/>
</kw>
<kw name="Call Method" owner="BuiltIn">
<arg>${options}</arg>
<arg>add_argument</arg>
<arg>${no_default}</arg>
<doc>Calls the named method of the given object with the provided arguments.</doc>
<status status="PASS" start="2026-02-22T17:08:37.766964" elapsed="0.000139"/>
</kw>
<kw name="Call Method" owner="BuiltIn">
<arg>${options}</arg>
<arg>add_argument</arg>
<arg>${maximize}</arg>
<doc>Calls the named method of the given object with the provided arguments.</doc>
<status status="PASS" start="2026-02-22T17:08:37.767163" elapsed="0.000135"/>
</kw>
<kw name="Call Method" owner="BuiltIn">
<arg>${options}</arg>
<arg>add_argument</arg>
<arg>${profile}</arg>
<doc>Calls the named method of the given object with the provided arguments.</doc>
<status status="PASS" start="2026-02-22T17:08:37.767359" elapsed="0.000140"/>
</kw>
<kw name="Create Webdriver" owner="SeleniumLibrary">
<msg time="2026-02-22T17:08:37.767749" level="INFO">Creating an instance of the Chrome WebDriver.</msg>
<arg>Chrome</arg>
<arg>options=${options}</arg>
<doc>Creates an instance of Selenium WebDriver.</doc>
<status status="PASS" start="2026-02-22T17:08:37.767572" elapsed="2.331828"/>
</kw>
<kw name="Go To" owner="SeleniumLibrary">
<msg time="2026-02-22T17:08:40.099944" level="INFO">Opening url 'https://www.saucedemo.com/'</msg>
<arg>${URL}</arg>
<doc>Navigates the current browser window to the provided ``url``.</doc>
<status status="PASS" start="2026-02-22T17:08:40.099692" elapsed="0.453088"/>
</kw>
<status status="PASS" start="2026-02-22T17:08:37.760686" elapsed="2.792197"/>
</branch>
<branch type="ELSE IF" condition="'${BROWSER}' == 'Edge'">
<kw name="Open Browser" owner="SeleniumLibrary">
<arg>${URL}</arg>
<arg>Edge</arg>
<doc>Opens a new browser instance to the optional ``url``.</doc>
<status status="NOT RUN" start="2026-02-22T17:08:40.553166" elapsed="0.000034"/>
</kw>
<kw name="Maximize Browser Window" owner="SeleniumLibrary">
<doc>Maximizes current browser window.</doc>
<status status="NOT RUN" start="2026-02-22T17:08:40.553315" elapsed="0.000029"/>
</kw>
<status status="NOT RUN" start="2026-02-22T17:08:40.552959" elapsed="0.000426"/>
</branch>
<branch type="ELSE IF" condition="'${BROWSER}' == 'Firefox'">
<kw name="Evaluate" owner="BuiltIn">
<var>${ff_options}</var>
<arg>sys.modules['selenium.webdriver'].FirefoxOptions()</arg>
<arg>sys, selenium.webdriver</arg>
<doc>Evaluates the given expression in Python and returns the result.</doc>
<status status="NOT RUN" start="2026-02-22T17:08:40.553855" elapsed="0.000064"/>
</kw>
<kw name="Call Method" owner="BuiltIn">
<arg>${ff_options}</arg>
<arg>add_argument</arg>
<arg>-private</arg>
<doc>Calls the named method of the given object with the provided arguments.</doc>
<status status="NOT RUN" start="2026-02-22T17:08:40.554161" elapsed="0.000061"/>
</kw>
<kw name="Create Webdriver" owner="SeleniumLibrary">
<arg>Firefox</arg>
<arg>options=${ff_options}</arg>
<doc>Creates an instance of Selenium WebDriver.</doc>
<status status="NOT RUN" start="2026-02-22T17:08:40.554435" elapsed="0.000054"/>
</kw>
<kw name="Go To" owner="SeleniumLibrary">
<arg>${URL}</arg>
<doc>Navigates the current browser window to the provided ``url``.</doc>
<status status="NOT RUN" start="2026-02-22T17:08:40.554686" elapsed="0.000053"/>
</kw>
<status status="NOT RUN" start="2026-02-22T17:08:40.553666" elapsed="0.001156"/>
</branch>
<status status="PASS" start="2026-02-22T17:08:37.760662" elapsed="2.794235"/>
</if>
<kw name="Wait Until Element Is Visible" owner="SeleniumLibrary">
<arg>id=user-name</arg>
<arg>timeout=10s</arg>
<doc>Waits until the element ``locator`` is visible.</doc>
<status status="PASS" start="2026-02-22T17:08:40.555079" elapsed="0.031390"/>
</kw>
<kw name="Sleep" owner="BuiltIn">
<msg time="2026-02-22T17:08:41.587574" level="INFO">Slept 1 second.</msg>
<arg>${DELAY}</arg>
<doc>Pauses the test executed for the given time.</doc>
<status status="PASS" start="2026-02-22T17:08:40.586923" elapsed="1.000983"/>
</kw>
<status status="PASS" start="2026-02-22T17:08:37.760438" elapsed="3.827778"/>
</kw>
<test id="s1-s1-t1" name="Invalid Login From CSV" line="10">
<kw name="Get File" owner="OperatingSystem">
<msg time="2026-02-22T17:08:41.589187" level="INFO" html="true">Getting file '&lt;a href="file://C:\Users\user\Desktop\CAPSTONE PROJECT\Ecommerce\robot-framework\data\invalid_login_data.csv"&gt;C:\Users\user\Desktop\CAPSTONE PROJECT\Ecommerce\robot-framework\data\invalid_login_data.csv&lt;/a&gt;'.</msg>
<msg time="2026-02-22T17:08:41.590039" level="INFO">${file} = username,password
invalid_user,wrong_password
locked_out_user,
,wrong_password
</msg>
<var>${file}</var>
<arg>C:\\Users\\user\\Desktop\\CAPSTONE PROJECT\\Ecommerce\\robot-framework\\tests/../data/invalid_login_data.csv</arg>
<doc>Returns the contents of a specified file.</doc>
<status status="PASS" start="2026-02-22T17:08:41.589022" elapsed="0.001136"/>
</kw>
<kw name="Split To Lines" owner="String">
<msg time="2026-02-22T17:08:41.591204" level="INFO">4 lines returned.</msg>
<msg time="2026-02-22T17:08:41.591355" level="INFO">${lines} = ['username,password', 'invalid_user,wrong_password', 'locked_out_user,', ',wrong_password']</msg>
<var>${lines}</var>
<arg>${file}</arg>
<doc>Splits the given string to lines.</doc>
<status status="PASS" start="2026-02-22T17:08:41.590755" elapsed="0.000639"/>
</kw>
<kw name="Get Slice From List" owner="Collections">
<msg time="2026-02-22T17:08:41.591866" level="INFO">${data} = ['invalid_user,wrong_password', 'locked_out_user,', ',wrong_password']</msg>
<var>${data}</var>
<arg>${lines}</arg>
<arg>1</arg>
<doc>Returns a slice of the given list between ``start`` and ``end`` indexes.</doc>
<status status="PASS" start="2026-02-22T17:08:41.591630" elapsed="0.000268"/>
</kw>
<for flavor="IN ENUMERATE">
<iter>
<kw name="Log" owner="BuiltIn">
<msg time="2026-02-22T17:08:41.593222" level="INFO">
===== Executing Invalid Login Dataset 1 =====</msg>
<arg>\n===== Executing Invalid Login Dataset ${index + 1} =====</arg>
<doc>Logs the given message with the given level.</doc>
<status status="PASS" start="2026-02-22T17:08:41.592539" elapsed="0.000740"/>
</kw>
<kw name="Split String" owner="String">
<msg time="2026-02-22T17:08:41.593626" level="INFO">${columns} = ['invalid_user', 'wrong_password']</msg>
<var>${columns}</var>
<arg>${row}</arg>
<arg>,</arg>
<doc>Splits the ``string`` using ``separator`` as a delimiter string.</doc>
<status status="PASS" start="2026-02-22T17:08:41.593399" elapsed="0.000262"/>
</kw>
<kw name="Get From List" owner="Collections">
<msg time="2026-02-22T17:08:41.594234" level="INFO">${username} = invalid_user</msg>
<var>${username}</var>
<arg>${columns}</arg>
<arg>0</arg>
<doc>Returns the value specified with an ``index`` from ``list``.</doc>
<status status="PASS" start="2026-02-22T17:08:41.593882" elapsed="0.000406"/>
</kw>
<kw name="Get From List" owner="Collections">
<msg time="2026-02-22T17:08:41.594798" level="INFO">${password} = wrong_password</msg>
<var>${password}</var>
<arg>${columns}</arg>
<arg>1</arg>
<doc>Returns the value specified with an ``index`` from ``list``.</doc>
<status status="PASS" start="2026-02-22T17:08:41.594494" elapsed="0.000355"/>
</kw>
<kw name="Input Text" owner="SeleniumLibrary">
<msg time="2026-02-22T17:08:41.595362" level="INFO">Typing text 'invalid_user' into text field 'id=user-name'.</msg>
<arg>id=user-name</arg>
<arg>${username}</arg>
<doc>Types the given ``text`` into the text field identified by ``locator``.</doc>
<status status="PASS" start="2026-02-22T17:08:41.595056" elapsed="0.091508"/>
</kw>
<kw name="Input Text" owner="SeleniumLibrary">
<msg time="2026-02-22T17:08:41.687131" level="INFO">Typing text 'wrong_password' into text field 'id=password'.</msg>
<arg>id=password</arg>
<arg>${password}</arg>
<doc>Types the given ``text`` into the text field identified by ``locator``.</doc>
<status status="PASS" start="2026-02-22T17:08:41.686824" elapsed="0.064514"/>
</kw>
<kw name="Click Button" owner="SeleniumLibrary">
<msg time="2026-02-22T17:08:41.751809" level="INFO">Clicking button 'id=login-button'.</msg>
<arg>id=login-button</arg>
<doc>Clicks the button identified by ``locator``.</doc>
<status status="PASS" start="2026-02-22T17:08:41.751574" elapsed="0.055825"/>
</kw>
<kw name="Wait Until Page Contains Element" owner="SeleniumLibrary">
<arg>css=h3[data-test="error"]</arg>
<arg>timeout=5s</arg>
<doc>Waits until the element ``locator`` appears on the current page.</doc>
<status status="PASS" start="2026-02-22T17:08:41.807619" elapsed="0.009565"/>
</kw>
<kw name="Run Keyword And Return Status" owner="BuiltIn">
<kw name="Page Should Contain" owner="SeleniumLibrary">
<msg time="2026-02-22T17:08:41.840321" level="FAIL">Page should have contained text 'Password is required' but did not.</msg>
<arg>Password is required</arg>
<doc>Verifies that current page contains ``text``.</doc>
<status status="FAIL" start="2026-02-22T17:08:41.817965" elapsed="0.031195">Page should have contained text 'Password is required' but did not.</status>
</kw>
<msg time="2026-02-22T17:08:41.849424" level="INFO">${pass_missing} = False</msg>
<var>${pass_missing}</var>
<arg>Page Should Contain</arg>
<arg>Password is required</arg>
<doc>Runs the specified keyword and returns the status as a Boolean value.</doc>
<status status="PASS" start="2026-02-22T17:08:41.817474" elapsed="0.032003"/>
</kw>
<kw name="Run Keyword And Return Status" owner="BuiltIn">
<kw name="Page Should Contain" owner="SeleniumLibrary">
<msg time="2026-02-22T17:08:41.880512" level="FAIL">Page should have contained text 'Username is required' but did not.</msg>
<arg>Username is required</arg>
<doc>Verifies that current page contains ``text``.</doc>
<status status="FAIL" start="2026-02-22T17:08:41.850481" elapsed="0.031069">Page should have contained text 'Username is required' but did not.</status>
</kw>
<msg time="2026-02-22T17:08:41.881821" level="INFO">${user_missing} = False</msg>
<var>${user_missing}</var>
<arg>Page Should Contain</arg>
<arg>Username is required</arg>
<doc>Runs the specified keyword and returns the status as a Boolean value.</doc>
<status status="PASS" start="2026-02-22T17:08:41.849769" elapsed="0.032112"/>
</kw>
<kw name="Run Keyword And Return Status" owner="BuiltIn">
<kw name="Page Should Contain" owner="SeleniumLibrary">
<msg time="2026-02-22T17:08:41.892195" level="INFO">Current page contains text 'Username and password do not match'.</msg>
<arg>Username and password do not match</arg>
<doc>Verifies that current page contains ``text``.</doc>
<status status="PASS" start="2026-02-22T17:08:41.882882" elapsed="0.009420"/>
</kw>
<msg time="2026-02-22T17:08:41.892458" level="INFO">${invalid_match} = True</msg>
<var>${invalid_match}</var>
<arg>Page Should Contain</arg>
<arg>Username and password do not match</arg>
<doc>Runs the specified keyword and returns the status as a Boolean value.</doc>
<status status="PASS" start="2026-02-22T17:08:41.882341" elapsed="0.010148"/>
</kw>
<if>
<branch type="IF" condition="${pass_missing} or ${user_missing} or ${invalid_match}">
<kw name="Capture Page Screenshot" owner="SeleniumLibrary">
<msg time="2026-02-22T17:08:42.016965" level="INFO" html="true">&lt;/td&gt;&lt;/tr&gt;&lt;tr&gt;&lt;td colspan="3"&gt;&lt;a href="invalid_login_1.png"&gt;&lt;img src="invalid_login_1.png" width="800px"&gt;&lt;/a&gt;</msg>
<msg time="2026-02-22T17:08:42.017118" level="INFO">${path} = C:\Users\user\Desktop\CAPSTONE PROJECT\Ecommerce\robot-framework\reports\Chrome\Chrome_2026-02-22_Run1\invalid_login_1.png</msg>
<var>${path}</var>
<arg>invalid_login_${index + 1}.png</arg>
<doc>Takes a screenshot of the current page and embeds it into a log file.</doc>
<status status="PASS" start="2026-02-22T17:08:41.893255" elapsed="0.123897"/>
</kw>
<kw name="Log" owner="BuiltIn">
<msg time="2026-02-22T17:08:42.017718" level="INFO" html="true">&lt;img src="C:\Users\user\Desktop\CAPSTONE PROJECT\Ecommerce\robot-framework\reports\Chrome\Chrome_2026-02-22_Run1\invalid_login_1.png" width="600px"&gt;</msg>
<arg>&lt;img src="${path}" width="600px"&gt;</arg>
<arg>html=True</arg>
<doc>Logs the given message with the given level.</doc>
<status status="PASS" start="2026-02-22T17:08:42.017355" elapsed="0.000418"/>
</kw>
<kw name="Log" owner="BuiltIn">
<msg time="2026-02-22T17:08:42.018936" level="INFO">✅ Expected validation message displayed</msg>
<arg>✅ Expected validation message displayed</arg>
<doc>Logs the given message with the given level.</doc>
<status status="PASS" start="2026-02-22T17:08:42.017895" elapsed="0.001223"/>
</kw>
<status status="PASS" start="2026-02-22T17:08:41.892620" elapsed="0.126641"/>
</branch>
<branch type="ELSE">
<kw name="Fail" owner="BuiltIn">
<arg>Unexpected error message for dataset ${index + 1}</arg>
<doc>Fails the test with the given message and optionally alters its tags.</doc>
<status status="NOT RUN" start="2026-02-22T17:08:42.019617" elapsed="0.000061"/>
</kw>
<status status="NOT RUN" start="2026-02-22T17:08:42.019364" elapsed="0.000406"/>
</branch>
<status status="PASS" start="2026-02-22T17:08:41.892586" elapsed="0.127259"/>
</if>
<kw name="Go To" owner="SeleniumLibrary">
<msg time="2026-02-22T17:08:42.020354" level="INFO">Opening url 'https://www.saucedemo.com/'</msg>
<arg>${URL}</arg>
<doc>Navigates the current browser window to the provided ``url``.</doc>
<status status="PASS" start="2026-02-22T17:08:42.020036" elapsed="0.051037"/>
</kw>
<var name="${index}">0</var>
<var name="${row}">invalid_user,wrong_password</var>
<status status="PASS" start="2026-02-22T17:08:41.592415" elapsed="0.478799"/>
</iter>
<iter>
<kw name="Log" owner="BuiltIn">
<msg time="2026-02-22T17:08:42.072900" level="INFO">
===== Executing Invalid Login Dataset 2 =====</msg>
<arg>\n===== Executing Invalid Login Dataset ${index + 1} =====</arg>
<doc>Logs the given message with the given level.</doc>
<status status="PASS" start="2026-02-22T17:08:42.071852" elapsed="0.001128"/>
</kw>
<kw name="Split String" owner="String">
<msg time="2026-02-22T17:08:42.073587" level="INFO">${columns} = ['locked_out_user', '']</msg>
<var>${columns}</var>
<arg>${row}</arg>
<arg>,</arg>
<doc>Splits the ``string`` using ``separator`` as a delimiter string.</doc>
<status status="PASS" start="2026-02-22T17:08:42.073260" elapsed="0.000366"/>
</kw>
<kw name="Get From List" owner="Collections">
<msg time="2026-02-22T17:08:42.074153" level="INFO">${username} = locked_out_user</msg>
<var>${username}</var>
<arg>${columns}</arg>
<arg>0</arg>
<doc>Returns the value specified with an ``index`` from ``list``.</doc>
<status status="PASS" start="2026-02-22T17:08:42.073780" elapsed="0.000435"/>
</kw>
<kw name="Get From List" owner="Collections">
<msg time="2026-02-22T17:08:42.074941" level="INFO">${password} = </msg>
<var>${password}</var>
<arg>${columns}</arg>
<arg>1</arg>
<doc>Returns the value specified with an ``index`` from ``list``.</doc>
<status status="PASS" start="2026-02-22T17:08:42.074405" elapsed="0.000611"/>
</kw>
<kw name="Input Text" owner="SeleniumLibrary">
<msg time="2026-02-22T17:08:42.075557" level="INFO">Typing text 'locked_out_user' into text field 'id=user-name'.</msg>
<arg>id=user-name</arg>
<arg>${username}</arg>
<doc>Types the given ``text`` into the text field identified by ``locator``.</doc>
<status status="PASS" start="2026-02-22T17:08:42.075273" elapsed="0.114632"/>
</kw>
<kw name="Input Text" owner="SeleniumLibrary">
<msg time="2026-02-22T17:08:42.190379" level="INFO">Typing text '' into text field 'id=password'.</msg>
<arg>id=password</arg>
<arg>${password}</arg>
<doc>Types the given ``text`` into the text field identified by ``locator``.</doc>
<status status="PASS" start="2026-02-22T17:08:42.190114" elapsed="0.077473"/>
</kw>
<kw name="Click Button" owner="SeleniumLibrary">
<msg time="2026-02-22T17:08:42.268012" level="INFO">Clicking button 'id=login-button'.</msg>
<arg>id=login-button</arg>
<doc>Clicks the button identified by ``locator``.</doc>
<status status="PASS" start="2026-02-22T17:08:42.267798" elapsed="0.063401"/>
</kw>
<kw name="Wait Until Page Contains Element" owner="SeleniumLibrary">
<arg>css=h3[data-test="error"]</arg>
<arg>timeout=5s</arg>
<doc>Waits until the element ``locator`` appears on the current page.</doc>
<status status="PASS" start="2026-02-22T17:08:42.331463" elapsed="0.006638"/>
</kw>
<kw name="Run Keyword And Return Status" owner="BuiltIn">
<kw name="Page Should Contain" owner="SeleniumLibrary">
<msg time="2026-02-22T17:08:42.349184" level="INFO">Current page contains text 'Password is required'.</msg>
<arg>Password is required</arg>
<doc>Verifies that current page contains ``text``.</doc>
<status status="PASS" start="2026-02-22T17:08:42.338675" elapsed="0.010620"/>
</kw>
<msg time="2026-02-22T17:08:42.349447" level="INFO">${pass_missing} = True</msg>
<var>${pass_missing}</var>
<arg>Page Should Contain</arg>
<arg>Password is required</arg>
<doc>Runs the specified keyword and returns the status as a Boolean value.</doc>
<status status="PASS" start="2026-02-22T17:08:42.338319" elapsed="0.011156"/>
</kw>
<kw name="Run Keyword And Return Status" owner="BuiltIn">
<kw name="Page Should Contain" owner="SeleniumLibrary">
<msg time="2026-02-22T17:08:42.386633" level="FAIL">Page should have contained text 'Username is required' but did not.</msg>
<arg>Username is required</arg>
<doc>Verifies that current page contains ``text``.</doc>
<status status="FAIL" start="2026-02-22T17:08:42.349986" elapsed="0.037269">Page should have contained text 'Username is required' but did not.</status>
</kw>
<msg time="2026-02-22T17:08:42.387409" level="INFO">${user_missing} = False</msg>
<var>${user_missing}</var>
<arg>Page Should Contain</arg>
<arg>Username is required</arg>
<doc>Runs the specified keyword and returns the status as a Boolean value.</doc>
<status status="PASS" start="2026-02-22T17:08:42.349638" elapsed="0.037797"/>
</kw>
<kw name="Run Keyword And Return Status" owner="BuiltIn">
<kw name="Page Should Contain" owner="SeleniumLibrary">
<msg time="2026-02-22T17:08:42.404819" level="FAIL">Page should have contained text 'Username and password do not match' but did not.</msg>
<arg>Username and password do not match</arg>
<doc>Verifies that current page contains ``text``.</doc>
<status status="FAIL" start="2026-02-22T17:08:42.387901" elapsed="0.017503">Page should have contained text 'Username and password do not match' but did not.</status>
</kw>
<msg time="2026-02-22T17:08:42.405608" level="INFO">${invalid_match} = False</msg>
<var>${invalid_match}</var>
<arg>Page Should Contain</arg>
<arg>Username and password do not match</arg>
<doc>Runs the specified keyword and returns the status as a Boolean value.</doc>
<status status="PASS" start="2026-02-22T17:08:42.387578" elapsed="0.018057"/>
</kw>
<if>
<branch type="IF" condition="${pass_missing} or ${user_missing} or ${invalid_match}">
<kw name="Capture Page Screenshot" owner="SeleniumLibrary">
<msg time="2026-02-22T17:08:42.537797" level="INFO" html="true">&lt;/td&gt;&lt;/tr&gt;&lt;tr&gt;&lt;td colspan="3"&gt;&lt;a href="invalid_login_2.png"&gt;&lt;img src="invalid_login_2.png" width="800px"&gt;&lt;/a&gt;</msg>
<msg time="2026-02-22T17:08:42.537967" level="INFO">${path} = C:\Users\user\Desktop\CAPSTONE PROJECT\Ecommerce\robot-framework\reports\Chrome\Chrome_2026-02-22_Run1\invalid_login_2.png</msg>
<var>${path}</var>
<arg>invalid_login_${index + 1}.png</arg>
<doc>Takes a screenshot of the current page and embeds it into a log file.</doc>
<status status="PASS" start="2026-02-22T17:08:42.405983" elapsed="0.132011"/>
</kw>
<kw name="Log" owner="BuiltIn">
<msg time="2026-02-22T17:08:42.538606" level="INFO" html="true">&lt;img src="C:\Users\user\Desktop\CAPSTONE PROJECT\Ecommerce\robot-framework\reports\Chrome\Chrome_2026-02-22_Run1\invalid_login_2.png" width="600px"&gt;</msg>
<arg>&lt;img src="${path}" width="600px"&gt;</arg>
<arg>html=True</arg>
<doc>Logs the given message with the given level.</doc>
<status status="PASS" start="2026-02-22T17:08:42.538207" elapsed="0.000461"/>
</kw>
<kw name="Log" owner="BuiltIn">
<msg time="2026-02-22T17:08:42.538997" level="INFO">✅ Expected validation message displayed</msg>
<arg>✅ Expected validation message displayed</arg>
<doc>Logs the given message with the given level.</doc>
<status status="PASS" start="2026-02-22T17:08:42.538811" elapsed="0.000232"/>
</kw>
<status status="PASS" start="2026-02-22T17:08:42.405732" elapsed="0.133354"/>
</branch>
<branch type="ELSE">
<kw name="Fail" owner="BuiltIn">
<arg>Unexpected error message for dataset ${index + 1}</arg>
<doc>Fails the test with the given message and optionally alters its tags.</doc>
<status status="NOT RUN" start="2026-02-22T17:08:42.539244" elapsed="0.000022"/>
</kw>
<status status="NOT RUN" start="2026-02-22T17:08:42.539136" elapsed="0.000169"/>
</branch>
<status status="PASS" start="2026-02-22T17:08:42.405708" elapsed="0.133626"/>
</if>
<kw name="Go To" owner="SeleniumLibrary">
<msg time="2026-02-22T17:08:42.539559" level="INFO">Opening url 'https://www.saucedemo.com/'</msg>
<arg>${URL}</arg>
<doc>Navigates the current browser window to the provided ``url``.</doc>
<status status="PASS" start="2026-02-22T17:08:42.539417" elapsed="0.039805"/>
</kw>
<var name="${index}">1</var>
<var name="${row}">locked_out_user,</var>
<status status="PASS" start="2026-02-22T17:08:42.071660" elapsed="0.507669"/>
</iter>
<iter>
<kw name="Log" owner="BuiltIn">
<msg time="2026-02-22T17:08:42.580839" level="INFO">
===== Executing Invalid Login Dataset 3 =====</msg>
<arg>\n===== Executing Invalid Login Dataset ${index + 1} =====</arg>
<doc>Logs the given message with the given level.</doc>
<status status="PASS" start="2026-02-22T17:08:42.579773" elapsed="0.001142"/>
</kw>
<kw name="Split String" owner="String">
<msg time="2026-02-22T17:08:42.581307" level="INFO">${columns} = ['', 'wrong_password']</msg>
<var>${columns}</var>
<arg>${row}</arg>
<arg>,</arg>
<doc>Splits the ``string`` using ``separator`` as a delimiter string.</doc>
<status status="PASS" start="2026-02-22T17:08:42.581079" elapsed="0.000257"/>
</kw>
<kw name="Get From List" owner="Collections">
<msg time="2026-02-22T17:08:42.581624" level="INFO">${username} = </msg>
<var>${username}</var>
<arg>${columns}</arg>
<arg>0</arg>
<doc>Returns the value specified with an ``index`` from ``list``.</doc>
<status status="PASS" start="2026-02-22T17:08:42.581454" elapsed="0.000195"/>
</kw>
<kw name="Get From List" owner="Collections">
<msg time="2026-02-22T17:08:42.581893" level="INFO">${password} = wrong_password</msg>
<var>${password}</var>
<arg>${columns}</arg>
<arg>1</arg>
<doc>Returns the value specified with an ``index`` from ``list``.</doc>
<status status="PASS" start="2026-02-22T17:08:42.581750" elapsed="0.000168"/>
</kw>
<kw name="Input Text" owner="SeleniumLibrary">
<msg time="2026-02-22T17:08:42.582275" level="INFO">Typing text '' into text field 'id=user-name'.</msg>
<arg>id=user-name</arg>
<arg>${username}</arg>
<doc>Types the given ``text`` into the text field identified by ``locator``.</doc>
<status status="PASS" start="2026-02-22T17:08:42.582082" elapsed="0.068307"/>
</kw>
<kw name="Input Text" owner="SeleniumLibrary">
<msg time="2026-02-22T17:08:42.650885" level="INFO">Typing text 'wrong_password' into text field 'id=password'.</msg>
<arg>id=password</arg>
<arg>${password}</arg>
<doc>Types the given ``text`` into the text field identified by ``locator``.</doc>
<status status="PASS" start="2026-02-22T17:08:42.650614" elapsed="0.094603"/>
</kw>
<kw name="Click Button" owner="SeleniumLibrary">
<msg time="2026-02-22T17:08:42.745634" level="INFO">Clicking button 'id=login-button'.</msg>
<arg>id=login-button</arg>
<doc>Clicks the button identified by ``locator``.</doc>
<status status="PASS" start="2026-02-22T17:08:42.745425" elapsed="0.062314"/>
</kw>
<kw name="Wait Until Page Contains Element" owner="SeleniumLibrary">
<arg>css=h3[data-test="error"]</arg>
<arg>timeout=5s</arg>
<doc>Waits until the element ``locator`` appears on the current page.</doc>
<status status="PASS" start="2026-02-22T17:08:42.808120" elapsed="0.007126"/>
</kw>
<kw name="Run Keyword And Return Status" owner="BuiltIn">
<kw name="Page Should Contain" owner="SeleniumLibrary">
<msg time="2026-02-22T17:08:42.832620" level="FAIL">Page should have contained text 'Password is required' but did not.</msg>
<arg>Password is required</arg>
<doc>Verifies that current page contains ``text``.</doc>
<status status="FAIL" start="2026-02-22T17:08:42.815735" elapsed="0.017469">Page should have contained text 'Password is required' but did not.</status>
</kw>
<msg time="2026-02-22T17:08:42.833359" level="INFO">${pass_missing} = False</msg>
<var>${pass_missing}</var>
<arg>Page Should Contain</arg>
<arg>Password is required</arg>
<doc>Runs the specified keyword and returns the status as a Boolean value.</doc>
<status status="PASS" start="2026-02-22T17:08:42.815431" elapsed="0.017954"/>
</kw>
<kw name="Run Keyword And Return Status" owner="BuiltIn">
<kw name="Page Should Contain" owner="SeleniumLibrary">
<msg time="2026-02-22T17:08:42.843122" level="INFO">Current page contains text 'Username is required'.</msg>
<arg>Username is required</arg>
<doc>Verifies that current page contains ``text``.</doc>
<status status="PASS" start="2026-02-22T17:08:42.833802" elapsed="0.009458"/>
</kw>
<msg time="2026-02-22T17:08:42.843393" level="INFO">${user_missing} = True</msg>
<var>${user_missing}</var>
<arg>Page Should Contain</arg>
<arg>Username is required</arg>
<doc>Runs the specified keyword and returns the status as a Boolean value.</doc>
<status status="PASS" start="2026-02-22T17:08:42.833520" elapsed="0.009895"/>
</kw>
<kw name="Run Keyword And Return Status" owner="BuiltIn">
<kw name="Page Should Contain" owner="SeleniumLibrary">
<msg time="2026-02-22T17:08:42.859777" level="FAIL">Page should have contained text 'Username and password do not match' but did not.</msg>
<arg>Username and password do not match</arg>
<doc>Verifies that current page contains ``text``.</doc>
<status status="FAIL" start="2026-02-22T17:08:42.843829" elapsed="0.016485">Page should have contained text 'Username and password do not match' but did not.</status>
</kw>
<msg time="2026-02-22T17:08:42.860455" level="INFO">${invalid_match} = False</msg>
<var>${invalid_match}</var>
<arg>Page Should Contain</arg>
<arg>Username and password do not match</arg>
<doc>Runs the specified keyword and returns the status as a Boolean value.</doc>
<status status="PASS" start="2026-02-22T17:08:42.843559" elapsed="0.016918"/>
</kw>
<if>
<branch type="IF" condition="${pass_missing} or ${user_missing} or ${invalid_match}">
<kw name="Capture Page Screenshot" owner="SeleniumLibrary">
<msg time="2026-02-22T17:08:42.979011" level="INFO" html="true">&lt;/td&gt;&lt;/tr&gt;&lt;tr&gt;&lt;td colspan="3"&gt;&lt;a href="invalid_login_3.png"&gt;&lt;img src="invalid_login_3.png" width="800px"&gt;&lt;/a&gt;</msg>
<msg time="2026-02-22T17:08:42.979150" level="INFO">${path} = C:\Users\user\Desktop\CAPSTONE PROJECT\Ecommerce\robot-framework\reports\Chrome\Chrome_2026-02-22_Run1\invalid_login_3.png</msg>
<var>${path}</var>
<arg>invalid_login_${index + 1}.png</arg>
<doc>Takes a screenshot of the current page and embeds it into a log file.</doc>
<status status="PASS" start="2026-02-22T17:08:42.860941" elapsed="0.118233"/>
</kw>
<kw name="Log" owner="BuiltIn">
<msg time="2026-02-22T17:08:42.979628" level="INFO" html="true">&lt;img src="C:\Users\user\Desktop\CAPSTONE PROJECT\Ecommerce\robot-framework\reports\Chrome\Chrome_2026-02-22_Run1\invalid_login_3.png" width="600px"&gt;</msg>
<arg>&lt;img src="${path}" width="600px"&gt;</arg>
<arg>html=True</arg>
<doc>Logs the given message with the given level.</doc>
<status status="PASS" start="2026-02-22T17:08:42.979330" elapsed="0.000339"/>
</kw>
<kw name="Log" owner="BuiltIn">
<msg time="2026-02-22T17:08:42.979909" level="INFO">✅ Expected validation message displayed</msg>
<arg>✅ Expected validation message displayed</arg>
<doc>Logs the given message with the given level.</doc>
<status status="PASS" start="2026-02-22T17:08:42.979767" elapsed="0.000178"/>
</kw>
<status status="PASS" start="2026-02-22T17:08:42.860701" elapsed="0.119280"/>
</branch>
<branch type="ELSE">
<kw name="Fail" owner="BuiltIn">
<arg>Unexpected error message for dataset ${index + 1}</arg>
<doc>Fails the test with the given message and optionally alters its tags.</doc>
<status status="NOT RUN" start="2026-02-22T17:08:42.980097" elapsed="0.000021"/>
</kw>
<status status="NOT RUN" start="2026-02-22T17:08:42.980020" elapsed="0.000128"/>
</branch>
<status status="PASS" start="2026-02-22T17:08:42.860676" elapsed="0.119505"/>
</if>
<kw name="Go To" owner="SeleniumLibrary">
<msg time="2026-02-22T17:08:42.980370" level="INFO">Opening url 'https://www.saucedemo.com/'</msg>
<arg>${URL}</arg>
<doc>Navigates the current browser window to the provided ``url``.</doc>
<status status="PASS" start="2026-02-22T17:08:42.980270" elapsed="0.039905"/>
</kw>
<var name="${index}">2</var>
<var name="${row}">,wrong_password</var>
<status status="PASS" start="2026-02-22T17:08:42.579633" elapsed="0.440656"/>
</iter>
<var>${index}</var>
<var>${row}</var>
<value>@{data}</value>
<status status="PASS" start="2026-02-22T17:08:41.592089" elapsed="1.428275"/>
</for>
<status status="PASS" start="2026-02-22T17:08:41.588438" elapsed="1.432484"/>
</test>
<kw name="Close Website" owner="ecommerce_keywords" type="TEARDOWN">
<kw name="Sleep" owner="BuiltIn">
<msg time="2026-02-22T17:08:44.023212" level="INFO">Slept 1 second.</msg>
<arg>${DELAY}</arg>
<doc>Pauses the test executed for the given time.</doc>
<status status="PASS" start="2026-02-22T17:08:43.022351" elapsed="1.000965"/>
</kw>
<kw name="Close Browser" owner="SeleniumLibrary">
<doc>Closes the current browser.</doc>
<status status="PASS" start="2026-02-22T17:08:44.023477" elapsed="2.325836"/>
</kw>
<status status="PASS" start="2026-02-22T17:08:43.022084" elapsed="3.327492"/>
</kw>
<status status="PASS" start="2026-02-22T17:08:37.477878" elapsed="8.871768"/>
</suite>
<suite id="s1-s2" name="01 Login" source="C:\Users\user\Desktop\CAPSTONE PROJECT\Ecommerce\robot-framework\tests\01_login.robot">
<kw name="Open Website" owner="ecommerce_keywords" type="SETUP">
<if>
<branch type="IF" condition="'${BROWSER}' == 'Chrome'">
<kw name="Evaluate" owner="BuiltIn">
<msg time="2026-02-22T17:08:46.357536" level="INFO">${options} = &lt;selenium.webdriver.chrome.options.Options object at 0x000001CBD70107D0&gt;</msg>
<var>${options}</var>
<arg>sys.modules['selenium.webdriver'].ChromeOptions()</arg>
<arg>sys, selenium.webdriver</arg>
<doc>Evaluates the given expression in Python and returns the result.</doc>
<status status="PASS" start="2026-02-22T17:08:46.356902" elapsed="0.000691"/>
</kw>
<kw name="Evaluate" owner="BuiltIn">
<msg time="2026-02-22T17:08:46.358822" level="INFO">${temp_dir} = C:\Users\user\AppData\Local\Temp\tmpun82x4n2</msg>
<var>${temp_dir}</var>
<arg>__import__('tempfile').mkdtemp()</arg>
<doc>Evaluates the given expression in Python and returns the result.</doc>
<status status="PASS" start="2026-02-22T17:08:46.357787" elapsed="0.001092"/>
</kw>
<kw name="Create Dictionary" owner="BuiltIn">
<msg time="2026-02-22T17:08:46.359560" level="INFO">${prefs} = {'credentials_enable_service': 'False', 'profile.password_manager_enabled': 'False', 'profile.default_content_setting_values.notifications': '2'}</msg>
<var>${prefs}</var>
<arg>credentials_enable_service=False</arg>
<arg>profile.password_manager_enabled=False</arg>
<arg>profile.default_content_setting_values.notifications=2</arg>
<doc>Creates and returns a dictionary based on the given ``items``.</doc>
<status status="PASS" start="2026-02-22T17:08:46.359075" elapsed="0.000526"/>
</kw>
<kw name="Call Method" owner="BuiltIn">
<arg>${options}</arg>
<arg>add_experimental_option</arg>
<arg>prefs</arg>
<arg>${prefs}</arg>
<doc>Calls the named method of the given object with the provided arguments.</doc>
<status status="PASS" start="2026-02-22T17:08:46.359759" elapsed="0.000359"/>
</kw>
<kw name="Set Variable" owner="BuiltIn">
<msg time="2026-02-22T17:08:46.360569" level="INFO">${incognito} = --incognito</msg>
<var>${incognito}</var>
<arg>--incognito</arg>
<doc>Returns the given values which can then be assigned to a variables.</doc>
<status status="PASS" start="2026-02-22T17:08:46.360287" elapsed="0.000318"/>
</kw>
<kw name="Set Variable" owner="BuiltIn">
<msg time="2026-02-22T17:08:46.361024" level="INFO">${disable_pw} = --disable-features=PasswordLeakDetection</msg>
<var>${disable_pw}</var>
<arg>--disable-features=PasswordLeakDetection</arg>
<doc>Returns the given values which can then be assigned to a variables.</doc>
<status status="PASS" start="2026-02-22T17:08:46.360735" elapsed="0.000324"/>
</kw>
<kw name="Set Variable" owner="BuiltIn">
<msg time="2026-02-22T17:08:46.361458" level="INFO">${disable_notify} = --disable-notifications</msg>
<var>${disable_notify}</var>
<arg>--disable-notifications</arg>
<doc>Returns the given values which can then be assigned to a variables.</doc>
<status status="PASS" start="2026-02-22T17:08:46.361185" elapsed="0.000308"/>
</kw>
<kw name="Set Variable" owner="BuiltIn">
<msg time="2026-02-22T17:08:46.361871" level="INFO">${no_first} = --no-first-run</msg>
<var>${no_first}</var>
<arg>--no-first-run</arg>
<doc>Returns the given values which can then be assigned to a variables.</doc>
<status status="PASS" start="2026-02-22T17:08:46.361615" elapsed="0.000292"/>
</kw>
<kw name="Set Variable" owner="BuiltIn">
<msg time="2026-02-22T17:08:46.362343" level="INFO">${no_default} = --no-default-browser-check</msg>
<var>${no_default}</var>
<arg>--no-default-browser-check</arg>
<doc>Returns the given values which can then be assigned to a variables.</doc>
<status status="PASS" start="2026-02-22T17:08:46.362045" elapsed="0.000346"/>
</kw>
<kw name="Set Variable" owner="BuiltIn">
<msg time="2026-02-22T17:08:46.362795" level="INFO">${maximize} = --start-maximized</msg>
<var>${maximize}</var>
<arg>--start-maximized</arg>
<doc>Returns the given values which can then be assigned to a variables.</doc>
<status status="PASS" start="2026-02-22T17:08:46.362524" elapsed="0.000305"/>
</kw>
<kw name="Set Variable" owner="BuiltIn">
<msg time="2026-02-22T17:08:46.363297" level="INFO">${profile} = --user-data-dir=C:\Users\user\AppData\Local\Temp\tmpun82x4n2</msg>
<var>${profile}</var>
<arg>--user-data-dir=${temp_dir}</arg>
<doc>Returns the given values which can then be assigned to a variables.</doc>
<status status="PASS" start="2026-02-22T17:08:46.362954" elapsed="0.000378"/>
</kw>
<kw name="Call Method" owner="BuiltIn">
<arg>${options}</arg>
<arg>add_argument</arg>
<arg>${incognito}</arg>
<doc>Calls the named method of the given object with the provided arguments.</doc>
<status status="PASS" start="2026-02-22T17:08:46.363593" elapsed="0.000725"/>
</kw>
<kw name="Call Method" owner="BuiltIn">
<arg>${options}</arg>
<arg>add_argument</arg>
<arg>${disable_pw}</arg>
<doc>Calls the named method of the given object with the provided arguments.</doc>
<status status="PASS" start="2026-02-22T17:08:46.364588" elapsed="0.000565"/>
</kw>
<kw name="Call Method" owner="BuiltIn">
<arg>${options}</arg>
<arg>add_argument</arg>
<arg>${disable_notify}</arg>
<doc>Calls the named method of the given object with the provided arguments.</doc>
<status status="PASS" start="2026-02-22T17:08:46.365565" elapsed="0.000719"/>
</kw>
<kw name="Call Method" owner="BuiltIn">
<arg>${options}</arg>
<arg>add_argument</arg>
<arg>${no_first}</arg>
<doc>Calls the named method of the given object with the provided arguments.</doc>
<status status="PASS" start="2026-02-22T17:08:46.366524" elapsed="0.000439"/>
</kw>
<kw name="Call Method" owner="BuiltIn">
<arg>${options}</arg>
<arg>add_argument</arg>
<arg>${no_default}</arg>
<doc>Calls the named method of the given object with the provided arguments.</doc>
<status status="PASS" start="2026-02-22T17:08:46.367130" elapsed="0.001207"/>
</kw>
<kw name="Call Method" owner="BuiltIn">
<arg>${options}</arg>
<arg>add_argument</arg>
<arg>${maximize}</arg>
<doc>Calls the named method of the given object with the provided arguments.</doc>
<status status="PASS" start="2026-02-22T17:08:46.368592" elapsed="0.000527"/>
</kw>
<kw name="Call Method" owner="BuiltIn">
<arg>${options}</arg>
<arg>add_argument</arg>
<arg>${profile}</arg>
<doc>Calls the named method of the given object with the provided arguments.</doc>
<status status="PASS" start="2026-02-22T17:08:46.369341" elapsed="0.000369"/>
</kw>
<kw name="Create Webdriver" owner="SeleniumLibrary">
<msg time="2026-02-22T17:08:46.370204" level="INFO">Creating an instance of the Chrome WebDriver.</msg>
<arg>Chrome</arg>
<arg>options=${options}</arg>
<doc>Creates an instance of Selenium WebDriver.</doc>
<status status="PASS" start="2026-02-22T17:08:46.369889" elapsed="1.868145"/>
</kw>
<kw name="Go To" owner="SeleniumLibrary">
<msg time="2026-02-22T17:08:48.238998" level="INFO">Opening url 'https://www.saucedemo.com/'</msg>
<arg>${URL}</arg>
<doc>Navigates the current browser window to the provided ``url``.</doc>
<status status="PASS" start="2026-02-22T17:08:48.238535" elapsed="0.810829"/>
</kw>
<status status="PASS" start="2026-02-22T17:08:46.356319" elapsed="2.693253"/>
</branch>
<branch type="ELSE IF" condition="'${BROWSER}' == 'Edge'">
<kw name="Open Browser" owner="SeleniumLibrary">
<arg>${URL}</arg>
<arg>Edge</arg>
<doc>Opens a new browser instance to the optional ``url``.</doc>
<status status="NOT RUN" start="2026-02-22T17:08:49.050076" elapsed="0.000078"/>
</kw>
<kw name="Maximize Browser Window" owner="SeleniumLibrary">
<doc>Maximizes current browser window.</doc>
<status status="NOT RUN" start="2026-02-22T17:08:49.050430" elapsed="0.000070"/>
</kw>
<status status="NOT RUN" start="2026-02-22T17:08:49.049698" elapsed="0.000903"/>
</branch>
<branch type="ELSE IF" condition="'${BROWSER}' == 'Firefox'">
<kw name="Evaluate" owner="BuiltIn">
<var>${ff_options}</var>
<arg>sys.modules['selenium.webdriver'].FirefoxOptions()</arg>
<arg>sys, selenium.webdriver</arg>
<doc>Evaluates the given expression in Python and returns the result.</doc>
<status status="NOT RUN" start="2026-02-22T17:08:49.050925" elapsed="0.000066"/>
</kw>
<kw name="Call Method" owner="BuiltIn">
<arg>${ff_options}</arg>
<arg>add_argument</arg>
<arg>-private</arg>
<doc>Calls the named method of the given object with the provided arguments.</doc>
<status status="NOT RUN" start="2026-02-22T17:08:49.051232" elapsed="0.000087"/>
</kw>
<kw name="Create Webdriver" owner="SeleniumLibrary">
<arg>Firefox</arg>
<arg>options=${ff_options}</arg>
<doc>Creates an instance of Selenium WebDriver.</doc>
<status status="NOT RUN" start="2026-02-22T17:08:49.051615" elapsed="0.000079"/>
</kw>
<kw name="Go To" owner="SeleniumLibrary">
<arg>${URL}</arg>
<doc>Navigates the current browser window to the provided ``url``.</doc>
<status status="NOT RUN" start="2026-02-22T17:08:49.051971" elapsed="0.000118"/>
</kw>
<status status="NOT RUN" start="2026-02-22T17:08:49.050696" elapsed="0.001586"/>
</branch>
<status status="PASS" start="2026-02-22T17:08:46.356264" elapsed="2.696191"/>
</if>
<kw name="Wait Until Element Is Visible" owner="SeleniumLibrary">
<arg>id=user-name</arg>
<arg>timeout=10s</arg>
<doc>Waits until the element ``locator`` is visible.</doc>
<status status="PASS" start="2026-02-22T17:08:49.052763" elapsed="0.058600"/>
</kw>
<kw name="Sleep" owner="BuiltIn">
<msg time="2026-02-22T17:08:50.113104" level="INFO">Slept 1 second.</msg>
<arg>${DELAY}</arg>
<doc>Pauses the test executed for the given time.</doc>
<status status="PASS" start="2026-02-22T17:08:49.111839" elapsed="1.001401"/>
</kw>
<status status="PASS" start="2026-02-22T17:08:46.355926" elapsed="3.757432"/>
</kw>
<test id="s1-s2-t1" name="User Login Successful" line="7">
<kw name="Login To Application" owner="ecommerce_keywords">
<kw name="Input Text" owner="SeleniumLibrary">
<msg time="2026-02-22T17:08:50.114565" level="INFO">Typing text 'standard_user' into text field 'id=user-name'.</msg>
<arg>id=user-name</arg>
<arg>${USERNAME}</arg>
<doc>Types the given ``text`` into the text field identified by ``locator``.</doc>
<status status="PASS" start="2026-02-22T17:08:50.114350" elapsed="0.123320"/>
</kw>
<kw name="Sleep" owner="BuiltIn">
<msg time="2026-02-22T17:08:51.239055" level="INFO">Slept 1 second.</msg>
<arg>${DELAY}</arg>
<doc>Pauses the test executed for the given time.</doc>
<status status="PASS" start="2026-02-22T17:08:50.238059" elapsed="1.001131"/>
</kw>
<kw name="Input Text" owner="SeleniumLibrary">
<msg time="2026-02-22T17:08:51.239860" level="INFO">Typing text 'secret_sauce' into text field 'id=password'.</msg>
<arg>id=password</arg>
<arg>${PASSWORD}</arg>
<doc>Types the given ``text`` into the text field identified by ``locator``.</doc>
<status status="PASS" start="2026-02-22T17:08:51.239424" elapsed="0.110067"/>
</kw>
<kw name="Sleep" owner="BuiltIn">
<msg time="2026-02-22T17:08:52.350553" level="INFO">Slept 1 second.</msg>
<arg>${DELAY}</arg>
<doc>Pauses the test executed for the given time.</doc>
<status status="PASS" start="2026-02-22T17:08:51.349772" elapsed="1.000926"/>
</kw>
<kw name="Click Button" owner="SeleniumLibrary">
<msg time="2026-02-22T17:08:52.351023" level="INFO">Clicking button 'id=login-button'.</msg>
<arg>id=login-button</arg>
<doc>Clicks the button identified by ``locator``.</doc>
<status status="PASS" start="2026-02-22T17:08:52.350864" elapsed="0.123838"/>
</kw>
<kw name="Wait Until Page Contains Element" owner="SeleniumLibrary">
<arg>css=.inventory_list</arg>
<doc>Waits until the element ``locator`` appears on the current page.</doc>
<status status="PASS" start="2026-02-22T17:08:52.474885" elapsed="0.012837"/>
</kw>
<kw name="Sleep" owner="BuiltIn">
<msg time="2026-02-22T17:08:53.488406" level="INFO">Slept 1 second.</msg>
<arg>${DELAY}</arg>
<doc>Pauses the test executed for the given time.</doc>
<status status="PASS" start="2026-02-22T17:08:52.487895" elapsed="1.000627"/>
</kw>
<status status="PASS" start="2026-02-22T17:08:50.114079" elapsed="3.374554"/>
</kw>
<kw name="Location Should Contain" owner="SeleniumLibrary">
<msg time="2026-02-22T17:08:53.494553" level="INFO">Current location contains 'inventory'.</msg>
<arg>inventory</arg>
<doc>Verifies that the current URL contains ``expected``.</doc>
<status status="PASS" start="2026-02-22T17:08:53.489025" elapsed="0.005612"/>
</kw>
<status status="PASS" start="2026-02-22T17:08:50.113445" elapsed="3.381510"/>
</test>
<kw name="Close Website" owner="ecommerce_keywords" type="TEARDOWN">
<kw name="Sleep" owner="BuiltIn">
<msg time="2026-02-22T17:08:54.496267" level="INFO">Slept 1 second.</msg>
<arg>${DELAY}</arg>
<doc>Pauses the test executed for the given time.</doc>
<status status="PASS" start="2026-02-22T17:08:53.495714" elapsed="1.000664"/>
</kw>
<kw name="Close Browser" owner="SeleniumLibrary">
<doc>Closes the current browser.</doc>
<status status="PASS" start="2026-02-22T17:08:54.496522" elapsed="2.206783"/>
</kw>
<status status="PASS" start="2026-02-22T17:08:53.495535" elapsed="3.207994"/>
</kw>
<status status="PASS" start="2026-02-22T17:08:46.351356" elapsed="10.352217"/>
</suite>
<suite id="s1-s3" name="02 Product" source="C:\Users\user\Desktop\CAPSTONE PROJECT\Ecommerce\robot-framework\tests\02_product.robot">
<kw name="Open Website" owner="ecommerce_keywords" type="SETUP">
<if>
<branch type="IF" condition="'${BROWSER}' == 'Chrome'">
<kw name="Evaluate" owner="BuiltIn">
<msg time="2026-02-22T17:08:56.708103" level="INFO">${options} = &lt;selenium.webdriver.chrome.options.Options object at 0x000001CBD6D82210&gt;</msg>
<var>${options}</var>
<arg>sys.modules['selenium.webdriver'].ChromeOptions()</arg>
<arg>sys, selenium.webdriver</arg>
<doc>Evaluates the given expression in Python and returns the result.</doc>
<status status="PASS" start="2026-02-22T17:08:56.707800" elapsed="0.000327"/>
</kw>
<kw name="Evaluate" owner="BuiltIn">
<msg time="2026-02-22T17:08:56.708795" level="INFO">${temp_dir} = C:\Users\user\AppData\Local\Temp\tmpb8vzs_oe</msg>
<var>${temp_dir}</var>
<arg>__import__('tempfile').mkdtemp()</arg>
<doc>Evaluates the given expression in Python and returns the result.</doc>
<status status="PASS" start="2026-02-22T17:08:56.708215" elapsed="0.000612"/>
</kw>
<kw name="Create Dictionary" owner="BuiltIn">
<msg time="2026-02-22T17:08:56.709155" level="INFO">${prefs} = {'credentials_enable_service': 'False', 'profile.password_manager_enabled': 'False', 'profile.default_content_setting_values.notifications': '2'}</msg>
<var>${prefs}</var>
<arg>credentials_enable_service=False</arg>
<arg>profile.password_manager_enabled=False</arg>
<arg>profile.default_content_setting_values.notifications=2</arg>
<doc>Creates and returns a dictionary based on the given ``items``.</doc>
<status status="PASS" start="2026-02-22T17:08:56.708939" elapsed="0.000234"/>
</kw>
<kw name="Call Method" owner="BuiltIn">
<arg>${options}</arg>
<arg>add_experimental_option</arg>
<arg>prefs</arg>
<arg>${prefs}</arg>
<doc>Calls the named method of the given object with the provided arguments.</doc>
<status status="PASS" start="2026-02-22T17:08:56.709244" elapsed="0.000159"/>
</kw>
<kw name="Set Variable" owner="BuiltIn">
<msg time="2026-02-22T17:08:56.709626" level="INFO">${incognito} = --incognito</msg>
<var>${incognito}</var>
<arg>--incognito</arg>
<doc>Returns the given values which can then be assigned to a variables.</doc>
<status status="PASS" start="2026-02-22T17:08:56.709473" elapsed="0.000172"/>
</kw>
<kw name="Set Variable" owner="BuiltIn">
<msg time="2026-02-22T17:08:56.709850" level="INFO">${disable_pw} = --disable-features=PasswordLeakDetection</msg>
<var>${disable_pw}</var>
<arg>--disable-features=PasswordLeakDetection</arg>
<doc>Returns the given values which can then be assigned to a variables.</doc>
<status status="PASS" start="2026-02-22T17:08:56.709710" elapsed="0.000159"/>
</kw>
<kw name="Set Variable" owner="BuiltIn">
<msg time="2026-02-22T17:08:56.710077" level="INFO">${disable_notify} = --disable-notifications</msg>
<var>${disable_notify}</var>
<arg>--disable-notifications</arg>
<doc>Returns the given values which can then be assigned to a variables.</doc>
<status status="PASS" start="2026-02-22T17:08:56.709940" elapsed="0.000154"/>
</kw>
<kw name="Set Variable" owner="BuiltIn">
<msg time="2026-02-22T17:08:56.710353" level="INFO">${no_first} = --no-first-run</msg>
<var>${no_first}</var>
<arg>--no-first-run</arg>
<doc>Returns the given values which can then be assigned to a variables.</doc>
<status status="PASS" start="2026-02-22T17:08:56.710165" elapsed="0.000206"/>
</kw>
<kw name="Set Variable" owner="BuiltIn">
<msg time="2026-02-22T17:08:56.710571" level="INFO">${no_default} = --no-default-browser-check</msg>
<var>${no_default}</var>
<arg>--no-default-browser-check</arg>
<doc>Returns the given values which can then be assigned to a variables.</doc>
<status status="PASS" start="2026-02-22T17:08:56.710432" elapsed="0.000157"/>
</kw>
<kw name="Set Variable" owner="BuiltIn">
<msg time="2026-02-22T17:08:56.710805" level="INFO">${maximize} = --start-maximized</msg>
<var>${maximize}</var>
<arg>--start-maximized</arg>
<doc>Returns the given values which can then be assigned to a variables.</doc>
<status status="PASS" start="2026-02-22T17:08:56.710658" elapsed="0.000165"/>
</kw>
<kw name="Set Variable" owner="BuiltIn">
<msg time="2026-02-22T17:08:56.711096" level="INFO">${profile} = --user-data-dir=C:\Users\user\AppData\Local\Temp\tmpb8vzs_oe</msg>
<var>${profile}</var>
<arg>--user-data-dir=${temp_dir}</arg>
<doc>Returns the given values which can then be assigned to a variables.</doc>
<status status="PASS" start="2026-02-22T17:08:56.710885" elapsed="0.000260"/>
</kw>
<kw name="Call Method" owner="BuiltIn">
<arg>${options}</arg>
<arg>add_argument</arg>
<arg>${incognito}</arg>
<doc>Calls the named method of the given object with the provided arguments.</doc>
<status status="PASS" start="2026-02-22T17:08:56.711364" elapsed="0.000503"/>
</kw>
<kw name="Call Method" owner="BuiltIn">
<arg>${options}</arg>
<arg>add_argument</arg>
<arg>${disable_pw}</arg>
<doc>Calls the named method of the given object with the provided arguments.</doc>
<status status="PASS" start="2026-02-22T17:08:56.712064" elapsed="0.000362"/>
</kw>
<kw name="Call Method" owner="BuiltIn">
<arg>${options}</arg>
<arg>add_argument</arg>
<arg>${disable_notify}</arg>
<doc>Calls the named method of the given object with the provided arguments.</doc>
<status status="PASS" start="2026-02-22T17:08:56.712808" elapsed="0.000273"/>
</kw>
<kw name="Call Method" owner="BuiltIn">
<arg>${options}</arg>
<arg>add_argument</arg>
<arg>${no_first}</arg>
<doc>Calls the named method of the given object with the provided arguments.</doc>
<status status="PASS" start="2026-02-22T17:08:56.713175" elapsed="0.000190"/>
</kw>
<kw name="Call Method" owner="BuiltIn">
<arg>${options}</arg>
<arg>add_argument</arg>
<arg>${no_default}</arg>
<doc>Calls the named method of the given object with the provided arguments.</doc>
<status status="PASS" start="2026-02-22T17:08:56.713450" elapsed="0.000231"/>
</kw>
<kw name="Call Method" owner="BuiltIn">
<arg>${options}</arg>
<arg>add_argument</arg>
<arg>${maximize}</arg>
<doc>Calls the named method of the given object with the provided arguments.</doc>
<status status="PASS" start="2026-02-22T17:08:56.713771" elapsed="0.000182"/>
</kw>
<kw name="Call Method" owner="BuiltIn">
<arg>${options}</arg>
<arg>add_argument</arg>
<arg>${profile}</arg>
<doc>Calls the named method of the given object with the provided arguments.</doc>
<status status="PASS" start="2026-02-22T17:08:56.714028" elapsed="0.000171"/>
</kw>
<kw name="Create Webdriver" owner="SeleniumLibrary">
<msg time="2026-02-22T17:08:56.714408" level="INFO">Creating an instance of the Chrome WebDriver.</msg>
<arg>Chrome</arg>
<arg>options=${options}</arg>
<doc>Creates an instance of Selenium WebDriver.</doc>
<status status="PASS" start="2026-02-22T17:08:56.714290" elapsed="1.429794"/>
</kw>
<kw name="Go To" owner="SeleniumLibrary">
<msg time="2026-02-22T17:08:58.144949" level="INFO">Opening url 'https://www.saucedemo.com/'</msg>
<arg>${URL}</arg>
<doc>Navigates the current browser window to the provided ``url``.</doc>
<status status="PASS" start="2026-02-22T17:08:58.144508" elapsed="0.645879"/>
</kw>
<status status="PASS" start="2026-02-22T17:08:56.707527" elapsed="2.083015"/>
</branch>
<branch type="ELSE IF" condition="'${BROWSER}' == 'Edge'">
<kw name="Open Browser" owner="SeleniumLibrary">
<arg>${URL}</arg>
<arg>Edge</arg>
<doc>Opens a new browser instance to the optional ``url``.</doc>
<status status="NOT RUN" start="2026-02-22T17:08:58.791121" elapsed="0.000112"/>
</kw>
<kw name="Maximize Browser Window" owner="SeleniumLibrary">
<doc>Maximizes current browser window.</doc>
<status status="NOT RUN" start="2026-02-22T17:08:58.791454" elapsed="0.000043"/>
</kw>
<status status="NOT RUN" start="2026-02-22T17:08:58.790638" elapsed="0.000915"/>
</branch>
<branch type="ELSE IF" condition="'${BROWSER}' == 'Firefox'">
<kw name="Evaluate" owner="BuiltIn">
<var>${ff_options}</var>
<arg>sys.modules['selenium.webdriver'].FirefoxOptions()</arg>
<arg>sys, selenium.webdriver</arg>
<doc>Evaluates the given expression in Python and returns the result.</doc>
<status status="NOT RUN" start="2026-02-22T17:08:58.791763" elapsed="0.000037"/>
</kw>
<kw name="Call Method" owner="BuiltIn">
<arg>${ff_options}</arg>
<arg>add_argument</arg>
<arg>-private</arg>
<doc>Calls the named method of the given object with the provided arguments.</doc>
<status status="NOT RUN" start="2026-02-22T17:08:58.791933" elapsed="0.000036"/>
</kw>
<kw name="Create Webdriver" owner="SeleniumLibrary">
<arg>Firefox</arg>
<arg>options=${ff_options}</arg>
<doc>Creates an instance of Selenium WebDriver.</doc>
<status status="NOT RUN" start="2026-02-22T17:08:58.792106" elapsed="0.000040"/>
</kw>
<kw name="Go To" owner="SeleniumLibrary">
<arg>${URL}</arg>
<doc>Navigates the current browser window to the provided ``url``.</doc>
<status status="NOT RUN" start="2026-02-22T17:08:58.792269" elapsed="0.000034"/>
</kw>
<status status="NOT RUN" start="2026-02-22T17:08:58.791615" elapsed="0.000738"/>
</branch>
<status status="PASS" start="2026-02-22T17:08:56.707507" elapsed="2.084895"/>
</if>
<kw name="Wait Until Element Is Visible" owner="SeleniumLibrary">
<arg>id=user-name</arg>
<arg>timeout=10s</arg>
<doc>Waits until the element ``locator`` is visible.</doc>
<status status="PASS" start="2026-02-22T17:08:58.792522" elapsed="0.040708"/>
</kw>
<kw name="Sleep" owner="BuiltIn">
<msg time="2026-02-22T17:08:59.834597" level="INFO">Slept 1 second.</msg>
<arg>${DELAY}</arg>
<doc>Pauses the test executed for the given time.</doc>
<status status="PASS" start="2026-02-22T17:08:58.833538" elapsed="1.001200"/>
</kw>
<status status="PASS" start="2026-02-22T17:08:56.707368" elapsed="3.127483"/>
</kw>
<test id="s1-s3-t1" name="User Can View Product Details" line="7">
<kw name="Login To Application" owner="ecommerce_keywords">
<kw name="Input Text" owner="SeleniumLibrary">
<msg time="2026-02-22T17:08:59.835877" level="INFO">Typing text 'standard_user' into text field 'id=user-name'.</msg>
<arg>id=user-name</arg>
<arg>${USERNAME}</arg>
<doc>Types the given ``text`` into the text field identified by ``locator``.</doc>
<status status="PASS" start="2026-02-22T17:08:59.835681" elapsed="0.084100"/>
</kw>
<kw name="Sleep" owner="BuiltIn">
<msg time="2026-02-22T17:09:00.920894" level="INFO">Slept 1 second.</msg>
<arg>${DELAY}</arg>
<doc>Pauses the test executed for the given time.</doc>
<status status="PASS" start="2026-02-22T17:08:59.919976" elapsed="1.001060"/>
</kw>
<kw name="Input Text" owner="SeleniumLibrary">
<msg time="2026-02-22T17:09:00.921521" level="INFO">Typing text 'secret_sauce' into text field 'id=password'.</msg>
<arg>id=password</arg>
<arg>${PASSWORD}</arg>
<doc>Types the given ``text`` into the text field identified by ``locator``.</doc>
<status status="PASS" start="2026-02-22T17:09:00.921229" elapsed="0.088690"/>
</kw>
<kw name="Sleep" owner="BuiltIn">
<msg time="2026-02-22T17:09:02.010970" level="INFO">Slept 1 second.</msg>
<arg>${DELAY}</arg>
<doc>Pauses the test executed for the given time.</doc>
<status status="PASS" start="2026-02-22T17:09:01.010131" elapsed="1.001003"/>
</kw>
<kw name="Click Button" owner="SeleniumLibrary">
<msg time="2026-02-22T17:09:02.011855" level="INFO">Clicking button 'id=login-button'.</msg>
<arg>id=login-button</arg>
<doc>Clicks the button identified by ``locator``.</doc>
<status status="PASS" start="2026-02-22T17:09:02.011378" elapsed="0.177199"/>
</kw>
<kw name="Wait Until Page Contains Element" owner="SeleniumLibrary">
<arg>css=.inventory_list</arg>
<doc>Waits until the element ``locator`` appears on the current page.</doc>
<status status="PASS" start="2026-02-22T17:09:02.188885" elapsed="0.019631"/>
</kw>
<kw name="Sleep" owner="BuiltIn">
<msg time="2026-02-22T17:09:03.209595" level="INFO">Slept 1 second.</msg>
<arg>${DELAY}</arg>
<doc>Pauses the test executed for the given time.</doc>
<status status="PASS" start="2026-02-22T17:09:02.208762" elapsed="1.001060"/>
</kw>
<status status="PASS" start="2026-02-22T17:08:59.835452" elapsed="3.374664"/>
</kw>
<kw name="Click Element" owner="SeleniumLibrary">
<msg time="2026-02-22T17:09:03.211285" level="INFO">Clicking element 'xpath=//div[text()='Sauce Labs Backpack']'.</msg>
<arg>xpath=//div[text()='Sauce Labs Backpack']</arg>
<doc>Click the element identified by ``locator``.</doc>
<status status="PASS" start="2026-02-22T17:09:03.210769" elapsed="0.146393"/>
</kw>
<kw name="Wait Until Element Is Visible" owner="SeleniumLibrary">
<arg>css=.inventory_details_name</arg>
<doc>Waits until the element ``locator`` is visible.</doc>
<status status="PASS" start="2026-02-22T17:09:03.357783" elapsed="0.039832"/>
</kw>
<kw name="Sleep" owner="BuiltIn">
<msg time="2026-02-22T17:09:04.399350" level="INFO">Slept 1 second.</msg>
<arg>${DELAY}</arg>
<doc>Pauses the test executed for the given time.</doc>
<status status="PASS" start="2026-02-22T17:09:03.398194" elapsed="1.001288"/>
</kw>
<kw name="Element Should Be Visible" owner="SeleniumLibrary">
<msg time="2026-02-22T17:09:04.429514" level="INFO">Element 'css=.inventory_details_price' is displayed.</msg>
<arg>css=.inventory_details_price</arg>
<doc>Verifies that the element identified by ``locator`` is visible.</doc>
<status status="PASS" start="2026-02-22T17:09:04.399969" elapsed="0.029659"/>
</kw>
<status status="PASS" start="2026-02-22T17:08:59.834925" elapsed="4.595058"/>
</test>
<kw name="Close Website" owner="ecommerce_keywords" type="TEARDOWN">
<kw name="Sleep" owner="BuiltIn">
<msg time="2026-02-22T17:09:05.431797" level="INFO">Slept 1 second.</msg>
<arg>${DELAY}</arg>
<doc>Pauses the test executed for the given time.</doc>
<status status="PASS" start="2026-02-22T17:09:04.431152" elapsed="1.000791"/>
</kw>
<kw name="Close Browser" owner="SeleniumLibrary">
<doc>Closes the current browser.</doc>
<status status="PASS" start="2026-02-22T17:09:05.432131" elapsed="2.182231"/>
</kw>
<status status="PASS" start="2026-02-22T17:09:04.430933" elapsed="3.183623"/>
</kw>
<status status="PASS" start="2026-02-22T17:08:56.704639" elapsed="10.909980"/>
</suite>
<suite id="s1-s4" name="03 Add To Cart" source="C:\Users\user\Desktop\CAPSTONE PROJECT\Ecommerce\robot-framework\tests\03_add_to_cart.robot">
<kw name="Open Website" owner="ecommerce_keywords" type="SETUP">
<if>
<branch type="IF" condition="'${BROWSER}' == 'Chrome'">
<kw name="Evaluate" owner="BuiltIn">
<msg time="2026-02-22T17:09:07.623326" level="INFO">${options} = &lt;selenium.webdriver.chrome.options.Options object at 0x000001CBD6D9A9E0&gt;</msg>
<var>${options}</var>
<arg>sys.modules['selenium.webdriver'].ChromeOptions()</arg>
<arg>sys, selenium.webdriver</arg>
<doc>Evaluates the given expression in Python and returns the result.</doc>
<status status="PASS" start="2026-02-22T17:09:07.622325" elapsed="0.001066"/>
</kw>
<kw name="Evaluate" owner="BuiltIn">
<msg time="2026-02-22T17:09:07.624670" level="INFO">${temp_dir} = C:\Users\user\AppData\Local\Temp\tmpom9vdxsu</msg>
<var>${temp_dir}</var>
<arg>__import__('tempfile').mkdtemp()</arg>
<doc>Evaluates the given expression in Python and returns the result.</doc>
<status status="PASS" start="2026-02-22T17:09:07.623598" elapsed="0.001127"/>
</kw>
<kw name="Create Dictionary" owner="BuiltIn">
<msg time="2026-02-22T17:09:07.625423" level="INFO">${prefs} = {'credentials_enable_service': 'False', 'profile.password_manager_enabled': 'False', 'profile.default_content_setting_values.notifications': '2'}</msg>
<var>${prefs}</var>
<arg>credentials_enable_service=False</arg>
<arg>profile.password_manager_enabled=False</arg>
<arg>profile.default_content_setting_values.notifications=2</arg>
<doc>Creates and returns a dictionary based on the given ``items``.</doc>
<status status="PASS" start="2026-02-22T17:09:07.624929" elapsed="0.000620"/>
</kw>
<kw name="Call Method" owner="BuiltIn">
<arg>${options}</arg>
<arg>add_experimental_option</arg>
<arg>prefs</arg>
<arg>${prefs}</arg>
<doc>Calls the named method of the given object with the provided arguments.</doc>
<status status="PASS" start="2026-02-22T17:09:07.625727" elapsed="0.000406"/>
</kw>
<kw name="Set Variable" owner="BuiltIn">
<msg time="2026-02-22T17:09:07.626645" level="INFO">${incognito} = --incognito</msg>
<var>${incognito}</var>
<arg>--incognito</arg>
<doc>Returns the given values which can then be assigned to a variables.</doc>
<status status="PASS" start="2026-02-22T17:09:07.626317" elapsed="0.000369"/>
</kw>
<kw name="Set Variable" owner="BuiltIn">
<msg time="2026-02-22T17:09:07.627142" level="INFO">${disable_pw} = --disable-features=PasswordLeakDetection</msg>
<var>${disable_pw}</var>
<arg>--disable-features=PasswordLeakDetection</arg>
<doc>Returns the given values which can then be assigned to a variables.</doc>
<status status="PASS" start="2026-02-22T17:09:07.626833" elapsed="0.000351"/>
</kw>
<kw name="Set Variable" owner="BuiltIn">
<msg time="2026-02-22T17:09:07.627634" level="INFO">${disable_notify} = --disable-notifications</msg>
<var>${disable_notify}</var>
<arg>--disable-notifications</arg>
<doc>Returns the given values which can then be assigned to a variables.</doc>
<status status="PASS" start="2026-02-22T17:09:07.627328" elapsed="0.000347"/>
</kw>
<kw name="Set Variable" owner="BuiltIn">
<msg time="2026-02-22T17:09:07.628140" level="INFO">${no_first} = --no-first-run</msg>
<var>${no_first}</var>
<arg>--no-first-run</arg>
<doc>Returns the given values which can then be assigned to a variables.</doc>
<status status="PASS" start="2026-02-22T17:09:07.627830" elapsed="0.000350"/>
</kw>
<kw name="Set Variable" owner="BuiltIn">
<msg time="2026-02-22T17:09:07.628713" level="INFO">${no_default} = --no-default-browser-check</msg>
<var>${no_default}</var>
<arg>--no-default-browser-check</arg>
<doc>Returns the given values which can then be assigned to a variables.</doc>
<status status="PASS" start="2026-02-22T17:09:07.628343" elapsed="0.000441"/>
</kw>
<kw name="Set Variable" owner="BuiltIn">
<msg time="2026-02-22T17:09:07.629304" level="INFO">${maximize} = --start-maximized</msg>
<var>${maximize}</var>
<arg>--start-maximized</arg>
<doc>Returns the given values which can then be assigned to a variables.</doc>
<status status="PASS" start="2026-02-22T17:09:07.628988" elapsed="0.000354"/>
</kw>
<kw name="Set Variable" owner="BuiltIn">
<msg time="2026-02-22T17:09:07.636245" level="INFO">${profile} = --user-data-dir=C:\Users\user\AppData\Local\Temp\tmpom9vdxsu</msg>
<var>${profile}</var>
<arg>--user-data-dir=${temp_dir}</arg>
<doc>Returns the given values which can then be assigned to a variables.</doc>
<status status="PASS" start="2026-02-22T17:09:07.629489" elapsed="0.006832"/>
</kw>
<kw name="Call Method" owner="BuiltIn">
<arg>${options}</arg>
<arg>add_argument</arg>
<arg>${incognito}</arg>
<doc>Calls the named method of the given object with the provided arguments.</doc>
<status status="PASS" start="2026-02-22T17:09:07.636536" elapsed="0.000449"/>
</kw>
<kw name="Call Method" owner="BuiltIn">
<arg>${options}</arg>
<arg>add_argument</arg>
<arg>${disable_pw}</arg>
<doc>Calls the named method of the given object with the provided arguments.</doc>
<status status="PASS" start="2026-02-22T17:09:07.637150" elapsed="0.000359"/>
</kw>
<kw name="Call Method" owner="BuiltIn">
<arg>${options}</arg>
<arg>add_argument</arg>
<arg>${disable_notify}</arg>
<doc>Calls the named method of the given object with the provided arguments.</doc>
<status status="PASS" start="2026-02-22T17:09:07.637661" elapsed="0.000334"/>
</kw>
<kw name="Call Method" owner="BuiltIn">
<arg>${options}</arg>
<arg>add_argument</arg>
<arg>${no_first}</arg>
<doc>Calls the named method of the given object with the provided arguments.</doc>
<status status="PASS" start="2026-02-22T17:09:07.638139" elapsed="0.000330"/>
</kw>
<kw name="Call Method" owner="BuiltIn">
<arg>${options}</arg>
<arg>add_argument</arg>
<arg>${no_default}</arg>
<doc>Calls the named method of the given object with the provided arguments.</doc>
<status status="PASS" start="2026-02-22T17:09:07.638606" elapsed="0.000318"/>
</kw>
<kw name="Call Method" owner="BuiltIn">
<arg>${options}</arg>
<arg>add_argument</arg>
<arg>${maximize}</arg>
<doc>Calls the named method of the given object with the provided arguments.</doc>
<status status="PASS" start="2026-02-22T17:09:07.639058" elapsed="0.000309"/>
</kw>
<kw name="Call Method" owner="BuiltIn">
<arg>${options}</arg>
<arg>add_argument</arg>
<arg>${profile}</arg>
<doc>Calls the named method of the given object with the provided arguments.</doc>
<status status="PASS" start="2026-02-22T17:09:07.639502" elapsed="0.000334"/>
</kw>
<kw name="Create Webdriver" owner="SeleniumLibrary">
<msg time="2026-02-22T17:09:07.640286" level="INFO">Creating an instance of the Chrome WebDriver.</msg>
<arg>Chrome</arg>
<arg>options=${options}</arg>
<doc>Creates an instance of Selenium WebDriver.</doc>
<status status="PASS" start="2026-02-22T17:09:07.639989" elapsed="2.606820"/>
</kw>
<kw name="Go To" owner="SeleniumLibrary">
<msg time="2026-02-22T17:09:10.247755" level="INFO">Opening url 'https://www.saucedemo.com/'</msg>
<arg>${URL}</arg>
<doc>Navigates the current browser window to the provided ``url``.</doc>
<status status="PASS" start="2026-02-22T17:09:10.247285" elapsed="0.670011"/>
</kw>
<status status="PASS" start="2026-02-22T17:09:07.621651" elapsed="3.295881"/>
</branch>
<branch type="ELSE IF" condition="'${BROWSER}' == 'Edge'">
<kw name="Open Browser" owner="SeleniumLibrary">
<arg>${URL}</arg>
<arg>Edge</arg>
<doc>Opens a new browser instance to the optional ``url``.</doc>
<status status="NOT RUN" start="2026-02-22T17:09:10.918082" elapsed="0.000097"/>
</kw>
<kw name="Maximize Browser Window" owner="SeleniumLibrary">
<doc>Maximizes current browser window.</doc>
<status status="NOT RUN" start="2026-02-22T17:09:10.918481" elapsed="0.000081"/>
</kw>
<status status="NOT RUN" start="2026-02-22T17:09:10.917690" elapsed="0.000977"/>
</branch>
<branch type="ELSE IF" condition="'${BROWSER}' == 'Firefox'">
<kw name="Evaluate" owner="BuiltIn">
<var>${ff_options}</var>
<arg>sys.modules['selenium.webdriver'].FirefoxOptions()</arg>
<arg>sys, selenium.webdriver</arg>
<doc>Evaluates the given expression in Python and returns the result.</doc>
<status status="NOT RUN" start="2026-02-22T17:09:10.919032" elapsed="0.000073"/>
</kw>
<kw name="Call Method" owner="BuiltIn">
<arg>${ff_options}</arg>
<arg>add_argument</arg>
<arg>-private</arg>
<doc>Calls the named method of the given object with the provided arguments.</doc>
<status status="NOT RUN" start="2026-02-22T17:09:10.919386" elapsed="0.000070"/>
</kw>
<kw name="Create Webdriver" owner="SeleniumLibrary">
<arg>Firefox</arg>
<arg>options=${ff_options}</arg>
<doc>Creates an instance of Selenium WebDriver.</doc>
<status status="NOT RUN" start="2026-02-22T17:09:10.919685" elapsed="0.000056"/>
</kw>
<kw name="Go To" owner="SeleniumLibrary">
<arg>${URL}</arg>
<doc>Navigates the current browser window to the provided ``url``.</doc>
<status status="NOT RUN" start="2026-02-22T17:09:10.919938" elapsed="0.000057"/>
</kw>
<status status="NOT RUN" start="2026-02-22T17:09:10.918770" elapsed="0.001311"/>
</branch>
<status status="PASS" start="2026-02-22T17:09:07.621598" elapsed="3.298570"/>
</if>
<kw name="Wait Until Element Is Visible" owner="SeleniumLibrary">
<arg>id=user-name</arg>
<arg>timeout=10s</arg>
<doc>Waits until the element ``locator`` is visible.</doc>
<status status="PASS" start="2026-02-22T17:09:10.920388" elapsed="0.049886"/>
</kw>
<kw name="Sleep" owner="BuiltIn">
<msg time="2026-02-22T17:09:11.971842" level="INFO">Slept 1 second.</msg>
<arg>${DELAY}</arg>
<doc>Pauses the test executed for the given time.</doc>
<status status="PASS" start="2026-02-22T17:09:10.970793" elapsed="1.001185"/>
</kw>
<status status="PASS" start="2026-02-22T17:09:07.621184" elapsed="4.350926"/>
</kw>
<test id="s1-s4-t1" name="User Can Add Four Products To Cart" line="7">
<kw name="Login To Application" owner="ecommerce_keywords">
<kw name="Input Text" owner="SeleniumLibrary">
<msg time="2026-02-22T17:09:11.973333" level="INFO">Typing text 'standard_user' into text field 'id=user-name'.</msg>
<arg>id=user-name</arg>
<arg>${USERNAME}</arg>
<doc>Types the given ``text`` into the text field identified by ``locator``.</doc>
<status status="PASS" start="2026-02-22T17:09:11.973125" elapsed="0.173810"/>
</kw>
<kw name="Sleep" owner="BuiltIn">
<msg time="2026-02-22T17:09:13.157606" level="INFO">Slept 1 second.</msg>
<arg>${DELAY}</arg>
<doc>Pauses the test executed for the given time.</doc>
<status status="PASS" start="2026-02-22T17:09:12.147232" elapsed="1.010685"/>
</kw>
<kw name="Input Text" owner="SeleniumLibrary">
<msg time="2026-02-22T17:09:13.159415" level="INFO">Typing text 'secret_sauce' into text field 'id=password'.</msg>
<arg>id=password</arg>
<arg>${PASSWORD}</arg>
<doc>Types the given ``text`` into the text field identified by ``locator``.</doc>
<status status="PASS" start="2026-02-22T17:09:13.158388" elapsed="0.537697"/>
</kw>
<kw name="Sleep" owner="BuiltIn">
<msg time="2026-02-22T17:09:14.698601" level="INFO">Slept 1 second.</msg>
<arg>${DELAY}</arg>
<doc>Pauses the test executed for the given time.</doc>
<status status="PASS" start="2026-02-22T17:09:13.696811" elapsed="1.002265"/>
</kw>
<kw name="Click Button" owner="SeleniumLibrary">
<msg time="2026-02-22T17:09:14.700055" level="INFO">Clicking button 'id=login-button'.</msg>
<arg>id=login-button</arg>
<doc>Clicks the button identified by ``locator``.</doc>
<status status="PASS" start="2026-02-22T17:09:14.699522" elapsed="0.625902"/>
</kw>
<kw name="Wait Until Page Contains Element" owner="SeleniumLibrary">
<arg>css=.inventory_list</arg>
<doc>Waits until the element ``locator`` appears on the current page.</doc>
<status status="PASS" start="2026-02-22T17:09:15.325921" elapsed="0.066674"/>
</kw>
<kw name="Sleep" owner="BuiltIn">
<msg time="2026-02-22T17:09:16.395032" level="INFO">Slept 1 second.</msg>
<arg>${DELAY}</arg>
<doc>Pauses the test executed for the given time.</doc>
<status status="PASS" start="2026-02-22T17:09:15.393499" elapsed="1.001768"/>
</kw>
<status status="PASS" start="2026-02-22T17:09:11.972862" elapsed="4.422626"/>
</kw>
<kw name="Add Four Products To Cart" owner="ecommerce_keywords">
<kw name="Get WebElements" owner="SeleniumLibrary">
<msg time="2026-02-22T17:09:16.419452" level="INFO">${buttons} = [&lt;selenium.webdriver.remote.webelement.WebElement (session="d0b991efe4db3f5c477001700ec6b1f1", element="f.008E43CD86C4C322EDF2582EFE2E46EC.d.A27F913AEA4D9F5B5B02377DF8AEF4DC.e.19")&gt;, &lt;selenium.webdriv...</msg>
<var>${buttons}</var>
<arg>xpath=//button[contains(text(),'Add to cart')]</arg>
<doc>Returns a list of WebElement objects matching the ``locator``.</doc>
<status status="PASS" start="2026-02-22T17:09:16.397074" elapsed="0.022471"/>
</kw>
<for flavor="IN RANGE">
<iter>
<kw name="Click Element" owner="SeleniumLibrary">
<msg time="2026-02-22T17:09:16.420933" level="INFO">Clicking element '&lt;selenium.webdriver.remote.webelement.WebElement (session="d0b991efe4db3f5c477001700ec6b1f1", element="f.008E43CD86C4C322EDF2582EFE2E46EC.d.A27F913AEA4D9F5B5B02377DF8AEF4DC.e.19")&gt;'.</msg>
<arg>${buttons}[${index}]</arg>
<doc>Click the element identified by ``locator``.</doc>
<status status="PASS" start="2026-02-22T17:09:16.420473" elapsed="0.101321"/>
</kw>
<kw name="Sleep" owner="BuiltIn">
<msg time="2026-02-22T17:09:17.523368" level="INFO">Slept 1 second.</msg>
<arg>${DELAY}</arg>
<doc>Pauses the test executed for the given time.</doc>
<status status="PASS" start="2026-02-22T17:09:16.522145" elapsed="1.001381"/>
</kw>
<var name="${index}">0</var>
<status status="PASS" start="2026-02-22T17:09:16.420163" elapsed="1.103460"/>
</iter>
<iter>
<kw name="Click Element" owner="SeleniumLibrary">
<msg time="2026-02-22T17:09:17.524363" level="INFO">Clicking element '&lt;selenium.webdriver.remote.webelement.WebElement (session="d0b991efe4db3f5c477001700ec6b1f1", element="f.008E43CD86C4C322EDF2582EFE2E46EC.d.A27F913AEA4D9F5B5B02377DF8AEF4DC.e.20")&gt;'.</msg>
<arg>${buttons}[${index}]</arg>
<doc>Click the element identified by ``locator``.</doc>
<status status="PASS" start="2026-02-22T17:09:17.524011" elapsed="0.093522"/>
</kw>
<kw name="Sleep" owner="BuiltIn">
<msg time="2026-02-22T17:09:18.618854" level="INFO">Slept 1 second.</msg>
<arg>${DELAY}</arg>
<doc>Pauses the test executed for the given time.</doc>
<status status="PASS" start="2026-02-22T17:09:17.617870" elapsed="1.001150"/>
</kw>
<var name="${index}">1</var>
<status status="PASS" start="2026-02-22T17:09:17.523840" elapsed="1.095289"/>
</iter>
<iter>
<kw name="Click Element" owner="SeleniumLibrary">
<msg time="2026-02-22T17:09:18.619854" level="INFO">Clicking element '&lt;selenium.webdriver.remote.webelement.WebElement (session="d0b991efe4db3f5c477001700ec6b1f1", element="f.008E43CD86C4C322EDF2582EFE2E46EC.d.A27F913AEA4D9F5B5B02377DF8AEF4DC.e.21")&gt;'.</msg>
<arg>${buttons}[${index}]</arg>
<doc>Click the element identified by ``locator``.</doc>
<status status="PASS" start="2026-02-22T17:09:18.619514" elapsed="0.109772"/>
</kw>
<kw name="Sleep" owner="BuiltIn">
<msg time="2026-02-22T17:09:19.730841" level="INFO">Slept 1 second.</msg>
<arg>${DELAY}</arg>
<doc>Pauses the test executed for the given time.</doc>
<status status="PASS" start="2026-02-22T17:09:18.729574" elapsed="1.001704"/>
</kw>
<var name="${index}">2</var>
<status status="PASS" start="2026-02-22T17:09:18.619344" elapsed="1.112173"/>
</iter>
<iter>
<kw name="Click Element" owner="SeleniumLibrary">
<msg time="2026-02-22T17:09:19.733816" level="INFO">Clicking element '&lt;selenium.webdriver.remote.webelement.WebElement (session="d0b991efe4db3f5c477001700ec6b1f1", element="f.008E43CD86C4C322EDF2582EFE2E46EC.d.A27F913AEA4D9F5B5B02377DF8AEF4DC.e.22")&gt;'.</msg>
<arg>${buttons}[${index}]</arg>
<doc>Click the element identified by ``locator``.</doc>
<status status="PASS" start="2026-02-22T17:09:19.732719" elapsed="0.208841"/>
</kw>
<kw name="Sleep" owner="BuiltIn">
<msg time="2026-02-22T17:09:20.943449" level="INFO">Slept 1 second.</msg>
<arg>${DELAY}</arg>
<doc>Pauses the test executed for the given time.</doc>
<status status="PASS" start="2026-02-22T17:09:19.942087" elapsed="1.001590"/>
</kw>
<var name="${index}">3</var>
<status status="PASS" start="2026-02-22T17:09:19.732063" elapsed="1.211760"/>
</iter>
<var>${index}</var>
<value>0</value>
<value>4</value>
<status status="PASS" start="2026-02-22T17:09:16.419737" elapsed="4.524197"/>
</for>
<status status="PASS" start="2026-02-22T17:09:16.396391" elapsed="4.547846"/>
</kw>
<kw name="Verify Cart Has Four Items" owner="ecommerce_keywords">
<kw name="Get Text" owner="SeleniumLibrary">
<msg time="2026-02-22T17:09:21.038906" level="INFO">${count} = 4</msg>
<var>${count}</var>
<arg>css=.shopping_cart_badge</arg>
[...]
</kw>
<kw name="Input Text" owner="SeleniumLibrary">
<msg time="2026-02-22T17:16:31.487533" level="INFO">Typing text 'Project' into text field 'id=last-name'.</msg>
<arg>id=last-name</arg>
<arg>${last_name}</arg>
<doc>Types the given ``text`` into the text field identified by ``locator``.</doc>
<status status="PASS" start="2026-02-22T17:16:31.486388" elapsed="0.678931"/>
</kw>
<kw name="Sleep" owner="BuiltIn">
<msg time="2026-02-22T17:16:33.169595" level="INFO">Slept 1 second.</msg>
<arg>${DELAY}</arg>
<doc>Pauses the test executed for the given time.</doc>
<status status="PASS" start="2026-02-22T17:16:32.166589" elapsed="1.004257"/>
</kw>
<kw name="Input Text" owner="SeleniumLibrary">
<msg time="2026-02-22T17:16:33.172640" level="INFO">Typing text '12345' into text field 'id=postal-code'.</msg>
<arg>id=postal-code</arg>
<arg>${postal_code}</arg>
<doc>Types the given ``text`` into the text field identified by ``locator``.</doc>
<status status="PASS" start="2026-02-22T17:16:33.171521" elapsed="0.358087"/>
</kw>
<kw name="Sleep" owner="BuiltIn">
<msg time="2026-02-22T17:16:34.532482" level="INFO">Slept 1 second.</msg>
<arg>${DELAY}</arg>
<doc>Pauses the test executed for the given time.</doc>
<status status="PASS" start="2026-02-22T17:16:33.530245" elapsed="1.002505"/>
</kw>
<kw name="Click Button" owner="SeleniumLibrary">
<msg time="2026-02-22T17:16:34.533527" level="INFO">Clicking button 'id=continue'.</msg>
<arg>id=continue</arg>
<doc>Clicks the button identified by ``locator``.</doc>
<status status="PASS" start="2026-02-22T17:16:34.533117" elapsed="0.209926"/>
</kw>
<kw name="Sleep" owner="BuiltIn">
<msg time="2026-02-22T17:16:35.745320" level="INFO">Slept 1 second.</msg>
<arg>${DELAY}</arg>
<doc>Pauses the test executed for the given time.</doc>
<status status="PASS" start="2026-02-22T17:16:34.743515" elapsed="1.002106"/>
</kw>
<kw name="Run Keyword And Return Status" owner="BuiltIn">
<kw name="Wait Until Element Is Visible" owner="SeleniumLibrary">
<arg>id=finish</arg>
<arg>timeout=3s</arg>
<doc>Waits until the element ``locator`` is visible.</doc>
<status status="PASS" start="2026-02-22T17:16:35.747203" elapsed="0.081886"/>
</kw>
<msg time="2026-02-22T17:16:35.829725" level="INFO">${success_page} = True</msg>
<var>${success_page}</var>
<arg>Wait Until Element Is Visible</arg>
<arg>id=finish</arg>
<arg>timeout=3s</arg>
<doc>Runs the specified keyword and returns the status as a Boolean value.</doc>
<status status="PASS" start="2026-02-22T17:16:35.746129" elapsed="0.083735"/>
</kw>
<if>
<branch type="IF" condition="${success_page}">
<kw name="Click Button" owner="SeleniumLibrary">
<msg time="2026-02-22T17:16:35.833300" level="INFO">Clicking button 'id=finish'.</msg>
<arg>id=finish</arg>
<doc>Clicks the button identified by ``locator``.</doc>
<status status="PASS" start="2026-02-22T17:16:35.831366" elapsed="0.277546"/>
</kw>
<kw name="Page Should Contain" owner="SeleniumLibrary">
<msg time="2026-02-22T17:16:36.149290" level="INFO">Current page contains text 'Thank you for your order!'.</msg>
<arg>Thank you for your order!</arg>
<doc>Verifies that current page contains ``text``.</doc>
<status status="PASS" start="2026-02-22T17:16:36.109436" elapsed="0.040103"/>
</kw>
<status status="PASS" start="2026-02-22T17:16:35.830264" elapsed="0.319469"/>
</branch>
<branch type="ELSE">
<kw name="Wait Until Page Contains Element" owner="SeleniumLibrary">
<arg>css=h3[data-test="error"]</arg>
<arg>timeout=3s</arg>
<doc>Waits until the element ``locator`` appears on the current page.</doc>
<status status="NOT RUN" start="2026-02-22T17:16:36.150284" elapsed="0.000096"/>
</kw>
<kw name="Log" owner="BuiltIn">
<arg>Validation error appeared for invalid data</arg>
<doc>Logs the given message with the given level.</doc>
<status status="NOT RUN" start="2026-02-22T17:16:36.150716" elapsed="0.000097"/>
</kw>
<kw name="Fail" owner="BuiltIn">
<arg>Invalid checkout data</arg>
<doc>Fails the test with the given message and optionally alters its tags.</doc>
<status status="NOT RUN" start="2026-02-22T17:16:36.151141" elapsed="0.000109"/>
</kw>
<status status="NOT RUN" start="2026-02-22T17:16:36.149883" elapsed="0.001512"/>
</branch>
<status status="PASS" start="2026-02-22T17:16:35.830173" elapsed="0.321344"/>
</if>
<kw name="Sleep" owner="BuiltIn">
<msg time="2026-02-22T17:16:37.155956" level="INFO">Slept 1 second.</msg>
<arg>${DELAY}</arg>
<doc>Pauses the test executed for the given time.</doc>
<status status="PASS" start="2026-02-22T17:16:36.151842" elapsed="1.004969"/>
</kw>
<kw name="Click Button" owner="SeleniumLibrary">
<msg time="2026-02-22T17:16:37.159109" level="INFO">Clicking button 'id=back-to-products'.</msg>
<arg>id=back-to-products</arg>
<doc>Clicks the button identified by ``locator``.</doc>
<status status="PASS" start="2026-02-22T17:16:37.157595" elapsed="0.274401"/>
</kw>
<kw name="Logout From Application" owner="ecommerce_keywords">
<kw name="Click Element" owner="SeleniumLibrary">
<msg time="2026-02-22T17:16:37.434113" level="INFO">Clicking element 'id=react-burger-menu-btn'.</msg>
<arg>id=react-burger-menu-btn</arg>
<doc>Click the element identified by ``locator``.</doc>
<status status="PASS" start="2026-02-22T17:16:37.433518" elapsed="0.155459"/>
</kw>
<kw name="Sleep" owner="BuiltIn">
<msg time="2026-02-22T17:16:38.591548" level="INFO">Slept 1 second.</msg>
<arg>${DELAY}</arg>
<doc>Pauses the test executed for the given time.</doc>
<status status="PASS" start="2026-02-22T17:16:37.589730" elapsed="1.002001"/>
</kw>
<kw name="Click Element" owner="SeleniumLibrary">
<msg time="2026-02-22T17:16:38.592409" level="INFO">Clicking element 'id=logout_sidebar_link'.</msg>
<arg>id=logout_sidebar_link</arg>
<doc>Click the element identified by ``locator``.</doc>
<status status="PASS" start="2026-02-22T17:16:38.592045" elapsed="0.140821"/>
</kw>
<kw name="Wait Until Element Is Visible" owner="SeleniumLibrary">
<arg>id=login-button</arg>
<doc>Waits until the element ``locator`` is visible.</doc>
<status status="PASS" start="2026-02-22T17:16:38.733287" elapsed="0.038787"/>
</kw>
<kw name="Sleep" owner="BuiltIn">
<msg time="2026-02-22T17:16:39.773660" level="INFO">Slept 1 second.</msg>
<arg>${DELAY}</arg>
<doc>Pauses the test executed for the given time.</doc>
<status status="PASS" start="2026-02-22T17:16:38.772436" elapsed="1.001665"/>
</kw>
<status status="PASS" start="2026-02-22T17:16:37.432635" elapsed="2.341822"/>
</kw>
<arg>${first_name}</arg>
<arg>${last_name}</arg>
<arg>${postal_code}</arg>
<status status="PASS" start="2026-02-22T17:16:10.475866" elapsed="29.298814"/>
</kw>
<status status="PASS" start="2026-02-22T17:16:10.474456" elapsed="29.300357"/>
</branch>
<branch type="EXCEPT">
<kw name="Capture Page Screenshot" owner="SeleniumLibrary">
<var>${path}</var>
<arg>checkout_fail_${index + 1}.png</arg>
<doc>Takes a screenshot of the current page and embeds it into a log file.</doc>
<status status="NOT RUN" start="2026-02-22T17:16:39.775313" elapsed="0.000093"/>
</kw>
<kw name="Log" owner="BuiltIn">
<arg>&lt;img src="${path}" width="600px"&gt;</arg>
<arg>html=True</arg>
<doc>Logs the given message with the given level.</doc>
<status status="NOT RUN" start="2026-02-22T17:16:39.775686" elapsed="0.000074"/>
</kw>
<status status="NOT RUN" start="2026-02-22T17:16:39.774985" elapsed="0.000890"/>
</branch>
<status status="PASS" start="2026-02-22T17:16:10.474218" elapsed="29.301783"/>
</try>
<kw name="Close Browser" owner="SeleniumLibrary">
<doc>Closes the current browser.</doc>
<status status="PASS" start="2026-02-22T17:16:39.776204" elapsed="2.542979"/>
</kw>
<kw name="Open Website" owner="ecommerce_keywords">
<if>
<branch type="IF" condition="'${BROWSER}' == 'Chrome'">
<kw name="Evaluate" owner="BuiltIn">
<msg time="2026-02-22T17:16:42.321329" level="INFO">${options} = &lt;selenium.webdriver.chrome.options.Options object at 0x000001CBD7216990&gt;</msg>
<var>${options}</var>
<arg>sys.modules['selenium.webdriver'].ChromeOptions()</arg>
<arg>sys, selenium.webdriver</arg>
<doc>Evaluates the given expression in Python and returns the result.</doc>
<status status="PASS" start="2026-02-22T17:16:42.320644" elapsed="0.000746"/>
</kw>
<kw name="Evaluate" owner="BuiltIn">
<msg time="2026-02-22T17:16:42.322942" level="INFO">${temp_dir} = C:\Users\user\AppData\Local\Temp\tmpsaoc6hlf</msg>
<var>${temp_dir}</var>
<arg>__import__('tempfile').mkdtemp()</arg>
<doc>Evaluates the given expression in Python and returns the result.</doc>
<status status="PASS" start="2026-02-22T17:16:42.321604" elapsed="0.001431"/>
</kw>
<kw name="Create Dictionary" owner="BuiltIn">
<msg time="2026-02-22T17:16:42.324239" level="INFO">${prefs} = {'credentials_enable_service': 'False', 'profile.password_manager_enabled': 'False', 'profile.default_content_setting_values.notifications': '2'}</msg>
<var>${prefs}</var>
<arg>credentials_enable_service=False</arg>
<arg>profile.password_manager_enabled=False</arg>
<arg>profile.default_content_setting_values.notifications=2</arg>
<doc>Creates and returns a dictionary based on the given ``items``.</doc>
<status status="PASS" start="2026-02-22T17:16:42.323504" elapsed="0.000807"/>
</kw>
<kw name="Call Method" owner="BuiltIn">
<arg>${options}</arg>
<arg>add_experimental_option</arg>
<arg>prefs</arg>
<arg>${prefs}</arg>
<doc>Calls the named method of the given object with the provided arguments.</doc>
<status status="PASS" start="2026-02-22T17:16:42.324664" elapsed="0.000671"/>
</kw>
<kw name="Set Variable" owner="BuiltIn">
<msg time="2026-02-22T17:16:42.326073" level="INFO">${incognito} = --incognito</msg>
<var>${incognito}</var>
<arg>--incognito</arg>
<doc>Returns the given values which can then be assigned to a variables.</doc>
<status status="PASS" start="2026-02-22T17:16:42.325589" elapsed="0.000552"/>
</kw>
<kw name="Set Variable" owner="BuiltIn">
<msg time="2026-02-22T17:16:42.326990" level="INFO">${disable_pw} = --disable-features=PasswordLeakDetection</msg>
<var>${disable_pw}</var>
<arg>--disable-features=PasswordLeakDetection</arg>
<doc>Returns the given values which can then be assigned to a variables.</doc>
<status status="PASS" start="2026-02-22T17:16:42.326465" elapsed="0.000592"/>
</kw>
<kw name="Set Variable" owner="BuiltIn">
<msg time="2026-02-22T17:16:42.327701" level="INFO">${disable_notify} = --disable-notifications</msg>
<var>${disable_notify}</var>
<arg>--disable-notifications</arg>
<doc>Returns the given values which can then be assigned to a variables.</doc>
<status status="PASS" start="2026-02-22T17:16:42.327277" elapsed="0.000481"/>
</kw>
<kw name="Set Variable" owner="BuiltIn">
<msg time="2026-02-22T17:16:42.328379" level="INFO">${no_first} = --no-first-run</msg>
<var>${no_first}</var>
<arg>--no-first-run</arg>
<doc>Returns the given values which can then be assigned to a variables.</doc>
<status status="PASS" start="2026-02-22T17:16:42.327967" elapsed="0.000463"/>
</kw>
<kw name="Set Variable" owner="BuiltIn">
<msg time="2026-02-22T17:16:42.329055" level="INFO">${no_default} = --no-default-browser-check</msg>
<var>${no_default}</var>
<arg>--no-default-browser-check</arg>
<doc>Returns the given values which can then be assigned to a variables.</doc>
<status status="PASS" start="2026-02-22T17:16:42.328646" elapsed="0.000461"/>
</kw>
<kw name="Set Variable" owner="BuiltIn">
<msg time="2026-02-22T17:16:42.329693" level="INFO">${maximize} = --start-maximized</msg>
<var>${maximize}</var>
<arg>--start-maximized</arg>
<doc>Returns the given values which can then be assigned to a variables.</doc>
<status status="PASS" start="2026-02-22T17:16:42.329310" elapsed="0.000433"/>
</kw>
<kw name="Set Variable" owner="BuiltIn">
<msg time="2026-02-22T17:16:42.330397" level="INFO">${profile} = --user-data-dir=C:\Users\user\AppData\Local\Temp\tmpsaoc6hlf</msg>
<var>${profile}</var>
<arg>--user-data-dir=${temp_dir}</arg>
<doc>Returns the given values which can then be assigned to a variables.</doc>
<status status="PASS" start="2026-02-22T17:16:42.329930" elapsed="0.000517"/>
</kw>
<kw name="Call Method" owner="BuiltIn">
<arg>${options}</arg>
<arg>add_argument</arg>
<arg>${incognito}</arg>
<doc>Calls the named method of the given object with the provided arguments.</doc>
<status status="PASS" start="2026-02-22T17:16:42.330645" elapsed="0.000463"/>
</kw>
<kw name="Call Method" owner="BuiltIn">
<arg>${options}</arg>
<arg>add_argument</arg>
<arg>${disable_pw}</arg>
<doc>Calls the named method of the given object with the provided arguments.</doc>
<status status="PASS" start="2026-02-22T17:16:42.331302" elapsed="0.000508"/>
</kw>
<kw name="Call Method" owner="BuiltIn">
<arg>${options}</arg>
<arg>add_argument</arg>
<arg>${disable_notify}</arg>
<doc>Calls the named method of the given object with the provided arguments.</doc>
<status status="PASS" start="2026-02-22T17:16:42.332036" elapsed="0.000538"/>
</kw>
<kw name="Call Method" owner="BuiltIn">
<arg>${options}</arg>
<arg>add_argument</arg>
<arg>${no_first}</arg>
<doc>Calls the named method of the given object with the provided arguments.</doc>
<status status="PASS" start="2026-02-22T17:16:42.332809" elapsed="0.000541"/>
</kw>
<kw name="Call Method" owner="BuiltIn">
<arg>${options}</arg>
<arg>add_argument</arg>
<arg>${no_default}</arg>
<doc>Calls the named method of the given object with the provided arguments.</doc>
<status status="PASS" start="2026-02-22T17:16:42.333575" elapsed="0.000476"/>
</kw>
<kw name="Call Method" owner="BuiltIn">
<arg>${options}</arg>
<arg>add_argument</arg>
<arg>${maximize}</arg>
<doc>Calls the named method of the given object with the provided arguments.</doc>
<status status="PASS" start="2026-02-22T17:16:42.334247" elapsed="0.000453"/>
</kw>
<kw name="Call Method" owner="BuiltIn">
<arg>${options}</arg>
<arg>add_argument</arg>
<arg>${profile}</arg>
<doc>Calls the named method of the given object with the provided arguments.</doc>
<status status="PASS" start="2026-02-22T17:16:42.334884" elapsed="0.000443"/>
</kw>
<kw name="Create Webdriver" owner="SeleniumLibrary">
<msg time="2026-02-22T17:16:42.335813" level="INFO">Creating an instance of the Chrome WebDriver.</msg>
<arg>Chrome</arg>
<arg>options=${options}</arg>
<doc>Creates an instance of Selenium WebDriver.</doc>
<status status="PASS" start="2026-02-22T17:16:42.335539" elapsed="3.214180"/>
</kw>
<kw name="Go To" owner="SeleniumLibrary">
<msg time="2026-02-22T17:16:45.558395" level="INFO">Opening url 'https://www.saucedemo.com/'</msg>
<arg>${URL}</arg>
<doc>Navigates the current browser window to the provided ``url``.</doc>
<status status="PASS" start="2026-02-22T17:16:45.551152" elapsed="1.280992"/>
</kw>
<status status="PASS" start="2026-02-22T17:16:42.320267" elapsed="4.512211"/>
</branch>
<branch type="ELSE IF" condition="'${BROWSER}' == 'Edge'">
<kw name="Open Browser" owner="SeleniumLibrary">
<arg>${URL}</arg>
<arg>Edge</arg>
<doc>Opens a new browser instance to the optional ``url``.</doc>
<status status="NOT RUN" start="2026-02-22T17:16:46.833998" elapsed="0.000191"/>
</kw>
<kw name="Maximize Browser Window" owner="SeleniumLibrary">
<doc>Maximizes current browser window.</doc>
<status status="NOT RUN" start="2026-02-22T17:16:46.834931" elapsed="0.045892"/>
</kw>
<status status="NOT RUN" start="2026-02-22T17:16:46.832806" elapsed="0.048511"/>
</branch>
<branch type="ELSE IF" condition="'${BROWSER}' == 'Firefox'">
<kw name="Evaluate" owner="BuiltIn">
<var>${ff_options}</var>
<arg>sys.modules['selenium.webdriver'].FirefoxOptions()</arg>
<arg>sys, selenium.webdriver</arg>
<doc>Evaluates the given expression in Python and returns the result.</doc>
<status status="NOT RUN" start="2026-02-22T17:16:46.901564" elapsed="0.005277"/>
</kw>
<kw name="Call Method" owner="BuiltIn">
<arg>${ff_options}</arg>
<arg>add_argument</arg>
<arg>-private</arg>
<doc>Calls the named method of the given object with the provided arguments.</doc>
<status status="NOT RUN" start="2026-02-22T17:16:46.907957" elapsed="0.000189"/>
</kw>
<kw name="Create Webdriver" owner="SeleniumLibrary">
<arg>Firefox</arg>
<arg>options=${ff_options}</arg>
<doc>Creates an instance of Selenium WebDriver.</doc>
<status status="NOT RUN" start="2026-02-22T17:16:46.910835" elapsed="0.000212"/>
</kw>
<kw name="Go To" owner="SeleniumLibrary">
<arg>${URL}</arg>
<doc>Navigates the current browser window to the provided ``url``.</doc>
<status status="NOT RUN" start="2026-02-22T17:16:46.911844" elapsed="0.000213"/>
</kw>
<status status="NOT RUN" start="2026-02-22T17:16:46.882319" elapsed="0.030050"/>
</branch>
<status status="PASS" start="2026-02-22T17:16:42.320229" elapsed="4.592665"/>
</if>
<kw name="Wait Until Element Is Visible" owner="SeleniumLibrary">
<arg>id=user-name</arg>
<arg>timeout=10s</arg>
<doc>Waits until the element ``locator`` is visible.</doc>
<status status="PASS" start="2026-02-22T17:16:46.913500" elapsed="0.206260"/>
</kw>
<kw name="Sleep" owner="BuiltIn">
<msg time="2026-02-22T17:16:48.123914" level="INFO">Slept 1 second.</msg>
<arg>${DELAY}</arg>
<doc>Pauses the test executed for the given time.</doc>
<status status="PASS" start="2026-02-22T17:16:47.121211" elapsed="1.003014"/>
</kw>
<status status="PASS" start="2026-02-22T17:16:42.319873" elapsed="5.804605"/>
</kw>
<var name="${index}">9</var>
<var name="${row}">Group5,Project,12345</var>
<status status="PASS" start="2026-02-22T17:16:10.465905" elapsed="37.658689"/>
</iter>
<var>${index}</var>
<var>${row}</var>
<value>@{data}</value>
<status status="PASS" start="2026-02-22T17:10:37.439803" elapsed="370.684957"/>
</for>
<kw name="Register Keyword To Run On Failure" owner="SeleniumLibrary">
<msg time="2026-02-22T17:16:48.125779" level="INFO">Capture Page Screenshot will be run on failure.</msg>
<arg>Capture Page Screenshot</arg>
<doc>Sets the keyword to execute, when a SeleniumLibrary keyword fails.</doc>
<status status="PASS" start="2026-02-22T17:16:48.125423" elapsed="0.000488"/>
</kw>
<status status="PASS" start="2026-02-22T17:10:37.431436" elapsed="370.694971"/>
</test>
<kw name="Close Website" owner="ecommerce_keywords" type="TEARDOWN">
<kw name="Sleep" owner="BuiltIn">
<msg time="2026-02-22T17:16:49.155567" level="INFO">Slept 1 second.</msg>
<arg>${DELAY}</arg>
<doc>Pauses the test executed for the given time.</doc>
<status status="PASS" start="2026-02-22T17:16:48.128340" elapsed="1.027738"/>
</kw>
<kw name="Close Browser" owner="SeleniumLibrary">
<doc>Closes the current browser.</doc>
<status status="PASS" start="2026-02-22T17:16:49.157842" elapsed="2.738164"/>
</kw>
<status status="PASS" start="2026-02-22T17:16:48.127938" elapsed="3.768374"/>
</kw>
<status status="PASS" start="2026-02-22T17:10:31.323645" elapsed="380.572775"/>
</suite>
<status status="FAIL" start="2026-02-22T17:08:37.434212" elapsed="494.465823"/>
</suite>
<statistics>
<total>
<stat pass="7" fail="1" skip="0">All Tests</stat>
</total>
<tag>
</tag>
<suite>
<stat name="Tests" id="s1" pass="7" fail="1" skip="0">Tests</stat>
<stat name="00 Invalid Login" id="s1-s1" pass="1" fail="0" skip="0">Tests.00 Invalid Login</stat>
<stat name="01 Login" id="s1-s2" pass="1" fail="0" skip="0">Tests.01 Login</stat>
<stat name="02 Product" id="s1-s3" pass="1" fail="0" skip="0">Tests.02 Product</stat>
<stat name="03 Add To Cart" id="s1-s4" pass="1" fail="0" skip="0">Tests.03 Add To Cart</stat>
<stat name="04 Update Cart" id="s1-s5" pass="1" fail="0" skip="0">Tests.04 Update Cart</stat>
<stat name="05 Logout" id="s1-s6" pass="1" fail="0" skip="0">Tests.05 Logout</stat>
<stat name="06 Remove From Empty Cart" id="s1-s7" pass="0" fail="1" skip="0">Tests.06 Remove From Empty Cart</stat>
<stat name="07 Checkout" id="s1-s8" pass="1" fail="0" skip="0">Tests.07 Checkout</stat>
</suite>
</statistics>
<errors>
<msg time="2026-02-22T17:10:12.104370" level="WARN">Error in file 'C:\Users\user\Desktop\CAPSTONE PROJECT\Ecommerce\robot-framework\keywords\ecommerce_keywords.robot' on line 2: Suite 'Tests.06 Remove From Empty Cart' has already imported library 'SeleniumLibrary' with different arguments. This import is ignored.</msg>
</errors>
</robot>
