<?xml version="1.0" encoding="UTF-8"?>
<robot generator="Robot 7.4.1 (Python 3.12.8 on win32)" generated="2026-02-19T15:24:30.213881" rpa="false" schemaversion="5">
<suite id="s1" name="Tests" source="C:\Users\prase\OneDrive\Desktop\PythonProject\Ecommerce\robot-framework\tests">
<suite id="s1-s1" name="00 Invalid Login" source="C:\Users\prase\OneDrive\Desktop\PythonProject\Ecommerce\robot-framework\tests\00_invalid_login.robot">
<kw name="Open Website" owner="ecommerce_keywords" type="SETUP">
<if>
<branch type="IF" condition="'${BROWSER}' == 'Chrome'">
<kw name="Evaluate" owner="BuiltIn">
<msg time="2026-02-19T15:24:30.704405" level="INFO">${options} = &lt;selenium.webdriver.chrome.options.Options object at 0x000001CDD94D5A60&gt;</msg>
<var>${options}</var>
<arg>sys.modules['selenium.webdriver'].ChromeOptions()</arg>
<arg>sys, selenium.webdriver</arg>
<doc>Evaluates the given expression in Python and returns the result.</doc>
<status status="PASS" start="2026-02-19T15:24:30.704405" elapsed="0.000000"/>
</kw>
<kw name="Evaluate" owner="BuiltIn">
<msg time="2026-02-19T15:24:30.706937" level="INFO">${temp_dir} = C:\Users\prase\AppData\Local\Temp\tmp86so9zmu</msg>
<var>${temp_dir}</var>
<arg>__import__('tempfile').mkdtemp()</arg>
<doc>Evaluates the given expression in Python and returns the result.</doc>
<status status="PASS" start="2026-02-19T15:24:30.704405" elapsed="0.002532"/>
</kw>
<kw name="Create Dictionary" owner="BuiltIn">
<msg time="2026-02-19T15:24:30.707957" level="INFO">${prefs} = {'credentials_enable_service': 'False', 'profile.password_manager_enabled': 'False', 'profile.default_content_setting_values.notifications': '2'}</msg>
<var>${prefs}</var>
<arg>credentials_enable_service=False</arg>
<arg>profile.password_manager_enabled=False</arg>
<arg>profile.default_content_setting_values.notifications=2</arg>
<doc>Creates and returns a dictionary based on the given ``items``.</doc>
<status status="PASS" start="2026-02-19T15:24:30.706937" elapsed="0.001020"/>
</kw>
<kw name="Call Method" owner="BuiltIn">
<arg>${options}</arg>
<arg>add_experimental_option</arg>
<arg>prefs</arg>
<arg>${prefs}</arg>
<doc>Calls the named method of the given object with the provided arguments.</doc>
<status status="PASS" start="2026-02-19T15:24:30.707957" elapsed="0.001004"/>
</kw>
<kw name="Set Variable" owner="BuiltIn">
<msg time="2026-02-19T15:24:30.708961" level="INFO">${incognito} = --incognito</msg>
<var>${incognito}</var>
<arg>--incognito</arg>
<doc>Returns the given values which can then be assigned to a variables.</doc>
<status status="PASS" start="2026-02-19T15:24:30.708961" elapsed="0.000000"/>
</kw>
<kw name="Set Variable" owner="BuiltIn">
<msg time="2026-02-19T15:24:30.708961" level="INFO">${disable_pw} = --disable-features=PasswordLeakDetection</msg>
<var>${disable_pw}</var>
<arg>--disable-features=PasswordLeakDetection</arg>
<doc>Returns the given values which can then be assigned to a variables.</doc>
<status status="PASS" start="2026-02-19T15:24:30.708961" elapsed="0.000000"/>
</kw>
<kw name="Set Variable" owner="BuiltIn">
<msg time="2026-02-19T15:24:30.709954" level="INFO">${disable_notify} = --disable-notifications</msg>
<var>${disable_notify}</var>
<arg>--disable-notifications</arg>
<doc>Returns the given values which can then be assigned to a variables.</doc>
<status status="PASS" start="2026-02-19T15:24:30.708961" elapsed="0.000993"/>
</kw>
<kw name="Set Variable" owner="BuiltIn">
<msg time="2026-02-19T15:24:30.709954" level="INFO">${no_first} = --no-first-run</msg>
<var>${no_first}</var>
<arg>--no-first-run</arg>
<doc>Returns the given values which can then be assigned to a variables.</doc>
<status status="PASS" start="2026-02-19T15:24:30.709954" elapsed="0.000000"/>
</kw>
<kw name="Set Variable" owner="BuiltIn">
<msg time="2026-02-19T15:24:30.709954" level="INFO">${no_default} = --no-default-browser-check</msg>
<var>${no_default}</var>
<arg>--no-default-browser-check</arg>
<doc>Returns the given values which can then be assigned to a variables.</doc>
<status status="PASS" start="2026-02-19T15:24:30.709954" elapsed="0.000996"/>
</kw>
<kw name="Set Variable" owner="BuiltIn">
<msg time="2026-02-19T15:24:30.710950" level="INFO">${maximize} = --start-maximized</msg>
<var>${maximize}</var>
<arg>--start-maximized</arg>
<doc>Returns the given values which can then be assigned to a variables.</doc>
<status status="PASS" start="2026-02-19T15:24:30.710950" elapsed="0.000000"/>
</kw>
<kw name="Set Variable" owner="BuiltIn">
<msg time="2026-02-19T15:24:30.710950" level="INFO">${profile} = --user-data-dir=C:\Users\prase\AppData\Local\Temp\tmp86so9zmu</msg>
<var>${profile}</var>
<arg>--user-data-dir=${temp_dir}</arg>
<doc>Returns the given values which can then be assigned to a variables.</doc>
<status status="PASS" start="2026-02-19T15:24:30.710950" elapsed="0.000000"/>
</kw>
<kw name="Call Method" owner="BuiltIn">
<arg>${options}</arg>
<arg>add_argument</arg>
<arg>${incognito}</arg>
<doc>Calls the named method of the given object with the provided arguments.</doc>
<status status="PASS" start="2026-02-19T15:24:30.710950" elapsed="0.000000"/>
</kw>
<kw name="Call Method" owner="BuiltIn">
<arg>${options}</arg>
<arg>add_argument</arg>
<arg>${disable_pw}</arg>
<doc>Calls the named method of the given object with the provided arguments.</doc>
<status status="PASS" start="2026-02-19T15:24:30.711958" elapsed="0.000000"/>
</kw>
<kw name="Call Method" owner="BuiltIn">
<arg>${options}</arg>
<arg>add_argument</arg>
<arg>${disable_notify}</arg>
<doc>Calls the named method of the given object with the provided arguments.</doc>
<status status="PASS" start="2026-02-19T15:24:30.711958" elapsed="0.000000"/>
</kw>
<kw name="Call Method" owner="BuiltIn">
<arg>${options}</arg>
<arg>add_argument</arg>
<arg>${no_first}</arg>
<doc>Calls the named method of the given object with the provided arguments.</doc>
<status status="PASS" start="2026-02-19T15:24:30.711958" elapsed="0.000988"/>
</kw>
<kw name="Call Method" owner="BuiltIn">
<arg>${options}</arg>
<arg>add_argument</arg>
<arg>${no_default}</arg>
<doc>Calls the named method of the given object with the provided arguments.</doc>
<status status="PASS" start="2026-02-19T15:24:30.712946" elapsed="0.000000"/>
</kw>
<kw name="Call Method" owner="BuiltIn">
<arg>${options}</arg>
<arg>add_argument</arg>
<arg>${maximize}</arg>
<doc>Calls the named method of the given object with the provided arguments.</doc>
<status status="PASS" start="2026-02-19T15:24:30.712946" elapsed="0.000000"/>
</kw>
<kw name="Call Method" owner="BuiltIn">
<arg>${options}</arg>
<arg>add_argument</arg>
<arg>${profile}</arg>
<doc>Calls the named method of the given object with the provided arguments.</doc>
<status status="PASS" start="2026-02-19T15:24:30.712946" elapsed="0.000000"/>
</kw>
<kw name="Create Webdriver" owner="SeleniumLibrary">
<msg time="2026-02-19T15:24:30.712946" level="INFO">Creating an instance of the Chrome WebDriver.</msg>
<arg>Chrome</arg>
<arg>options=${options}</arg>
<doc>Creates an instance of Selenium WebDriver.</doc>
<status status="PASS" start="2026-02-19T15:24:30.712946" elapsed="1.504516"/>
</kw>
<kw name="Go To" owner="SeleniumLibrary">
<msg time="2026-02-19T15:24:32.217462" level="INFO">Opening url 'https://www.saucedemo.com/'</msg>
<arg>${URL}</arg>
<doc>Navigates the current browser window to the provided ``url``.</doc>
<status status="PASS" start="2026-02-19T15:24:32.217462" elapsed="0.851673"/>
</kw>
<status status="PASS" start="2026-02-19T15:24:30.703405" elapsed="2.365730"/>
</branch>
<branch type="ELSE IF" condition="'${BROWSER}' == 'Edge'">
<kw name="Open Browser" owner="SeleniumLibrary">
<arg>${URL}</arg>
<arg>Edge</arg>
<doc>Opens a new browser instance to the optional ``url``.</doc>
<status status="NOT RUN" start="2026-02-19T15:24:33.070152" elapsed="0.000000"/>
</kw>
<kw name="Maximize Browser Window" owner="SeleniumLibrary">
<doc>Maximizes current browser window.</doc>
<status status="NOT RUN" start="2026-02-19T15:24:33.070152" elapsed="0.000000"/>
</kw>
<status status="NOT RUN" start="2026-02-19T15:24:33.070152" elapsed="0.000000"/>
</branch>
<branch type="ELSE IF" condition="'${BROWSER}' == 'Firefox'">
<kw name="Evaluate" owner="BuiltIn">
<var>${ff_options}</var>
<arg>sys.modules['selenium.webdriver'].FirefoxOptions()</arg>
<arg>sys, selenium.webdriver</arg>
<doc>Evaluates the given expression in Python and returns the result.</doc>
<status status="NOT RUN" start="2026-02-19T15:24:33.071147" elapsed="0.000000"/>
</kw>
<kw name="Call Method" owner="BuiltIn">
<arg>${ff_options}</arg>
<arg>add_argument</arg>
<arg>-private</arg>
<doc>Calls the named method of the given object with the provided arguments.</doc>
<status status="NOT RUN" start="2026-02-19T15:24:33.071147" elapsed="0.000000"/>
</kw>
<kw name="Create Webdriver" owner="SeleniumLibrary">
<arg>Firefox</arg>
<arg>options=${ff_options}</arg>
<doc>Creates an instance of Selenium WebDriver.</doc>
<status status="NOT RUN" start="2026-02-19T15:24:33.071147" elapsed="0.000000"/>
</kw>
<kw name="Go To" owner="SeleniumLibrary">
<arg>${URL}</arg>
<doc>Navigates the current browser window to the provided ``url``.</doc>
<status status="NOT RUN" start="2026-02-19T15:24:33.071147" elapsed="0.000000"/>
</kw>
<status status="NOT RUN" start="2026-02-19T15:24:33.070152" elapsed="0.000995"/>
</branch>
<status status="PASS" start="2026-02-19T15:24:30.703405" elapsed="2.367742"/>
</if>
<kw name="Wait Until Element Is Visible" owner="SeleniumLibrary">
<arg>id=user-name</arg>
<arg>timeout=10s</arg>
<doc>Waits until the element ``locator`` is visible.</doc>
<status status="PASS" start="2026-02-19T15:24:33.071147" elapsed="0.067827"/>
</kw>
<kw name="Sleep" owner="BuiltIn">
<msg time="2026-02-19T15:24:33.840286" level="INFO">Slept 700 milliseconds.</msg>
<arg>${DELAY}</arg>
<doc>Pauses the test executed for the given time.</doc>
<status status="PASS" start="2026-02-19T15:24:33.138974" elapsed="0.701312"/>
</kw>
<status status="PASS" start="2026-02-19T15:24:30.703405" elapsed="3.136881"/>
</kw>
<test id="s1-s1-t1" name="Invalid Login From CSV" line="10">
<kw name="Get File" owner="OperatingSystem">
<msg time="2026-02-19T15:24:33.841296" level="INFO" html="true">Getting file '&lt;a href="file://C:\Users\prase\OneDrive\Desktop\PythonProject\Ecommerce\robot-framework\data\invalid_login_data.csv"&gt;C:\Users\prase\OneDrive\Desktop\PythonProject\Ecommerce\robot-framework\data\invalid_login_data.csv&lt;/a&gt;'.</msg>
<msg time="2026-02-19T15:24:33.843308" level="INFO">${file} = username,password
invalid_user,wrong_password
locked_out_user,
,wrong_password
</msg>
<var>${file}</var>
<arg>C:\\Users\\prase\\OneDrive\\Desktop\\PythonProject\\Ecommerce\\robot-framework\\tests/../data/invalid_login_data.csv</arg>
<doc>Returns the contents of a specified file.</doc>
<status status="PASS" start="2026-02-19T15:24:33.841296" elapsed="0.002012"/>
</kw>
<kw name="Split To Lines" owner="String">
<msg time="2026-02-19T15:24:33.843308" level="INFO">4 lines returned.</msg>
<msg time="2026-02-19T15:24:33.843308" level="INFO">${lines} = ['username,password', 'invalid_user,wrong_password', 'locked_out_user,', ',wrong_password']</msg>
<var>${lines}</var>
<arg>${file}</arg>
<doc>Splits the given string to lines.</doc>
<status status="PASS" start="2026-02-19T15:24:33.843308" elapsed="0.000000"/>
</kw>
<kw name="Get Slice From List" owner="Collections">
<msg time="2026-02-19T15:24:33.844313" level="INFO">${data} = ['invalid_user,wrong_password', 'locked_out_user,', ',wrong_password']</msg>
<var>${data}</var>
<arg>${lines}</arg>
<arg>1</arg>
<doc>Returns a slice of the given list between ``start`` and ``end`` indexes.</doc>
<status status="PASS" start="2026-02-19T15:24:33.844313" elapsed="0.000000"/>
</kw>
<for flavor="IN ENUMERATE">
<iter>
<kw name="Log" owner="BuiltIn">
<msg time="2026-02-19T15:24:33.846306" level="INFO">
===== Executing Invalid Login Dataset 1 =====</msg>
<arg>\n===== Executing Invalid Login Dataset ${index + 1} =====</arg>
<doc>Logs the given message with the given level.</doc>
<status status="PASS" start="2026-02-19T15:24:33.845307" elapsed="0.000999"/>
</kw>
<kw name="Split String" owner="String">
<msg time="2026-02-19T15:24:33.846306" level="INFO">${columns} = ['invalid_user', 'wrong_password']</msg>
<var>${columns}</var>
<arg>${row}</arg>
<arg>,</arg>
<doc>Splits the ``string`` using ``separator`` as a delimiter string.</doc>
<status status="PASS" start="2026-02-19T15:24:33.846306" elapsed="0.000000"/>
</kw>
<kw name="Get From List" owner="Collections">
<msg time="2026-02-19T15:24:33.847306" level="INFO">${username} = invalid_user</msg>
<var>${username}</var>
<arg>${columns}</arg>
<arg>0</arg>
<doc>Returns the value specified with an ``index`` from ``list``.</doc>
<status status="PASS" start="2026-02-19T15:24:33.846306" elapsed="0.001000"/>
</kw>
<kw name="Get From List" owner="Collections">
<msg time="2026-02-19T15:24:33.847306" level="INFO">${password} = wrong_password</msg>
<var>${password}</var>
<arg>${columns}</arg>
<arg>1</arg>
<doc>Returns the value specified with an ``index`` from ``list``.</doc>
<status status="PASS" start="2026-02-19T15:24:33.847306" elapsed="0.000000"/>
</kw>
<kw name="Input Text" owner="SeleniumLibrary">
<msg time="2026-02-19T15:24:33.847810" level="INFO">Typing text 'invalid_user' into text field 'id=user-name'.</msg>
<arg>id=user-name</arg>
<arg>${username}</arg>
<doc>Types the given ``text`` into the text field identified by ``locator``.</doc>
<status status="PASS" start="2026-02-19T15:24:33.847810" elapsed="0.142106"/>
</kw>
<kw name="Input Text" owner="SeleniumLibrary">
<msg time="2026-02-19T15:24:33.989916" level="INFO">Typing text 'wrong_password' into text field 'id=password'.</msg>
<arg>id=password</arg>
<arg>${password}</arg>
<doc>Types the given ``text`` into the text field identified by ``locator``.</doc>
<status status="PASS" start="2026-02-19T15:24:33.989916" elapsed="0.077992"/>
</kw>
<kw name="Click Button" owner="SeleniumLibrary">
<msg time="2026-02-19T15:24:34.068910" level="INFO">Clicking button 'id=login-button'.</msg>
<arg>id=login-button</arg>
<doc>Clicks the button identified by ``locator``.</doc>
<status status="PASS" start="2026-02-19T15:24:34.067908" elapsed="0.092349"/>
</kw>
<kw name="Wait Until Page Contains Element" owner="SeleniumLibrary">
<arg>css=h3[data-test="error"]</arg>
<arg>timeout=5s</arg>
<doc>Waits until the element ``locator`` appears on the current page.</doc>
<status status="PASS" start="2026-02-19T15:24:34.161223" elapsed="0.021270"/>
</kw>
<kw name="Run Keyword And Return Status" owner="BuiltIn">
<kw name="Page Should Contain" owner="SeleniumLibrary">
<msg time="2026-02-19T15:24:34.216298" level="FAIL">Page should have contained text 'Password is required' but did not.</msg>
<arg>Password is required</arg>
<doc>Verifies that current page contains ``text``.</doc>
<status status="FAIL" start="2026-02-19T15:24:34.183543" elapsed="0.037270">Page should have contained text 'Password is required' but did not.</status>
</kw>
<msg time="2026-02-19T15:24:34.220813" level="INFO">${pass_missing} = False</msg>
<var>${pass_missing}</var>
<arg>Page Should Contain</arg>
<arg>Password is required</arg>
<doc>Runs the specified keyword and returns the status as a Boolean value.</doc>
<status status="PASS" start="2026-02-19T15:24:34.182493" elapsed="0.038320"/>
</kw>
<kw name="Run Keyword And Return Status" owner="BuiltIn">
<kw name="Page Should Contain" owner="SeleniumLibrary">
<msg time="2026-02-19T15:24:34.239504" level="FAIL">Page should have contained text 'Username is required' but did not.</msg>
<arg>Username is required</arg>
<doc>Verifies that current page contains ``text``.</doc>
<status status="FAIL" start="2026-02-19T15:24:34.220813" elapsed="0.018691">Page should have contained text 'Username is required' but did not.</status>
</kw>
<msg time="2026-02-19T15:24:34.240500" level="INFO">${user_missing} = False</msg>
<var>${user_missing}</var>
<arg>Page Should Contain</arg>
<arg>Username is required</arg>
<doc>Runs the specified keyword and returns the status as a Boolean value.</doc>
<status status="PASS" start="2026-02-19T15:24:34.220813" elapsed="0.019687"/>
</kw>
<kw name="Run Keyword And Return Status" owner="BuiltIn">
<kw name="Page Should Contain" owner="SeleniumLibrary">
<msg time="2026-02-19T15:24:34.253549" level="INFO">Current page contains text 'Username and password do not match'.</msg>
<arg>Username and password do not match</arg>
<doc>Verifies that current page contains ``text``.</doc>
<status status="PASS" start="2026-02-19T15:24:34.240500" elapsed="0.013049"/>
</kw>
<msg time="2026-02-19T15:24:34.253549" level="INFO">${invalid_match} = True</msg>
<var>${invalid_match}</var>
<arg>Page Should Contain</arg>
<arg>Username and password do not match</arg>
<doc>Runs the specified keyword and returns the status as a Boolean value.</doc>
<status status="PASS" start="2026-02-19T15:24:34.240500" elapsed="0.013049"/>
</kw>
<if>
<branch type="IF" condition="${pass_missing} or ${user_missing} or ${invalid_match}">
<kw name="Capture Page Screenshot" owner="SeleniumLibrary">
<msg time="2026-02-19T15:24:34.343466" level="INFO" html="true">&lt;/td&gt;&lt;/tr&gt;&lt;tr&gt;&lt;td colspan="3"&gt;&lt;a href="invalid_login_1.png"&gt;&lt;img src="invalid_login_1.png" width="800px"&gt;&lt;/a&gt;</msg>
<msg time="2026-02-19T15:24:34.343466" level="INFO">${path} = C:\Users\prase\OneDrive\Desktop\PythonProject\Ecommerce\robot-framework\reports\Chrome\Chrome_2026-02-19_Run2\invalid_login_1.png</msg>
<var>${path}</var>
<arg>invalid_login_${index + 1}.png</arg>
<doc>Takes a screenshot of the current page and embeds it into a log file.</doc>
<status status="PASS" start="2026-02-19T15:24:34.253549" elapsed="0.089917"/>
</kw>
<kw name="Log" owner="BuiltIn">
<msg time="2026-02-19T15:24:34.344471" level="INFO" html="true">&lt;img src="C:\Users\prase\OneDrive\Desktop\PythonProject\Ecommerce\robot-framework\reports\Chrome\Chrome_2026-02-19_Run2\invalid_login_1.png" width="600px"&gt;</msg>
<arg>&lt;img src="${path}" width="600px"&gt;</arg>
<arg>html=True</arg>
<doc>Logs the given message with the given level.</doc>
<status status="PASS" start="2026-02-19T15:24:34.344471" elapsed="0.000000"/>
</kw>
<kw name="Log" owner="BuiltIn">
<msg time="2026-02-19T15:24:34.345469" level="INFO">✅ Expected validation message displayed</msg>
<arg>✅ Expected validation message displayed</arg>
<doc>Logs the given message with the given level.</doc>
<status status="PASS" start="2026-02-19T15:24:34.344471" elapsed="0.000998"/>
</kw>
<status status="PASS" start="2026-02-19T15:24:34.253549" elapsed="0.091920"/>
</branch>
<branch type="ELSE">
<kw name="Fail" owner="BuiltIn">
<arg>Unexpected error message for dataset ${index + 1}</arg>
<doc>Fails the test with the given message and optionally alters its tags.</doc>
<status status="NOT RUN" start="2026-02-19T15:24:34.345469" elapsed="0.000000"/>
</kw>
<status status="NOT RUN" start="2026-02-19T15:24:34.345469" elapsed="0.000000"/>
</branch>
<status status="PASS" start="2026-02-19T15:24:34.253549" elapsed="0.091920"/>
</if>
<kw name="Go To" owner="SeleniumLibrary">
<msg time="2026-02-19T15:24:34.346996" level="INFO">Opening url 'https://www.saucedemo.com/'</msg>
<arg>${URL}</arg>
<doc>Navigates the current browser window to the provided ``url``.</doc>
<status status="PASS" start="2026-02-19T15:24:34.345469" elapsed="0.086891"/>
</kw>
<var name="${index}">0</var>
<var name="${row}">invalid_user,wrong_password</var>
<status status="PASS" start="2026-02-19T15:24:33.845307" elapsed="0.587053"/>
</iter>
<iter>
<kw name="Log" owner="BuiltIn">
<msg time="2026-02-19T15:24:34.434386" level="INFO">
===== Executing Invalid Login Dataset 2 =====</msg>
<arg>\n===== Executing Invalid Login Dataset ${index + 1} =====</arg>
<doc>Logs the given message with the given level.</doc>
<status status="PASS" start="2026-02-19T15:24:34.433396" elapsed="0.000990"/>
</kw>
<kw name="Split String" owner="String">
<msg time="2026-02-19T15:24:34.435382" level="INFO">${columns} = ['locked_out_user', '']</msg>
<var>${columns}</var>
<arg>${row}</arg>
<arg>,</arg>
<doc>Splits the ``string`` using ``separator`` as a delimiter string.</doc>
<status status="PASS" start="2026-02-19T15:24:34.435382" elapsed="0.000000"/>
</kw>
<kw name="Get From List" owner="Collections">
<msg time="2026-02-19T15:24:34.436906" level="INFO">${username} = locked_out_user</msg>
<var>${username}</var>
<arg>${columns}</arg>
<arg>0</arg>
<doc>Returns the value specified with an ``index`` from ``list``.</doc>
<status status="PASS" start="2026-02-19T15:24:34.435382" elapsed="0.001524"/>
</kw>
<kw name="Get From List" owner="Collections">
<msg time="2026-02-19T15:24:34.439976" level="INFO">${password} = </msg>
<var>${password}</var>
<arg>${columns}</arg>
<arg>1</arg>
<doc>Returns the value specified with an ``index`` from ``list``.</doc>
<status status="PASS" start="2026-02-19T15:24:34.438938" elapsed="0.001038"/>
</kw>
<kw name="Input Text" owner="SeleniumLibrary">
<msg time="2026-02-19T15:24:34.440969" level="INFO">Typing text 'locked_out_user' into text field 'id=user-name'.</msg>
<arg>id=user-name</arg>
<arg>${username}</arg>
<doc>Types the given ``text`` into the text field identified by ``locator``.</doc>
<status status="PASS" start="2026-02-19T15:24:34.439976" elapsed="0.095522"/>
</kw>
<kw name="Input Text" owner="SeleniumLibrary">
<msg time="2026-02-19T15:24:34.535498" level="INFO">Typing text '' into text field 'id=password'.</msg>
<arg>id=password</arg>
<arg>${password}</arg>
<doc>Types the given ``text`` into the text field identified by ``locator``.</doc>
<status status="PASS" start="2026-02-19T15:24:34.535498" elapsed="0.070693"/>
</kw>
<kw name="Click Button" owner="SeleniumLibrary">
<msg time="2026-02-19T15:24:34.606191" level="INFO">Clicking button 'id=login-button'.</msg>
<arg>id=login-button</arg>
<doc>Clicks the button identified by ``locator``.</doc>
<status status="PASS" start="2026-02-19T15:24:34.606191" elapsed="0.091951"/>
</kw>
<kw name="Wait Until Page Contains Element" owner="SeleniumLibrary">
<arg>css=h3[data-test="error"]</arg>
<arg>timeout=5s</arg>
<doc>Waits until the element ``locator`` appears on the current page.</doc>
<status status="PASS" start="2026-02-19T15:24:34.698142" elapsed="0.011687"/>
</kw>
<kw name="Run Keyword And Return Status" owner="BuiltIn">
<kw name="Page Should Contain" owner="SeleniumLibrary">
<msg time="2026-02-19T15:24:34.720615" level="INFO">Current page contains text 'Password is required'.</msg>
<arg>Password is required</arg>
<doc>Verifies that current page contains ``text``.</doc>
<status status="PASS" start="2026-02-19T15:24:34.710826" elapsed="0.009789"/>
</kw>
<msg time="2026-02-19T15:24:34.720615" level="INFO">${pass_missing} = True</msg>
<var>${pass_missing}</var>
<arg>Page Should Contain</arg>
<arg>Password is required</arg>
<doc>Runs the specified keyword and returns the status as a Boolean value.</doc>
<status status="PASS" start="2026-02-19T15:24:34.709829" elapsed="0.010786"/>
</kw>
<kw name="Run Keyword And Return Status" owner="BuiltIn">
<kw name="Page Should Contain" owner="SeleniumLibrary">
<msg time="2026-02-19T15:24:34.738952" level="FAIL">Page should have contained text 'Username is required' but did not.</msg>
<arg>Username is required</arg>
<doc>Verifies that current page contains ``text``.</doc>
<status status="FAIL" start="2026-02-19T15:24:34.722390" elapsed="0.016562">Page should have contained text 'Username is required' but did not.</status>
</kw>
<msg time="2026-02-19T15:24:34.738952" level="INFO">${user_missing} = False</msg>
<var>${user_missing}</var>
<arg>Page Should Contain</arg>
<arg>Username is required</arg>
<doc>Runs the specified keyword and returns the status as a Boolean value.</doc>
<status status="PASS" start="2026-02-19T15:24:34.722390" elapsed="0.016562"/>
</kw>
<kw name="Run Keyword And Return Status" owner="BuiltIn">
<kw name="Page Should Contain" owner="SeleniumLibrary">
<msg time="2026-02-19T15:24:34.757026" level="FAIL">Page should have contained text 'Username and password do not match' but did not.</msg>
<arg>Username and password do not match</arg>
<doc>Verifies that current page contains ``text``.</doc>
<status status="FAIL" start="2026-02-19T15:24:34.739954" elapsed="0.017072">Page should have contained text 'Username and password do not match' but did not.</status>
</kw>
<msg time="2026-02-19T15:24:34.757026" level="INFO">${invalid_match} = False</msg>
<var>${invalid_match}</var>
<arg>Page Should Contain</arg>
<arg>Username and password do not match</arg>
<doc>Runs the specified keyword and returns the status as a Boolean value.</doc>
<status status="PASS" start="2026-02-19T15:24:34.739954" elapsed="0.017072"/>
</kw>
<if>
<branch type="IF" condition="${pass_missing} or ${user_missing} or ${invalid_match}">
<kw name="Capture Page Screenshot" owner="SeleniumLibrary">
<msg time="2026-02-19T15:24:34.843172" level="INFO" html="true">&lt;/td&gt;&lt;/tr&gt;&lt;tr&gt;&lt;td colspan="3"&gt;&lt;a href="invalid_login_2.png"&gt;&lt;img src="invalid_login_2.png" width="800px"&gt;&lt;/a&gt;</msg>
<msg time="2026-02-19T15:24:34.843172" level="INFO">${path} = C:\Users\prase\OneDrive\Desktop\PythonProject\Ecommerce\robot-framework\reports\Chrome\Chrome_2026-02-19_Run2\invalid_login_2.png</msg>
<var>${path}</var>
<arg>invalid_login_${index + 1}.png</arg>
<doc>Takes a screenshot of the current page and embeds it into a log file.</doc>
<status status="PASS" start="2026-02-19T15:24:34.758031" elapsed="0.085141"/>
</kw>
<kw name="Log" owner="BuiltIn">
<msg time="2026-02-19T15:24:34.844175" level="INFO" html="true">&lt;img src="C:\Users\prase\OneDrive\Desktop\PythonProject\Ecommerce\robot-framework\reports\Chrome\Chrome_2026-02-19_Run2\invalid_login_2.png" width="600px"&gt;</msg>
<arg>&lt;img src="${path}" width="600px"&gt;</arg>
<arg>html=True</arg>
<doc>Logs the given message with the given level.</doc>
<status status="PASS" start="2026-02-19T15:24:34.843172" elapsed="0.001003"/>
</kw>
<kw name="Log" owner="BuiltIn">
<msg time="2026-02-19T15:24:34.844175" level="INFO">✅ Expected validation message displayed</msg>
<arg>✅ Expected validation message displayed</arg>
<doc>Logs the given message with the given level.</doc>
<status status="PASS" start="2026-02-19T15:24:34.844175" elapsed="0.000000"/>
</kw>
<status status="PASS" start="2026-02-19T15:24:34.757026" elapsed="0.087149"/>
</branch>
<branch type="ELSE">
<kw name="Fail" owner="BuiltIn">
<arg>Unexpected error message for dataset ${index + 1}</arg>
<doc>Fails the test with the given message and optionally alters its tags.</doc>
<status status="NOT RUN" start="2026-02-19T15:24:34.844175" elapsed="0.000000"/>
</kw>
<status status="NOT RUN" start="2026-02-19T15:24:34.844175" elapsed="0.000000"/>
</branch>
<status status="PASS" start="2026-02-19T15:24:34.757026" elapsed="0.087149"/>
</if>
<kw name="Go To" owner="SeleniumLibrary">
<msg time="2026-02-19T15:24:34.845179" level="INFO">Opening url 'https://www.saucedemo.com/'</msg>
<arg>${URL}</arg>
<doc>Navigates the current browser window to the provided ``url``.</doc>
<status status="PASS" start="2026-02-19T15:24:34.845179" elapsed="0.030257"/>
</kw>
<var name="${index}">1</var>
<var name="${row}">locked_out_user,</var>
<status status="PASS" start="2026-02-19T15:24:34.432360" elapsed="0.443076"/>
</iter>
<iter>
<kw name="Log" owner="BuiltIn">
<msg time="2026-02-19T15:24:34.875436" level="INFO">
===== Executing Invalid Login Dataset 3 =====</msg>
<arg>\n===== Executing Invalid Login Dataset ${index + 1} =====</arg>
<doc>Logs the given message with the given level.</doc>
<status status="PASS" start="2026-02-19T15:24:34.875436" elapsed="0.000000"/>
</kw>
<kw name="Split String" owner="String">
<msg time="2026-02-19T15:24:34.876943" level="INFO">${columns} = ['', 'wrong_password']</msg>
<var>${columns}</var>
<arg>${row}</arg>
<arg>,</arg>
<doc>Splits the ``string`` using ``separator`` as a delimiter string.</doc>
<status status="PASS" start="2026-02-19T15:24:34.875436" elapsed="0.001507"/>
</kw>
<kw name="Get From List" owner="Collections">
<msg time="2026-02-19T15:24:34.876943" level="INFO">${username} = </msg>
<var>${username}</var>
<arg>${columns}</arg>
<arg>0</arg>
<doc>Returns the value specified with an ``index`` from ``list``.</doc>
<status status="PASS" start="2026-02-19T15:24:34.876943" elapsed="0.000000"/>
</kw>
<kw name="Get From List" owner="Collections">
<msg time="2026-02-19T15:24:34.877948" level="INFO">${password} = wrong_password</msg>
<var>${password}</var>
<arg>${columns}</arg>
<arg>1</arg>
<doc>Returns the value specified with an ``index`` from ``list``.</doc>
<status status="PASS" start="2026-02-19T15:24:34.876943" elapsed="0.001005"/>
</kw>
<kw name="Input Text" owner="SeleniumLibrary">
<msg time="2026-02-19T15:24:34.878962" level="INFO">Typing text '' into text field 'id=user-name'.</msg>
<arg>id=user-name</arg>
<arg>${username}</arg>
<doc>Types the given ``text`` into the text field identified by ``locator``.</doc>
<status status="PASS" start="2026-02-19T15:24:34.878962" elapsed="0.106149"/>
</kw>
<kw name="Input Text" owner="SeleniumLibrary">
<msg time="2026-02-19T15:24:34.986113" level="INFO">Typing text 'wrong_password' into text field 'id=password'.</msg>
<arg>id=password</arg>
<arg>${password}</arg>
<doc>Types the given ``text`` into the text field identified by ``locator``.</doc>
<status status="PASS" start="2026-02-19T15:24:34.986113" elapsed="0.071855"/>
</kw>
<kw name="Click Button" owner="SeleniumLibrary">
<msg time="2026-02-19T15:24:35.057968" level="INFO">Clicking button 'id=login-button'.</msg>
<arg>id=login-button</arg>
<doc>Clicks the button identified by ``locator``.</doc>
<status status="PASS" start="2026-02-19T15:24:35.057968" elapsed="0.060046"/>
</kw>
<kw name="Wait Until Page Contains Element" owner="SeleniumLibrary">
<arg>css=h3[data-test="error"]</arg>
<arg>timeout=5s</arg>
<doc>Waits until the element ``locator`` appears on the current page.</doc>
<status status="PASS" start="2026-02-19T15:24:35.118014" elapsed="0.007564"/>
</kw>
<kw name="Run Keyword And Return Status" owner="BuiltIn">
<kw name="Page Should Contain" owner="SeleniumLibrary">
<msg time="2026-02-19T15:24:35.143271" level="FAIL">Page should have contained text 'Password is required' but did not.</msg>
<arg>Password is required</arg>
<doc>Verifies that current page contains ``text``.</doc>
<status status="FAIL" start="2026-02-19T15:24:35.125578" elapsed="0.018693">Page should have contained text 'Password is required' but did not.</status>
</kw>
<msg time="2026-02-19T15:24:35.144271" level="INFO">${pass_missing} = False</msg>
<var>${pass_missing}</var>
<arg>Page Should Contain</arg>
<arg>Password is required</arg>
<doc>Runs the specified keyword and returns the status as a Boolean value.</doc>
<status status="PASS" start="2026-02-19T15:24:35.125578" elapsed="0.018693"/>
</kw>
<kw name="Run Keyword And Return Status" owner="BuiltIn">
<kw name="Page Should Contain" owner="SeleniumLibrary">
<msg time="2026-02-19T15:24:35.154328" level="INFO">Current page contains text 'Username is required'.</msg>
<arg>Username is required</arg>
<doc>Verifies that current page contains ``text``.</doc>
<status status="PASS" start="2026-02-19T15:24:35.144271" elapsed="0.010057"/>
</kw>
<msg time="2026-02-19T15:24:35.154328" level="INFO">${user_missing} = True</msg>
<var>${user_missing}</var>
<arg>Page Should Contain</arg>
<arg>Username is required</arg>
<doc>Runs the specified keyword and returns the status as a Boolean value.</doc>
<status status="PASS" start="2026-02-19T15:24:35.144271" elapsed="0.010057"/>
</kw>
<kw name="Run Keyword And Return Status" owner="BuiltIn">
<kw name="Page Should Contain" owner="SeleniumLibrary">
<msg time="2026-02-19T15:24:35.195398" level="FAIL">Page should have contained text 'Username and password do not match' but did not.</msg>
<arg>Username and password do not match</arg>
<doc>Verifies that current page contains ``text``.</doc>
<status status="FAIL" start="2026-02-19T15:24:35.155326" elapsed="0.041601">Page should have contained text 'Username and password do not match' but did not.</status>
</kw>
<msg time="2026-02-19T15:24:35.197950" level="INFO">${invalid_match} = False</msg>
<var>${invalid_match}</var>
<arg>Page Should Contain</arg>
<arg>Username and password do not match</arg>
<doc>Runs the specified keyword and returns the status as a Boolean value.</doc>
<status status="PASS" start="2026-02-19T15:24:35.154328" elapsed="0.043622"/>
</kw>
<if>
<branch type="IF" condition="${pass_missing} or ${user_missing} or ${invalid_match}">
<kw name="Capture Page Screenshot" owner="SeleniumLibrary">
<msg time="2026-02-19T15:24:35.282159" level="INFO" html="true">&lt;/td&gt;&lt;/tr&gt;&lt;tr&gt;&lt;td colspan="3"&gt;&lt;a href="invalid_login_3.png"&gt;&lt;img src="invalid_login_3.png" width="800px"&gt;&lt;/a&gt;</msg>
<msg time="2026-02-19T15:24:35.282159" level="INFO">${path} = C:\Users\prase\OneDrive\Desktop\PythonProject\Ecommerce\robot-framework\reports\Chrome\Chrome_2026-02-19_Run2\invalid_login_3.png</msg>
<var>${path}</var>
<arg>invalid_login_${index + 1}.png</arg>
<doc>Takes a screenshot of the current page and embeds it into a log file.</doc>
<status status="PASS" start="2026-02-19T15:24:35.198959" elapsed="0.083200"/>
</kw>
<kw name="Log" owner="BuiltIn">
<msg time="2026-02-19T15:24:35.283158" level="INFO" html="true">&lt;img src="C:\Users\prase\OneDrive\Desktop\PythonProject\Ecommerce\robot-framework\reports\Chrome\Chrome_2026-02-19_Run2\invalid_login_3.png" width="600px"&gt;</msg>
<arg>&lt;img src="${path}" width="600px"&gt;</arg>
<arg>html=True</arg>
<doc>Logs the given message with the given level.</doc>
<status status="PASS" start="2026-02-19T15:24:35.282159" elapsed="0.000999"/>
</kw>
<kw name="Log" owner="BuiltIn">
<msg time="2026-02-19T15:24:35.283158" level="INFO">✅ Expected validation message displayed</msg>
<arg>✅ Expected validation message displayed</arg>
<doc>Logs the given message with the given level.</doc>
<status status="PASS" start="2026-02-19T15:24:35.283158" elapsed="0.000000"/>
</kw>
<status status="PASS" start="2026-02-19T15:24:35.197950" elapsed="0.085208"/>
</branch>
<branch type="ELSE">
<kw name="Fail" owner="BuiltIn">
<arg>Unexpected error message for dataset ${index + 1}</arg>
<doc>Fails the test with the given message and optionally alters its tags.</doc>
<status status="NOT RUN" start="2026-02-19T15:24:35.283158" elapsed="0.000000"/>
</kw>
<status status="NOT RUN" start="2026-02-19T15:24:35.283158" elapsed="0.000000"/>
</branch>
<status status="PASS" start="2026-02-19T15:24:35.197950" elapsed="0.085208"/>
</if>
<kw name="Go To" owner="SeleniumLibrary">
<msg time="2026-02-19T15:24:35.283158" level="INFO">Opening url 'https://www.saucedemo.com/'</msg>
<arg>${URL}</arg>
<doc>Navigates the current browser window to the provided ``url``.</doc>
<status status="PASS" start="2026-02-19T15:24:35.283158" elapsed="0.034984"/>
</kw>
<var name="${index}">2</var>
<var name="${row}">,wrong_password</var>
<status status="PASS" start="2026-02-19T15:24:34.875436" elapsed="0.443709"/>
</iter>
<var>${index}</var>
<var>${row}</var>
<value>@{data}</value>
<status status="PASS" start="2026-02-19T15:24:33.844313" elapsed="1.474832"/>
</for>
<status status="PASS" start="2026-02-19T15:24:33.840286" elapsed="1.478859"/>
</test>
<kw name="Close Website" owner="ecommerce_keywords" type="TEARDOWN">
<kw name="Sleep" owner="BuiltIn">
<msg time="2026-02-19T15:24:36.022466" level="INFO">Slept 700 milliseconds.</msg>
<arg>${DELAY}</arg>
<doc>Pauses the test executed for the given time.</doc>
<status status="PASS" start="2026-02-19T15:24:35.321145" elapsed="0.701321"/>
</kw>
<kw name="Close Browser" owner="SeleniumLibrary">
<doc>Closes the current browser.</doc>
<status status="PASS" start="2026-02-19T15:24:36.022466" elapsed="2.334819"/>
</kw>
<status status="PASS" start="2026-02-19T15:24:35.321145" elapsed="3.036140"/>
</kw>
<status status="PASS" start="2026-02-19T15:24:30.305056" elapsed="8.052229"/>
</suite>
<suite id="s1-s2" name="01 Login" source="C:\Users\prase\OneDrive\Desktop\PythonProject\Ecommerce\robot-framework\tests\01_login.robot">
<kw name="Open Website" owner="ecommerce_keywords" type="SETUP">
<if>
<branch type="IF" condition="'${BROWSER}' == 'Chrome'">
<kw name="Evaluate" owner="BuiltIn">
<msg time="2026-02-19T15:24:38.383258" level="INFO">${options} = &lt;selenium.webdriver.chrome.options.Options object at 0x000001CDD95073E0&gt;</msg>
<var>${options}</var>
<arg>sys.modules['selenium.webdriver'].ChromeOptions()</arg>
<arg>sys, selenium.webdriver</arg>
<doc>Evaluates the given expression in Python and returns the result.</doc>
<status status="PASS" start="2026-02-19T15:24:38.382244" elapsed="0.001014"/>
</kw>
<kw name="Evaluate" owner="BuiltIn">
<msg time="2026-02-19T15:24:38.384263" level="INFO">${temp_dir} = C:\Users\prase\AppData\Local\Temp\tmp88kcj70z</msg>
<var>${temp_dir}</var>
<arg>__import__('tempfile').mkdtemp()</arg>
<doc>Evaluates the given expression in Python and returns the result.</doc>
<status status="PASS" start="2026-02-19T15:24:38.383258" elapsed="0.001005"/>
</kw>
<kw name="Create Dictionary" owner="BuiltIn">
<msg time="2026-02-19T15:24:38.384263" level="INFO">${prefs} = {'credentials_enable_service': 'False', 'profile.password_manager_enabled': 'False', 'profile.default_content_setting_values.notifications': '2'}</msg>
<var>${prefs}</var>
<arg>credentials_enable_service=False</arg>
<arg>profile.password_manager_enabled=False</arg>
<arg>profile.default_content_setting_values.notifications=2</arg>
<doc>Creates and returns a dictionary based on the given ``items``.</doc>
<status status="PASS" start="2026-02-19T15:24:38.384263" elapsed="0.000000"/>
</kw>
<kw name="Call Method" owner="BuiltIn">
<arg>${options}</arg>
<arg>add_experimental_option</arg>
<arg>prefs</arg>
<arg>${prefs}</arg>
<doc>Calls the named method of the given object with the provided arguments.</doc>
<status status="PASS" start="2026-02-19T15:24:38.384263" elapsed="0.001000"/>
</kw>
<kw name="Set Variable" owner="BuiltIn">
<msg time="2026-02-19T15:24:38.385263" level="INFO">${incognito} = --incognito</msg>
<var>${incognito}</var>
<arg>--incognito</arg>
<doc>Returns the given values which can then be assigned to a variables.</doc>
<status status="PASS" start="2026-02-19T15:24:38.385263" elapsed="0.000000"/>
</kw>
<kw name="Set Variable" owner="BuiltIn">
<msg time="2026-02-19T15:24:38.385263" level="INFO">${disable_pw} = --disable-features=PasswordLeakDetection</msg>
<var>${disable_pw}</var>
<arg>--disable-features=PasswordLeakDetection</arg>
<doc>Returns the given values which can then be assigned to a variables.</doc>
<status status="PASS" start="2026-02-19T15:24:38.385263" elapsed="0.000000"/>
</kw>
<kw name="Set Variable" owner="BuiltIn">
<msg time="2026-02-19T15:24:38.386263" level="INFO">${disable_notify} = --disable-notifications</msg>
<var>${disable_notify}</var>
<arg>--disable-notifications</arg>
<doc>Returns the given values which can then be assigned to a variables.</doc>
<status status="PASS" start="2026-02-19T15:24:38.385263" elapsed="0.001000"/>
</kw>
<kw name="Set Variable" owner="BuiltIn">
<msg time="2026-02-19T15:24:38.386263" level="INFO">${no_first} = --no-first-run</msg>
<var>${no_first}</var>
<arg>--no-first-run</arg>
<doc>Returns the given values which can then be assigned to a variables.</doc>
<status status="PASS" start="2026-02-19T15:24:38.386263" elapsed="0.000000"/>
</kw>
<kw name="Set Variable" owner="BuiltIn">
<msg time="2026-02-19T15:24:38.386263" level="INFO">${no_default} = --no-default-browser-check</msg>
<var>${no_default}</var>
<arg>--no-default-browser-check</arg>
<doc>Returns the given values which can then be assigned to a variables.</doc>
<status status="PASS" start="2026-02-19T15:24:38.386263" elapsed="0.000000"/>
</kw>
<kw name="Set Variable" owner="BuiltIn">
<msg time="2026-02-19T15:24:38.386263" level="INFO">${maximize} = --start-maximized</msg>
<var>${maximize}</var>
<arg>--start-maximized</arg>
<doc>Returns the given values which can then be assigned to a variables.</doc>
<status status="PASS" start="2026-02-19T15:24:38.386263" elapsed="0.000000"/>
</kw>
<kw name="Set Variable" owner="BuiltIn">
<msg time="2026-02-19T15:24:38.387264" level="INFO">${profile} = --user-data-dir=C:\Users\prase\AppData\Local\Temp\tmp88kcj70z</msg>
<var>${profile}</var>
<arg>--user-data-dir=${temp_dir}</arg>
<doc>Returns the given values which can then be assigned to a variables.</doc>
<status status="PASS" start="2026-02-19T15:24:38.386263" elapsed="0.001001"/>
</kw>
<kw name="Call Method" owner="BuiltIn">
<arg>${options}</arg>
<arg>add_argument</arg>
<arg>${incognito}</arg>
<doc>Calls the named method of the given object with the provided arguments.</doc>
<status status="PASS" start="2026-02-19T15:24:38.387264" elapsed="0.000510"/>
</kw>
<kw name="Call Method" owner="BuiltIn">
<arg>${options}</arg>
<arg>add_argument</arg>
<arg>${disable_pw}</arg>
<doc>Calls the named method of the given object with the provided arguments.</doc>
<status status="PASS" start="2026-02-19T15:24:38.387774" elapsed="0.000000"/>
</kw>
<kw name="Call Method" owner="BuiltIn">
<arg>${options}</arg>
<arg>add_argument</arg>
<arg>${disable_notify}</arg>
<doc>Calls the named method of the given object with the provided arguments.</doc>
<status status="PASS" start="2026-02-19T15:24:38.387774" elapsed="0.000000"/>
</kw>
<kw name="Call Method" owner="BuiltIn">
<arg>${options}</arg>
<arg>add_argument</arg>
<arg>${no_first}</arg>
<doc>Calls the named method of the given object with the provided arguments.</doc>
<status status="PASS" start="2026-02-19T15:24:38.387774" elapsed="0.000000"/>
</kw>
<kw name="Call Method" owner="BuiltIn">
<arg>${options}</arg>
<arg>add_argument</arg>
<arg>${no_default}</arg>
<doc>Calls the named method of the given object with the provided arguments.</doc>
<status status="PASS" start="2026-02-19T15:24:38.387774" elapsed="0.001016"/>
</kw>
<kw name="Call Method" owner="BuiltIn">
<arg>${options}</arg>
<arg>add_argument</arg>
<arg>${maximize}</arg>
<doc>Calls the named method of the given object with the provided arguments.</doc>
<status status="PASS" start="2026-02-19T15:24:38.388790" elapsed="0.000000"/>
</kw>
<kw name="Call Method" owner="BuiltIn">
<arg>${options}</arg>
<arg>add_argument</arg>
<arg>${profile}</arg>
<doc>Calls the named method of the given object with the provided arguments.</doc>
<status status="PASS" start="2026-02-19T15:24:38.388790" elapsed="0.000000"/>
</kw>
<kw name="Create Webdriver" owner="SeleniumLibrary">
<msg time="2026-02-19T15:24:38.388790" level="INFO">Creating an instance of the Chrome WebDriver.</msg>
<arg>Chrome</arg>
<arg>options=${options}</arg>
<doc>Creates an instance of Selenium WebDriver.</doc>
<status status="PASS" start="2026-02-19T15:24:38.388790" elapsed="1.400400"/>
</kw>
<kw name="Go To" owner="SeleniumLibrary">
<msg time="2026-02-19T15:24:39.789190" level="INFO">Opening url 'https://www.saucedemo.com/'</msg>
<arg>${URL}</arg>
<doc>Navigates the current browser window to the provided ``url``.</doc>
<status status="PASS" start="2026-02-19T15:24:39.789190" elapsed="0.696529"/>
</kw>
<status status="PASS" start="2026-02-19T15:24:38.382244" elapsed="2.103475"/>
</branch>
<branch type="ELSE IF" condition="'${BROWSER}' == 'Edge'">
<kw name="Open Browser" owner="SeleniumLibrary">
<arg>${URL}</arg>
<arg>Edge</arg>
<doc>Opens a new browser instance to the optional ``url``.</doc>
<status status="NOT RUN" start="2026-02-19T15:24:40.485719" elapsed="0.000000"/>
</kw>
<kw name="Maximize Browser Window" owner="SeleniumLibrary">
<doc>Maximizes current browser window.</doc>
<status status="NOT RUN" start="2026-02-19T15:24:40.487238" elapsed="0.000000"/>
</kw>
<status status="NOT RUN" start="2026-02-19T15:24:40.485719" elapsed="0.001519"/>
</branch>
<branch type="ELSE IF" condition="'${BROWSER}' == 'Firefox'">
<kw name="Evaluate" owner="BuiltIn">
<var>${ff_options}</var>
<arg>sys.modules['selenium.webdriver'].FirefoxOptions()</arg>
<arg>sys, selenium.webdriver</arg>
<doc>Evaluates the given expression in Python and returns the result.</doc>
<status status="NOT RUN" start="2026-02-19T15:24:40.487238" elapsed="0.000000"/>
</kw>
<kw name="Call Method" owner="BuiltIn">
<arg>${ff_options}</arg>
<arg>add_argument</arg>
<arg>-private</arg>
<doc>Calls the named method of the given object with the provided arguments.</doc>
<status status="NOT RUN" start="2026-02-19T15:24:40.487238" elapsed="0.000000"/>
</kw>
<kw name="Create Webdriver" owner="SeleniumLibrary">
<arg>Firefox</arg>
<arg>options=${ff_options}</arg>
<doc>Creates an instance of Selenium WebDriver.</doc>
<status status="NOT RUN" start="2026-02-19T15:24:40.487238" elapsed="0.000000"/>
</kw>
<kw name="Go To" owner="SeleniumLibrary">
<arg>${URL}</arg>
<doc>Navigates the current browser window to the provided ``url``.</doc>
<status status="NOT RUN" start="2026-02-19T15:24:40.487238" elapsed="0.000000"/>
</kw>
<status status="NOT RUN" start="2026-02-19T15:24:40.487238" elapsed="0.000000"/>
</branch>
<status status="PASS" start="2026-02-19T15:24:38.382244" elapsed="2.104994"/>
</if>
<kw name="Wait Until Element Is Visible" owner="SeleniumLibrary">
<arg>id=user-name</arg>
<arg>timeout=10s</arg>
<doc>Waits until the element ``locator`` is visible.</doc>
<status status="PASS" start="2026-02-19T15:24:40.487238" elapsed="0.068626"/>
</kw>
<kw name="Sleep" owner="BuiltIn">
<msg time="2026-02-19T15:24:41.257946" level="INFO">Slept 700 milliseconds.</msg>
<arg>${DELAY}</arg>
<doc>Pauses the test executed for the given time.</doc>
<status status="PASS" start="2026-02-19T15:24:40.555864" elapsed="0.702082"/>
</kw>
<status status="PASS" start="2026-02-19T15:24:38.382244" elapsed="2.875702"/>
</kw>
<test id="s1-s2-t1" name="User Login Successful" line="7">
<kw name="Login To Application" owner="ecommerce_keywords">
<kw name="Input Text" owner="SeleniumLibrary">
<msg time="2026-02-19T15:24:41.258953" level="INFO">Typing text 'standard_user' into text field 'id=user-name'.</msg>
<arg>id=user-name</arg>
<arg>${USERNAME}</arg>
<doc>Types the given ``text`` into the text field identified by ``locator``.</doc>
<status status="PASS" start="2026-02-19T15:24:41.258953" elapsed="0.139333"/>
</kw>
<kw name="Sleep" owner="BuiltIn">
<msg time="2026-02-19T15:24:42.098604" level="INFO">Slept 700 milliseconds.</msg>
<arg>${DELAY}</arg>
<doc>Pauses the test executed for the given time.</doc>
<status status="PASS" start="2026-02-19T15:24:41.398286" elapsed="0.700841"/>
</kw>
<kw name="Input Text" owner="SeleniumLibrary">
<msg time="2026-02-19T15:24:42.100166" level="INFO">Typing text 'secret_sauce' into text field 'id=password'.</msg>
<arg>id=password</arg>
<arg>${PASSWORD}</arg>
<doc>Types the given ``text`` into the text field identified by ``locator``.</doc>
<status status="PASS" start="2026-02-19T15:24:42.099127" elapsed="0.109354"/>
</kw>
<kw name="Sleep" owner="BuiltIn">
<msg time="2026-02-19T15:24:42.909791" level="INFO">Slept 700 milliseconds.</msg>
<arg>${DELAY}</arg>
<doc>Pauses the test executed for the given time.</doc>
<status status="PASS" start="2026-02-19T15:24:42.208481" elapsed="0.701310"/>
</kw>
<kw name="Click Button" owner="SeleniumLibrary">
<msg time="2026-02-19T15:24:42.910307" level="INFO">Clicking button 'id=login-button'.</msg>
<arg>id=login-button</arg>
<doc>Clicks the button identified by ``locator``.</doc>
<status status="PASS" start="2026-02-19T15:24:42.910307" elapsed="0.112591"/>
</kw>
<kw name="Wait Until Page Contains Element" owner="SeleniumLibrary">
<arg>css=.inventory_list</arg>
<doc>Waits until the element ``locator`` appears on the current page.</doc>
<status status="PASS" start="2026-02-19T15:24:43.022898" elapsed="0.012572"/>
</kw>
<kw name="Sleep" owner="BuiltIn">
<msg time="2026-02-19T15:24:43.735626" level="INFO">Slept 700 milliseconds.</msg>
<arg>${DELAY}</arg>
<doc>Pauses the test executed for the given time.</doc>
<status status="PASS" start="2026-02-19T15:24:43.035470" elapsed="0.700156"/>
</kw>
<status status="PASS" start="2026-02-19T15:24:41.258953" elapsed="2.476673"/>
</kw>
<kw name="Location Should Contain" owner="SeleniumLibrary">
<msg time="2026-02-19T15:24:43.742857" level="INFO">Current location contains 'inventory'.</msg>
<arg>inventory</arg>
<doc>Verifies that the current URL contains ``expected``.</doc>
<status status="PASS" start="2026-02-19T15:24:43.735626" elapsed="0.007231"/>
</kw>
<status status="PASS" start="2026-02-19T15:24:41.257946" elapsed="2.485923"/>
</test>
<kw name="Close Website" owner="ecommerce_keywords" type="TEARDOWN">
<kw name="Sleep" owner="BuiltIn">
<msg time="2026-02-19T15:24:44.445348" level="INFO">Slept 700 milliseconds.</msg>
<arg>${DELAY}</arg>
<doc>Pauses the test executed for the given time.</doc>
<status status="PASS" start="2026-02-19T15:24:43.744849" elapsed="0.700499"/>
</kw>
<kw name="Close Browser" owner="SeleniumLibrary">
<doc>Closes the current browser.</doc>
<status status="PASS" start="2026-02-19T15:24:44.445348" elapsed="2.316305"/>
</kw>
<status status="PASS" start="2026-02-19T15:24:43.744849" elapsed="3.016804"/>
</kw>
<status status="PASS" start="2026-02-19T15:24:38.358783" elapsed="8.402870"/>
</suite>
<suite id="s1-s3" name="02 Product" source="C:\Users\prase\OneDrive\Desktop\PythonProject\Ecommerce\robot-framework\tests\02_product.robot">
<kw name="Open Website" owner="ecommerce_keywords" type="SETUP">
<if>
<branch type="IF" condition="'${BROWSER}' == 'Chrome'">
<kw name="Evaluate" owner="BuiltIn">
<msg time="2026-02-19T15:24:46.769058" level="INFO">${options} = &lt;selenium.webdriver.chrome.options.Options object at 0x000001CDD8F17530&gt;</msg>
<var>${options}</var>
<arg>sys.modules['selenium.webdriver'].ChromeOptions()</arg>
<arg>sys, selenium.webdriver</arg>
<doc>Evaluates the given expression in Python and returns the result.</doc>
<status status="PASS" start="2026-02-19T15:24:46.768038" elapsed="0.001020"/>
</kw>
<kw name="Evaluate" owner="BuiltIn">
<msg time="2026-02-19T15:24:46.770073" level="INFO">${temp_dir} = C:\Users\prase\AppData\Local\Temp\tmpqfgr7t_r</msg>
<var>${temp_dir}</var>
<arg>__import__('tempfile').mkdtemp()</arg>
<doc>Evaluates the given expression in Python and returns the result.</doc>
<status status="PASS" start="2026-02-19T15:24:46.769058" elapsed="0.001015"/>
</kw>
<kw name="Create Dictionary" owner="BuiltIn">
<msg time="2026-02-19T15:24:46.771071" level="INFO">${prefs} = {'credentials_enable_service': 'False', 'profile.password_manager_enabled': 'False', 'profile.default_content_setting_values.notifications': '2'}</msg>
<var>${prefs}</var>
<arg>credentials_enable_service=False</arg>
<arg>profile.password_manager_enabled=False</arg>
<arg>profile.default_content_setting_values.notifications=2</arg>
<doc>Creates and returns a dictionary based on the given ``items``.</doc>
<status status="PASS" start="2026-02-19T15:24:46.770073" elapsed="0.000998"/>
</kw>
<kw name="Call Method" owner="BuiltIn">
<arg>${options}</arg>
<arg>add_experimental_option</arg>
<arg>prefs</arg>
<arg>${prefs}</arg>
<doc>Calls the named method of the given object with the provided arguments.</doc>
<status status="PASS" start="2026-02-19T15:24:46.771071" elapsed="0.000000"/>
</kw>
<kw name="Set Variable" owner="BuiltIn">
<msg time="2026-02-19T15:24:46.771071" level="INFO">${incognito} = --incognito</msg>
<var>${incognito}</var>
<arg>--incognito</arg>
<doc>Returns the given values which can then be assigned to a variables.</doc>
<status status="PASS" start="2026-02-19T15:24:46.771071" elapsed="0.000000"/>
</kw>
<kw name="Set Variable" owner="BuiltIn">
<msg time="2026-02-19T15:24:46.771071" level="INFO">${disable_pw} = --disable-features=PasswordLeakDetection</msg>
<var>${disable_pw}</var>
<arg>--disable-features=PasswordLeakDetection</arg>
<doc>Returns the given values which can then be assigned to a variables.</doc>
<status status="PASS" start="2026-02-19T15:24:46.771071" elapsed="0.000000"/>
</kw>
<kw name="Set Variable" owner="BuiltIn">
<msg time="2026-02-19T15:24:46.771071" level="INFO">${disable_notify} = --disable-notifications</msg>
<var>${disable_notify}</var>
<arg>--disable-notifications</arg>
<doc>Returns the given values which can then be assigned to a variables.</doc>
<status status="PASS" start="2026-02-19T15:24:46.771071" elapsed="0.001517"/>
</kw>
<kw name="Set Variable" owner="BuiltIn">
<msg time="2026-02-19T15:24:46.772588" level="INFO">${no_first} = --no-first-run</msg>
<var>${no_first}</var>
<arg>--no-first-run</arg>
<doc>Returns the given values which can then be assigned to a variables.</doc>
<status status="PASS" start="2026-02-19T15:24:46.772588" elapsed="0.000000"/>
</kw>
<kw name="Set Variable" owner="BuiltIn">
<msg time="2026-02-19T15:24:46.772588" level="INFO">${no_default} = --no-default-browser-check</msg>
<var>${no_default}</var>
<arg>--no-default-browser-check</arg>
<doc>Returns the given values which can then be assigned to a variables.</doc>
<status status="PASS" start="2026-02-19T15:24:46.772588" elapsed="0.000000"/>
</kw>
<kw name="Set Variable" owner="BuiltIn">
<msg time="2026-02-19T15:24:46.772588" level="INFO">${maximize} = --start-maximized</msg>
<var>${maximize}</var>
<arg>--start-maximized</arg>
<doc>Returns the given values which can then be assigned to a variables.</doc>
<status status="PASS" start="2026-02-19T15:24:46.772588" elapsed="0.000000"/>
</kw>
<kw name="Set Variable" owner="BuiltIn">
<msg time="2026-02-19T15:24:46.773607" level="INFO">${profile} = --user-data-dir=C:\Users\prase\AppData\Local\Temp\tmpqfgr7t_r</msg>
<var>${profile}</var>
<arg>--user-data-dir=${temp_dir}</arg>
<doc>Returns the given values which can then be assigned to a variables.</doc>
<status status="PASS" start="2026-02-19T15:24:46.773607" elapsed="0.000000"/>
</kw>
<kw name="Call Method" owner="BuiltIn">
<arg>${options}</arg>
<arg>add_argument</arg>
<arg>${incognito}</arg>
<doc>Calls the named method of the given object with the provided arguments.</doc>
<status status="PASS" start="2026-02-19T15:24:46.773607" elapsed="0.000000"/>
</kw>
<kw name="Call Method" owner="BuiltIn">
<arg>${options}</arg>
<arg>add_argument</arg>
<arg>${disable_pw}</arg>
<doc>Calls the named method of the given object with the provided arguments.</doc>
<status status="PASS" start="2026-02-19T15:24:46.773607" elapsed="0.000000"/>
</kw>
<kw name="Call Method" owner="BuiltIn">
<arg>${options}</arg>
<arg>add_argument</arg>
<arg>${disable_notify}</arg>
<doc>Calls the named method of the given object with the provided arguments.</doc>
<status status="PASS" start="2026-02-19T15:24:46.773607" elapsed="0.000994"/>
</kw>
<kw name="Call Method" owner="BuiltIn">
<arg>${options}</arg>
<arg>add_argument</arg>
<arg>${no_first}</arg>
<doc>Calls the named method of the given object with the provided arguments.</doc>
<status status="PASS" start="2026-02-19T15:24:46.774601" elapsed="0.000000"/>
</kw>
<kw name="Call Method" owner="BuiltIn">
<arg>${options}</arg>
<arg>add_argument</arg>
<arg>${no_default}</arg>
<doc>Calls the named method of the given object with the provided arguments.</doc>
<status status="PASS" start="2026-02-19T15:24:46.774601" elapsed="0.000000"/>
</kw>
<kw name="Call Method" owner="BuiltIn">
<arg>${options}</arg>
<arg>add_argument</arg>
<arg>${maximize}</arg>
<doc>Calls the named method of the given object with the provided arguments.</doc>
<status status="PASS" start="2026-02-19T15:24:46.774601" elapsed="0.000000"/>
</kw>
<kw name="Call Method" owner="BuiltIn">
<arg>${options}</arg>
<arg>add_argument</arg>
<arg>${profile}</arg>
<doc>Calls the named method of the given object with the provided arguments.</doc>
<status status="PASS" start="2026-02-19T15:24:46.774601" elapsed="0.000999"/>
</kw>
<kw name="Create Webdriver" owner="SeleniumLibrary">
<msg time="2026-02-19T15:24:46.775600" level="INFO">Creating an instance of the Chrome WebDriver.</msg>
<arg>Chrome</arg>
<arg>options=${options}</arg>
<doc>Creates an instance of Selenium WebDriver.</doc>
<status status="PASS" start="2026-02-19T15:24:46.775600" elapsed="1.282708"/>
</kw>
<kw name="Go To" owner="SeleniumLibrary">
<msg time="2026-02-19T15:24:48.059313" level="INFO">Opening url 'https://www.saucedemo.com/'</msg>
<arg>${URL}</arg>
<doc>Navigates the current browser window to the provided ``url``.</doc>
<status status="PASS" start="2026-02-19T15:24:48.058308" elapsed="0.764690"/>
</kw>
<status status="PASS" start="2026-02-19T15:24:46.767469" elapsed="2.055529"/>
</branch>
<branch type="ELSE IF" condition="'${BROWSER}' == 'Edge'">
<kw name="Open Browser" owner="SeleniumLibrary">
<arg>${URL}</arg>
<arg>Edge</arg>
<doc>Opens a new browser instance to the optional ``url``.</doc>
<status status="NOT RUN" start="2026-02-19T15:24:48.822998" elapsed="0.000000"/>
</kw>
<kw name="Maximize Browser Window" owner="SeleniumLibrary">
<doc>Maximizes current browser window.</doc>
<status status="NOT RUN" start="2026-02-19T15:24:48.822998" elapsed="0.000000"/>
</kw>
<status status="NOT RUN" start="2026-02-19T15:24:48.822998" elapsed="0.000000"/>
</branch>
<branch type="ELSE IF" condition="'${BROWSER}' == 'Firefox'">
<kw name="Evaluate" owner="BuiltIn">
<var>${ff_options}</var>
<arg>sys.modules['selenium.webdriver'].FirefoxOptions()</arg>
<arg>sys, selenium.webdriver</arg>
<doc>Evaluates the given expression in Python and returns the result.</doc>
<status status="NOT RUN" start="2026-02-19T15:24:48.824011" elapsed="0.000000"/>
</kw>
<kw name="Call Method" owner="BuiltIn">
<arg>${ff_options}</arg>
<arg>add_argument</arg>
<arg>-private</arg>
<doc>Calls the named method of the given object with the provided arguments.</doc>
<status status="NOT RUN" start="2026-02-19T15:24:48.824011" elapsed="0.000000"/>
</kw>
<kw name="Create Webdriver" owner="SeleniumLibrary">
<arg>Firefox</arg>
<arg>options=${ff_options}</arg>
<doc>Creates an instance of Selenium WebDriver.</doc>
<status status="NOT RUN" start="2026-02-19T15:24:48.824011" elapsed="0.000000"/>
</kw>
<kw name="Go To" owner="SeleniumLibrary">
<arg>${URL}</arg>
<doc>Navigates the current browser window to the provided ``url``.</doc>
<status status="NOT RUN" start="2026-02-19T15:24:48.824011" elapsed="0.000000"/>
</kw>
<status status="NOT RUN" start="2026-02-19T15:24:48.822998" elapsed="0.001013"/>
</branch>
<status status="PASS" start="2026-02-19T15:24:46.767469" elapsed="2.056542"/>
</if>
<kw name="Wait Until Element Is Visible" owner="SeleniumLibrary">
<arg>id=user-name</arg>
<arg>timeout=10s</arg>
<doc>Waits until the element ``locator`` is visible.</doc>
<status status="PASS" start="2026-02-19T15:24:48.824011" elapsed="0.029897"/>
</kw>
<kw name="Sleep" owner="BuiltIn">
<msg time="2026-02-19T15:24:49.555298" level="INFO">Slept 700 milliseconds.</msg>
<arg>${DELAY}</arg>
<doc>Pauses the test executed for the given time.</doc>
<status status="PASS" start="2026-02-19T15:24:48.854910" elapsed="0.700388"/>
</kw>
<status status="PASS" start="2026-02-19T15:24:46.767469" elapsed="2.787829"/>
</kw>
<test id="s1-s3-t1" name="User Can View Product Details" line="7">
<kw name="Login To Application" owner="ecommerce_keywords">
<kw name="Input Text" owner="SeleniumLibrary">
<msg time="2026-02-19T15:24:49.557851" level="INFO">Typing text 'standard_user' into text field 'id=user-name'.</msg>
<arg>id=user-name</arg>
<arg>${USERNAME}</arg>
<doc>Types the given ``text`` into the text field identified by ``locator``.</doc>
<status status="PASS" start="2026-02-19T15:24:49.556328" elapsed="0.104303"/>
</kw>
<kw name="Sleep" owner="BuiltIn">
<msg time="2026-02-19T15:24:50.361824" level="INFO">Slept 700 milliseconds.</msg>
<arg>${DELAY}</arg>
<doc>Pauses the test executed for the given time.</doc>
<status status="PASS" start="2026-02-19T15:24:49.660631" elapsed="0.701193"/>
</kw>
<kw name="Input Text" owner="SeleniumLibrary">
<msg time="2026-02-19T15:24:50.361824" level="INFO">Typing text 'secret_sauce' into text field 'id=password'.</msg>
<arg>id=password</arg>
<arg>${PASSWORD}</arg>
<doc>Types the given ``text`` into the text field identified by ``locator``.</doc>
<status status="PASS" start="2026-02-19T15:24:50.361824" elapsed="0.081053"/>
</kw>
<kw name="Sleep" owner="BuiltIn">
<msg time="2026-02-19T15:24:51.144428" level="INFO">Slept 700 milliseconds.</msg>
<arg>${DELAY}</arg>
<doc>Pauses the test executed for the given time.</doc>
<status status="PASS" start="2026-02-19T15:24:50.443884" elapsed="0.700544"/>
</kw>
<kw name="Click Button" owner="SeleniumLibrary">
<msg time="2026-02-19T15:24:51.144428" level="INFO">Clicking button 'id=login-button'.</msg>
<arg>id=login-button</arg>
<doc>Clicks the button identified by ``locator``.</doc>
<status status="PASS" start="2026-02-19T15:24:51.144428" elapsed="0.115165"/>
</kw>
<kw name="Wait Until Page Contains Element" owner="SeleniumLibrary">
<arg>css=.inventory_list</arg>
<doc>Waits until the element ``locator`` appears on the current page.</doc>
<status status="PASS" start="2026-02-19T15:24:51.260608" elapsed="0.015567"/>
</kw>
<kw name="Sleep" owner="BuiltIn">
<msg time="2026-02-19T15:24:51.976731" level="INFO">Slept 700 milliseconds.</msg>
<arg>${DELAY}</arg>
<doc>Pauses the test executed for the given time.</doc>
<status status="PASS" start="2026-02-19T15:24:51.276175" elapsed="0.700556"/>
</kw>
<status status="PASS" start="2026-02-19T15:24:49.556328" elapsed="2.420910"/>
</kw>
<kw name="Click Element" owner="SeleniumLibrary">
<msg time="2026-02-19T15:24:51.977753" level="INFO">Clicking element 'xpath=//div[text()='Sauce Labs Backpack']'.</msg>
<arg>xpath=//div[text()='Sauce Labs Backpack']</arg>
<doc>Click the element identified by ``locator``.</doc>
<status status="PASS" start="2026-02-19T15:24:51.977238" elapsed="0.109697"/>
</kw>
<kw name="Wait Until Element Is Visible" owner="SeleniumLibrary">
<arg>css=.inventory_details_name</arg>
<doc>Waits until the element ``locator`` is visible.</doc>
<status status="PASS" start="2026-02-19T15:24:52.088452" elapsed="0.029224"/>
</kw>
<kw name="Sleep" owner="BuiltIn">
<msg time="2026-02-19T15:24:52.817827" level="INFO">Slept 700 milliseconds.</msg>
<arg>${DELAY}</arg>
<doc>Pauses the test executed for the given time.</doc>
<status status="PASS" start="2026-02-19T15:24:52.117676" elapsed="0.700151"/>
</kw>
<kw name="Element Should Be Visible" owner="SeleniumLibrary">
<msg time="2026-02-19T15:24:52.858404" level="INFO">Element 'css=.inventory_details_price' is displayed.</msg>
<arg>css=.inventory_details_price</arg>
<doc>Verifies that the element identified by ``locator`` is visible.</doc>
<status status="PASS" start="2026-02-19T15:24:52.817827" elapsed="0.040577"/>
</kw>
<status status="PASS" start="2026-02-19T15:24:49.555298" elapsed="3.304133"/>
</test>
<kw name="Close Website" owner="ecommerce_keywords" type="TEARDOWN">
<kw name="Sleep" owner="BuiltIn">
<msg time="2026-02-19T15:24:53.561908" level="INFO">Slept 700 milliseconds.</msg>
<arg>${DELAY}</arg>
<doc>Pauses the test executed for the given time.</doc>
<status status="PASS" start="2026-02-19T15:24:52.861466" elapsed="0.700442"/>
</kw>
<kw name="Close Browser" owner="SeleniumLibrary">
<doc>Closes the current browser.</doc>
<status status="PASS" start="2026-02-19T15:24:53.561908" elapsed="2.319100"/>
</kw>
<status status="PASS" start="2026-02-19T15:24:52.860466" elapsed="3.020542"/>
</kw>
<status status="PASS" start="2026-02-19T15:24:46.762955" elapsed="9.118053"/>
</suite>
<suite id="s1-s4" name="03 Add To Cart" source="C:\Users\prase\OneDrive\Desktop\PythonProject\Ecommerce\robot-framework\tests\03_add_to_cart.robot">
<kw name="Open Website" owner="ecommerce_keywords" type="SETUP">
<if>
<branch type="IF" condition="'${BROWSER}' == 'Chrome'">
<kw name="Evaluate" owner="BuiltIn">
<msg time="2026-02-19T15:24:55.887325" level="INFO">${options} = &lt;selenium.webdriver.chrome.options.Options object at 0x000001CDD98B43E0&gt;</msg>
<var>${options}</var>
<arg>sys.modules['selenium.webdriver'].ChromeOptions()</arg>
<arg>sys, selenium.webdriver</arg>
<doc>Evaluates the given expression in Python and returns the result.</doc>
<status status="PASS" start="2026-02-19T15:24:55.887325" elapsed="0.000000"/>
</kw>
<kw name="Evaluate" owner="BuiltIn">
<msg time="2026-02-19T15:24:55.887853" level="INFO">${temp_dir} = C:\Users\prase\AppData\Local\Temp\tmps_i3c75d</msg>
<var>${temp_dir}</var>
<arg>__import__('tempfile').mkdtemp()</arg>
<doc>Evaluates the given expression in Python and returns the result.</doc>
<status status="PASS" start="2026-02-19T15:24:55.887325" elapsed="0.000528"/>
</kw>
<kw name="Create Dictionary" owner="BuiltIn">
<msg time="2026-02-19T15:24:55.888872" level="INFO">${prefs} = {'credentials_enable_service': 'False', 'profile.password_manager_enabled': 'False', 'profile.default_content_setting_values.notifications': '2'}</msg>
<var>${prefs}</var>
<arg>credentials_enable_service=False</arg>
<arg>profile.password_manager_enabled=False</arg>
<arg>profile.default_content_setting_values.notifications=2</arg>
<doc>Creates and returns a dictionary based on the given ``items``.</doc>
<status status="PASS" start="2026-02-19T15:24:55.887853" elapsed="0.001019"/>
</kw>
<kw name="Call Method" owner="BuiltIn">
<arg>${options}</arg>
<arg>add_experimental_option</arg>
<arg>prefs</arg>
<arg>${prefs}</arg>
<doc>Calls the named method of the given object with the provided arguments.</doc>
<status status="PASS" start="2026-02-19T15:24:55.888872" elapsed="0.000000"/>
</kw>
<kw name="Set Variable" owner="BuiltIn">
<msg time="2026-02-19T15:24:55.888872" level="INFO">${incognito} = --incognito</msg>
<var>${incognito}</var>
<arg>--incognito</arg>
<doc>Returns the given values which can then be assigned to a variables.</doc>
<status status="PASS" start="2026-02-19T15:24:55.888872" elapsed="0.000999"/>
</kw>
<kw name="Set Variable" owner="BuiltIn">
<msg time="2026-02-19T15:24:55.889871" level="INFO">${disable_pw} = --disable-features=PasswordLeakDetection</msg>
<var>${disable_pw}</var>
<arg>--disable-features=PasswordLeakDetection</arg>
<doc>Returns the given values which can then be assigned to a variables.</doc>
<status status="PASS" start="2026-02-19T15:24:55.889871" elapsed="0.000000"/>
</kw>
<kw name="Set Variable" owner="BuiltIn">
<msg time="2026-02-19T15:24:55.889871" level="INFO">${disable_notify} = --disable-notifications</msg>
<var>${disable_notify}</var>
<arg>--disable-notifications</arg>
<doc>Returns the given values which can then be assigned to a variables.</doc>
<status status="PASS" start="2026-02-19T15:24:55.889871" elapsed="0.000000"/>
</kw>
<kw name="Set Variable" owner="BuiltIn">
<msg time="2026-02-19T15:24:55.889871" level="INFO">${no_first} = --no-first-run</msg>
<var>${no_first}</var>
<arg>--no-first-run</arg>
<doc>Returns the given values which can then be assigned to a variables.</doc>
<status status="PASS" start="2026-02-19T15:24:55.889871" elapsed="0.000000"/>
</kw>
<kw name="Set Variable" owner="BuiltIn">
<msg time="2026-02-19T15:24:55.890884" level="INFO">${no_default} = --no-default-browser-check</msg>
<var>${no_default}</var>
<arg>--no-default-browser-check</arg>
<doc>Returns the given values which can then be assigned to a variables.</doc>
<status status="PASS" start="2026-02-19T15:24:55.889871" elapsed="0.001013"/>
</kw>
<kw name="Set Variable" owner="BuiltIn">
<msg time="2026-02-19T15:24:55.890884" level="INFO">${maximize} = --start-maximized</msg>
<var>${maximize}</var>
<arg>--start-maximized</arg>
<doc>Returns the given values which can then be assigned to a variables.</doc>
<status status="PASS" start="2026-02-19T15:24:55.890884" elapsed="0.000000"/>
</kw>
<kw name="Set Variable" owner="BuiltIn">
<msg time="2026-02-19T15:24:55.891893" level="INFO">${profile} = --user-data-dir=C:\Users\prase\AppData\Local\Temp\tmps_i3c75d</msg>
<var>${profile}</var>
<arg>--user-data-dir=${temp_dir}</arg>
<doc>Returns the given values which can then be assigned to a variables.</doc>
<status status="PASS" start="2026-02-19T15:24:55.890884" elapsed="0.001009"/>
</kw>
<kw name="Call Method" owner="BuiltIn">
<arg>${options}</arg>
<arg>add_argument</arg>
<arg>${incognito}</arg>
<doc>Calls the named method of the given object with the provided arguments.</doc>
<status status="PASS" start="2026-02-19T15:24:55.891893" elapsed="0.000000"/>
</kw>
<kw name="Call Method" owner="BuiltIn">
<arg>${options}</arg>
<arg>add_argument</arg>
<arg>${disable_pw}</arg>
<doc>Calls the named method of the given object with the provided arguments.</doc>
<status status="PASS" start="2026-02-19T15:24:55.891893" elapsed="0.000000"/>
</kw>
<kw name="Call Method" owner="BuiltIn">
<arg>${options}</arg>
<arg>add_argument</arg>
<arg>${disable_notify}</arg>
<doc>Calls the named method of the given object with the provided arguments.</doc>
<status status="PASS" start="2026-02-19T15:24:55.891893" elapsed="0.000000"/>
</kw>
<kw name="Call Method" owner="BuiltIn">
<arg>${options}</arg>
<arg>add_argument</arg>
<arg>${no_first}</arg>
<doc>Calls the named method of the given object with the provided arguments.</doc>
<status status="PASS" start="2026-02-19T15:24:55.892913" elapsed="0.000000"/>
</kw>
<kw name="Call Method" owner="BuiltIn">
<arg>${options}</arg>
<arg>add_argument</arg>
<arg>${no_default}</arg>
<doc>Calls the named method of the given object with the provided arguments.</doc>
<status status="PASS" start="2026-02-19T15:24:55.892913" elapsed="0.000956"/>
</kw>
<kw name="Call Method" owner="BuiltIn">
<arg>${options}</arg>
<arg>add_argument</arg>
<arg>${maximize}</arg>
<doc>Calls the named method of the given object with the provided arguments.</doc>
<status status="PASS" start="2026-02-19T15:24:55.893869" elapsed="0.000000"/>
</kw>
<kw name="Call Method" owner="BuiltIn">
<arg>${options}</arg>
<arg>add_argument</arg>
<arg>${profile}</arg>
<doc>Calls the named method of the given object with the provided arguments.</doc>
<status status="PASS" start="2026-02-19T15:24:55.893869" elapsed="0.001015"/>
</kw>
<kw name="Create Webdriver" owner="SeleniumLibrary">
<msg time="2026-02-19T15:24:55.894884" level="INFO">Creating an instance of the Chrome WebDriver.</msg>
<arg>Chrome</arg>
<arg>options=${options}</arg>
<doc>Creates an instance of Selenium WebDriver.</doc>
<status status="PASS" start="2026-02-19T15:24:55.894884" elapsed="1.305551"/>
</kw>
<kw name="Go To" owner="SeleniumLibrary">
<msg time="2026-02-19T15:24:57.201429" level="INFO">Opening url 'https://www.saucedemo.com/'</msg>
<arg>${URL}</arg>
<doc>Navigates the current browser window to the provided ``url``.</doc>
<status status="PASS" start="2026-02-19T15:24:57.201429" elapsed="0.803865"/>
</kw>
<status status="PASS" start="2026-02-19T15:24:55.886293" elapsed="2.119001"/>
</branch>
<branch type="ELSE IF" condition="'${BROWSER}' == 'Edge'">
<kw name="Open Browser" owner="SeleniumLibrary">
<arg>${URL}</arg>
<arg>Edge</arg>
<doc>Opens a new browser instance to the optional ``url``.</doc>
<status status="NOT RUN" start="2026-02-19T15:24:58.005294" elapsed="0.000000"/>
</kw>
<kw name="Maximize Browser Window" owner="SeleniumLibrary">
<doc>Maximizes current browser window.</doc>
<status status="NOT RUN" start="2026-02-19T15:24:58.005294" elapsed="0.000000"/>
</kw>
<status status="NOT RUN" start="2026-02-19T15:24:58.005294" elapsed="0.000000"/>
</branch>
<branch type="ELSE IF" condition="'${BROWSER}' == 'Firefox'">
<kw name="Evaluate" owner="BuiltIn">
<var>${ff_options}</var>
<arg>sys.modules['selenium.webdriver'].FirefoxOptions()</arg>
<arg>sys, selenium.webdriver</arg>
<doc>Evaluates the given expression in Python and returns the result.</doc>
<status status="NOT RUN" start="2026-02-19T15:24:58.006292" elapsed="0.000000"/>
</kw>
<kw name="Call Method" owner="BuiltIn">
<arg>${ff_options}</arg>
<arg>add_argument</arg>
<arg>-private</arg>
<doc>Calls the named method of the given object with the provided arguments.</doc>
<status status="NOT RUN" start="2026-02-19T15:24:58.006292" elapsed="0.000000"/>
</kw>
<kw name="Create Webdriver" owner="SeleniumLibrary">
<arg>Firefox</arg>
<arg>options=${ff_options}</arg>
<doc>Creates an instance of Selenium WebDriver.</doc>
<status status="NOT RUN" start="2026-02-19T15:24:58.006292" elapsed="0.000000"/>
</kw>
<kw name="Go To" owner="SeleniumLibrary">
<arg>${URL}</arg>
<doc>Navigates the current browser window to the provided ``url``.</doc>
<status status="NOT RUN" start="2026-02-19T15:24:58.006292" elapsed="0.000000"/>
</kw>
<status status="NOT RUN" start="2026-02-19T15:24:58.005294" elapsed="0.000998"/>
</branch>
<status status="PASS" start="2026-02-19T15:24:55.886293" elapsed="2.119999"/>
</if>
<kw name="Wait Until Element Is Visible" owner="SeleniumLibrary">
<arg>id=user-name</arg>
<arg>timeout=10s</arg>
<doc>Waits until the element ``locator`` is visible.</doc>
<status status="PASS" start="2026-02-19T15:24:58.006292" elapsed="0.037894"/>
</kw>
<kw name="Sleep" owner="BuiltIn">
<msg time="2026-02-19T15:24:58.745432" level="INFO">Slept 700 milliseconds.</msg>
<arg>${DELAY}</arg>
<doc>Pauses the test executed for the given time.</doc>
<status status="PASS" start="2026-02-19T15:24:58.045187" elapsed="0.700245"/>
</kw>
<status status="PASS" start="2026-02-19T15:24:55.886293" elapsed="2.859139"/>
</kw>
<test id="s1-s4-t1" name="User Can Add Four Products To Cart" line="7">
<kw name="Login To Application" owner="ecommerce_keywords">
<kw name="Input Text" owner="SeleniumLibrary">
<msg time="2026-02-19T15:24:58.746741" level="INFO">Typing text 'standard_user' into text field 'id=user-name'.</msg>
<arg>id=user-name</arg>
<arg>${USERNAME}</arg>
<doc>Types the given ``text`` into the text field identified by ``locator``.</doc>
<status status="PASS" start="2026-02-19T15:24:58.745432" elapsed="0.100857"/>
</kw>
<kw name="Sleep" owner="BuiltIn">
<msg time="2026-02-19T15:24:59.547055" level="INFO">Slept 700 milliseconds.</msg>
<arg>${DELAY}</arg>
<doc>Pauses the test executed for the given time.</doc>
<status status="PASS" start="2026-02-19T15:24:58.846289" elapsed="0.700766"/>
</kw>
<kw name="Input Text" owner="SeleniumLibrary">
<msg time="2026-02-19T15:24:59.548093" level="INFO">Typing text 'secret_sauce' into text field 'id=password'.</msg>
<arg>id=password</arg>
<arg>${PASSWORD}</arg>
<doc>Types the given ``text`` into the text field identified by ``locator``.</doc>
<status status="PASS" start="2026-02-19T15:24:59.547055" elapsed="0.154497"/>
</kw>
<kw name="Sleep" owner="BuiltIn">
<msg time="2026-02-19T15:25:00.402192" level="INFO">Slept 700 milliseconds.</msg>
<arg>${DELAY}</arg>
<doc>Pauses the test executed for the given time.</doc>
<status status="PASS" start="2026-02-19T15:24:59.701552" elapsed="0.701213"/>
</kw>
<kw name="Click Button" owner="SeleniumLibrary">
<msg time="2026-02-19T15:25:00.403846" level="INFO">Clicking button 'id=login-button'.</msg>
<arg>id=login-button</arg>
<doc>Clicks the button identified by ``locator``.</doc>
<status status="PASS" start="2026-02-19T15:25:00.402765" elapsed="0.146043"/>
</kw>
<kw name="Wait Until Page Contains Element" owner="SeleniumLibrary">
<arg>css=.inventory_list</arg>
<doc>Waits until the element ``locator`` appears on the current page.</doc>
<status status="PASS" start="2026-02-19T15:25:00.548808" elapsed="0.013084"/>
</kw>
<kw name="Sleep" owner="BuiltIn">
<msg time="2026-02-19T15:25:01.263993" level="INFO">Slept 700 milliseconds.</msg>
<arg>${DELAY}</arg>
<doc>Pauses the test executed for the given time.</doc>
<status status="PASS" start="2026-02-19T15:25:00.561892" elapsed="0.702101"/>
</kw>
<status status="PASS" start="2026-02-19T15:24:58.745432" elapsed="2.518561"/>
</kw>
<kw name="Add Four Products To Cart" owner="ecommerce_keywords">
<kw name="Get WebElements" owner="SeleniumLibrary">
<msg time="2026-02-19T15:25:01.276074" level="INFO">${buttons} = [&lt;selenium.webdriver.remote.webelement.WebElement (session="d1a463645265ad428fa0ea57fadcf476", element="f.D1BC147BB9C030AD4A4E360229630D5B.d.A7E78CDE95A084470BD1AB761F3ABAEF.e.18")&gt;, &lt;selenium.webdriv...</msg>
<var>${buttons}</var>
<arg>xpath=//button[contains(text(),'Add to cart')]</arg>
<doc>Returns a list of WebElement objects matching the ``locator``.</doc>
<status status="PASS" start="2026-02-19T15:25:01.265011" elapsed="0.011063"/>
</kw>
<for flavor="IN RANGE">
<iter>
<kw name="Click Element" owner="SeleniumLibrary">
<msg time="2026-02-19T15:25:01.276074" level="INFO">Clicking element '&lt;selenium.webdriver.remote.webelement.WebElement (session="d1a463645265ad428fa0ea57fadcf476", element="f.D1BC147BB9C030AD4A4E360229630D5B.d.A7E78CDE95A084470BD1AB761F3ABAEF.e.18")&gt;'.</msg>
<arg>${buttons}[${index}]</arg>
<doc>Click the element identified by ``locator``.</doc>
<status status="PASS" start="2026-02-19T15:25:01.276074" elapsed="0.055867"/>
</kw>
<kw name="Sleep" owner="BuiltIn">
<msg time="2026-02-19T15:25:02.033688" level="INFO">Slept 700 milliseconds.</msg>
<arg>${DELAY}</arg>
<doc>Pauses the test executed for the given time.</doc>
<status status="PASS" start="2026-02-19T15:25:01.331941" elapsed="0.701747"/>
</kw>
<var name="${index}">0</var>
<status status="PASS" start="2026-02-19T15:25:01.276074" elapsed="0.757614"/>
</iter>
<iter>
<kw name="Click Element" owner="SeleniumLibrary">
<msg time="2026-02-19T15:25:02.033688" level="INFO">Clicking element '&lt;selenium.webdriver.remote.webelement.WebElement (session="d1a463645265ad428fa0ea57fadcf476", element="f.D1BC147BB9C030AD4A4E360229630D5B.d.A7E78CDE95A084470BD1AB761F3ABAEF.e.19")&gt;'.</msg>
<arg>${buttons}[${index}]</arg>
<doc>Click the element identified by ``locator``.</doc>
<status status="PASS" start="2026-02-19T15:25:02.033688" elapsed="0.046300"/>
</kw>
<kw name="Sleep" owner="BuiltIn">
<msg time="2026-02-19T15:25:02.781471" level="INFO">Slept 700 milliseconds.</msg>
<arg>${DELAY}</arg>
<doc>Pauses the test executed for the given time.</doc>
<status status="PASS" start="2026-02-19T15:25:02.081008" elapsed="0.700463"/>
</kw>
<var name="${index}">1</var>
<status status="PASS" start="2026-02-19T15:25:02.033688" elapsed="0.747783"/>
</iter>
<iter>
<kw name="Click Element" owner="SeleniumLibrary">
<msg time="2026-02-19T15:25:02.781982" level="INFO">Clicking element '&lt;selenium.webdriver.remote.webelement.WebElement (session="d1a463645265ad428fa0ea57fadcf476", element="f.D1BC147BB9C030AD4A4E360229630D5B.d.A7E78CDE95A084470BD1AB761F3ABAEF.e.20")&gt;'.</msg>
<arg>${buttons}[${index}]</arg>
<doc>Click the element identified by ``locator``.</doc>
<status status="PASS" start="2026-02-19T15:25:02.781982" elapsed="0.052168"/>
</kw>
<kw name="Sleep" owner="BuiltIn">
<msg time="2026-02-19T15:25:03.534520" level="INFO">Slept 700 milliseconds.</msg>
<arg>${DELAY}</arg>
<doc>Pauses the test executed for the given time.</doc>
<status status="PASS" start="2026-02-19T15:25:02.834150" elapsed="0.700370"/>
</kw>
<var name="${index}">2</var>
<status status="PASS" start="2026-02-19T15:25:02.781982" elapsed="0.752538"/>
</iter>
<iter>
<kw name="Click Element" owner="SeleniumLibrary">
<msg time="2026-02-19T15:25:03.535538" level="INFO">Clicking element '&lt;selenium.webdriver.remote.webelement.WebElement (session="d1a463645265ad428fa0ea57fadcf476", element="f.D1BC147BB9C030AD4A4E360229630D5B.d.A7E78CDE95A084470BD1AB761F3ABAEF.e.21")&gt;'.</msg>
<arg>${buttons}[${index}]</arg>
<doc>Click the element identified by ``locator``.</doc>
<status status="PASS" start="2026-02-19T15:25:03.535538" elapsed="0.053938"/>
</kw>
<kw name="Sleep" owner="BuiltIn">
<msg time="2026-02-19T15:25:04.289859" level="INFO">Slept 700 milliseconds.</msg>
<arg>${DELAY}</arg>
<doc>Pauses the test executed for the given time.</doc>
<status status="PASS" start="2026-02-19T15:25:03.589476" elapsed="0.700383"/>
</kw>
<var name="${index}">3</var>
<status status="PASS" start="2026-02-19T15:25:03.535538" elapsed="0.754321"/>
</iter>
<var>${index}</var>
<value>0</value>
<value>4</value>
<status status="PASS" start="2026-02-19T15:25:01.276074" elapsed="3.013785"/>
</for>
<status status="PASS" start="2026-02-19T15:25:01.263993" elapsed="3.026936"/>
</kw>
[...]
<arg>css=.shopping_cart_link</arg>
<doc>Click the element identified by ``locator``.</doc>
<status status="PASS" start="2026-02-19T15:28:07.287143" elapsed="0.108654"/>
</kw>
<kw name="Wait Until Page Contains" owner="SeleniumLibrary">
<arg>Your Cart</arg>
<doc>Waits until ``text`` appears on the current page.</doc>
<status status="PASS" start="2026-02-19T15:28:07.395797" elapsed="0.010526"/>
</kw>
<kw name="Sleep" owner="BuiltIn">
<msg time="2026-02-19T15:28:08.108195" level="INFO">Slept 700 milliseconds.</msg>
<arg>${DELAY}</arg>
<doc>Pauses the test executed for the given time.</doc>
<status status="PASS" start="2026-02-19T15:28:07.406323" elapsed="0.701872"/>
</kw>
<status status="PASS" start="2026-02-19T15:28:07.287143" elapsed="0.821052"/>
</kw>
<kw name="Click Button" owner="SeleniumLibrary">
<msg time="2026-02-19T15:28:08.109773" level="INFO">Clicking button 'id=checkout'.</msg>
<arg>id=checkout</arg>
<doc>Clicks the button identified by ``locator``.</doc>
<status status="PASS" start="2026-02-19T15:28:08.109773" elapsed="0.111171"/>
</kw>
<kw name="Input Text" owner="SeleniumLibrary">
<msg time="2026-02-19T15:28:08.221937" level="INFO">Typing text 'Group5' into text field 'id=first-name'.</msg>
<arg>id=first-name</arg>
<arg>${first_name}</arg>
<doc>Types the given ``text`` into the text field identified by ``locator``.</doc>
<status status="PASS" start="2026-02-19T15:28:08.220944" elapsed="0.085582"/>
</kw>
<kw name="Input Text" owner="SeleniumLibrary">
<msg time="2026-02-19T15:28:08.307528" level="INFO">Typing text 'Project' into text field 'id=last-name'.</msg>
<arg>id=last-name</arg>
<arg>${last_name}</arg>
<doc>Types the given ``text`` into the text field identified by ``locator``.</doc>
<status status="PASS" start="2026-02-19T15:28:08.306526" elapsed="0.123126"/>
</kw>
<kw name="Input Text" owner="SeleniumLibrary">
<msg time="2026-02-19T15:28:08.429652" level="INFO">Typing text '12345' into text field 'id=postal-code'.</msg>
<arg>id=postal-code</arg>
<arg>${postal_code}</arg>
<doc>Types the given ``text`` into the text field identified by ``locator``.</doc>
<status status="PASS" start="2026-02-19T15:28:08.429652" elapsed="0.072270"/>
</kw>
<kw name="Click Button" owner="SeleniumLibrary">
<msg time="2026-02-19T15:28:08.502915" level="INFO">Clicking button 'id=continue'.</msg>
<arg>id=continue</arg>
<doc>Clicks the button identified by ``locator``.</doc>
<status status="PASS" start="2026-02-19T15:28:08.502915" elapsed="0.074433"/>
</kw>
<kw name="Run Keyword And Return Status" owner="BuiltIn">
<kw name="Wait Until Element Is Visible" owner="SeleniumLibrary">
<arg>id=finish</arg>
<arg>timeout=3s</arg>
<doc>Waits until the element ``locator`` is visible.</doc>
<status status="PASS" start="2026-02-19T15:28:08.578345" elapsed="0.017067"/>
</kw>
<msg time="2026-02-19T15:28:08.595412" level="INFO">${success_page} = True</msg>
<var>${success_page}</var>
<arg>Wait Until Element Is Visible</arg>
<arg>id=finish</arg>
<arg>timeout=3s</arg>
<doc>Runs the specified keyword and returns the status as a Boolean value.</doc>
<status status="PASS" start="2026-02-19T15:28:08.577348" elapsed="0.018064"/>
</kw>
<if>
<branch type="IF" condition="${success_page}">
<kw name="Click Button" owner="SeleniumLibrary">
<msg time="2026-02-19T15:28:08.595412" level="INFO">Clicking button 'id=finish'.</msg>
<arg>id=finish</arg>
<doc>Clicks the button identified by ``locator``.</doc>
<status status="PASS" start="2026-02-19T15:28:08.595412" elapsed="0.115514"/>
</kw>
<kw name="Page Should Contain" owner="SeleniumLibrary">
<msg time="2026-02-19T15:28:08.722673" level="INFO">Current page contains text 'Thank you for your order!'.</msg>
<arg>Thank you for your order!</arg>
<doc>Verifies that current page contains ``text``.</doc>
<status status="PASS" start="2026-02-19T15:28:08.710926" elapsed="0.011747"/>
</kw>
<status status="PASS" start="2026-02-19T15:28:08.595412" elapsed="0.127261"/>
</branch>
<branch type="ELSE">
<kw name="Wait Until Page Contains Element" owner="SeleniumLibrary">
<arg>css=h3[data-test="error"]</arg>
<arg>timeout=3s</arg>
<doc>Waits until the element ``locator`` appears on the current page.</doc>
<status status="NOT RUN" start="2026-02-19T15:28:08.723687" elapsed="0.000000"/>
</kw>
<kw name="Log" owner="BuiltIn">
<arg>Validation error appeared for invalid data</arg>
<doc>Logs the given message with the given level.</doc>
<status status="NOT RUN" start="2026-02-19T15:28:08.723687" elapsed="0.000000"/>
</kw>
<kw name="Fail" owner="BuiltIn">
<arg>Invalid checkout data</arg>
<doc>Fails the test with the given message and optionally alters its tags.</doc>
<status status="NOT RUN" start="2026-02-19T15:28:08.723687" elapsed="0.000000"/>
</kw>
<status status="NOT RUN" start="2026-02-19T15:28:08.722673" elapsed="0.001014"/>
</branch>
<status status="PASS" start="2026-02-19T15:28:08.595412" elapsed="0.128275"/>
</if>
<kw name="Click Button" owner="SeleniumLibrary">
<msg time="2026-02-19T15:28:08.723687" level="INFO">Clicking button 'id=back-to-products'.</msg>
<arg>id=back-to-products</arg>
<doc>Clicks the button identified by ``locator``.</doc>
<status status="PASS" start="2026-02-19T15:28:08.723687" elapsed="0.089127"/>
</kw>
<kw name="Logout From Application" owner="ecommerce_keywords">
<kw name="Click Element" owner="SeleniumLibrary">
<msg time="2026-02-19T15:28:08.812814" level="INFO">Clicking element 'id=react-burger-menu-btn'.</msg>
<arg>id=react-burger-menu-btn</arg>
<doc>Click the element identified by ``locator``.</doc>
<status status="PASS" start="2026-02-19T15:28:08.812814" elapsed="0.101678"/>
</kw>
<kw name="Sleep" owner="BuiltIn">
<msg time="2026-02-19T15:28:09.616015" level="INFO">Slept 700 milliseconds.</msg>
<arg>${DELAY}</arg>
<doc>Pauses the test executed for the given time.</doc>
<status status="PASS" start="2026-02-19T15:28:08.914492" elapsed="0.701523"/>
</kw>
<kw name="Click Element" owner="SeleniumLibrary">
<msg time="2026-02-19T15:28:09.616015" level="INFO">Clicking element 'id=logout_sidebar_link'.</msg>
<arg>id=logout_sidebar_link</arg>
<doc>Click the element identified by ``locator``.</doc>
<status status="PASS" start="2026-02-19T15:28:09.616015" elapsed="0.116719"/>
</kw>
<kw name="Wait Until Element Is Visible" owner="SeleniumLibrary">
<arg>id=login-button</arg>
<doc>Waits until the element ``locator`` is visible.</doc>
<status status="PASS" start="2026-02-19T15:28:09.733740" elapsed="0.041036"/>
</kw>
<kw name="Sleep" owner="BuiltIn">
<msg time="2026-02-19T15:28:10.475443" level="INFO">Slept 700 milliseconds.</msg>
<arg>${DELAY}</arg>
<doc>Pauses the test executed for the given time.</doc>
<status status="PASS" start="2026-02-19T15:28:09.774776" elapsed="0.700667"/>
</kw>
<status status="PASS" start="2026-02-19T15:28:08.812814" elapsed="1.662629"/>
</kw>
<arg>${first_name}</arg>
<arg>${last_name}</arg>
<arg>${postal_code}</arg>
<status status="PASS" start="2026-02-19T15:28:00.231003" elapsed="10.244440"/>
</kw>
<status status="PASS" start="2026-02-19T15:28:00.229993" elapsed="10.245450"/>
</branch>
<branch type="EXCEPT">
<kw name="Capture Page Screenshot" owner="SeleniumLibrary">
<var>${path}</var>
<arg>checkout_fail_${index + 1}.png</arg>
<doc>Takes a screenshot of the current page and embeds it into a log file.</doc>
<status status="NOT RUN" start="2026-02-19T15:28:10.475443" elapsed="0.000000"/>
</kw>
<kw name="Log" owner="BuiltIn">
<arg>&lt;img src="${path}" width="600px"&gt;</arg>
<arg>html=True</arg>
<doc>Logs the given message with the given level.</doc>
<status status="NOT RUN" start="2026-02-19T15:28:10.476467" elapsed="0.000000"/>
</kw>
<status status="NOT RUN" start="2026-02-19T15:28:10.475443" elapsed="0.001024"/>
</branch>
<status status="PASS" start="2026-02-19T15:28:00.229993" elapsed="10.246474"/>
</try>
<kw name="Close Browser" owner="SeleniumLibrary">
<doc>Closes the current browser.</doc>
<status status="PASS" start="2026-02-19T15:28:10.476467" elapsed="2.277322"/>
</kw>
<kw name="Open Website" owner="ecommerce_keywords">
<if>
<branch type="IF" condition="'${BROWSER}' == 'Chrome'">
<kw name="Evaluate" owner="BuiltIn">
<msg time="2026-02-19T15:28:12.756036" level="INFO">${options} = &lt;selenium.webdriver.chrome.options.Options object at 0x000001CDD99DF260&gt;</msg>
<var>${options}</var>
<arg>sys.modules['selenium.webdriver'].ChromeOptions()</arg>
<arg>sys, selenium.webdriver</arg>
<doc>Evaluates the given expression in Python and returns the result.</doc>
<status status="PASS" start="2026-02-19T15:28:12.754790" elapsed="0.001246"/>
</kw>
<kw name="Evaluate" owner="BuiltIn">
<msg time="2026-02-19T15:28:12.757035" level="INFO">${temp_dir} = C:\Users\prase\AppData\Local\Temp\tmpg8preqm_</msg>
<var>${temp_dir}</var>
<arg>__import__('tempfile').mkdtemp()</arg>
<doc>Evaluates the given expression in Python and returns the result.</doc>
<status status="PASS" start="2026-02-19T15:28:12.756036" elapsed="0.000999"/>
</kw>
<kw name="Create Dictionary" owner="BuiltIn">
<msg time="2026-02-19T15:28:12.758047" level="INFO">${prefs} = {'credentials_enable_service': 'False', 'profile.password_manager_enabled': 'False', 'profile.default_content_setting_values.notifications': '2'}</msg>
<var>${prefs}</var>
<arg>credentials_enable_service=False</arg>
<arg>profile.password_manager_enabled=False</arg>
<arg>profile.default_content_setting_values.notifications=2</arg>
<doc>Creates and returns a dictionary based on the given ``items``.</doc>
<status status="PASS" start="2026-02-19T15:28:12.757035" elapsed="0.001012"/>
</kw>
<kw name="Call Method" owner="BuiltIn">
<arg>${options}</arg>
<arg>add_experimental_option</arg>
<arg>prefs</arg>
<arg>${prefs}</arg>
<doc>Calls the named method of the given object with the provided arguments.</doc>
<status status="PASS" start="2026-02-19T15:28:12.758047" elapsed="0.000000"/>
</kw>
<kw name="Set Variable" owner="BuiltIn">
<msg time="2026-02-19T15:28:12.758047" level="INFO">${incognito} = --incognito</msg>
<var>${incognito}</var>
<arg>--incognito</arg>
<doc>Returns the given values which can then be assigned to a variables.</doc>
<status status="PASS" start="2026-02-19T15:28:12.758047" elapsed="0.000000"/>
</kw>
<kw name="Set Variable" owner="BuiltIn">
<msg time="2026-02-19T15:28:12.759102" level="INFO">${disable_pw} = --disable-features=PasswordLeakDetection</msg>
<var>${disable_pw}</var>
<arg>--disable-features=PasswordLeakDetection</arg>
<doc>Returns the given values which can then be assigned to a variables.</doc>
<status status="PASS" start="2026-02-19T15:28:12.759102" elapsed="0.000000"/>
</kw>
<kw name="Set Variable" owner="BuiltIn">
<msg time="2026-02-19T15:28:12.759102" level="INFO">${disable_notify} = --disable-notifications</msg>
<var>${disable_notify}</var>
<arg>--disable-notifications</arg>
<doc>Returns the given values which can then be assigned to a variables.</doc>
<status status="PASS" start="2026-02-19T15:28:12.759102" elapsed="0.000000"/>
</kw>
<kw name="Set Variable" owner="BuiltIn">
<msg time="2026-02-19T15:28:12.759102" level="INFO">${no_first} = --no-first-run</msg>
<var>${no_first}</var>
<arg>--no-first-run</arg>
<doc>Returns the given values which can then be assigned to a variables.</doc>
<status status="PASS" start="2026-02-19T15:28:12.759102" elapsed="0.000000"/>
</kw>
<kw name="Set Variable" owner="BuiltIn">
<msg time="2026-02-19T15:28:12.760049" level="INFO">${no_default} = --no-default-browser-check</msg>
<var>${no_default}</var>
<arg>--no-default-browser-check</arg>
<doc>Returns the given values which can then be assigned to a variables.</doc>
<status status="PASS" start="2026-02-19T15:28:12.759102" elapsed="0.000947"/>
</kw>
<kw name="Set Variable" owner="BuiltIn">
<msg time="2026-02-19T15:28:12.760049" level="INFO">${maximize} = --start-maximized</msg>
<var>${maximize}</var>
<arg>--start-maximized</arg>
<doc>Returns the given values which can then be assigned to a variables.</doc>
<status status="PASS" start="2026-02-19T15:28:12.760049" elapsed="0.000000"/>
</kw>
<kw name="Set Variable" owner="BuiltIn">
<msg time="2026-02-19T15:28:12.760049" level="INFO">${profile} = --user-data-dir=C:\Users\prase\AppData\Local\Temp\tmpg8preqm_</msg>
<var>${profile}</var>
<arg>--user-data-dir=${temp_dir}</arg>
<doc>Returns the given values which can then be assigned to a variables.</doc>
<status status="PASS" start="2026-02-19T15:28:12.760049" elapsed="0.000000"/>
</kw>
<kw name="Call Method" owner="BuiltIn">
<arg>${options}</arg>
<arg>add_argument</arg>
<arg>${incognito}</arg>
<doc>Calls the named method of the given object with the provided arguments.</doc>
<status status="PASS" start="2026-02-19T15:28:12.760049" elapsed="0.000986"/>
</kw>
<kw name="Call Method" owner="BuiltIn">
<arg>${options}</arg>
<arg>add_argument</arg>
<arg>${disable_pw}</arg>
<doc>Calls the named method of the given object with the provided arguments.</doc>
<status status="PASS" start="2026-02-19T15:28:12.761035" elapsed="0.000000"/>
</kw>
<kw name="Call Method" owner="BuiltIn">
<arg>${options}</arg>
<arg>add_argument</arg>
<arg>${disable_notify}</arg>
<doc>Calls the named method of the given object with the provided arguments.</doc>
<status status="PASS" start="2026-02-19T15:28:12.761035" elapsed="0.000000"/>
</kw>
<kw name="Call Method" owner="BuiltIn">
<arg>${options}</arg>
<arg>add_argument</arg>
<arg>${no_first}</arg>
<doc>Calls the named method of the given object with the provided arguments.</doc>
<status status="PASS" start="2026-02-19T15:28:12.761035" elapsed="0.000999"/>
</kw>
<kw name="Call Method" owner="BuiltIn">
<arg>${options}</arg>
<arg>add_argument</arg>
<arg>${no_default}</arg>
<doc>Calls the named method of the given object with the provided arguments.</doc>
<status status="PASS" start="2026-02-19T15:28:12.762034" elapsed="0.000000"/>
</kw>
<kw name="Call Method" owner="BuiltIn">
<arg>${options}</arg>
<arg>add_argument</arg>
<arg>${maximize}</arg>
<doc>Calls the named method of the given object with the provided arguments.</doc>
<status status="PASS" start="2026-02-19T15:28:12.762034" elapsed="0.000000"/>
</kw>
<kw name="Call Method" owner="BuiltIn">
<arg>${options}</arg>
<arg>add_argument</arg>
<arg>${profile}</arg>
<doc>Calls the named method of the given object with the provided arguments.</doc>
<status status="PASS" start="2026-02-19T15:28:12.762034" elapsed="0.000000"/>
</kw>
<kw name="Create Webdriver" owner="SeleniumLibrary">
<msg time="2026-02-19T15:28:12.763056" level="INFO">Creating an instance of the Chrome WebDriver.</msg>
<arg>Chrome</arg>
<arg>options=${options}</arg>
<doc>Creates an instance of Selenium WebDriver.</doc>
<status status="PASS" start="2026-02-19T15:28:12.762034" elapsed="1.319734"/>
</kw>
<kw name="Go To" owner="SeleniumLibrary">
<msg time="2026-02-19T15:28:14.083781" level="INFO">Opening url 'https://www.saucedemo.com/'</msg>
<arg>${URL}</arg>
<doc>Navigates the current browser window to the provided ``url``.</doc>
<status status="PASS" start="2026-02-19T15:28:14.082760" elapsed="0.864876"/>
</kw>
<status status="PASS" start="2026-02-19T15:28:12.754790" elapsed="2.192846"/>
</branch>
<branch type="ELSE IF" condition="'${BROWSER}' == 'Edge'">
<kw name="Open Browser" owner="SeleniumLibrary">
<arg>${URL}</arg>
<arg>Edge</arg>
<doc>Opens a new browser instance to the optional ``url``.</doc>
<status status="NOT RUN" start="2026-02-19T15:28:14.947636" elapsed="0.000000"/>
</kw>
<kw name="Maximize Browser Window" owner="SeleniumLibrary">
<doc>Maximizes current browser window.</doc>
<status status="NOT RUN" start="2026-02-19T15:28:14.947636" elapsed="0.000000"/>
</kw>
<status status="NOT RUN" start="2026-02-19T15:28:14.947636" elapsed="0.000000"/>
</branch>
<branch type="ELSE IF" condition="'${BROWSER}' == 'Firefox'">
<kw name="Evaluate" owner="BuiltIn">
<var>${ff_options}</var>
<arg>sys.modules['selenium.webdriver'].FirefoxOptions()</arg>
<arg>sys, selenium.webdriver</arg>
<doc>Evaluates the given expression in Python and returns the result.</doc>
<status status="NOT RUN" start="2026-02-19T15:28:14.947636" elapsed="0.000000"/>
</kw>
<kw name="Call Method" owner="BuiltIn">
<arg>${ff_options}</arg>
<arg>add_argument</arg>
<arg>-private</arg>
<doc>Calls the named method of the given object with the provided arguments.</doc>
<status status="NOT RUN" start="2026-02-19T15:28:14.947636" elapsed="0.000000"/>
</kw>
<kw name="Create Webdriver" owner="SeleniumLibrary">
<arg>Firefox</arg>
<arg>options=${ff_options}</arg>
<doc>Creates an instance of Selenium WebDriver.</doc>
<status status="NOT RUN" start="2026-02-19T15:28:14.948635" elapsed="0.000000"/>
</kw>
<kw name="Go To" owner="SeleniumLibrary">
<arg>${URL}</arg>
<doc>Navigates the current browser window to the provided ``url``.</doc>
<status status="NOT RUN" start="2026-02-19T15:28:14.948635" elapsed="0.000000"/>
</kw>
<status status="NOT RUN" start="2026-02-19T15:28:14.947636" elapsed="0.000999"/>
</branch>
<status status="PASS" start="2026-02-19T15:28:12.754790" elapsed="2.193845"/>
</if>
<kw name="Wait Until Element Is Visible" owner="SeleniumLibrary">
<arg>id=user-name</arg>
<arg>timeout=10s</arg>
<doc>Waits until the element ``locator`` is visible.</doc>
<status status="PASS" start="2026-02-19T15:28:14.948635" elapsed="0.020082"/>
</kw>
<kw name="Sleep" owner="BuiltIn">
<msg time="2026-02-19T15:28:15.669079" level="INFO">Slept 700 milliseconds.</msg>
<arg>${DELAY}</arg>
<doc>Pauses the test executed for the given time.</doc>
<status status="PASS" start="2026-02-19T15:28:14.968717" elapsed="0.700362"/>
</kw>
<status status="PASS" start="2026-02-19T15:28:12.754790" elapsed="2.914289"/>
</kw>
<var name="${index}">9</var>
<var name="${row}">Group5,Project,12345</var>
<status status="PASS" start="2026-02-19T15:28:00.228991" elapsed="15.440088"/>
</iter>
<var>${index}</var>
<var>${row}</var>
<value>@{data}</value>
<status status="PASS" start="2026-02-19T15:25:37.456456" elapsed="158.212623"/>
</for>
<kw name="Register Keyword To Run On Failure" owner="SeleniumLibrary">
<msg time="2026-02-19T15:28:15.669079" level="INFO">Capture Page Screenshot will be run on failure.</msg>
<arg>Capture Page Screenshot</arg>
<doc>Sets the keyword to execute, when a SeleniumLibrary keyword fails.</doc>
<status status="PASS" start="2026-02-19T15:28:15.669079" elapsed="0.000000"/>
</kw>
<status status="PASS" start="2026-02-19T15:25:37.452937" elapsed="158.217215"/>
</test>
<kw name="Close Website" owner="ecommerce_keywords" type="TEARDOWN">
<kw name="Sleep" owner="BuiltIn">
<msg time="2026-02-19T15:28:16.371670" level="INFO">Slept 700 milliseconds.</msg>
<arg>${DELAY}</arg>
<doc>Pauses the test executed for the given time.</doc>
<status status="PASS" start="2026-02-19T15:28:15.671141" elapsed="0.700529"/>
</kw>
<kw name="Close Browser" owner="SeleniumLibrary">
<doc>Closes the current browser.</doc>
<status status="PASS" start="2026-02-19T15:28:16.371670" elapsed="2.280323"/>
</kw>
<status status="PASS" start="2026-02-19T15:28:15.671141" elapsed="2.980852"/>
</kw>
<status status="PASS" start="2026-02-19T15:25:34.556435" elapsed="164.095558"/>
</suite>
<status status="PASS" start="2026-02-19T15:24:30.215892" elapsed="228.441247"/>
</suite>
<statistics>
<total>
<stat pass="7" fail="0" skip="0">All Tests</stat>
</total>
<tag>
</tag>
<suite>
<stat name="Tests" id="s1" pass="7" fail="0" skip="0">Tests</stat>
<stat name="00 Invalid Login" id="s1-s1" pass="1" fail="0" skip="0">Tests.00 Invalid Login</stat>
<stat name="01 Login" id="s1-s2" pass="1" fail="0" skip="0">Tests.01 Login</stat>
<stat name="02 Product" id="s1-s3" pass="1" fail="0" skip="0">Tests.02 Product</stat>
<stat name="03 Add To Cart" id="s1-s4" pass="1" fail="0" skip="0">Tests.03 Add To Cart</stat>
<stat name="04 Update Cart" id="s1-s5" pass="1" fail="0" skip="0">Tests.04 Update Cart</stat>
<stat name="05 Logout" id="s1-s6" pass="1" fail="0" skip="0">Tests.05 Logout</stat>
<stat name="06 Checkout" id="s1-s7" pass="1" fail="0" skip="0">Tests.06 Checkout</stat>
</suite>
</statistics>
<errors>
</errors>
</robot>
