<?xml version="1.0" encoding="UTF-8"?>
<robot generator="Robot 7.4.1 (Python 3.13.11 on win32)" generated="2026-02-16T18:41:04.880971" rpa="false" schemaversion="5">
<suite id="s1" name="CAPSTONE PROJECT" source="C:\Users\user\Desktop\CAPSTONE PROJECT">
<suite id="s1-s1" name="E-Commerce Application" source="C:\Users\user\Desktop\CAPSTONE PROJECT\E-Commerce Application">
<suite id="s1-s1-s1" name="Robot Framework" source="C:\Users\user\Desktop\CAPSTONE PROJECT\E-Commerce Application\robot_framework">
<suite id="s1-s1-s1-s1" name="Register" source="C:\Users\user\Desktop\CAPSTONE PROJECT\E-Commerce Application\robot_framework\register.robot">
<kw name="Open Browser To Registration Page" type="SETUP">
<kw name="Open Browser" owner="SeleniumLibrary">
<msg time="2026-02-16T18:41:05.093625" level="INFO">Opening browser 'Chrome' to base url 'https://www.katespade.com/account-login'.</msg>
<arg>${URL}</arg>
<arg>${BROWSER}</arg>
<doc>Opens a new browser instance to the optional ``url``.</doc>
<status status="PASS" start="2026-02-16T18:41:05.093217" elapsed="5.714317"/>
</kw>
<kw name="Maximize Browser Window" owner="SeleniumLibrary">
<doc>Maximizes current browser window.</doc>
<status status="PASS" start="2026-02-16T18:41:10.808110" elapsed="0.176713"/>
</kw>
<kw name="Set Selenium Timeout" owner="SeleniumLibrary">
<arg>${TIMEOUT}</arg>
<doc>Sets the timeout that is used by various keywords.</doc>
<status status="PASS" start="2026-02-16T18:41:10.985690" elapsed="0.003432"/>
</kw>
<kw name="Wait Until Element Is Visible" owner="SeleniumLibrary">
<arg>id=registration-form-fname</arg>
<arg>timeout=${TIMEOUT}</arg>
<doc>Waits until the element ``locator`` is visible.</doc>
<status status="PASS" start="2026-02-16T18:41:10.990021" elapsed="0.061036"/>
</kw>
<status status="PASS" start="2026-02-16T18:41:05.092482" elapsed="5.959153"/>
</kw>
<test id="s1-s1-s1-s1-t1" name="TC01 Successful Registration With Valid Data" line="45">
<kw name="Fill Registration Form">
<kw name="Scroll Element Into View" owner="SeleniumLibrary">
<arg>id=registration-form-fname</arg>
<doc>Scrolls the element identified by ``locator`` into view.</doc>
<status status="PASS" start="2026-02-16T18:41:11.065379" elapsed="0.332609"/>
</kw>
<kw name="Wait Until Element Is Visible" owner="SeleniumLibrary">
<arg>id=registration-form-fname</arg>
<arg>timeout=${TIMEOUT}</arg>
<doc>Waits until the element ``locator`` is visible.</doc>
<status status="PASS" start="2026-02-16T18:41:11.398673" elapsed="0.361913"/>
</kw>
<kw name="Input Text" owner="SeleniumLibrary">
<msg time="2026-02-16T18:41:11.762000" level="INFO">Typing text 'John' into text field 'id=registration-form-fname'.</msg>
<arg>id=registration-form-fname</arg>
<arg>${FIRST_NAME}</arg>
<doc>Types the given ``text`` into the text field identified by ``locator``.</doc>
<status status="PASS" start="2026-02-16T18:41:11.761140" elapsed="1.167852"/>
</kw>
<kw name="Input Text" owner="SeleniumLibrary">
<msg time="2026-02-16T18:41:12.930232" level="INFO">Typing text 'Doe' into text field 'id=registration-form-lname'.</msg>
<arg>id=registration-form-lname</arg>
<arg>${LAST_NAME}</arg>
<doc>Types the given ``text`` into the text field identified by ``locator``.</doc>
<status status="PASS" start="2026-02-16T18:41:12.929417" elapsed="0.563474"/>
</kw>
<kw name="Input Text" owner="SeleniumLibrary">
<msg time="2026-02-16T18:41:13.494302" level="INFO">Typing text 'testuser@mailinator.com' into text field 'id=registration-form-email'.</msg>
<arg>id=registration-form-email</arg>
<arg>${EMAIL}</arg>
<doc>Types the given ``text`` into the text field identified by ``locator``.</doc>
<status status="PASS" start="2026-02-16T18:41:13.493391" elapsed="0.700140"/>
</kw>
<kw name="Input Text" owner="SeleniumLibrary">
<msg time="2026-02-16T18:41:14.194616" level="INFO">Typing text 'Test@12345' into text field 'id=registration-form-password'.</msg>
<arg>id=registration-form-password</arg>
<arg>${PASSWORD}</arg>
<doc>Types the given ``text`` into the text field identified by ``locator``.</doc>
<status status="PASS" start="2026-02-16T18:41:14.193932" elapsed="0.496315"/>
</kw>
<kw name="Input Text" owner="SeleniumLibrary">
<msg time="2026-02-16T18:41:14.691303" level="INFO">Typing text '9876543210timeout=15s' into text field 'name=dwfrm_profile_customer_phone'.</msg>
<arg>name=dwfrm_profile_customer_phone</arg>
<arg>${PHONE}timeout=${TIMEOUT}</arg>
<doc>Types the given ``text`` into the text field identified by ``locator``.</doc>
<status status="PASS" start="2026-02-16T18:41:14.690603" elapsed="0.457375"/>
</kw>
<kw name="Wait Until Element Is Visible" owner="SeleniumLibrary">
<arg>xpath=//iframe[contains(@title,'reCAPTCHA')]</arg>
<doc>Waits until the element ``locator`` is visible.</doc>
<status status="PASS" start="2026-02-16T18:41:15.148467" elapsed="0.127222"/>
</kw>
<kw name="Select Frame" owner="SeleniumLibrary">
<msg time="2026-02-16T18:41:15.276480" level="INFO">Selecting frame 'xpath=//iframe[contains(@title,'reCAPTCHA')]'.</msg>
<arg>xpath=//iframe[contains(@title,'reCAPTCHA')]</arg>
<doc>Sets frame identified by ``locator`` as the current frame.</doc>
<status status="PASS" start="2026-02-16T18:41:15.276012" elapsed="0.134380"/>
</kw>
<kw name="Click Element" owner="SeleniumLibrary">
<msg time="2026-02-16T18:41:15.411518" level="INFO">Clicking element 'css=.recaptcha-checkbox-border'.</msg>
<arg>css=.recaptcha-checkbox-border</arg>
<doc>Click the element identified by ``locator``.</doc>
<status status="PASS" start="2026-02-16T18:41:15.410729" elapsed="0.390895"/>
</kw>
<kw name="Unselect Frame" owner="SeleniumLibrary">
<doc>Sets the main frame as the current frame.</doc>
<status status="PASS" start="2026-02-16T18:41:15.801992" elapsed="0.040100"/>
</kw>
<kw name="Sleep" owner="BuiltIn">
<msg time="2026-02-16T18:41:20.843708" level="INFO">Slept 5 seconds.</msg>
<arg>time_=5s</arg>
<doc>Pauses the test executed for the given time.</doc>
<status status="PASS" start="2026-02-16T18:41:15.842483" elapsed="5.001591"/>
</kw>
<status status="PASS" start="2026-02-16T18:41:11.062602" elapsed="9.781724"/>
</kw>
<kw name="Click Create Account Button">
<kw name="Scroll Element Into View" owner="SeleniumLibrary">
<msg time="2026-02-16T18:41:21.092174" level="INFO" html="true">&lt;/td&gt;&lt;/tr&gt;&lt;tr&gt;&lt;td colspan="3"&gt;&lt;a href="selenium-screenshot-4.png"&gt;&lt;img src="selenium-screenshot-4.png" width="800px"&gt;&lt;/a&gt;</msg>
<msg time="2026-02-16T18:41:21.092976" level="FAIL">ElementNotInteractableException: Message: element not interactable: [object HTMLButtonElement] has no size and location
  (Session info: chrome=144.0.7559.133); For documentation on this error, please visit: https://www.selenium.dev/documentation/webdriver/troubleshooting/errors#elementnotinteractableexception
Stacktrace:
Symbols not available. Dumping unresolved backtrace:
	0x7ff62494f3d5
	0x7ff62494f430
	0x7ff6246f10bd
	0x7ff6246f9021
	0x7ff6246fc144
	0x7ff6246fc20f
	0x7ff624753a44
	0x7ff624752c32
	0x7ff6247a542e
	0x7ff62477589a
	0x7ff624799d08
	0x7ff62473cb0c
	0x7ff62473da53
	0x7ff624c2b470
	0x7ff624c2586d
	0x7ff624c4621a
	0x7ff62496b235
	0x7ff624973a5c
	0x7ff624958844
	0x7ff6249589f6
	0x7ff62493eb87
	0x7ffbd273e8d7
	0x7ffbd41ec40c
</msg>
<arg>css=button.btn-primary</arg>
<doc>Scrolls the element identified by ``locator`` into view.</doc>
<status status="FAIL" start="2026-02-16T18:41:20.845639" elapsed="0.262738">ElementNotInteractableException: Message: element not interactable: [object HTMLButtonElement] has no size and location
  (Session info: chrome=144.0.7559.133); For documentation on this error, please visit: https://www.selenium.dev/documentation/webdriver/troubleshooting/errors#elementnotinteractableexception
Stacktrace:
Symbols not available. Dumping unresolved backtrace:
	0x7ff62494f3d5
	0x7ff62494f430
	0x7ff6246f10bd
	0x7ff6246f9021
	0x7ff6246fc144
	0x7ff6246fc20f
	0x7ff624753a44
	0x7ff624752c32
	0x7ff6247a542e
	0x7ff62477589a
	0x7ff624799d08
	0x7ff62473cb0c
	0x7ff62473da53
	0x7ff624c2b470
	0x7ff624c2586d
	0x7ff624c4621a
	0x7ff62496b235
	0x7ff624973a5c
	0x7ff624958844
	0x7ff6249589f6
	0x7ff62493eb87
	0x7ffbd273e8d7
	0x7ffbd41ec40c
</status>
</kw>
<kw name="Sleep" owner="BuiltIn">
<arg>2s</arg>
<doc>Pauses the test executed for the given time.</doc>
<status status="NOT RUN" start="2026-02-16T18:41:21.109407" elapsed="0.000596"/>
</kw>
<kw name="Execute Javascript" owner="SeleniumLibrary">
<arg>document.querySelector("button.btn-primary").click();</arg>
<doc>Executes the given JavaScript code with possible arguments.</doc>
<status status="NOT RUN" start="2026-02-16T18:41:21.110771" elapsed="0.000530"/>
</kw>
<status status="FAIL" start="2026-02-16T18:41:20.844904" elapsed="0.266847">ElementNotInteractableException: Message: element not interactable: [object HTMLButtonElement] has no size and location
  (Session info: chrome=144.0.7559.133); For documentation on this error, please visit: https://www.selenium.dev/documentation/webdriver/troubleshooting/errors#elementnotinteractableexception
Stacktrace:
Symbols not available. Dumping unresolved backtrace:
	0x7ff62494f3d5
	0x7ff62494f430
	0x7ff6246f10bd
	0x7ff6246f9021
	0x7ff6246fc144
	0x7ff6246fc20f
	0x7ff624753a44
	0x7ff624752c32
	0x7ff6247a542e
	0x7ff62477589a
	0x7ff624799d08
	0x7ff62473cb0c
	0x7ff62473da53
	0x7ff624c2b470
	0x7ff624c2586d
	0x7ff624c4621a
	0x7ff62496b235
	0x7ff624973a5c
	0x7ff624958844
	0x7ff6249589f6
	0x7ff62493eb87
	0x7ffbd273e8d7
	0x7ffbd41ec40c
</status>
</kw>
<status status="FAIL" start="2026-02-16T18:41:11.051957" elapsed="10.060546">ElementNotInteractableException: Message: element not interactable: [object HTMLButtonElement] has no size and location
  (Session info: chrome=144.0.7559.133); For documentation on this error, please visit: https://www.selenium.dev/documentation/webdriver/troubleshooting/errors#elementnotinteractableexception
Stacktrace:
Symbols not available. Dumping unresolved backtrace:
	0x7ff62494f3d5
	0x7ff62494f430
	0x7ff6246f10bd
	0x7ff6246f9021
	0x7ff6246fc144
	0x7ff6246fc20f
	0x7ff624753a44
	0x7ff624752c32
	0x7ff6247a542e
	0x7ff62477589a
	0x7ff624799d08
	0x7ff62473cb0c
	0x7ff62473da53
	0x7ff624c2b470
	0x7ff624c2586d
	0x7ff624c4621a
	0x7ff62496b235
	0x7ff624973a5c
	0x7ff624958844
	0x7ff6249589f6
	0x7ff62493eb87
	0x7ffbd273e8d7
	0x7ffbd41ec40c
</status>
</test>
<kw name="Close Browser" owner="SeleniumLibrary" type="TEARDOWN">
<doc>Closes the current browser.</doc>
<status status="PASS" start="2026-02-16T18:41:21.137151" elapsed="2.365169"/>
</kw>
<doc>Automated Registration Test for Kate Spade</doc>
<status status="FAIL" start="2026-02-16T18:41:04.937946" elapsed="18.564911"/>
</suite>
<status status="FAIL" start="2026-02-16T18:41:04.932794" elapsed="18.577343"/>
</suite>
<status status="FAIL" start="2026-02-16T18:41:04.926816" elapsed="18.585901"/>
</suite>
<status status="FAIL" start="2026-02-16T18:41:04.886584" elapsed="18.628496"/>
</suite>
<statistics>
<total>
<stat pass="0" fail="1" skip="0">All Tests</stat>
</total>
<tag>
</tag>
<suite>
<stat name="CAPSTONE PROJECT" id="s1" pass="0" fail="1" skip="0">CAPSTONE PROJECT</stat>
<stat name="E-Commerce Application" id="s1-s1" pass="0" fail="1" skip="0">CAPSTONE PROJECT.E-Commerce Application</stat>
<stat name="Robot Framework" id="s1-s1-s1" pass="0" fail="1" skip="0">CAPSTONE PROJECT.E-Commerce Application.Robot Framework</stat>
<stat name="Register" id="s1-s1-s1-s1" pass="0" fail="1" skip="0">CAPSTONE PROJECT.E-Commerce Application.Robot Framework.Register</stat>
</suite>
</statistics>
<errors>
</errors>
</robot>
