<?xml version="1.0" encoding="UTF-8"?>
<robot generator="Robot 7.4.1 (Python 3.13.11 on win32)" generated="2026-02-20T11:01:58.328786" rpa="false" schemaversion="5">
<suite id="s1" name="Tests" source="C:\Users\user\Desktop\CAPSTONE PROJECT\Ecommerce\robot-framework\tests">
<suite id="s1-s1" name="00 Invalid Login" source="C:\Users\user\Desktop\CAPSTONE PROJECT\Ecommerce\robot-framework\tests\00_invalid_login.robot">
<kw name="Open Website" owner="ecommerce_keywords" type="SETUP">
<if>
<branch type="IF" condition="'${BROWSER}' == 'Chrome'">
<kw name="Evaluate" owner="BuiltIn">
<var>${options}</var>
<arg>sys.modules['selenium.webdriver'].ChromeOptions()</arg>
<arg>sys, selenium.webdriver</arg>
<doc>Evaluates the given expression in Python and returns the result.</doc>
<status status="NOT RUN" start="2026-02-20T11:01:58.625662" elapsed="0.000061"/>
</kw>
<kw name="Evaluate" owner="BuiltIn">
<var>${temp_dir}</var>
<arg>__import__('tempfile').mkdtemp()</arg>
<doc>Evaluates the given expression in Python and returns the result.</doc>
<status status="NOT RUN" start="2026-02-20T11:01:58.625911" elapsed="0.000033"/>
</kw>
<kw name="Create Dictionary" owner="BuiltIn">
<var>${prefs}</var>
<arg>credentials_enable_service=False</arg>
<arg>profile.password_manager_enabled=False</arg>
<arg>profile.default_content_setting_values.notifications=2</arg>
<doc>Creates and returns a dictionary based on the given ``items``.</doc>
<status status="NOT RUN" start="2026-02-20T11:01:58.626066" elapsed="0.000077"/>
</kw>
<kw name="Call Method" owner="BuiltIn">
<arg>${options}</arg>
<arg>add_experimental_option</arg>
<arg>prefs</arg>
<arg>${prefs}</arg>
<doc>Calls the named method of the given object with the provided arguments.</doc>
<status status="NOT RUN" start="2026-02-20T11:01:58.626252" elapsed="0.000026"/>
</kw>
<kw name="Set Variable" owner="BuiltIn">
<var>${incognito}</var>
<arg>--incognito</arg>
<doc>Returns the given values which can then be assigned to a variables.</doc>
<status status="NOT RUN" start="2026-02-20T11:01:58.626375" elapsed="0.000023"/>
</kw>
<kw name="Set Variable" owner="BuiltIn">
<var>${disable_pw}</var>
<arg>--disable-features=PasswordLeakDetection</arg>
<doc>Returns the given values which can then be assigned to a variables.</doc>
<status status="NOT RUN" start="2026-02-20T11:01:58.626485" elapsed="0.000024"/>
</kw>
<kw name="Set Variable" owner="BuiltIn">
<var>${disable_notify}</var>
<arg>--disable-notifications</arg>
<doc>Returns the given values which can then be assigned to a variables.</doc>
<status status="NOT RUN" start="2026-02-20T11:01:58.626594" elapsed="0.000025"/>
</kw>
<kw name="Set Variable" owner="BuiltIn">
<var>${no_first}</var>
<arg>--no-first-run</arg>
<doc>Returns the given values which can then be assigned to a variables.</doc>
<status status="NOT RUN" start="2026-02-20T11:01:58.626721" elapsed="0.000023"/>
</kw>
<kw name="Set Variable" owner="BuiltIn">
<var>${no_default}</var>
<arg>--no-default-browser-check</arg>
<doc>Returns the given values which can then be assigned to a variables.</doc>
<status status="NOT RUN" start="2026-02-20T11:01:58.626829" elapsed="0.000027"/>
</kw>
<kw name="Set Variable" owner="BuiltIn">
<var>${maximize}</var>
<arg>--start-maximized</arg>
<doc>Returns the given values which can then be assigned to a variables.</doc>
<status status="NOT RUN" start="2026-02-20T11:01:58.626940" elapsed="0.000023"/>
</kw>
<kw name="Set Variable" owner="BuiltIn">
<var>${profile}</var>
<arg>--user-data-dir=${temp_dir}</arg>
<doc>Returns the given values which can then be assigned to a variables.</doc>
<status status="NOT RUN" start="2026-02-20T11:01:58.627048" elapsed="0.000024"/>
</kw>
<kw name="Call Method" owner="BuiltIn">
<arg>${options}</arg>
<arg>add_argument</arg>
<arg>${incognito}</arg>
<doc>Calls the named method of the given object with the provided arguments.</doc>
<status status="NOT RUN" start="2026-02-20T11:01:58.627157" elapsed="0.000025"/>
</kw>
<kw name="Call Method" owner="BuiltIn">
<arg>${options}</arg>
<arg>add_argument</arg>
<arg>${disable_pw}</arg>
<doc>Calls the named method of the given object with the provided arguments.</doc>
<status status="NOT RUN" start="2026-02-20T11:01:58.627266" elapsed="0.000022"/>
</kw>
<kw name="Call Method" owner="BuiltIn">
<arg>${options}</arg>
<arg>add_argument</arg>
<arg>${disable_notify}</arg>
<doc>Calls the named method of the given object with the provided arguments.</doc>
<status status="NOT RUN" start="2026-02-20T11:01:58.627371" elapsed="0.000023"/>
</kw>
<kw name="Call Method" owner="BuiltIn">
<arg>${options}</arg>
<arg>add_argument</arg>
<arg>${no_first}</arg>
<doc>Calls the named method of the given object with the provided arguments.</doc>
<status status="NOT RUN" start="2026-02-20T11:01:58.627477" elapsed="0.000023"/>
</kw>
<kw name="Call Method" owner="BuiltIn">
<arg>${options}</arg>
<arg>add_argument</arg>
<arg>${no_default}</arg>
<doc>Calls the named method of the given object with the provided arguments.</doc>
<status status="NOT RUN" start="2026-02-20T11:01:58.627687" elapsed="0.000029"/>
</kw>
<kw name="Call Method" owner="BuiltIn">
<arg>${options}</arg>
<arg>add_argument</arg>
<arg>${maximize}</arg>
<doc>Calls the named method of the given object with the provided arguments.</doc>
<status status="NOT RUN" start="2026-02-20T11:01:58.627805" elapsed="0.000025"/>
</kw>
<kw name="Call Method" owner="BuiltIn">
<arg>${options}</arg>
<arg>add_argument</arg>
<arg>${profile}</arg>
<doc>Calls the named method of the given object with the provided arguments.</doc>
<status status="NOT RUN" start="2026-02-20T11:01:58.627921" elapsed="0.000027"/>
</kw>
<kw name="Create Webdriver" owner="SeleniumLibrary">
<arg>Chrome</arg>
<arg>options=${options}</arg>
<doc>Creates an instance of Selenium WebDriver.</doc>
<status status="NOT RUN" start="2026-02-20T11:01:58.628053" elapsed="0.000028"/>
</kw>
<kw name="Go To" owner="SeleniumLibrary">
<arg>${URL}</arg>
<doc>Navigates the current browser window to the provided ``url``.</doc>
<status status="NOT RUN" start="2026-02-20T11:01:58.628175" elapsed="0.000025"/>
</kw>
<status status="NOT RUN" start="2026-02-20T11:01:58.624482" elapsed="0.003754"/>
</branch>
<branch type="ELSE IF" condition="'${BROWSER}' == 'Edge'">
<kw name="Open Browser" owner="SeleniumLibrary">
<msg time="2026-02-20T11:01:58.628884" level="INFO">Opening browser 'Edge' to base url 'https://www.saucedemo.com/'.</msg>
<msg time="2026-02-20T11:02:01.052131" level="WARN">There was an error managing MicrosoftEdge (error sending request for url (https://msedgedriver.azureedge.net/LATEST_RELEASE_145_WINDOWS): error trying to connect: dns error: No such host is known. (os error 11001)); using driver found in the cache</msg>
<arg>${URL}</arg>
<arg>Edge</arg>
<doc>Opens a new browser instance to the optional ``url``.</doc>
<status status="PASS" start="2026-02-20T11:01:58.628563" elapsed="8.922424"/>
</kw>
<kw name="Maximize Browser Window" owner="SeleniumLibrary">
<doc>Maximizes current browser window.</doc>
<status status="PASS" start="2026-02-20T11:02:07.551623" elapsed="0.057746"/>
</kw>
<status status="PASS" start="2026-02-20T11:01:58.628292" elapsed="8.981386"/>
</branch>
<branch type="ELSE IF" condition="'${BROWSER}' == 'Firefox'">
<kw name="Evaluate" owner="BuiltIn">
<var>${ff_options}</var>
<arg>sys.modules['selenium.webdriver'].FirefoxOptions()</arg>
<arg>sys, selenium.webdriver</arg>
<doc>Evaluates the given expression in Python and returns the result.</doc>
<status status="NOT RUN" start="2026-02-20T11:02:07.610488" elapsed="0.000153"/>
</kw>
<kw name="Call Method" owner="BuiltIn">
<arg>${ff_options}</arg>
<arg>add_argument</arg>
<arg>-private</arg>
<doc>Calls the named method of the given object with the provided arguments.</doc>
<status status="NOT RUN" start="2026-02-20T11:02:07.611117" elapsed="0.000140"/>
</kw>
<kw name="Create Webdriver" owner="SeleniumLibrary">
<arg>Firefox</arg>
<arg>options=${ff_options}</arg>
<doc>Creates an instance of Selenium WebDriver.</doc>
<status status="NOT RUN" start="2026-02-20T11:02:07.611721" elapsed="0.000132"/>
</kw>
<kw name="Go To" owner="SeleniumLibrary">
<arg>${URL}</arg>
<doc>Navigates the current browser window to the provided ``url``.</doc>
<status status="NOT RUN" start="2026-02-20T11:02:07.612942" elapsed="0.000123"/>
</kw>
<status status="NOT RUN" start="2026-02-20T11:02:07.609935" elapsed="0.003283"/>
</branch>
<status status="PASS" start="2026-02-20T11:01:58.624398" elapsed="8.988959"/>
</if>
<kw name="Wait Until Element Is Visible" owner="SeleniumLibrary">
<arg>id=user-name</arg>
<arg>timeout=10s</arg>
<doc>Waits until the element ``locator`` is visible.</doc>
<status status="PASS" start="2026-02-20T11:02:07.613701" elapsed="0.069532"/>
</kw>
<kw name="Sleep" owner="BuiltIn">
<msg time="2026-02-20T11:02:08.385784" level="INFO">Slept 700 milliseconds.</msg>
<arg>${DELAY}</arg>
<doc>Pauses the test executed for the given time.</doc>
<status status="PASS" start="2026-02-20T11:02:07.683756" elapsed="0.702495"/>
</kw>
<status status="PASS" start="2026-02-20T11:01:58.624043" elapsed="9.763121"/>
</kw>
<test id="s1-s1-t1" name="Invalid Login From CSV" line="10">
<kw name="Get File" owner="OperatingSystem">
<msg time="2026-02-20T11:02:08.390063" level="INFO" html="true">Getting file '&lt;a href="file://C:\Users\user\Desktop\CAPSTONE PROJECT\Ecommerce\robot-framework\data\invalid_login_data.csv"&gt;C:\Users\user\Desktop\CAPSTONE PROJECT\Ecommerce\robot-framework\data\invalid_login_data.csv&lt;/a&gt;'.</msg>
<msg time="2026-02-20T11:02:08.392488" level="INFO">${file} = username,password
invalid_user,wrong_password
locked_out_user,
,wrong_password
</msg>
<var>${file}</var>
<arg>C:\\Users\\user\\Desktop\\CAPSTONE PROJECT\\Ecommerce\\robot-framework\\tests/../data/invalid_login_data.csv</arg>
<doc>Returns the contents of a specified file.</doc>
<status status="PASS" start="2026-02-20T11:02:08.389483" elapsed="0.003165"/>
</kw>
<kw name="Split To Lines" owner="String">
<msg time="2026-02-20T11:02:08.394219" level="INFO">4 lines returned.</msg>
<msg time="2026-02-20T11:02:08.394511" level="INFO">${lines} = ['username,password', 'invalid_user,wrong_password', 'locked_out_user,', ',wrong_password']</msg>
<var>${lines}</var>
<arg>${file}</arg>
<doc>Splits the given string to lines.</doc>
<status status="PASS" start="2026-02-20T11:02:08.393610" elapsed="0.001008"/>
</kw>
<kw name="Get Slice From List" owner="Collections">
<msg time="2026-02-20T11:02:08.396315" level="INFO">${data} = ['invalid_user,wrong_password', 'locked_out_user,', ',wrong_password']</msg>
<var>${data}</var>
<arg>${lines}</arg>
<arg>1</arg>
<doc>Returns a slice of the given list between ``start`` and ``end`` indexes.</doc>
<status status="PASS" start="2026-02-20T11:02:08.395525" elapsed="0.000923"/>
</kw>
<for flavor="IN ENUMERATE">
<iter>
<kw name="Log" owner="BuiltIn">
<msg time="2026-02-20T11:02:08.401321" level="INFO">
===== Executing Invalid Login Dataset 1 =====</msg>
<arg>\n===== Executing Invalid Login Dataset ${index + 1} =====</arg>
<doc>Logs the given message with the given level.</doc>
<status status="PASS" start="2026-02-20T11:02:08.398869" elapsed="0.002662"/>
</kw>
<kw name="Split String" owner="String">
<msg time="2026-02-20T11:02:08.403929" level="INFO">${columns} = ['invalid_user', 'wrong_password']</msg>
<var>${columns}</var>
<arg>${row}</arg>
<arg>,</arg>
<doc>Splits the ``string`` using ``separator`` as a delimiter string.</doc>
<status status="PASS" start="2026-02-20T11:02:08.401954" elapsed="0.002257"/>
</kw>
<kw name="Get From List" owner="Collections">
<msg time="2026-02-20T11:02:08.405971" level="INFO">${username} = invalid_user</msg>
<var>${username}</var>
<arg>${columns}</arg>
<arg>0</arg>
<doc>Returns the value specified with an ``index`` from ``list``.</doc>
<status status="PASS" start="2026-02-20T11:02:08.405109" elapsed="0.000987"/>
</kw>
<kw name="Get From List" owner="Collections">
<msg time="2026-02-20T11:02:08.408190" level="INFO">${password} = wrong_password</msg>
<var>${password}</var>
<arg>${columns}</arg>
<arg>1</arg>
<doc>Returns the value specified with an ``index`` from ``list``.</doc>
<status status="PASS" start="2026-02-20T11:02:08.407241" elapsed="0.001082"/>
</kw>
<kw name="Input Text" owner="SeleniumLibrary">
<msg time="2026-02-20T11:02:08.409896" level="INFO">Typing text 'invalid_user' into text field 'id=user-name'.</msg>
<arg>id=user-name</arg>
<arg>${username}</arg>
<doc>Types the given ``text`` into the text field identified by ``locator``.</doc>
<status status="PASS" start="2026-02-20T11:02:08.409022" elapsed="0.320869"/>
</kw>
<kw name="Input Text" owner="SeleniumLibrary">
<msg time="2026-02-20T11:02:08.731261" level="INFO">Typing text 'wrong_password' into text field 'id=password'.</msg>
<arg>id=password</arg>
<arg>${password}</arg>
<doc>Types the given ``text`` into the text field identified by ``locator``.</doc>
<status status="PASS" start="2026-02-20T11:02:08.730496" elapsed="0.221769"/>
</kw>
<kw name="Click Button" owner="SeleniumLibrary">
<msg time="2026-02-20T11:02:08.953307" level="INFO">Clicking button 'id=login-button'.</msg>
<arg>id=login-button</arg>
<doc>Clicks the button identified by ``locator``.</doc>
<status status="PASS" start="2026-02-20T11:02:08.952772" elapsed="0.225384"/>
</kw>
<kw name="Wait Until Page Contains Element" owner="SeleniumLibrary">
<arg>css=h3[data-test="error"]</arg>
<arg>timeout=5s</arg>
<doc>Waits until the element ``locator`` appears on the current page.</doc>
<status status="PASS" start="2026-02-20T11:02:09.178662" elapsed="0.026428"/>
</kw>
<kw name="Run Keyword And Return Status" owner="BuiltIn">
<kw name="Page Should Contain" owner="SeleniumLibrary">
<msg time="2026-02-20T11:02:09.276496" level="FAIL">Page should have contained text 'Password is required' but did not.</msg>
<arg>Password is required</arg>
<doc>Verifies that current page contains ``text``.</doc>
<status status="FAIL" start="2026-02-20T11:02:09.207794" elapsed="0.078020">Page should have contained text 'Password is required' but did not.</status>
</kw>
<msg time="2026-02-20T11:02:09.286418" level="INFO">${pass_missing} = False</msg>
<var>${pass_missing}</var>
<arg>Page Should Contain</arg>
<arg>Password is required</arg>
<doc>Runs the specified keyword and returns the status as a Boolean value.</doc>
<status status="PASS" start="2026-02-20T11:02:09.205727" elapsed="0.080813"/>
</kw>
<kw name="Run Keyword And Return Status" owner="BuiltIn">
<kw name="Page Should Contain" owner="SeleniumLibrary">
<msg time="2026-02-20T11:02:09.383058" level="FAIL">Page should have contained text 'Username is required' but did not.</msg>
<arg>Username is required</arg>
<doc>Verifies that current page contains ``text``.</doc>
<status status="FAIL" start="2026-02-20T11:02:09.288591" elapsed="0.097314">Page should have contained text 'Username is required' but did not.</status>
</kw>
<msg time="2026-02-20T11:02:09.386456" level="INFO">${user_missing} = False</msg>
<var>${user_missing}</var>
<arg>Page Should Contain</arg>
<arg>Username is required</arg>
<doc>Runs the specified keyword and returns the status as a Boolean value.</doc>
<status status="PASS" start="2026-02-20T11:02:09.287420" elapsed="0.099598"/>
</kw>
<kw name="Run Keyword And Return Status" owner="BuiltIn">
<kw name="Page Should Contain" owner="SeleniumLibrary">
<msg time="2026-02-20T11:02:09.428284" level="INFO">Current page contains text 'Username and password do not match'.</msg>
<arg>Username and password do not match</arg>
<doc>Verifies that current page contains ``text``.</doc>
<status status="PASS" start="2026-02-20T11:02:09.389035" elapsed="0.039552"/>
</kw>
<msg time="2026-02-20T11:02:09.429131" level="INFO">${invalid_match} = True</msg>
<var>${invalid_match}</var>
<arg>Page Should Contain</arg>
<arg>Username and password do not match</arg>
<doc>Runs the specified keyword and returns the status as a Boolean value.</doc>
<status status="PASS" start="2026-02-20T11:02:09.387647" elapsed="0.041616"/>
</kw>
<if>
<branch type="IF" condition="${pass_missing} or ${user_missing} or ${invalid_match}">
<kw name="Capture Page Screenshot" owner="SeleniumLibrary">
<msg time="2026-02-20T11:02:09.578139" level="INFO" html="true">&lt;/td&gt;&lt;/tr&gt;&lt;tr&gt;&lt;td colspan="3"&gt;&lt;a href="invalid_login_1.png"&gt;&lt;img src="invalid_login_1.png" width="800px"&gt;&lt;/a&gt;</msg>
<msg time="2026-02-20T11:02:09.578642" level="INFO">${path} = C:\Users\user\Desktop\CAPSTONE PROJECT\Ecommerce\robot-framework\reports\Edge\Edge_2026-02-20_Run1\invalid_login_1.png</msg>
<var>${path}</var>
<arg>invalid_login_${index + 1}.png</arg>
<doc>Takes a screenshot of the current page and embeds it into a log file.</doc>
<status status="PASS" start="2026-02-20T11:02:09.431280" elapsed="0.147511"/>
</kw>
<kw name="Log" owner="BuiltIn">
<msg time="2026-02-20T11:02:09.580692" level="INFO" html="true">&lt;img src="C:\Users\user\Desktop\CAPSTONE PROJECT\Ecommerce\robot-framework\reports\Edge\Edge_2026-02-20_Run1\invalid_login_1.png" width="600px"&gt;</msg>
<arg>&lt;img src="${path}" width="600px"&gt;</arg>
<arg>html=True</arg>
<doc>Logs the given message with the given level.</doc>
<status status="PASS" start="2026-02-20T11:02:09.579355" elapsed="0.001688"/>
</kw>
<kw name="Log" owner="BuiltIn">
<msg time="2026-02-20T11:02:09.586151" level="INFO">✅ Expected validation message displayed</msg>
<arg>✅ Expected validation message displayed</arg>
<doc>Logs the given message with the given level.</doc>
<status status="PASS" start="2026-02-20T11:02:09.581558" elapsed="0.005293"/>
</kw>
<status status="PASS" start="2026-02-20T11:02:09.429679" elapsed="0.157462"/>
</branch>
<branch type="ELSE">
<kw name="Fail" owner="BuiltIn">
<arg>Unexpected error message for dataset ${index + 1}</arg>
<doc>Fails the test with the given message and optionally alters its tags.</doc>
<status status="NOT RUN" start="2026-02-20T11:02:09.587793" elapsed="0.000118"/>
</kw>
<status status="NOT RUN" start="2026-02-20T11:02:09.587332" elapsed="0.000817"/>
</branch>
<status status="PASS" start="2026-02-20T11:02:09.429580" elapsed="0.158827"/>
</if>
<kw name="Go To" owner="SeleniumLibrary">
<msg time="2026-02-20T11:02:09.589498" level="INFO">Opening url 'https://www.saucedemo.com/'</msg>
<arg>${URL}</arg>
<doc>Navigates the current browser window to the provided ``url``.</doc>
<status status="PASS" start="2026-02-20T11:02:09.588904" elapsed="0.635622"/>
</kw>
<var name="${index}">0</var>
<var name="${row}">invalid_user,wrong_password</var>
<status status="PASS" start="2026-02-20T11:02:08.398501" elapsed="1.826291"/>
</iter>
<iter>
<kw name="Log" owner="BuiltIn">
<msg time="2026-02-20T11:02:10.229613" level="INFO">
===== Executing Invalid Login Dataset 2 =====</msg>
<arg>\n===== Executing Invalid Login Dataset ${index + 1} =====</arg>
<doc>Logs the given message with the given level.</doc>
<status status="PASS" start="2026-02-20T11:02:10.226177" elapsed="0.003702"/>
</kw>
<kw name="Split String" owner="String">
<msg time="2026-02-20T11:02:10.231711" level="INFO">${columns} = ['locked_out_user', '']</msg>
<var>${columns}</var>
<arg>${row}</arg>
<arg>,</arg>
<doc>Splits the ``string`` using ``separator`` as a delimiter string.</doc>
<status status="PASS" start="2026-02-20T11:02:10.230429" elapsed="0.001463"/>
</kw>
<kw name="Get From List" owner="Collections">
<msg time="2026-02-20T11:02:10.233299" level="INFO">${username} = locked_out_user</msg>
<var>${username}</var>
<arg>${columns}</arg>
<arg>0</arg>
<doc>Returns the value specified with an ``index`` from ``list``.</doc>
<status status="PASS" start="2026-02-20T11:02:10.232521" elapsed="0.000890"/>
</kw>
<kw name="Get From List" owner="Collections">
<msg time="2026-02-20T11:02:10.234415" level="INFO">${password} = </msg>
<var>${password}</var>
<arg>${columns}</arg>
<arg>1</arg>
<doc>Returns the value specified with an ``index`` from ``list``.</doc>
<status status="PASS" start="2026-02-20T11:02:10.233810" elapsed="0.000722"/>
</kw>
<kw name="Input Text" owner="SeleniumLibrary">
<msg time="2026-02-20T11:02:10.235887" level="INFO">Typing text 'locked_out_user' into text field 'id=user-name'.</msg>
<arg>id=user-name</arg>
<arg>${username}</arg>
<doc>Types the given ``text`` into the text field identified by ``locator``.</doc>
<status status="PASS" start="2026-02-20T11:02:10.235116" elapsed="0.264453"/>
</kw>
<kw name="Input Text" owner="SeleniumLibrary">
<msg time="2026-02-20T11:02:10.500948" level="INFO">Typing text '' into text field 'id=password'.</msg>
<arg>id=password</arg>
<arg>${password}</arg>
<doc>Types the given ``text`` into the text field identified by ``locator``.</doc>
<status status="PASS" start="2026-02-20T11:02:10.500167" elapsed="0.211348"/>
</kw>
<kw name="Click Button" owner="SeleniumLibrary">
<msg time="2026-02-20T11:02:10.712704" level="INFO">Clicking button 'id=login-button'.</msg>
<arg>id=login-button</arg>
<doc>Clicks the button identified by ``locator``.</doc>
<status status="PASS" start="2026-02-20T11:02:10.712096" elapsed="0.182857"/>
</kw>
<kw name="Wait Until Page Contains Element" owner="SeleniumLibrary">
<arg>css=h3[data-test="error"]</arg>
<arg>timeout=5s</arg>
<doc>Waits until the element ``locator`` appears on the current page.</doc>
<status status="PASS" start="2026-02-20T11:02:10.895639" elapsed="0.022042"/>
</kw>
<kw name="Run Keyword And Return Status" owner="BuiltIn">
<kw name="Page Should Contain" owner="SeleniumLibrary">
<msg time="2026-02-20T11:02:10.950517" level="INFO">Current page contains text 'Password is required'.</msg>
<arg>Password is required</arg>
<doc>Verifies that current page contains ``text``.</doc>
<status status="PASS" start="2026-02-20T11:02:10.919316" elapsed="0.031485"/>
</kw>
<msg time="2026-02-20T11:02:10.951235" level="INFO">${pass_missing} = True</msg>
<var>${pass_missing}</var>
<arg>Page Should Contain</arg>
<arg>Password is required</arg>
<doc>Runs the specified keyword and returns the status as a Boolean value.</doc>
<status status="PASS" start="2026-02-20T11:02:10.918259" elapsed="0.033097"/>
</kw>
<kw name="Run Keyword And Return Status" owner="BuiltIn">
<kw name="Page Should Contain" owner="SeleniumLibrary">
<msg time="2026-02-20T11:02:11.022756" level="FAIL">Page should have contained text 'Username is required' but did not.</msg>
<arg>Username is required</arg>
<doc>Verifies that current page contains ``text``.</doc>
<status status="FAIL" start="2026-02-20T11:02:10.952900" elapsed="0.071964">Page should have contained text 'Username is required' but did not.</status>
</kw>
<msg time="2026-02-20T11:02:11.025382" level="INFO">${user_missing} = False</msg>
<var>${user_missing}</var>
<arg>Page Should Contain</arg>
<arg>Username is required</arg>
<doc>Runs the specified keyword and returns the status as a Boolean value.</doc>
<status status="PASS" start="2026-02-20T11:02:10.951837" elapsed="0.073652"/>
</kw>
<kw name="Run Keyword And Return Status" owner="BuiltIn">
<kw name="Page Should Contain" owner="SeleniumLibrary">
<msg time="2026-02-20T11:02:11.081834" level="FAIL">Page should have contained text 'Username and password do not match' but did not.</msg>
<arg>Username and password do not match</arg>
<doc>Verifies that current page contains ``text``.</doc>
<status status="FAIL" start="2026-02-20T11:02:11.027380" elapsed="0.056676">Page should have contained text 'Username and password do not match' but did not.</status>
</kw>
<msg time="2026-02-20T11:02:11.084579" level="INFO">${invalid_match} = False</msg>
<var>${invalid_match}</var>
<arg>Page Should Contain</arg>
<arg>Username and password do not match</arg>
<doc>Runs the specified keyword and returns the status as a Boolean value.</doc>
<status status="PASS" start="2026-02-20T11:02:11.025961" elapsed="0.058791"/>
</kw>
<if>
<branch type="IF" condition="${pass_missing} or ${user_missing} or ${invalid_match}">
<kw name="Capture Page Screenshot" owner="SeleniumLibrary">
<msg time="2026-02-20T11:02:11.251012" level="INFO" html="true">&lt;/td&gt;&lt;/tr&gt;&lt;tr&gt;&lt;td colspan="3"&gt;&lt;a href="invalid_login_2.png"&gt;&lt;img src="invalid_login_2.png" width="800px"&gt;&lt;/a&gt;</msg>
<msg time="2026-02-20T11:02:11.251646" level="INFO">${path} = C:\Users\user\Desktop\CAPSTONE PROJECT\Ecommerce\robot-framework\reports\Edge\Edge_2026-02-20_Run1\invalid_login_2.png</msg>
<var>${path}</var>
<arg>invalid_login_${index + 1}.png</arg>
<doc>Takes a screenshot of the current page and embeds it into a log file.</doc>
<status status="PASS" start="2026-02-20T11:02:11.086187" elapsed="0.165569"/>
</kw>
<kw name="Log" owner="BuiltIn">
<msg time="2026-02-20T11:02:11.253402" level="INFO" html="true">&lt;img src="C:\Users\user\Desktop\CAPSTONE PROJECT\Ecommerce\robot-framework\reports\Edge\Edge_2026-02-20_Run1\invalid_login_2.png" width="600px"&gt;</msg>
<arg>&lt;img src="${path}" width="600px"&gt;</arg>
<arg>html=True</arg>
<doc>Logs the given message with the given level.</doc>
<status status="PASS" start="2026-02-20T11:02:11.252299" elapsed="0.001280"/>
</kw>
<kw name="Log" owner="BuiltIn">
<msg time="2026-02-20T11:02:11.254605" level="INFO">✅ Expected validation message displayed</msg>
<arg>✅ Expected validation message displayed</arg>
<doc>Logs the given message with the given level.</doc>
<status status="PASS" start="2026-02-20T11:02:11.253964" elapsed="0.000801"/>
</kw>
<status status="PASS" start="2026-02-20T11:02:11.085167" elapsed="0.169760"/>
</branch>
<branch type="ELSE">
<kw name="Fail" owner="BuiltIn">
<arg>Unexpected error message for dataset ${index + 1}</arg>
<doc>Fails the test with the given message and optionally alters its tags.</doc>
<status status="NOT RUN" start="2026-02-20T11:02:11.255427" elapsed="0.000092"/>
</kw>
<status status="NOT RUN" start="2026-02-20T11:02:11.255098" elapsed="0.000570"/>
</branch>
<status status="PASS" start="2026-02-20T11:02:11.085082" elapsed="0.170706"/>
</if>
<kw name="Go To" owner="SeleniumLibrary">
<msg time="2026-02-20T11:02:11.256439" level="INFO">Opening url 'https://www.saucedemo.com/'</msg>
<arg>${URL}</arg>
<doc>Navigates the current browser window to the provided ``url``.</doc>
<status status="PASS" start="2026-02-20T11:02:11.256077" elapsed="0.515871"/>
</kw>
<var name="${index}">1</var>
<var name="${row}">locked_out_user,</var>
<status status="PASS" start="2026-02-20T11:02:10.225752" elapsed="1.546657"/>
</iter>
<iter>
<kw name="Log" owner="BuiltIn">
<msg time="2026-02-20T11:02:11.777564" level="INFO">
===== Executing Invalid Login Dataset 3 =====</msg>
<arg>\n===== Executing Invalid Login Dataset ${index + 1} =====</arg>
<doc>Logs the given message with the given level.</doc>
<status status="PASS" start="2026-02-20T11:02:11.774365" elapsed="0.003516"/>
</kw>
<kw name="Split String" owner="String">
<msg time="2026-02-20T11:02:11.779364" level="INFO">${columns} = ['', 'wrong_password']</msg>
<var>${columns}</var>
<arg>${row}</arg>
<arg>,</arg>
<doc>Splits the ``string`` using ``separator`` as a delimiter string.</doc>
<status status="PASS" start="2026-02-20T11:02:11.778470" elapsed="0.001012"/>
</kw>
<kw name="Get From List" owner="Collections">
<msg time="2026-02-20T11:02:11.780603" level="INFO">${username} = </msg>
<var>${username}</var>
<arg>${columns}</arg>
<arg>0</arg>
<doc>Returns the value specified with an ``index`` from ``list``.</doc>
<status status="PASS" start="2026-02-20T11:02:11.779974" elapsed="0.000772"/>
</kw>
<kw name="Get From List" owner="Collections">
<msg time="2026-02-20T11:02:11.781898" level="INFO">${password} = wrong_password</msg>
<var>${password}</var>
<arg>${columns}</arg>
<arg>1</arg>
<doc>Returns the value specified with an ``index`` from ``list``.</doc>
<status status="PASS" start="2026-02-20T11:02:11.781255" elapsed="0.000749"/>
</kw>
<kw name="Input Text" owner="SeleniumLibrary">
<msg time="2026-02-20T11:02:11.783122" level="INFO">Typing text '' into text field 'id=user-name'.</msg>
<arg>id=user-name</arg>
<arg>${username}</arg>
<doc>Types the given ``text`` into the text field identified by ``locator``.</doc>
<status status="PASS" start="2026-02-20T11:02:11.782445" elapsed="0.257683"/>
</kw>
<kw name="Input Text" owner="SeleniumLibrary">
<msg time="2026-02-20T11:02:12.041606" level="INFO">Typing text 'wrong_password' into text field 'id=password'.</msg>
<arg>id=password</arg>
<arg>${password}</arg>
<doc>Types the given ``text`` into the text field identified by ``locator``.</doc>
<status status="PASS" start="2026-02-20T11:02:12.040738" elapsed="0.261877"/>
</kw>
<kw name="Click Button" owner="SeleniumLibrary">
<msg time="2026-02-20T11:02:12.304269" level="INFO">Clicking button 'id=login-button'.</msg>
<arg>id=login-button</arg>
<doc>Clicks the button identified by ``locator``.</doc>
<status status="PASS" start="2026-02-20T11:02:12.303470" elapsed="0.189580"/>
</kw>
<kw name="Wait Until Page Contains Element" owner="SeleniumLibrary">
<arg>css=h3[data-test="error"]</arg>
<arg>timeout=5s</arg>
<doc>Waits until the element ``locator`` appears on the current page.</doc>
<status status="PASS" start="2026-02-20T11:02:12.493634" elapsed="0.021152"/>
</kw>
<kw name="Run Keyword And Return Status" owner="BuiltIn">
<kw name="Page Should Contain" owner="SeleniumLibrary">
<msg time="2026-02-20T11:02:12.577163" level="FAIL">Page should have contained text 'Password is required' but did not.</msg>
<arg>Password is required</arg>
<doc>Verifies that current page contains ``text``.</doc>
<status status="FAIL" start="2026-02-20T11:02:12.517272" elapsed="0.062398">Page should have contained text 'Password is required' but did not.</status>
</kw>
<msg time="2026-02-20T11:02:12.580195" level="INFO">${pass_missing} = False</msg>
<var>${pass_missing}</var>
<arg>Page Should Contain</arg>
<arg>Password is required</arg>
<doc>Runs the specified keyword and returns the status as a Boolean value.</doc>
<status status="PASS" start="2026-02-20T11:02:12.515495" elapsed="0.064803"/>
</kw>
<kw name="Run Keyword And Return Status" owner="BuiltIn">
<kw name="Page Should Contain" owner="SeleniumLibrary">
<msg time="2026-02-20T11:02:12.611639" level="INFO">Current page contains text 'Username is required'.</msg>
<arg>Username is required</arg>
<doc>Verifies that current page contains ``text``.</doc>
<status status="PASS" start="2026-02-20T11:02:12.581902" elapsed="0.030109"/>
</kw>
<msg time="2026-02-20T11:02:12.612615" level="INFO">${user_missing} = True</msg>
<var>${user_missing}</var>
<arg>Page Should Contain</arg>
<arg>Username is required</arg>
<doc>Runs the specified keyword and returns the status as a Boolean value.</doc>
<status status="PASS" start="2026-02-20T11:02:12.580802" elapsed="0.031947"/>
</kw>
<kw name="Run Keyword And Return Status" owner="BuiltIn">
<kw name="Page Should Contain" owner="SeleniumLibrary">
<msg time="2026-02-20T11:02:12.673424" level="FAIL">Page should have contained text 'Username and password do not match' but did not.</msg>
<arg>Username and password do not match</arg>
<doc>Verifies that current page contains ``text``.</doc>
<status status="FAIL" start="2026-02-20T11:02:12.614727" elapsed="0.061042">Page should have contained text 'Username and password do not match' but did not.</status>
</kw>
<msg time="2026-02-20T11:02:12.676291" level="INFO">${invalid_match} = False</msg>
<var>${invalid_match}</var>
<arg>Page Should Contain</arg>
<arg>Username and password do not match</arg>
<doc>Runs the specified keyword and returns the status as a Boolean value.</doc>
<status status="PASS" start="2026-02-20T11:02:12.613384" elapsed="0.063014"/>
</kw>
<if>
<branch type="IF" condition="${pass_missing} or ${user_missing} or ${invalid_match}">
<kw name="Capture Page Screenshot" owner="SeleniumLibrary">
<msg time="2026-02-20T11:02:12.849390" level="INFO" html="true">&lt;/td&gt;&lt;/tr&gt;&lt;tr&gt;&lt;td colspan="3"&gt;&lt;a href="invalid_login_3.png"&gt;&lt;img src="invalid_login_3.png" width="800px"&gt;&lt;/a&gt;</msg>
<msg time="2026-02-20T11:02:12.849927" level="INFO">${path} = C:\Users\user\Desktop\CAPSTONE PROJECT\Ecommerce\robot-framework\reports\Edge\Edge_2026-02-20_Run1\invalid_login_3.png</msg>
<var>${path}</var>
<arg>invalid_login_${index + 1}.png</arg>
<doc>Takes a screenshot of the current page and embeds it into a log file.</doc>
<status status="PASS" start="2026-02-20T11:02:12.678168" elapsed="0.171893"/>
</kw>
<kw name="Log" owner="BuiltIn">
<msg time="2026-02-20T11:02:12.852100" level="INFO" html="true">&lt;img src="C:\Users\user\Desktop\CAPSTONE PROJECT\Ecommerce\robot-framework\reports\Edge\Edge_2026-02-20_Run1\invalid_login_3.png" width="600px"&gt;</msg>
<arg>&lt;img src="${path}" width="600px"&gt;</arg>
<arg>html=True</arg>
<doc>Logs the given message with the given level.</doc>
<status status="PASS" start="2026-02-20T11:02:12.850847" elapsed="0.001462"/>
</kw>
<kw name="Log" owner="BuiltIn">
<msg time="2026-02-20T11:02:12.853617" level="INFO">✅ Expected validation message displayed</msg>
<arg>✅ Expected validation message displayed</arg>
<doc>Logs the given message with the given level.</doc>
<status status="PASS" start="2026-02-20T11:02:12.852794" elapsed="0.001021"/>
</kw>
<status status="PASS" start="2026-02-20T11:02:12.677148" elapsed="0.176868"/>
</branch>
<branch type="ELSE">
<kw name="Fail" owner="BuiltIn">
<arg>Unexpected error message for dataset ${index + 1}</arg>
<doc>Fails the test with the given message and optionally alters its tags.</doc>
<status status="NOT RUN" start="2026-02-20T11:02:12.854493" elapsed="0.000100"/>
</kw>
<status status="NOT RUN" start="2026-02-20T11:02:12.854176" elapsed="0.000567"/>
</branch>
<status status="PASS" start="2026-02-20T11:02:12.677016" elapsed="0.177853"/>
</if>
<kw name="Go To" owner="SeleniumLibrary">
<msg time="2026-02-20T11:02:12.855546" level="INFO">Opening url 'https://www.saucedemo.com/'</msg>
<arg>${URL}</arg>
<doc>Navigates the current browser window to the provided ``url``.</doc>
<status status="PASS" start="2026-02-20T11:02:12.855158" elapsed="0.194222"/>
</kw>
<var name="${index}">2</var>
<var name="${row}">,wrong_password</var>
<status status="PASS" start="2026-02-20T11:02:11.773856" elapsed="1.275907"/>
</iter>
<var>${index}</var>
<var>${row}</var>
<value>@{data}</value>
<status status="PASS" start="2026-02-20T11:02:08.397419" elapsed="4.652600"/>
</for>
<status status="PASS" start="2026-02-20T11:02:08.387507" elapsed="4.663589"/>
</test>
<kw name="Close Website" owner="ecommerce_keywords" type="TEARDOWN">
<kw name="Sleep" owner="BuiltIn">
<msg time="2026-02-20T11:02:13.756921" level="INFO">Slept 700 milliseconds.</msg>
<arg>${DELAY}</arg>
<doc>Pauses the test executed for the given time.</doc>
<status status="PASS" start="2026-02-20T11:02:13.055421" elapsed="0.702752"/>
</kw>
<kw name="Close Browser" owner="SeleniumLibrary">
<doc>Closes the current browser.</doc>
<status status="PASS" start="2026-02-20T11:02:13.758753" elapsed="2.382958"/>
</kw>
<status status="PASS" start="2026-02-20T11:02:13.054315" elapsed="3.087631"/>
</kw>
<status status="PASS" start="2026-02-20T11:01:58.371220" elapsed="17.770803"/>
</suite>
<suite id="s1-s2" name="01 Login" source="C:\Users\user\Desktop\CAPSTONE PROJECT\Ecommerce\robot-framework\tests\01_login.robot">
<kw name="Open Website" owner="ecommerce_keywords" type="SETUP">
<if>
<branch type="IF" condition="'${BROWSER}' == 'Chrome'">
<kw name="Evaluate" owner="BuiltIn">
<var>${options}</var>
<arg>sys.modules['selenium.webdriver'].ChromeOptions()</arg>
<arg>sys, selenium.webdriver</arg>
<doc>Evaluates the given expression in Python and returns the result.</doc>
<status status="NOT RUN" start="2026-02-20T11:02:16.150366" elapsed="0.000083"/>
</kw>
<kw name="Evaluate" owner="BuiltIn">
<var>${temp_dir}</var>
<arg>__import__('tempfile').mkdtemp()</arg>
<doc>Evaluates the given expression in Python and returns the result.</doc>
<status status="NOT RUN" start="2026-02-20T11:02:16.150725" elapsed="0.000066"/>
</kw>
<kw name="Create Dictionary" owner="BuiltIn">
<var>${prefs}</var>
<arg>credentials_enable_service=False</arg>
<arg>profile.password_manager_enabled=False</arg>
<arg>profile.default_content_setting_values.notifications=2</arg>
<doc>Creates and returns a dictionary based on the given ``items``.</doc>
<status status="NOT RUN" start="2026-02-20T11:02:16.151049" elapsed="0.000062"/>
</kw>
<kw name="Call Method" owner="BuiltIn">
<arg>${options}</arg>
<arg>add_experimental_option</arg>
<arg>prefs</arg>
<arg>${prefs}</arg>
<doc>Calls the named method of the given object with the provided arguments.</doc>
<status status="NOT RUN" start="2026-02-20T11:02:16.151326" elapsed="0.000062"/>
</kw>
<kw name="Set Variable" owner="BuiltIn">
<var>${incognito}</var>
<arg>--incognito</arg>
<doc>Returns the given values which can then be assigned to a variables.</doc>
<status status="NOT RUN" start="2026-02-20T11:02:16.151583" elapsed="0.000060"/>
</kw>
<kw name="Set Variable" owner="BuiltIn">
<var>${disable_pw}</var>
<arg>--disable-features=PasswordLeakDetection</arg>
<doc>Returns the given values which can then be assigned to a variables.</doc>
<status status="NOT RUN" start="2026-02-20T11:02:16.151836" elapsed="0.000058"/>
</kw>
<kw name="Set Variable" owner="BuiltIn">
<var>${disable_notify}</var>
<arg>--disable-notifications</arg>
<doc>Returns the given values which can then be assigned to a variables.</doc>
<status status="NOT RUN" start="2026-02-20T11:02:16.152091" elapsed="0.000054"/>
</kw>
<kw name="Set Variable" owner="BuiltIn">
<var>${no_first}</var>
<arg>--no-first-run</arg>
<doc>Returns the given values which can then be assigned to a variables.</doc>
<status status="NOT RUN" start="2026-02-20T11:02:16.152339" elapsed="0.000053"/>
</kw>
<kw name="Set Variable" owner="BuiltIn">
<var>${no_default}</var>
<arg>--no-default-browser-check</arg>
<doc>Returns the given values which can then be assigned to a variables.</doc>
<status status="NOT RUN" start="2026-02-20T11:02:16.152582" elapsed="0.000055"/>
</kw>
<kw name="Set Variable" owner="BuiltIn">
<var>${maximize}</var>
<arg>--start-maximized</arg>
<doc>Returns the given values which can then be assigned to a variables.</doc>
<status status="NOT RUN" start="2026-02-20T11:02:16.152826" elapsed="0.000061"/>
</kw>
<kw name="Set Variable" owner="BuiltIn">
<var>${profile}</var>
<arg>--user-data-dir=${temp_dir}</arg>
<doc>Returns the given values which can then be assigned to a variables.</doc>
<status status="NOT RUN" start="2026-02-20T11:02:16.153091" elapsed="0.000052"/>
</kw>
<kw name="Call Method" owner="BuiltIn">
<arg>${options}</arg>
<arg>add_argument</arg>
<arg>${incognito}</arg>
<doc>Calls the named method of the given object with the provided arguments.</doc>
<status status="NOT RUN" start="2026-02-20T11:02:16.153331" elapsed="0.000052"/>
</kw>
<kw name="Call Method" owner="BuiltIn">
<arg>${options}</arg>
<arg>add_argument</arg>
<arg>${disable_pw}</arg>
<doc>Calls the named method of the given object with the provided arguments.</doc>
<status status="NOT RUN" start="2026-02-20T11:02:16.153567" elapsed="0.000044"/>
</kw>
<kw name="Call Method" owner="BuiltIn">
<arg>${options}</arg>
<arg>add_argument</arg>
<arg>${disable_notify}</arg>
<doc>Calls the named method of the given object with the provided arguments.</doc>
<status status="NOT RUN" start="2026-02-20T11:02:16.153777" elapsed="0.000053"/>
</kw>
<kw name="Call Method" owner="BuiltIn">
<arg>${options}</arg>
<arg>add_argument</arg>
<arg>${no_first}</arg>
<doc>Calls the named method of the given object with the provided arguments.</doc>
<status status="NOT RUN" start="2026-02-20T11:02:16.154004" elapsed="0.000054"/>
</kw>
<kw name="Call Method" owner="BuiltIn">
<arg>${options}</arg>
<arg>add_argument</arg>
<arg>${no_default}</arg>
<doc>Calls the named method of the given object with the provided arguments.</doc>
<status status="NOT RUN" start="2026-02-20T11:02:16.154244" elapsed="0.000052"/>
</kw>
<kw name="Call Method" owner="BuiltIn">
<arg>${options}</arg>
<arg>add_argument</arg>
<arg>${maximize}</arg>
<doc>Calls the named method of the given object with the provided arguments.</doc>
<status status="NOT RUN" start="2026-02-20T11:02:16.154481" elapsed="0.000050"/>
</kw>
<kw name="Call Method" owner="BuiltIn">
<arg>${options}</arg>
<arg>add_argument</arg>
<arg>${profile}</arg>
<doc>Calls the named method of the given object with the provided arguments.</doc>
<status status="NOT RUN" start="2026-02-20T11:02:16.154708" elapsed="0.000055"/>
</kw>
<kw name="Create Webdriver" owner="SeleniumLibrary">
<arg>Chrome</arg>
<arg>options=${options}</arg>
<doc>Creates an instance of Selenium WebDriver.</doc>
<status status="NOT RUN" start="2026-02-20T11:02:16.155159" elapsed="0.000070"/>
</kw>
<kw name="Go To" owner="SeleniumLibrary">
<arg>${URL}</arg>
<doc>Navigates the current browser window to the provided ``url``.</doc>
<status status="NOT RUN" start="2026-02-20T11:02:16.155437" elapsed="0.000053"/>
</kw>
<status status="NOT RUN" start="2026-02-20T11:02:16.149868" elapsed="0.005704"/>
</branch>
<branch type="ELSE IF" condition="'${BROWSER}' == 'Edge'">
<kw name="Open Browser" owner="SeleniumLibrary">
<msg time="2026-02-20T11:02:16.156542" level="INFO">Opening browser 'Edge' to base url 'https://www.saucedemo.com/'.</msg>
<msg time="2026-02-20T11:02:17.116549" level="WARN">There was an error managing MicrosoftEdge (error sending request for url (https://msedgedriver.azureedge.net/LATEST_RELEASE_145_WINDOWS): error trying to connect: dns error: No such host is known. (os error 11001)); using driver found in the cache</msg>
<arg>${URL}</arg>
<arg>Edge</arg>
<doc>Opens a new browser instance to the optional ``url``.</doc>
<status status="PASS" start="2026-02-20T11:02:16.156121" elapsed="9.306810"/>
</kw>
<kw name="Maximize Browser Window" owner="SeleniumLibrary">
<doc>Maximizes current browser window.</doc>
<status status="PASS" start="2026-02-20T11:02:25.463697" elapsed="0.054804"/>
</kw>
<status status="PASS" start="2026-02-20T11:02:16.155676" elapsed="9.363067"/>
</branch>
<branch type="ELSE IF" condition="'${BROWSER}' == 'Firefox'">
<kw name="Evaluate" owner="BuiltIn">
<var>${ff_options}</var>
<arg>sys.modules['selenium.webdriver'].FirefoxOptions()</arg>
<arg>sys, selenium.webdriver</arg>
<doc>Evaluates the given expression in Python and returns the result.</doc>
<status status="NOT RUN" start="2026-02-20T11:02:25.519311" elapsed="0.000102"/>
</kw>
<kw name="Call Method" owner="BuiltIn">
<arg>${ff_options}</arg>
<arg>add_argument</arg>
<arg>-private</arg>
<doc>Calls the named method of the given object with the provided arguments.</doc>
<status status="NOT RUN" start="2026-02-20T11:02:25.519738" elapsed="0.000087"/>
</kw>
<kw name="Create Webdriver" owner="SeleniumLibrary">
<arg>Firefox</arg>
<arg>options=${ff_options}</arg>
<doc>Creates an instance of Selenium WebDriver.</doc>
<status status="NOT RUN" start="2026-02-20T11:02:25.520182" elapsed="0.000100"/>
</kw>
<kw name="Go To" owner="SeleniumLibrary">
<arg>${URL}</arg>
<doc>Navigates the current browser window to the provided ``url``.</doc>
<status status="NOT RUN" start="2026-02-20T11:02:25.520641" elapsed="0.000114"/>
</kw>
<status status="NOT RUN" start="2026-02-20T11:02:25.518904" elapsed="0.001987"/>
</branch>
<status status="PASS" start="2026-02-20T11:02:16.149814" elapsed="9.371591"/>
</if>
<kw name="Wait Until Element Is Visible" owner="SeleniumLibrary">
<arg>id=user-name</arg>
<arg>timeout=10s</arg>
<doc>Waits until the element ``locator`` is visible.</doc>
<status status="PASS" start="2026-02-20T11:02:25.521951" elapsed="0.078254"/>
</kw>
<kw name="Sleep" owner="BuiltIn">
<msg time="2026-02-20T11:02:26.303004" level="INFO">Slept 700 milliseconds.</msg>
<arg>${DELAY}</arg>
<doc>Pauses the test executed for the given time.</doc>
<status status="PASS" start="2026-02-20T11:02:25.600701" elapsed="0.702651"/>
</kw>
<status status="PASS" start="2026-02-20T11:02:16.149466" elapsed="10.154227"/>
</kw>
<test id="s1-s2-t1" name="User Login Successful" line="7">
<kw name="Login To Application" owner="ecommerce_keywords">
<kw name="Input Text" owner="SeleniumLibrary">
<msg time="2026-02-20T11:02:26.307753" level="INFO">Typing text 'standard_user' into text field 'id=user-name'.</msg>
<arg>id=user-name</arg>
<arg>${USERNAME}</arg>
<doc>Types the given ``text`` into the text field identified by ``locator``.</doc>
<status status="PASS" start="2026-02-20T11:02:26.306600" elapsed="0.325541"/>
</kw>
<kw name="Sleep" owner="BuiltIn">
<msg time="2026-02-20T11:02:27.333973" level="INFO">Slept 700 milliseconds.</msg>
<arg>${DELAY}</arg>
<doc>Pauses the test executed for the given time.</doc>
<status status="PASS" start="2026-02-20T11:02:26.632626" elapsed="0.701668"/>
</kw>
<kw name="Input Text" owner="SeleniumLibrary">
<msg time="2026-02-20T11:02:27.335647" level="INFO">Typing text 'secret_sauce' into text field 'id=password'.</msg>
<arg>id=password</arg>
<arg>${PASSWORD}</arg>
<doc>Types the given ``text`` into the text field identified by ``locator``.</doc>
<status status="PASS" start="2026-02-20T11:02:27.334763" elapsed="0.241107"/>
</kw>
<kw name="Sleep" owner="BuiltIn">
<msg time="2026-02-20T11:02:28.278798" level="INFO">Slept 700 milliseconds.</msg>
<arg>${DELAY}</arg>
<doc>Pauses the test executed for the given time.</doc>
<status status="PASS" start="2026-02-20T11:02:27.576355" elapsed="0.702729"/>
</kw>
<kw name="Click Button" owner="SeleniumLibrary">
<msg time="2026-02-20T11:02:28.280271" level="INFO">Clicking button 'id=login-button'.</msg>
<arg>id=login-button</arg>
<doc>Clicks the button identified by ``locator``.</doc>
<status status="PASS" start="2026-02-20T11:02:28.279569" elapsed="0.272626"/>
</kw>
<kw name="Wait Until Page Contains Element" owner="SeleniumLibrary">
<arg>css=.inventory_list</arg>
<doc>Waits until the element ``locator`` appears on the current page.</doc>
<status status="PASS" start="2026-02-20T11:02:28.552758" elapsed="0.027012"/>
</kw>
<kw name="Sleep" owner="BuiltIn">
<msg time="2026-02-20T11:02:29.281837" level="INFO">Slept 700 milliseconds.</msg>
<arg>${DELAY}</arg>
<doc>Pauses the test executed for the given time.</doc>
<status status="PASS" start="2026-02-20T11:02:28.580278" elapsed="0.701882"/>
</kw>
<status status="PASS" start="2026-02-20T11:02:26.305761" elapsed="2.976711"/>
</kw>
<kw name="Location Should Contain" owner="SeleniumLibrary">
<msg time="2026-02-20T11:02:29.298435" level="INFO">Current location contains 'inventory'.</msg>
<arg>inventory</arg>
<doc>Verifies that the current URL contains ``expected``.</doc>
<status status="PASS" start="2026-02-20T11:02:29.283358" elapsed="0.015395"/>
</kw>
<status status="PASS" start="2026-02-20T11:02:26.303962" elapsed="2.995598"/>
</test>
<kw name="Close Website" owner="ecommerce_keywords" type="TEARDOWN">
<kw name="Sleep" owner="BuiltIn">
<msg time="2026-02-20T11:02:30.015716" level="INFO">Slept 700 milliseconds.</msg>
<arg>${DELAY}</arg>
<doc>Pauses the test executed for the given time.</doc>
<status status="PASS" start="2026-02-20T11:02:29.302870" elapsed="0.713140"/>
</kw>
<kw name="Close Browser" owner="SeleniumLibrary">
<doc>Closes the current browser.</doc>
<status status="PASS" start="2026-02-20T11:02:30.016479" elapsed="2.436096"/>
</kw>
<status status="PASS" start="2026-02-20T11:02:29.301902" elapsed="3.150934"/>
</kw>
<status status="PASS" start="2026-02-20T11:02:16.143609" elapsed="16.309324"/>
</suite>
<suite id="s1-s3" name="02 Product" source="C:\Users\user\Desktop\CAPSTONE PROJECT\Ecommerce\robot-framework\tests\02_product.robot">
<kw name="Open Website" owner="ecommerce_keywords" type="SETUP">
<if>
<branch type="IF" condition="'${BROWSER}' == 'Chrome'">
<kw name="Evaluate" owner="BuiltIn">
<var>${options}</var>
<arg>sys.modules['selenium.webdriver'].ChromeOptions()</arg>
<arg>sys, selenium.webdriver</arg>
<doc>Evaluates the given expression in Python and returns the result.</doc>
<status status="NOT RUN" start="2026-02-20T11:02:32.462011" elapsed="0.000092"/>
</kw>
<kw name="Evaluate" owner="BuiltIn">
<var>${temp_dir}</var>
<arg>__import__('tempfile').mkdtemp()</arg>
<doc>Evaluates the given expression in Python and returns the result.</doc>
<status status="NOT RUN" start="2026-02-20T11:02:32.462427" elapsed="0.000062"/>
</kw>
<kw name="Create Dictionary" owner="BuiltIn">
<var>${prefs}</var>
<arg>credentials_enable_service=False</arg>
<arg>profile.password_manager_enabled=False</arg>
<arg>profile.default_content_setting_values.notifications=2</arg>
<doc>Creates and returns a dictionary based on the given ``items``.</doc>
<status status="NOT RUN" start="2026-02-20T11:02:32.462702" elapsed="0.000051"/>
</kw>
<kw name="Call Method" owner="BuiltIn">
<arg>${options}</arg>
<arg>add_experimental_option</arg>
<arg>prefs</arg>
<arg>${prefs}</arg>
<doc>Calls the named method of the given object with the provided arguments.</doc>
<status status="NOT RUN" start="2026-02-20T11:02:32.463253" elapsed="0.000071"/>
</kw>
<kw name="Set Variable" owner="BuiltIn">
<var>${incognito}</var>
<arg>--incognito</arg>
<doc>Returns the given values which can then be assigned to a variables.</doc>
<status status="NOT RUN" start="2026-02-20T11:02:32.463508" elapsed="0.000052"/>
</kw>
<kw name="Set Variable" owner="BuiltIn">
<var>${disable_pw}</var>
<arg>--disable-features=PasswordLeakDetection</arg>
<doc>Returns the given values which can then be assigned to a variables.</doc>
<status status="NOT RUN" start="2026-02-20T11:02:32.463723" elapsed="0.000047"/>
</kw>
<kw name="Set Variable" owner="BuiltIn">
<var>${disable_notify}</var>
<arg>--disable-notifications</arg>
<doc>Returns the given values which can then be assigned to a variables.</doc>
<status status="NOT RUN" start="2026-02-20T11:02:32.463928" elapsed="0.000044"/>
</kw>
<kw name="Set Variable" owner="BuiltIn">
<var>${no_first}</var>
<arg>--no-first-run</arg>
<doc>Returns the given values which can then be assigned to a variables.</doc>
<status status="NOT RUN" start="2026-02-20T11:02:32.464219" elapsed="0.000055"/>
</kw>
<kw name="Set Variable" owner="BuiltIn">
<var>${no_default}</var>
<arg>--no-default-browser-check</arg>
<doc>Returns the given values which can then be assigned to a variables.</doc>
<status status="NOT RUN" start="2026-02-20T11:02:32.464431" elapsed="0.000043"/>
</kw>
<kw name="Set Variable" owner="BuiltIn">
<var>${maximize}</var>
<arg>--start-maximized</arg>
<doc>Returns the given values which can then be assigned to a variables.</doc>
<status status="NOT RUN" start="2026-02-20T11:02:32.464624" elapsed="0.000159"/>
</kw>
<kw name="Set Variable" owner="BuiltIn">
<var>${profile}</var>
<arg>--user-data-dir=${temp_dir}</arg>
<doc>Returns the given values which can then be assigned to a variables.</doc>
<status status="NOT RUN" start="2026-02-20T11:02:32.465101" elapsed="0.000066"/>
</kw>
<kw name="Call Method" owner="BuiltIn">
<arg>${options}</arg>
<arg>add_argument</arg>
<arg>${incognito}</arg>
<doc>Calls the named method of the given object with the provided arguments.</doc>
<status status="NOT RUN" start="2026-02-20T11:02:32.465369" elapsed="0.000072"/>
</kw>
<kw name="Call Method" owner="BuiltIn">
<arg>${options}</arg>
<arg>add_argument</arg>
<arg>${disable_pw}</arg>
<doc>Calls the named method of the given object with the provided arguments.</doc>
<status status="NOT RUN" start="2026-02-20T11:02:32.465626" elapsed="0.000047"/>
</kw>
<kw name="Call Method" owner="BuiltIn">
<arg>${options}</arg>
<arg>add_argument</arg>
<arg>${disable_notify}</arg>
<doc>Calls the named method of the given object with the provided arguments.</doc>
<status status="NOT RUN" start="2026-02-20T11:02:32.465844" elapsed="0.000046"/>
</kw>
<kw name="Call Method" owner="BuiltIn">
<arg>${options}</arg>
<arg>add_argument</arg>
<arg>${no_first}</arg>
<doc>Calls the named method of the given object with the provided arguments.</doc>
<status status="NOT RUN" start="2026-02-20T11:02:32.466050" elapsed="0.000073"/>
</kw>
<kw name="Call Method" owner="BuiltIn">
<arg>${options}</arg>
<arg>add_argument</arg>
<arg>${no_default}</arg>
<doc>Calls the named method of the given object with the provided arguments.</doc>
<status status="NOT RUN" start="2026-02-20T11:02:32.466276" elapsed="0.000045"/>
</kw>
<kw name="Call Method" owner="BuiltIn">
<arg>${options}</arg>
<arg>add_argument</arg>
<arg>${maximize}</arg>
<doc>Calls the named method of the given object with the provided arguments.</doc>
<status status="NOT RUN" start="2026-02-20T11:02:32.466521" elapsed="0.000074"/>
</kw>
<kw name="Call Method" owner="BuiltIn">
<arg>${options}</arg>
<arg>add_argument</arg>
<arg>${profile}</arg>
<doc>Calls the named method of the given object with the provided arguments.</doc>
<status status="NOT RUN" start="2026-02-20T11:02:32.466815" elapsed="0.000118"/>
</kw>
<kw name="Create Webdriver" owner="SeleniumLibrary">
<arg>Chrome</arg>
<arg>options=${options}</arg>
<doc>Creates an instance of Selenium WebDriver.</doc>
<status status="NOT RUN" start="2026-02-20T11:02:32.467209" elapsed="0.000069"/>
</kw>
<kw name="Go To" owner="SeleniumLibrary">
<arg>${URL}</arg>
<doc>Navigates the current browser window to the provided ``url``.</doc>
<status status="NOT RUN" start="2026-02-20T11:02:32.467521" elapsed="0.000083"/>
</kw>
<status status="NOT RUN" start="2026-02-20T11:02:32.461438" elapsed="0.006276"/>
</branch>
<branch type="ELSE IF" condition="'${BROWSER}' == 'Edge'">
<kw name="Open Browser" owner="SeleniumLibrary">
<msg time="2026-02-20T11:02:32.468750" level="INFO">Opening browser 'Edge' to base url 'https://www.saucedemo.com/'.</msg>
<msg time="2026-02-20T11:02:33.558254" level="WARN">There was an error managing MicrosoftEdge (error sending request for url (https://msedgedriver.azureedge.net/LATEST_RELEASE_145_WINDOWS): error trying to connect: dns error: No such host is known. (os error 11001)); using driver found in the cache</msg>
<arg>${URL}</arg>
<arg>Edge</arg>
<doc>Opens a new browser instance to the optional ``url``.</doc>
<status status="PASS" start="2026-02-20T11:02:32.468337" elapsed="6.241776"/>
</kw>
<kw name="Maximize Browser Window" owner="SeleniumLibrary">
<doc>Maximizes current browser window.</doc>
<status status="PASS" start="2026-02-20T11:02:38.710718" elapsed="0.068144"/>
</kw>
<status status="PASS" start="2026-02-20T11:02:32.467832" elapsed="6.311278"/>
</branch>
<branch type="ELSE IF" condition="'${BROWSER}' == 'Firefox'">
<kw name="Evaluate" owner="BuiltIn">
<var>${ff_options}</var>
<arg>sys.modules['selenium.webdriver'].FirefoxOptions()</arg>
<arg>sys, selenium.webdriver</arg>
<doc>Evaluates the given expression in Python and returns the result.</doc>
<status status="NOT RUN" start="2026-02-20T11:02:38.779727" elapsed="0.000114"/>
</kw>
<kw name="Call Method" owner="BuiltIn">
<arg>${ff_options}</arg>
<arg>add_argument</arg>
<arg>-private</arg>
<doc>Calls the named method of the given object with the provided arguments.</doc>
<status status="NOT RUN" start="2026-02-20T11:02:38.780183" elapsed="0.000092"/>
</kw>
<kw name="Create Webdriver" owner="SeleniumLibrary">
<arg>Firefox</arg>
<arg>options=${ff_options}</arg>
<doc>Creates an instance of Selenium WebDriver.</doc>
<status status="NOT RUN" start="2026-02-20T11:02:38.780614" elapsed="0.000091"/>
</kw>
<kw name="Go To" owner="SeleniumLibrary">
<arg>${URL}</arg>
<doc>Navigates the current browser window to the provided ``url``.</doc>
<status status="NOT RUN" start="2026-02-20T11:02:38.781027" elapsed="0.000086"/>
</kw>
<status status="NOT RUN" start="2026-02-20T11:02:38.779279" elapsed="0.001974"/>
</branch>
<status status="PASS" start="2026-02-20T11:02:32.461381" elapsed="6.320032"/>
</if>
<kw name="Wait Until Element Is Visible" owner="SeleniumLibrary">
<arg>id=user-name</arg>
<arg>timeout=10s</arg>
<doc>Waits until the element ``locator`` is visible.</doc>
<status status="PASS" start="2026-02-20T11:02:38.781720" elapsed="0.056608"/>
</kw>
<kw name="Sleep" owner="BuiltIn">
<msg time="2026-02-20T11:02:39.540137" level="INFO">Slept 700 milliseconds.</msg>
<arg>${DELAY}</arg>
<doc>Pauses the test executed for the given time.</doc>
<status status="PASS" start="2026-02-20T11:02:38.838875" elapsed="0.701579"/>
</kw>
<status status="PASS" start="2026-02-20T11:02:32.461015" elapsed="7.079781"/>
</kw>
<test id="s1-s3-t1" name="User Can View Product Details" line="7">
<kw name="Login To Application" owner="ecommerce_keywords">
<kw name="Input Text" owner="SeleniumLibrary">
<msg time="2026-02-20T11:02:39.544150" level="INFO">Typing text 'standard_user' into text field 'id=user-name'.</msg>
<arg>id=user-name</arg>
<arg>${USERNAME}</arg>
<doc>Types the given ``text`` into the text field identified by ``locator``.</doc>
<status status="PASS" start="2026-02-20T11:02:39.543352" elapsed="0.291425"/>
</kw>
<kw name="Sleep" owner="BuiltIn">
<msg time="2026-02-20T11:02:40.537361" level="INFO">Slept 700 milliseconds.</msg>
<arg>${DELAY}</arg>
<doc>Pauses the test executed for the given time.</doc>
<status status="PASS" start="2026-02-20T11:02:39.835352" elapsed="0.702422"/>
</kw>
<kw name="Input Text" owner="SeleniumLibrary">
<msg time="2026-02-20T11:02:40.539712" level="INFO">Typing text 'secret_sauce' into text field 'id=password'.</msg>
<arg>id=password</arg>
<arg>${PASSWORD}</arg>
<doc>Types the given ``text`` into the text field identified by ``locator``.</doc>
<status status="PASS" start="2026-02-20T11:02:40.538699" elapsed="0.272182"/>
</kw>
<kw name="Sleep" owner="BuiltIn">
<msg time="2026-02-20T11:02:41.513046" level="INFO">Slept 700 milliseconds.</msg>
<arg>${DELAY}</arg>
<doc>Pauses the test executed for the given time.</doc>
<status status="PASS" start="2026-02-20T11:02:40.811399" elapsed="0.702000"/>
</kw>
<kw name="Click Button" owner="SeleniumLibrary">
<msg time="2026-02-20T11:02:41.514587" level="INFO">Clicking button 'id=login-button'.</msg>
<arg>id=login-button</arg>
<doc>Clicks the button identified by ``locator``.</doc>
<status status="PASS" start="2026-02-20T11:02:41.513932" elapsed="0.285970"/>
</kw>
<kw name="Wait Until Page Contains Element" owner="SeleniumLibrary">
<arg>css=.inventory_list</arg>
<doc>Waits until the element ``locator`` appears on the current page.</doc>
<status status="PASS" start="2026-02-20T11:02:41.800390" elapsed="0.023556"/>
</kw>
<kw name="Sleep" owner="BuiltIn">
<msg time="2026-02-20T11:02:42.526127" level="INFO">Slept 700 milliseconds.</msg>
<arg>${DELAY}</arg>
<doc>Pauses the test executed for the given time.</doc>
<status status="PASS" start="2026-02-20T11:02:41.824466" elapsed="0.702032"/>
</kw>
<status status="PASS" start="2026-02-20T11:02:39.542609" elapsed="2.984681"/>
</kw>
<kw name="Click Element" owner="SeleniumLibrary">
<msg time="2026-02-20T11:02:42.529145" level="INFO">Clicking element 'xpath=//div[text()='Sauce Labs Backpack']'.</msg>
<arg>xpath=//div[text()='Sauce Labs Backpack']</arg>
<doc>Click the element identified by ``locator``.</doc>
<status status="PASS" start="2026-02-20T11:02:42.528244" elapsed="0.203229"/>
</kw>
<kw name="Wait Until Element Is Visible" owner="SeleniumLibrary">
<arg>css=.inventory_details_name</arg>
<doc>Waits until the element ``locator`` is visible.</doc>
<status status="PASS" start="2026-02-20T11:02:42.732417" elapsed="0.072473"/>
</kw>
<kw name="Sleep" owner="BuiltIn">
<msg time="2026-02-20T11:02:43.508777" level="INFO">Slept 700 milliseconds.</msg>
<arg>${DELAY}</arg>
<doc>Pauses the test executed for the given time.</doc>
<status status="PASS" start="2026-02-20T11:02:42.805978" elapsed="0.703324"/>
</kw>
<kw name="Element Should Be Visible" owner="SeleniumLibrary">
<msg time="2026-02-20T11:02:43.582428" level="INFO">Element 'css=.inventory_details_price' is displayed.</msg>
<arg>css=.inventory_details_price</arg>
<doc>Verifies that the element identified by ``locator`` is visible.</doc>
<status status="PASS" start="2026-02-20T11:02:43.511422" elapsed="0.071297"/>
</kw>
<status status="PASS" start="2026-02-20T11:02:39.541041" elapsed="4.042594"/>
</test>
<kw name="Close Website" owner="ecommerce_keywords" type="TEARDOWN">
<kw name="Sleep" owner="BuiltIn">
<msg time="2026-02-20T11:02:44.289697" level="INFO">Slept 700 milliseconds.</msg>
<arg>${DELAY}</arg>
<doc>Pauses the test executed for the given time.</doc>
<status status="PASS" start="2026-02-20T11:02:43.587487" elapsed="0.702729"/>
</kw>
<kw name="Close Browser" owner="SeleniumLibrary">
<doc>Closes the current browser.</doc>
<status status="PASS" start="2026-02-20T11:02:44.291341" elapsed="2.382009"/>
</kw>
<status status="PASS" start="2026-02-20T11:02:43.586263" elapsed="3.087429"/>
</kw>
<status status="PASS" start="2026-02-20T11:02:32.454941" elapsed="14.218909"/>
</suite>
<suite id="s1-s4" name="03 Add To Cart" source="C:\Users\user\Desktop\CAPSTONE PROJECT\Ecommerce\robot-framework\tests\03_add_to_cart.robot">
<kw name="Open Website" owner="ecommerce_keywords" type="SETUP">
<if>
<branch type="IF" condition="'${BROWSER}' == 'Chrome'">
<kw name="Evaluate" owner="BuiltIn">
<var>${options}</var>
<arg>sys.modules['selenium.webdriver'].ChromeOptions()</arg>
<arg>sys, selenium.webdriver</arg>
<doc>Evaluates the given expression in Python and returns the result.</doc>
<status status="NOT RUN" start="2026-02-20T11:02:46.682989" elapsed="0.000056"/>
</kw>
<kw name="Evaluate" owner="BuiltIn">
<var>${temp_dir}</var>
<arg>__import__('tempfile').mkdtemp()</arg>
<doc>Evaluates the given expression in Python and returns the result.</doc>
<status status="NOT RUN" start="2026-02-20T11:02:46.683243" elapsed="0.000042"/>
</kw>
<kw name="Create Dictionary" owner="BuiltIn">
<var>${prefs}</var>
<arg>credentials_enable_service=False</arg>
<arg>profile.password_manager_enabled=False</arg>
<arg>profile.default_content_setting_values.notifications=2</arg>
<doc>Creates and returns a dictionary based on the given ``items``.</doc>
<status status="NOT RUN" start="2026-02-20T11:02:46.683444" elapsed="0.000043"/>
</kw>
<kw name="Call Method" owner="BuiltIn">
<arg>${options}</arg>
<arg>add_experimental_option</arg>
<arg>prefs</arg>
<arg>${prefs}</arg>
<doc>Calls the named method of the given object with the provided arguments.</doc>
<status status="NOT RUN" start="2026-02-20T11:02:46.683633" elapsed="0.000040"/>
</kw>
<kw name="Set Variable" owner="BuiltIn">
<var>${incognito}</var>
<arg>--incognito</arg>
<doc>Returns the given values which can then be assigned to a variables.</doc>
<status status="NOT RUN" start="2026-02-20T11:02:46.683816" elapsed="0.000038"/>
</kw>
<kw name="Set Variable" owner="BuiltIn">
<var>${disable_pw}</var>
<arg>--disable-features=PasswordLeakDetection</arg>
<doc>Returns the given values which can then be assigned to a variables.</doc>
<status status="NOT RUN" start="2026-02-20T11:02:46.683994" elapsed="0.000071"/>
</kw>
<kw name="Set Variable" owner="BuiltIn">
<var>${disable_notify}</var>
<arg>--disable-notifications</arg>
<doc>Returns the given values which can then be assigned to a variables.</doc>
<status status="NOT RUN" start="2026-02-20T11:02:46.684235" elapsed="0.000039"/>
</kw>
<kw name="Set Variable" owner="BuiltIn">
<var>${no_first}</var>
<arg>--no-first-run</arg>
<doc>Returns the given values which can then be assigned to a variables.</doc>
<status status="NOT RUN" start="2026-02-20T11:02:46.684412" elapsed="0.000047"/>
</kw>
<kw name="Set Variable" owner="BuiltIn">
<var>${no_default}</var>
<arg>--no-default-browser-check</arg>
<doc>Returns the given values which can then be assigned to a variables.</doc>
<status status="NOT RUN" start="2026-02-20T11:02:46.684628" elapsed="0.000041"/>
</kw>
<kw name="Set Variable" owner="BuiltIn">
<var>${maximize}</var>
<arg>--start-maximized</arg>
<doc>Returns the given values which can then be assigned to a variables.</doc>
<status status="NOT RUN" start="2026-02-20T11:02:46.684800" elapsed="0.000062"/>
</kw>
<kw name="Set Variable" owner="BuiltIn">
<var>${profile}</var>
<arg>--user-data-dir=${temp_dir}</arg>
<doc>Returns the given values which can then be assigned to a variables.</doc>
<status status="NOT RUN" start="2026-02-20T11:02:46.685014" elapsed="0.000049"/>
</kw>
<kw name="Call Method" owner="BuiltIn">
<arg>${options}</arg>
<arg>add_argument</arg>
<arg>${incognito}</arg>
<doc>Calls the named method of the given object with the provided arguments.</doc>
<status status="NOT RUN" start="2026-02-20T11:02:46.685210" elapsed="0.000038"/>
</kw>
<kw name="Call Method" owner="BuiltIn">
<arg>${options}</arg>
<arg>add_argument</arg>
<arg>${disable_pw}</arg>
<doc>Calls the named method of the given object with the provided arguments.</doc>
<status status="NOT RUN" start="2026-02-20T11:02:46.685374" elapsed="0.000037"/>
</kw>
<kw name="Call Method" owner="BuiltIn">
<arg>${options}</arg>
<arg>add_argument</arg>
<arg>${disable_notify}</arg>
<doc>Calls the named method of the given object with the provided arguments.</doc>
<status status="NOT RUN" start="2026-02-20T11:02:46.685678" elapsed="0.000054"/>
</kw>
<kw name="Call Method" owner="BuiltIn">
<arg>${options}</arg>
<arg>add_argument</arg>
<arg>${no_first}</arg>
<doc>Calls the named method of the given object with the provided arguments.</doc>
<status status="NOT RUN" start="2026-02-20T11:02:46.685932" elapsed="0.000118"/>
</kw>
<kw name="Call Method" owner="BuiltIn">
<arg>${options}</arg>
<arg>add_argument</arg>
<arg>${no_default}</arg>
<doc>Calls the named method of the given object with the provided arguments.</doc>
<status status="NOT RUN" start="2026-02-20T11:02:46.686338" elapsed="0.000072"/>
</kw>
<kw name="Call Method" owner="BuiltIn">
<arg>${options}</arg>
<arg>add_argument</arg>
<arg>${maximize}</arg>
<doc>Calls the named method of the given object with the provided arguments.</doc>
<status status="NOT RUN" start="2026-02-20T11:02:46.686643" elapsed="0.000061"/>
</kw>
<kw name="Call Method" owner="BuiltIn">
<arg>${options}</arg>
<arg>add_argument</arg>
<arg>${profile}</arg>
<doc>Calls the named method of the given object with the provided arguments.</doc>
<status status="NOT RUN" start="2026-02-20T11:02:46.687052" elapsed="0.000061"/>
</kw>
<kw name="Create Webdriver" owner="SeleniumLibrary">
<arg>Chrome</arg>
<arg>options=${options}</arg>
<doc>Creates an instance of Selenium WebDriver.</doc>
<status status="NOT RUN" start="2026-02-20T11:02:46.687339" elapsed="0.000056"/>
</kw>
<kw name="Go To" owner="SeleniumLibrary">
<arg>${URL}</arg>
<doc>Navigates the current browser window to the provided ``url``.</doc>
<status status="NOT RUN" start="2026-02-20T11:02:46.687597" elapsed="0.000057"/>
</kw>
<status status="NOT RUN" start="2026-02-20T11:02:46.682586" elapsed="0.005158"/>
</branch>
<branch type="ELSE IF" condition="'${BROWSER}' == 'Edge'">
<kw name="Open Browser" owner="SeleniumLibrary">
<msg time="2026-02-20T11:02:46.688911" level="INFO">Opening browser 'Edge' to base url 'https://www.saucedemo.com/'.</msg>
<msg time="2026-02-20T11:02:47.325066" level="WARN">There was an error managing MicrosoftEdge (error sending request for url (https://msedgedriver.azureedge.net/LATEST_RELEASE_145_WINDOWS): error trying to connect: dns error: No such host is known. (os error 11001)); using driver found in the cache</msg>
<arg>${URL}</arg>
<arg>Edge</arg>
<doc>Opens a new browser instance to the optional ``url``.</doc>
<status status="PASS" start="2026-02-20T11:02:46.688401" elapsed="5.970293"/>
</kw>
<kw name="Maximize Browser Window" owner="SeleniumLibrary">
<doc>Maximizes current browser window.</doc>
<status status="PASS" start="2026-02-20T11:02:52.659262" elapsed="0.060719"/>
</kw>
<status status="PASS" start="2026-02-20T11:02:46.687844" elapsed="6.032518"/>
</branch>
<branch type="ELSE IF" condition="'${BROWSER}' == 'Firefox'">
<kw name="Evaluate" owner="BuiltIn">
<var>${ff_options}</var>
<arg>sys.modules['selenium.webdriver'].FirefoxOptions()</arg>
<arg>sys, selenium.webdriver</arg>
<doc>Evaluates the given expression in Python and returns the result.</doc>
<status status="NOT RUN" start="2026-02-20T11:02:52.721005" elapsed="0.000110"/>
</kw>
<kw name="Call Method" owner="BuiltIn">
<arg>${ff_options}</arg>
<arg>add_argument</arg>
<arg>-private</arg>
<doc>Calls the named method of the given object with the provided arguments.</doc>
<status status="NOT RUN" start="2026-02-20T11:02:52.721457" elapsed="0.000087"/>
</kw>
<kw name="Create Webdriver" owner="SeleniumLibrary">
<arg>Firefox</arg>
<arg>options=${ff_options}</arg>
<doc>Creates an instance of Selenium WebDriver.</doc>
<status status="NOT RUN" start="2026-02-20T11:02:52.721886" elapsed="0.000086"/>
</kw>
<kw name="Go To" owner="SeleniumLibrary">
<arg>${URL}</arg>
<doc>Navigates the current browser window to the provided ``url``.</doc>
<status status="NOT RUN" start="2026-02-20T11:02:52.722270" elapsed="0.000084"/>
</kw>
<status status="NOT RUN" start="2026-02-20T11:02:52.720523" elapsed="0.001966"/>
</branch>
<status status="PASS" start="2026-02-20T11:02:46.682540" elapsed="6.040084"/>
</if>
<kw name="Wait Until Element Is Visible" owner="SeleniumLibrary">
<arg>id=user-name</arg>
<arg>timeout=10s</arg>
<doc>Waits until the element ``locator`` is visible.</doc>
<status status="PASS" start="2026-02-20T11:02:52.723306" elapsed="0.064910"/>
</kw>
<kw name="Sleep" owner="BuiltIn">
<msg time="2026-02-20T11:02:53.490478" level="INFO">Slept 700 milliseconds.</msg>
<arg>${DELAY}</arg>
<doc>Pauses the test executed for the given time.</doc>
<status status="PASS" start="2026-02-20T11:02:52.788783" elapsed="0.702029"/>
</kw>
<status status="PASS" start="2026-02-20T11:02:46.682177" elapsed="6.808986"/>
</kw>
<test id="s1-s4-t1" name="User Can Add Four Products To Cart" line="7">
<kw name="Login To Application" owner="ecommerce_keywords">
<kw name="Input Text" owner="SeleniumLibrary">
<msg time="2026-02-20T11:02:53.495204" level="INFO">Typing text 'standard_user' into text field 'id=user-name'.</msg>
<arg>id=user-name</arg>
<arg>${USERNAME}</arg>
<doc>Types the given ``text`` into the text field identified by ``locator``.</doc>
<status status="PASS" start="2026-02-20T11:02:53.494546" elapsed="0.279655"/>
</kw>
<kw name="Sleep" owner="BuiltIn">
<msg time="2026-02-20T11:02:54.477211" level="INFO">Slept 700 milliseconds.</msg>
<arg>${DELAY}</arg>
<doc>Pauses the test executed for the given time.</doc>
<status status="PASS" start="2026-02-20T11:02:53.774701" elapsed="0.702864"/>
</kw>
<kw name="Input Text" owner="SeleniumLibrary">
<msg time="2026-02-20T11:02:54.479002" level="INFO">Typing text 'secret_sauce' into text field 'id=password'.</msg>
<arg>id=password</arg>
<arg>${PASSWORD}</arg>
<doc>Types the given ``text`` into the text field identified by ``locator``.</doc>
<status status="PASS" start="2026-02-20T11:02:54.478136" elapsed="0.297041"/>
</kw>
<kw name="Sleep" owner="BuiltIn">
<msg time="2026-02-20T11:02:55.477795" level="INFO">Slept 700 milliseconds.</msg>
<arg>${DELAY}</arg>
<doc>Pauses the test executed for the given time.</doc>
<status status="PASS" start="2026-02-20T11:02:54.775670" elapsed="0.702503"/>
</kw>
<kw name="Click Button" owner="SeleniumLibrary">
<msg time="2026-02-20T11:02:55.479582" level="INFO">Clicking button 'id=login-button'.</msg>
<arg>id=login-button</arg>
<doc>Clicks the button identified by ``locator``.</doc>
<status status="PASS" start="2026-02-20T11:02:55.478809" elapsed="0.319512"/>
</kw>
<kw name="Wait Until Page Contains Element" owner="SeleniumLibrary">
<arg>css=.inventory_list</arg>
<doc>Waits until the element ``locator`` appears on the current page.</doc>
<status status="PASS" start="2026-02-20T11:02:55.798815" elapsed="0.038869"/>
</kw>
<kw name="Sleep" owner="BuiltIn">
<msg time="2026-02-20T11:02:56.539925" level="INFO">Slept 700 milliseconds.</msg>
<arg>${DELAY}</arg>
<doc>Pauses the test executed for the given time.</doc>
<status status="PASS" start="2026-02-20T11:02:55.838297" elapsed="0.702018"/>
</kw>
<status status="PASS" start="2026-02-20T11:02:53.493550" elapsed="3.047259"/>
</kw>
<kw name="Add Four Products To Cart" owner="ecommerce_keywords">
<kw name="Get WebElements" owner="SeleniumLibrary">
<msg time="2026-02-20T11:02:56.572177" level="INFO">${buttons} = [&lt;selenium.webdriver.remote.webelement.WebElement (session="b11953952267150590b8cbd6acfd5792", element="f.C84D3FA715D461E54AE72DED20EFFA65.d.7F8C62FE4D5F4899A344A62D8C9E2F6B.e.27")&gt;, &lt;selenium.webdriv...</msg>
<var>${buttons}</var>
<arg>xpath=//button[contains(text(),'Add to cart')]</arg>
<doc>Returns a list of WebElement objects matching the ``locator``.</doc>
<status status="PASS" start="2026-02-20T11:02:56.542890" elapsed="0.029444"/>
</kw>
<for flavor="IN RANGE">
<iter>
<kw name="Click Element" owner="SeleniumLibrary">
<msg time="2026-02-20T11:02:56.576325" level="INFO">Clicking element '&lt;selenium.webdriver.remote.webelement.WebElement (session="b11953952267150590b8cbd6acfd5792", element="f.C84D3FA715D461E54AE72DED20EFFA65.d.7F8C62FE4D5F4899A344A62D8C9E2F6B.e.27")&gt;'.</msg>
<arg>${buttons}[${index}]</arg>
<doc>Click the element identified by ``locator``.</doc>
<status status="PASS" start="2026-02-20T11:02:56.574991" elapsed="0.168270"/>
</kw>
<kw name="Sleep" owner="BuiltIn">
<msg time="2026-02-20T11:02:57.445484" level="INFO">Slept 700 milliseconds.</msg>
<arg>${DELAY}</arg>
<doc>Pauses the test executed for the given time.</doc>
<status status="PASS" start="2026-02-20T11:02:56.743778" elapsed="0.701990"/>
</kw>
<var name="${index}">0</var>
<status status="PASS" start="2026-02-20T11:02:56.574297" elapsed="0.871644"/>
</iter>
<iter>
<kw name="Click Element" owner="SeleniumLibrary">
<msg time="2026-02-20T11:02:57.448361" level="INFO">Clicking element '&lt;selenium.webdriver.remote.webelement.WebElement (session="b11953952267150590b8cbd6acfd5792", element="f.C84D3FA715D461E54AE72DED20EFFA65.d.7F8C62FE4D5F4899A344A62D8C9E2F6B.e.28")&gt;'.</msg>
<arg>${buttons}[${index}]</arg>
<doc>Click the element identified by ``locator``.</doc>
<status status="PASS" start="2026-02-20T11:02:57.446742" elapsed="0.144502"/>
</kw>
<kw name="Sleep" owner="BuiltIn">
<msg time="2026-02-20T11:02:58.293388" level="INFO">Slept 700 milliseconds.</msg>
<arg>${DELAY}</arg>
<doc>Pauses the test executed for the given time.</doc>
<status status="PASS" start="2026-02-20T11:02:57.591748" elapsed="0.701954"/>
</kw>
<var name="${index}">1</var>
<status status="PASS" start="2026-02-20T11:02:57.446284" elapsed="0.847646"/>
</iter>
<iter>
<kw name="Click Element" owner="SeleniumLibrary">
<msg time="2026-02-20T11:02:58.295739" level="INFO">Clicking element '&lt;selenium.webdriver.remote.webelement.WebElement (session="b11953952267150590b8cbd6acfd5792", element="f.C84D3FA715D461E54AE72DED20EFFA65.d.7F8C62FE4D5F4899A344A62D8C9E2F6B.e.29")&gt;'.</msg>
<arg>${buttons}[${index}]</arg>
<doc>Click the element identified by ``locator``.</doc>
<status status="PASS" start="2026-02-20T11:02:58.294997" elapsed="0.159336"/>
</kw>
<kw name="Sleep" owner="BuiltIn">
<msg time="2026-02-20T11:02:59.157013" level="INFO">Slept 700 milliseconds.</msg>
<arg>${DELAY}</arg>
<doc>Pauses the test executed for the given time.</doc>
<status status="PASS" start="2026-02-20T11:02:58.454985" elapsed="0.702869"/>
</kw>
<var name="${index}">2</var>
<status status="PASS" start="2026-02-20T11:02:58.294398" elapsed="0.863788"/>
</iter>
<iter>
<kw name="Click Element" owner="SeleniumLibrary">
<msg time="2026-02-20T11:02:59.159963" level="INFO">Clicking element '&lt;selenium.webdriver.remote.webelement.WebElement (session="b11953952267150590b8cbd6acfd5792", element="f.C84D3FA715D461E54AE72DED20EFFA65.d.7F8C62FE4D5F4899A344A62D8C9E2F6B.e.30")&gt;'.</msg>
<arg>${buttons}[${index}]</arg>
<doc>Click the element identified by ``locator``.</doc>
<status status="PASS" start="2026-02-20T11:02:59.159142" elapsed="0.163098"/>
</kw>
<kw name="Sleep" owner="BuiltIn">
<msg time="2026-02-20T11:03:00.024384" level="INFO">Slept 700 milliseconds.</msg>
<arg>${DELAY}</arg>
<doc>Pauses the test executed for the given time.</doc>
<status status="PASS" start="2026-02-20T11:02:59.322661" elapsed="0.702113"/>
</kw>
<var name="${index}">3</var>
<status status="PASS" start="2026-02-20T11:02:59.158689" elapsed="0.866366"/>
</iter>
<var>${index}</var>
<value>0</value>
<value>4</value>
<status status="PASS" start="2026-02-20T11:02:56.572840" elapsed="3.452423"/>
</for>
<status status="PASS" start="2026-02-20T11:02:56.541970" elapsed="3.483615"/>
</kw>
<kw name="Verify Cart Has Four Items" owner="ecommerce_keywords">
<kw name="Get Text" owner="SeleniumLibrary">
<msg time="2026-02-20T11:03:00.111347" level="INFO">${count} = 4</msg>
<var>${count}</var>
<arg>css=.shopping_cart_badge</arg>
<doc>Returns the text value of the element identified by ``locator``.</doc>
<status status="PASS" start="2026-02-20T11:03:00.028230" elapsed="0.083271"/>
</kw>
<kw name="Should Be Equal" owner="BuiltIn">
<arg>${count}</arg>
<arg>4</arg>
<doc>Fails if the given objects are unequal.</doc>
<status status="PASS" start="2026-02-20T11:03:00.112042" elapsed="0.001117"/>
</kw>
<kw name="Sleep" owner="BuiltIn">
<msg time="2026-02-20T11:03:00.814760" level="INFO">Slept 700 milliseconds.</msg>
<arg>${DELAY}</arg>
<doc>Pauses the test executed for the given time.</doc>
<status status="PASS" start="2026-02-20T11:03:00.113524" elapsed="0.701715"/>
</kw>
<status status="PASS" start="2026-02-20T11:03:00.027233" elapsed="0.788524"/>
</kw>
<kw name="Go To Cart" owner="ecommerce_keywords">
<kw name="Click Element" owner="SeleniumLibrary">
<msg time="2026-02-20T11:03:00.820285" level="INFO">Clicking element 'css=.shopping_cart_link'.</msg>
<arg>css=.shopping_cart_link</arg>
<doc>Click the element identified by ``locator``.</doc>
<status status="PASS" start="2026-02-20T11:03:00.819673" elapsed="0.229330"/>
</kw>
<kw name="Wait Until Page Contains" owner="SeleniumLibrary">
<arg>Your Cart</arg>
<doc>Waits until ``text`` appears on the current page.</doc>
<status status="PASS" start="2026-02-20T11:03:01.049662" elapsed="0.027797"/>
</kw>
<kw name="Sleep" owner="BuiltIn">
<msg time="2026-02-20T11:03:01.779569" level="INFO">Slept 700 milliseconds.</msg>
<arg>${DELAY}</arg>
<doc>Pauses the test executed for the given time.</doc>
<status status="PASS" start="2026-02-20T11:03:01.077967" elapsed="0.701953"/>
</kw>
<status status="PASS" start="2026-02-20T11:03:00.818598" elapsed="0.961633"/>
</kw>
<kw name="Page Should Contain" owner="SeleniumLibrary">
<msg time="2026-02-20T11:03:01.813288" level="INFO">Current page contains text 'Your Cart'.</msg>
<arg>Your Cart</arg>
<doc>Verifies that current page contains ``text``.</doc>
<status status="PASS" start="2026-02-20T11:03:01.781973" elapsed="0.031606"/>
</kw>
<status status="PASS" start="2026-02-20T11:02:53.491422" elapsed="8.324304"/>
</test>
<kw name="Close Website" owner="ecommerce_keywords" type="TEARDOWN">
<kw name="Sleep" owner="BuiltIn">
<msg time="2026-02-20T11:03:02.525504" level="INFO">Slept 700 milliseconds.</msg>
<arg>${DELAY}</arg>
<doc>Pauses the test executed for the given time.</doc>
<status status="PASS" start="2026-02-20T11:03:01.821233" elapsed="0.704676"/>
</kw>
<kw name="Close Browser" owner="SeleniumLibrary">
<doc>Closes the current browser.</doc>
<status status="PASS" start="2026-02-20T11:03:02.526478" elapsed="2.329215"/>
</kw>
<status status="PASS" start="2026-02-20T11:03:01.820395" elapsed="3.035581"/>
</kw>
<status status="PASS" start="2026-02-20T11:02:46.676130" elapsed="18.180130"/>
</suite>
<suite id="s1-s5" name="04 Update Cart" source="C:\Users\user\Desktop\CAPSTONE PROJECT\Ecommerce\robot-framework\tests\04_update_cart.robot">
<kw name="Open Website" owner="ecommerce_keywords" type="SETUP">
<if>
<branch type="IF" condition="'${BROWSER}' == 'Chrome'">
<kw name="Evaluate" owner="BuiltIn">
<var>${options}</var>
<arg>sys.modules['selenium.webdriver'].ChromeOptions()</arg>
<arg>sys, selenium.webdriver</arg>
<doc>Evaluates the given expression in Python and returns the result.</doc>
<status status="NOT RUN" start="2026-02-20T11:03:04.865615" elapsed="0.000090"/>
</kw>
<kw name="Evaluate" owner="BuiltIn">
<var>${temp_dir}</var>
<arg>__import__('tempfile').mkdtemp()</arg>
<doc>Evaluates the given expression in Python and returns the result.</doc>
[...]
</kw>
<kw name="Log" owner="BuiltIn">
<arg>Validation error appeared for invalid data</arg>
<doc>Logs the given message with the given level.</doc>
<status status="NOT RUN" start="2026-02-20T11:06:59.653749" elapsed="0.000089"/>
</kw>
<kw name="Fail" owner="BuiltIn">
<arg>Invalid checkout data</arg>
<doc>Fails the test with the given message and optionally alters its tags.</doc>
<status status="NOT RUN" start="2026-02-20T11:06:59.654133" elapsed="0.000075"/>
</kw>
<status status="NOT RUN" start="2026-02-20T11:06:59.652830" elapsed="0.001500"/>
</branch>
<status status="PASS" start="2026-02-20T11:06:59.359343" elapsed="0.295104"/>
</if>
<kw name="Click Button" owner="SeleniumLibrary">
<msg time="2026-02-20T11:06:59.655299" level="INFO">Clicking button 'id=back-to-products'.</msg>
<arg>id=back-to-products</arg>
<doc>Clicks the button identified by ``locator``.</doc>
<status status="PASS" start="2026-02-20T11:06:59.654702" elapsed="0.248009"/>
</kw>
<kw name="Logout From Application" owner="ecommerce_keywords">
<kw name="Click Element" owner="SeleniumLibrary">
<msg time="2026-02-20T11:06:59.905089" level="INFO">Clicking element 'id=react-burger-menu-btn'.</msg>
<arg>id=react-burger-menu-btn</arg>
<doc>Click the element identified by ``locator``.</doc>
<status status="PASS" start="2026-02-20T11:06:59.904468" elapsed="0.181615"/>
</kw>
<kw name="Sleep" owner="BuiltIn">
<msg time="2026-02-20T11:07:00.789319" level="INFO">Slept 700 milliseconds.</msg>
<arg>${DELAY}</arg>
<doc>Pauses the test executed for the given time.</doc>
<status status="PASS" start="2026-02-20T11:07:00.087094" elapsed="0.702533"/>
</kw>
<kw name="Click Element" owner="SeleniumLibrary">
<msg time="2026-02-20T11:07:00.790742" level="INFO">Clicking element 'id=logout_sidebar_link'.</msg>
<arg>id=logout_sidebar_link</arg>
<doc>Click the element identified by ``locator``.</doc>
<status status="PASS" start="2026-02-20T11:07:00.790205" elapsed="0.209825"/>
</kw>
<kw name="Wait Until Element Is Visible" owner="SeleniumLibrary">
<arg>id=login-button</arg>
<doc>Waits until the element ``locator`` is visible.</doc>
<status status="PASS" start="2026-02-20T11:07:01.000723" elapsed="0.052696"/>
</kw>
<kw name="Sleep" owner="BuiltIn">
<msg time="2026-02-20T11:07:01.755616" level="INFO">Slept 700 milliseconds.</msg>
<arg>${DELAY}</arg>
<doc>Pauses the test executed for the given time.</doc>
<status status="PASS" start="2026-02-20T11:07:01.053952" elapsed="0.701975"/>
</kw>
<status status="PASS" start="2026-02-20T11:06:59.903584" elapsed="1.852723"/>
</kw>
<arg>${first_name}</arg>
<arg>${last_name}</arg>
<arg>${postal_code}</arg>
<status status="PASS" start="2026-02-20T11:06:49.142534" elapsed="12.613914"/>
</kw>
<status status="PASS" start="2026-02-20T11:06:49.141699" elapsed="12.614895"/>
</branch>
<branch type="EXCEPT">
<kw name="Capture Page Screenshot" owner="SeleniumLibrary">
<var>${path}</var>
<arg>checkout_fail_${index + 1}.png</arg>
<doc>Takes a screenshot of the current page and embeds it into a log file.</doc>
<status status="NOT RUN" start="2026-02-20T11:07:01.760023" elapsed="0.000178"/>
</kw>
<kw name="Log" owner="BuiltIn">
<arg>&lt;img src="${path}" width="600px"&gt;</arg>
<arg>html=True</arg>
<doc>Logs the given message with the given level.</doc>
<status status="NOT RUN" start="2026-02-20T11:07:01.760680" elapsed="0.000100"/>
</kw>
<status status="NOT RUN" start="2026-02-20T11:07:01.756756" elapsed="0.004402"/>
</branch>
<status status="PASS" start="2026-02-20T11:06:49.141578" elapsed="12.620648"/>
</try>
<kw name="Close Browser" owner="SeleniumLibrary">
<doc>Closes the current browser.</doc>
<status status="PASS" start="2026-02-20T11:07:01.762602" elapsed="2.335950"/>
</kw>
<kw name="Open Website" owner="ecommerce_keywords">
<if>
<branch type="IF" condition="'${BROWSER}' == 'Chrome'">
<kw name="Evaluate" owner="BuiltIn">
<var>${options}</var>
<arg>sys.modules['selenium.webdriver'].ChromeOptions()</arg>
<arg>sys, selenium.webdriver</arg>
<doc>Evaluates the given expression in Python and returns the result.</doc>
<status status="NOT RUN" start="2026-02-20T11:07:04.100157" elapsed="0.000055"/>
</kw>
<kw name="Evaluate" owner="BuiltIn">
<var>${temp_dir}</var>
<arg>__import__('tempfile').mkdtemp()</arg>
<doc>Evaluates the given expression in Python and returns the result.</doc>
<status status="NOT RUN" start="2026-02-20T11:07:04.100420" elapsed="0.000057"/>
</kw>
<kw name="Create Dictionary" owner="BuiltIn">
<var>${prefs}</var>
<arg>credentials_enable_service=False</arg>
<arg>profile.password_manager_enabled=False</arg>
<arg>profile.default_content_setting_values.notifications=2</arg>
<doc>Creates and returns a dictionary based on the given ``items``.</doc>
<status status="NOT RUN" start="2026-02-20T11:07:04.100669" elapsed="0.000046"/>
</kw>
<kw name="Call Method" owner="BuiltIn">
<arg>${options}</arg>
<arg>add_experimental_option</arg>
<arg>prefs</arg>
<arg>${prefs}</arg>
<doc>Calls the named method of the given object with the provided arguments.</doc>
<status status="NOT RUN" start="2026-02-20T11:07:04.100893" elapsed="0.000043"/>
</kw>
<kw name="Set Variable" owner="BuiltIn">
<var>${incognito}</var>
<arg>--incognito</arg>
<doc>Returns the given values which can then be assigned to a variables.</doc>
<status status="NOT RUN" start="2026-02-20T11:07:04.101110" elapsed="0.000042"/>
</kw>
<kw name="Set Variable" owner="BuiltIn">
<var>${disable_pw}</var>
<arg>--disable-features=PasswordLeakDetection</arg>
<doc>Returns the given values which can then be assigned to a variables.</doc>
<status status="NOT RUN" start="2026-02-20T11:07:04.101303" elapsed="0.000042"/>
</kw>
<kw name="Set Variable" owner="BuiltIn">
<var>${disable_notify}</var>
<arg>--disable-notifications</arg>
<doc>Returns the given values which can then be assigned to a variables.</doc>
<status status="NOT RUN" start="2026-02-20T11:07:04.101491" elapsed="0.000055"/>
</kw>
<kw name="Set Variable" owner="BuiltIn">
<var>${no_first}</var>
<arg>--no-first-run</arg>
<doc>Returns the given values which can then be assigned to a variables.</doc>
<status status="NOT RUN" start="2026-02-20T11:07:04.101690" elapsed="0.000039"/>
</kw>
<kw name="Set Variable" owner="BuiltIn">
<var>${no_default}</var>
<arg>--no-default-browser-check</arg>
<doc>Returns the given values which can then be assigned to a variables.</doc>
<status status="NOT RUN" start="2026-02-20T11:07:04.101879" elapsed="0.000040"/>
</kw>
<kw name="Set Variable" owner="BuiltIn">
<var>${maximize}</var>
<arg>--start-maximized</arg>
<doc>Returns the given values which can then be assigned to a variables.</doc>
<status status="NOT RUN" start="2026-02-20T11:07:04.102071" elapsed="0.000040"/>
</kw>
<kw name="Set Variable" owner="BuiltIn">
<var>${profile}</var>
<arg>--user-data-dir=${temp_dir}</arg>
<doc>Returns the given values which can then be assigned to a variables.</doc>
<status status="NOT RUN" start="2026-02-20T11:07:04.102257" elapsed="0.000039"/>
</kw>
<kw name="Call Method" owner="BuiltIn">
<arg>${options}</arg>
<arg>add_argument</arg>
<arg>${incognito}</arg>
<doc>Calls the named method of the given object with the provided arguments.</doc>
<status status="NOT RUN" start="2026-02-20T11:07:04.102438" elapsed="0.000042"/>
</kw>
<kw name="Call Method" owner="BuiltIn">
<arg>${options}</arg>
<arg>add_argument</arg>
<arg>${disable_pw}</arg>
<doc>Calls the named method of the given object with the provided arguments.</doc>
<status status="NOT RUN" start="2026-02-20T11:07:04.102625" elapsed="0.000036"/>
</kw>
<kw name="Call Method" owner="BuiltIn">
<arg>${options}</arg>
<arg>add_argument</arg>
<arg>${disable_notify}</arg>
<doc>Calls the named method of the given object with the provided arguments.</doc>
<status status="NOT RUN" start="2026-02-20T11:07:04.102801" elapsed="0.000038"/>
</kw>
<kw name="Call Method" owner="BuiltIn">
<arg>${options}</arg>
<arg>add_argument</arg>
<arg>${no_first}</arg>
<doc>Calls the named method of the given object with the provided arguments.</doc>
<status status="NOT RUN" start="2026-02-20T11:07:04.102976" elapsed="0.000036"/>
</kw>
<kw name="Call Method" owner="BuiltIn">
<arg>${options}</arg>
<arg>add_argument</arg>
<arg>${no_default}</arg>
<doc>Calls the named method of the given object with the provided arguments.</doc>
<status status="NOT RUN" start="2026-02-20T11:07:04.103148" elapsed="0.000036"/>
</kw>
<kw name="Call Method" owner="BuiltIn">
<arg>${options}</arg>
<arg>add_argument</arg>
<arg>${maximize}</arg>
<doc>Calls the named method of the given object with the provided arguments.</doc>
<status status="NOT RUN" start="2026-02-20T11:07:04.103326" elapsed="0.000038"/>
</kw>
<kw name="Call Method" owner="BuiltIn">
<arg>${options}</arg>
<arg>add_argument</arg>
<arg>${profile}</arg>
<doc>Calls the named method of the given object with the provided arguments.</doc>
<status status="NOT RUN" start="2026-02-20T11:07:04.103502" elapsed="0.000038"/>
</kw>
<kw name="Create Webdriver" owner="SeleniumLibrary">
<arg>Chrome</arg>
<arg>options=${options}</arg>
<doc>Creates an instance of Selenium WebDriver.</doc>
<status status="NOT RUN" start="2026-02-20T11:07:04.103701" elapsed="0.000039"/>
</kw>
<kw name="Go To" owner="SeleniumLibrary">
<arg>${URL}</arg>
<doc>Navigates the current browser window to the provided ``url``.</doc>
<status status="NOT RUN" start="2026-02-20T11:07:04.103880" elapsed="0.000037"/>
</kw>
<status status="NOT RUN" start="2026-02-20T11:07:04.099760" elapsed="0.004213"/>
</branch>
<branch type="ELSE IF" condition="'${BROWSER}' == 'Edge'">
<kw name="Open Browser" owner="SeleniumLibrary">
<msg time="2026-02-20T11:07:04.105300" level="INFO">Opening browser 'Edge' to base url 'https://www.saucedemo.com/'.</msg>
<msg time="2026-02-20T11:07:04.685557" level="WARN">There was an error managing MicrosoftEdge (error sending request for url (https://msedgedriver.azureedge.net/LATEST_RELEASE_145_WINDOWS): error trying to connect: dns error: No such host is known. (os error 11001)); using driver found in the cache</msg>
<arg>${URL}</arg>
<arg>Edge</arg>
<doc>Opens a new browser instance to the optional ``url``.</doc>
<status status="PASS" start="2026-02-20T11:07:04.104761" elapsed="3.272116"/>
</kw>
<kw name="Maximize Browser Window" owner="SeleniumLibrary">
<doc>Maximizes current browser window.</doc>
<status status="PASS" start="2026-02-20T11:07:07.377581" elapsed="0.065959"/>
</kw>
<status status="PASS" start="2026-02-20T11:07:04.104044" elapsed="3.339760"/>
</branch>
<branch type="ELSE IF" condition="'${BROWSER}' == 'Firefox'">
<kw name="Evaluate" owner="BuiltIn">
<var>${ff_options}</var>
<arg>sys.modules['selenium.webdriver'].FirefoxOptions()</arg>
<arg>sys, selenium.webdriver</arg>
<doc>Evaluates the given expression in Python and returns the result.</doc>
<status status="NOT RUN" start="2026-02-20T11:07:07.444487" elapsed="0.000132"/>
</kw>
<kw name="Call Method" owner="BuiltIn">
<arg>${ff_options}</arg>
<arg>add_argument</arg>
<arg>-private</arg>
<doc>Calls the named method of the given object with the provided arguments.</doc>
<status status="NOT RUN" start="2026-02-20T11:07:07.445033" elapsed="0.000142"/>
</kw>
<kw name="Create Webdriver" owner="SeleniumLibrary">
<arg>Firefox</arg>
<arg>options=${ff_options}</arg>
<doc>Creates an instance of Selenium WebDriver.</doc>
<status status="NOT RUN" start="2026-02-20T11:07:07.445571" elapsed="0.000097"/>
</kw>
<kw name="Go To" owner="SeleniumLibrary">
<arg>${URL}</arg>
<doc>Navigates the current browser window to the provided ``url``.</doc>
<status status="NOT RUN" start="2026-02-20T11:07:07.446123" elapsed="0.000072"/>
</kw>
<status status="NOT RUN" start="2026-02-20T11:07:07.443992" elapsed="0.002287"/>
</branch>
<status status="PASS" start="2026-02-20T11:07:04.099720" elapsed="3.346741"/>
</if>
<kw name="Wait Until Element Is Visible" owner="SeleniumLibrary">
<arg>id=user-name</arg>
<arg>timeout=10s</arg>
<doc>Waits until the element ``locator`` is visible.</doc>
<status status="PASS" start="2026-02-20T11:07:07.447203" elapsed="0.076084"/>
</kw>
<kw name="Sleep" owner="BuiltIn">
<msg time="2026-02-20T11:07:08.224981" level="INFO">Slept 700 milliseconds.</msg>
<arg>${DELAY}</arg>
<doc>Pauses the test executed for the given time.</doc>
<status status="PASS" start="2026-02-20T11:07:07.523821" elapsed="0.701440"/>
</kw>
<status status="PASS" start="2026-02-20T11:07:04.099313" elapsed="4.126253"/>
</kw>
<var name="${index}">9</var>
<var name="${row}">Group5,Project,12345</var>
<status status="PASS" start="2026-02-20T11:06:49.135253" elapsed="19.090506"/>
</iter>
<var>${index}</var>
<var>${row}</var>
<value>@{data}</value>
<status status="PASS" start="2026-02-20T11:03:44.301539" elapsed="203.924448"/>
</for>
<kw name="Register Keyword To Run On Failure" owner="SeleniumLibrary">
<msg time="2026-02-20T11:07:08.228807" level="INFO">Capture Page Screenshot will be run on failure.</msg>
<arg>Capture Page Screenshot</arg>
<doc>Sets the keyword to execute, when a SeleniumLibrary keyword fails.</doc>
<status status="PASS" start="2026-02-20T11:07:08.227966" elapsed="0.001051"/>
</kw>
<status status="PASS" start="2026-02-20T11:03:44.289753" elapsed="203.940080"/>
</test>
<kw name="Close Website" owner="ecommerce_keywords" type="TEARDOWN">
<kw name="Sleep" owner="BuiltIn">
<msg time="2026-02-20T11:07:08.934891" level="INFO">Slept 700 milliseconds.</msg>
<arg>${DELAY}</arg>
<doc>Pauses the test executed for the given time.</doc>
<status status="PASS" start="2026-02-20T11:07:08.232740" elapsed="0.702724"/>
</kw>
<kw name="Close Browser" owner="SeleniumLibrary">
<doc>Closes the current browser.</doc>
<status status="PASS" start="2026-02-20T11:07:08.936230" elapsed="2.309264"/>
</kw>
<status status="PASS" start="2026-02-20T11:07:08.232101" elapsed="3.013575"/>
</kw>
<status status="PASS" start="2026-02-20T11:03:39.145054" elapsed="212.100686"/>
</suite>
<status status="PASS" start="2026-02-20T11:01:58.330766" elapsed="312.916368"/>
</suite>
<statistics>
<total>
<stat pass="7" fail="0" skip="0">All Tests</stat>
</total>
<tag>
</tag>
<suite>
<stat name="Tests" id="s1" pass="7" fail="0" skip="0">Tests</stat>
<stat name="00 Invalid Login" id="s1-s1" pass="1" fail="0" skip="0">Tests.00 Invalid Login</stat>
<stat name="01 Login" id="s1-s2" pass="1" fail="0" skip="0">Tests.01 Login</stat>
<stat name="02 Product" id="s1-s3" pass="1" fail="0" skip="0">Tests.02 Product</stat>
<stat name="03 Add To Cart" id="s1-s4" pass="1" fail="0" skip="0">Tests.03 Add To Cart</stat>
<stat name="04 Update Cart" id="s1-s5" pass="1" fail="0" skip="0">Tests.04 Update Cart</stat>
<stat name="05 Logout" id="s1-s6" pass="1" fail="0" skip="0">Tests.05 Logout</stat>
<stat name="06 Checkout" id="s1-s7" pass="1" fail="0" skip="0">Tests.06 Checkout</stat>
</suite>
</statistics>
<errors>
<msg time="2026-02-20T11:02:01.052131" level="WARN">There was an error managing MicrosoftEdge (error sending request for url (https://msedgedriver.azureedge.net/LATEST_RELEASE_145_WINDOWS): error trying to connect: dns error: No such host is known. (os error 11001)); using driver found in the cache</msg>
<msg time="2026-02-20T11:02:17.116549" level="WARN">There was an error managing MicrosoftEdge (error sending request for url (https://msedgedriver.azureedge.net/LATEST_RELEASE_145_WINDOWS): error trying to connect: dns error: No such host is known. (os error 11001)); using driver found in the cache</msg>
<msg time="2026-02-20T11:02:33.558254" level="WARN">There was an error managing MicrosoftEdge (error sending request for url (https://msedgedriver.azureedge.net/LATEST_RELEASE_145_WINDOWS): error trying to connect: dns error: No such host is known. (os error 11001)); using driver found in the cache</msg>
<msg time="2026-02-20T11:02:47.325066" level="WARN">There was an error managing MicrosoftEdge (error sending request for url (https://msedgedriver.azureedge.net/LATEST_RELEASE_145_WINDOWS): error trying to connect: dns error: No such host is known. (os error 11001)); using driver found in the cache</msg>
<msg time="2026-02-20T11:03:05.671749" level="WARN">There was an error managing MicrosoftEdge (error sending request for url (https://msedgedriver.azureedge.net/LATEST_RELEASE_145_WINDOWS): error trying to connect: dns error: No such host is known. (os error 11001)); using driver found in the cache</msg>
<msg time="2026-02-20T11:03:25.464326" level="WARN">There was an error managing MicrosoftEdge (error sending request for url (https://msedgedriver.azureedge.net/LATEST_RELEASE_145_WINDOWS): error trying to connect: dns error: No such host is known. (os error 11001)); using driver found in the cache</msg>
<msg time="2026-02-20T11:03:39.739891" level="WARN">There was an error managing MicrosoftEdge (error sending request for url (https://msedgedriver.azureedge.net/LATEST_RELEASE_145_WINDOWS): error trying to connect: dns error: No such host is known. (os error 11001)); using driver found in the cache</msg>
<msg time="2026-02-20T11:04:00.125273" level="WARN">There was an error managing MicrosoftEdge (error sending request for url (https://msedgedriver.azureedge.net/LATEST_RELEASE_145_WINDOWS): error trying to connect: dns error: No such host is known. (os error 11001)); using driver found in the cache</msg>
<msg time="2026-02-20T11:04:23.150209" level="WARN">There was an error managing MicrosoftEdge (error sending request for url (https://msedgedriver.azureedge.net/LATEST_RELEASE_145_WINDOWS): error trying to connect: dns error: No such host is known. (os error 11001)); using driver found in the cache</msg>
<msg time="2026-02-20T11:04:43.440041" level="WARN">There was an error managing MicrosoftEdge (error sending request for url (https://msedgedriver.azureedge.net/LATEST_RELEASE_145_WINDOWS): error trying to connect: dns error: No such host is known. (os error 11001)); using driver found in the cache</msg>
<msg time="2026-02-20T11:05:02.413224" level="WARN">There was an error managing MicrosoftEdge (error sending request for url (https://msedgedriver.azureedge.net/LATEST_RELEASE_145_WINDOWS): error trying to connect: dns error: No such host is known. (os error 11001)); using driver found in the cache</msg>
<msg time="2026-02-20T11:05:22.751763" level="WARN">There was an error managing MicrosoftEdge (error sending request for url (https://msedgedriver.azureedge.net/LATEST_RELEASE_145_WINDOWS): error trying to connect: dns error: No such host is known. (os error 11001)); using driver found in the cache</msg>
<msg time="2026-02-20T11:05:43.900570" level="WARN">There was an error managing MicrosoftEdge (error sending request for url (https://msedgedriver.azureedge.net/LATEST_RELEASE_145_WINDOWS): error trying to connect: dns error: No such host is known. (os error 11001)); using driver found in the cache</msg>
<msg time="2026-02-20T11:06:04.455690" level="WARN">There was an error managing MicrosoftEdge (error sending request for url (https://msedgedriver.azureedge.net/LATEST_RELEASE_145_WINDOWS): error trying to connect: dns error: No such host is known. (os error 11001)); using driver found in the cache</msg>
<msg time="2026-02-20T11:06:24.430735" level="WARN">There was an error managing MicrosoftEdge (error sending request for url (https://msedgedriver.azureedge.net/LATEST_RELEASE_145_WINDOWS): error trying to connect: dns error: No such host is known. (os error 11001)); using driver found in the cache</msg>
<msg time="2026-02-20T11:06:45.297820" level="WARN">There was an error managing MicrosoftEdge (error sending request for url (https://msedgedriver.azureedge.net/LATEST_RELEASE_145_WINDOWS): error trying to connect: dns error: No such host is known. (os error 11001)); using driver found in the cache</msg>
<msg time="2026-02-20T11:07:04.685557" level="WARN">There was an error managing MicrosoftEdge (error sending request for url (https://msedgedriver.azureedge.net/LATEST_RELEASE_145_WINDOWS): error trying to connect: dns error: No such host is known. (os error 11001)); using driver found in the cache</msg>
</errors>
</robot>
