<?xml version="1.0" encoding="UTF-8"?>
<robot generator="Robot 7.4.1 (Python 3.13.11 on win32)" generated="2026-02-19T10:22:13.946787" rpa="false" schemaversion="5">
<suite id="s1" name="Tests" source="C:\Users\user\Desktop\CAPSTONE PROJECT\Ecommerce\robot-framework\tests">
<suite id="s1-s1" name="00 Invalid Login" source="C:\Users\user\Desktop\CAPSTONE PROJECT\Ecommerce\robot-framework\tests\00_invalid_login.robot">
<kw name="Open Website" owner="ecommerce_keywords" type="SETUP">
<if>
<branch type="IF" condition="'${BROWSER}' == 'Chrome'">
<kw name="Evaluate" owner="BuiltIn">
<var>${options}</var>
<arg>sys.modules['selenium.webdriver'].ChromeOptions()</arg>
<arg>sys, selenium.webdriver</arg>
<doc>Evaluates the given expression in Python and returns the result.</doc>
<status status="NOT RUN" start="2026-02-19T10:22:14.104192" elapsed="0.000034"/>
</kw>
<kw name="Evaluate" owner="BuiltIn">
<var>${temp_dir}</var>
<arg>__import__('tempfile').mkdtemp()</arg>
<doc>Evaluates the given expression in Python and returns the result.</doc>
<status status="NOT RUN" start="2026-02-19T10:22:14.104352" elapsed="0.000025"/>
</kw>
<kw name="Create Dictionary" owner="BuiltIn">
<var>${prefs}</var>
<arg>credentials_enable_service=False</arg>
<arg>profile.password_manager_enabled=False</arg>
<arg>profile.default_content_setting_values.notifications=2</arg>
<doc>Creates and returns a dictionary based on the given ``items``.</doc>
<status status="NOT RUN" start="2026-02-19T10:22:14.104466" elapsed="0.000021"/>
</kw>
<kw name="Call Method" owner="BuiltIn">
<arg>${options}</arg>
<arg>add_experimental_option</arg>
<arg>prefs</arg>
<arg>${prefs}</arg>
<doc>Calls the named method of the given object with the provided arguments.</doc>
<status status="NOT RUN" start="2026-02-19T10:22:14.104558" elapsed="0.000019"/>
</kw>
<kw name="Set Variable" owner="BuiltIn">
<var>${incognito}</var>
<arg>--incognito</arg>
<doc>Returns the given values which can then be assigned to a variables.</doc>
<status status="NOT RUN" start="2026-02-19T10:22:14.104652" elapsed="0.000019"/>
</kw>
<kw name="Set Variable" owner="BuiltIn">
<var>${disable_pw}</var>
<arg>--disable-features=PasswordLeakDetection</arg>
<doc>Returns the given values which can then be assigned to a variables.</doc>
<status status="NOT RUN" start="2026-02-19T10:22:14.104732" elapsed="0.000016"/>
</kw>
<kw name="Set Variable" owner="BuiltIn">
<var>${disable_notify}</var>
<arg>--disable-notifications</arg>
<doc>Returns the given values which can then be assigned to a variables.</doc>
<status status="NOT RUN" start="2026-02-19T10:22:14.104806" elapsed="0.000016"/>
</kw>
<kw name="Set Variable" owner="BuiltIn">
<var>${no_first}</var>
<arg>--no-first-run</arg>
<doc>Returns the given values which can then be assigned to a variables.</doc>
<status status="NOT RUN" start="2026-02-19T10:22:14.104879" elapsed="0.000017"/>
</kw>
<kw name="Set Variable" owner="BuiltIn">
<var>${no_default}</var>
<arg>--no-default-browser-check</arg>
<doc>Returns the given values which can then be assigned to a variables.</doc>
<status status="NOT RUN" start="2026-02-19T10:22:14.104958" elapsed="0.000017"/>
</kw>
<kw name="Set Variable" owner="BuiltIn">
<var>${maximize}</var>
<arg>--start-maximized</arg>
<doc>Returns the given values which can then be assigned to a variables.</doc>
<status status="NOT RUN" start="2026-02-19T10:22:14.105033" elapsed="0.000017"/>
</kw>
<kw name="Set Variable" owner="BuiltIn">
<var>${profile}</var>
<arg>--user-data-dir=${temp_dir}</arg>
<doc>Returns the given values which can then be assigned to a variables.</doc>
<status status="NOT RUN" start="2026-02-19T10:22:14.105106" elapsed="0.000015"/>
</kw>
<kw name="Call Method" owner="BuiltIn">
<arg>${options}</arg>
<arg>add_argument</arg>
<arg>${incognito}</arg>
<doc>Calls the named method of the given object with the provided arguments.</doc>
<status status="NOT RUN" start="2026-02-19T10:22:14.105177" elapsed="0.000017"/>
</kw>
<kw name="Call Method" owner="BuiltIn">
<arg>${options}</arg>
<arg>add_argument</arg>
<arg>${disable_pw}</arg>
<doc>Calls the named method of the given object with the provided arguments.</doc>
<status status="NOT RUN" start="2026-02-19T10:22:14.105251" elapsed="0.000016"/>
</kw>
<kw name="Call Method" owner="BuiltIn">
<arg>${options}</arg>
<arg>add_argument</arg>
<arg>${disable_notify}</arg>
<doc>Calls the named method of the given object with the provided arguments.</doc>
<status status="NOT RUN" start="2026-02-19T10:22:14.105325" elapsed="0.000016"/>
</kw>
<kw name="Call Method" owner="BuiltIn">
<arg>${options}</arg>
<arg>add_argument</arg>
<arg>${no_first}</arg>
<doc>Calls the named method of the given object with the provided arguments.</doc>
<status status="NOT RUN" start="2026-02-19T10:22:14.105397" elapsed="0.000016"/>
</kw>
<kw name="Call Method" owner="BuiltIn">
<arg>${options}</arg>
<arg>add_argument</arg>
<arg>${no_default}</arg>
<doc>Calls the named method of the given object with the provided arguments.</doc>
<status status="NOT RUN" start="2026-02-19T10:22:14.105467" elapsed="0.000017"/>
</kw>
<kw name="Call Method" owner="BuiltIn">
<arg>${options}</arg>
<arg>add_argument</arg>
<arg>${maximize}</arg>
<doc>Calls the named method of the given object with the provided arguments.</doc>
<status status="NOT RUN" start="2026-02-19T10:22:14.105538" elapsed="0.000016"/>
</kw>
<kw name="Call Method" owner="BuiltIn">
<arg>${options}</arg>
<arg>add_argument</arg>
<arg>${profile}</arg>
<doc>Calls the named method of the given object with the provided arguments.</doc>
<status status="NOT RUN" start="2026-02-19T10:22:14.105612" elapsed="0.000016"/>
</kw>
<kw name="Create Webdriver" owner="SeleniumLibrary">
<arg>Chrome</arg>
<arg>options=${options}</arg>
<doc>Creates an instance of Selenium WebDriver.</doc>
<status status="NOT RUN" start="2026-02-19T10:22:14.105696" elapsed="0.000018"/>
</kw>
<kw name="Go To" owner="SeleniumLibrary">
<arg>${URL}</arg>
<doc>Navigates the current browser window to the provided ``url``.</doc>
<status status="NOT RUN" start="2026-02-19T10:22:14.105774" elapsed="0.000016"/>
</kw>
<status status="NOT RUN" start="2026-02-19T10:22:14.103718" elapsed="0.002097"/>
</branch>
<branch type="ELSE IF" condition="'${BROWSER}' == 'Edge'">
<kw name="Open Browser" owner="SeleniumLibrary">
<arg>${URL}</arg>
<arg>Edge</arg>
<doc>Opens a new browser instance to the optional ``url``.</doc>
<status status="NOT RUN" start="2026-02-19T10:22:14.106024" elapsed="0.000020"/>
</kw>
<kw name="Maximize Browser Window" owner="SeleniumLibrary">
<doc>Maximizes current browser window.</doc>
<status status="NOT RUN" start="2026-02-19T10:22:14.106114" elapsed="0.000017"/>
</kw>
<status status="NOT RUN" start="2026-02-19T10:22:14.105851" elapsed="0.000309"/>
</branch>
<branch type="ELSE IF" condition="'${BROWSER}' == 'Firefox'">
<kw name="Evaluate" owner="BuiltIn">
<msg time="2026-02-19T10:22:14.106880" level="INFO">${ff_options} = &lt;selenium.webdriver.firefox.options.Options object at 0x000001FE6CF6ABA0&gt;</msg>
<var>${ff_options}</var>
<arg>sys.modules['selenium.webdriver'].FirefoxOptions()</arg>
<arg>sys, selenium.webdriver</arg>
<doc>Evaluates the given expression in Python and returns the result.</doc>
<status status="PASS" start="2026-02-19T10:22:14.106401" elapsed="0.000511"/>
</kw>
<kw name="Call Method" owner="BuiltIn">
<arg>${ff_options}</arg>
<arg>add_argument</arg>
<arg>-private</arg>
<doc>Calls the named method of the given object with the provided arguments.</doc>
<status status="PASS" start="2026-02-19T10:22:14.107002" elapsed="0.000232"/>
</kw>
<kw name="Create Webdriver" owner="SeleniumLibrary">
<msg time="2026-02-19T10:22:14.107479" level="INFO">Creating an instance of the Firefox WebDriver.</msg>
<arg>Firefox</arg>
<arg>options=${ff_options}</arg>
<doc>Creates an instance of Selenium WebDriver.</doc>
<status status="PASS" start="2026-02-19T10:22:14.107326" elapsed="9.784043"/>
</kw>
<kw name="Go To" owner="SeleniumLibrary">
<msg time="2026-02-19T10:22:23.895988" level="INFO">Opening url 'https://www.saucedemo.com/'</msg>
<arg>${URL}</arg>
<doc>Navigates the current browser window to the provided ``url``.</doc>
<status status="PASS" start="2026-02-19T10:22:23.893170" elapsed="1.406559"/>
</kw>
<status status="PASS" start="2026-02-19T10:22:14.106221" elapsed="11.193880"/>
</branch>
<status status="PASS" start="2026-02-19T10:22:14.103691" elapsed="11.196707"/>
</if>
<kw name="Wait Until Element Is Visible" owner="SeleniumLibrary">
<arg>id=user-name</arg>
<arg>timeout=10s</arg>
<doc>Waits until the element ``locator`` is visible.</doc>
<status status="PASS" start="2026-02-19T10:22:25.300931" elapsed="0.146968"/>
</kw>
<kw name="Sleep" owner="BuiltIn">
<msg time="2026-02-19T10:22:26.150909" level="INFO">Slept 700 milliseconds.</msg>
<arg>${DELAY}</arg>
<doc>Pauses the test executed for the given time.</doc>
<status status="PASS" start="2026-02-19T10:22:25.448637" elapsed="0.702799"/>
</kw>
<status status="PASS" start="2026-02-19T10:22:14.103527" elapsed="12.048293"/>
</kw>
<test id="s1-s1-t1" name="User Cannot Login With Invalid Credentials" line="7">
<kw name="Input Text" owner="SeleniumLibrary">
<msg time="2026-02-19T10:22:26.154558" level="INFO">Typing text 'invalid_user' into text field 'id=user-name'.</msg>
<arg>id=user-name</arg>
<arg>invalid_user</arg>
<doc>Types the given ``text`` into the text field identified by ``locator``.</doc>
<status status="PASS" start="2026-02-19T10:22:26.153843" elapsed="0.175903"/>
</kw>
<kw name="Input Text" owner="SeleniumLibrary">
<msg time="2026-02-19T10:22:26.332740" level="INFO">Typing text 'wrong_password' into text field 'id=password'.</msg>
<arg>id=password</arg>
<arg>wrong_password</arg>
<doc>Types the given ``text`` into the text field identified by ``locator``.</doc>
<status status="PASS" start="2026-02-19T10:22:26.331419" elapsed="0.197690"/>
</kw>
<kw name="Click Button" owner="SeleniumLibrary">
<msg time="2026-02-19T10:22:26.537106" level="INFO">Clicking button 'id=login-button'.</msg>
<arg>id=login-button</arg>
<doc>Clicks the button identified by ``locator``.</doc>
<status status="PASS" start="2026-02-19T10:22:26.531832" elapsed="0.222932"/>
</kw>
<kw name="Wait Until Page Contains Element" owner="SeleniumLibrary">
<arg>css=h3[data-test="error"]</arg>
<arg>timeout=10s</arg>
<doc>Waits until the element ``locator`` appears on the current page.</doc>
<status status="PASS" start="2026-02-19T10:22:26.755594" elapsed="0.052542"/>
</kw>
<kw name="Page Should Contain" owner="SeleniumLibrary">
<msg time="2026-02-19T10:22:26.831279" level="INFO">Current page contains text 'Username and password do not match'.</msg>
<arg>Username and password do not match</arg>
<doc>Verifies that current page contains ``text``.</doc>
<status status="PASS" start="2026-02-19T10:22:26.809350" elapsed="0.022254"/>
</kw>
<status status="PASS" start="2026-02-19T10:22:26.152105" elapsed="0.680952"/>
</test>
<kw name="Close Website" owner="ecommerce_keywords" type="TEARDOWN">
<kw name="Sleep" owner="BuiltIn">
<msg time="2026-02-19T10:22:27.543028" level="INFO">Slept 700 milliseconds.</msg>
<arg>${DELAY}</arg>
<doc>Pauses the test executed for the given time.</doc>
<status status="PASS" start="2026-02-19T10:22:26.841178" elapsed="0.702062"/>
</kw>
<kw name="Close Browser" owner="SeleniumLibrary">
<doc>Closes the current browser.</doc>
<status status="PASS" start="2026-02-19T10:22:27.543554" elapsed="4.544597"/>
</kw>
<status status="PASS" start="2026-02-19T10:22:26.840066" elapsed="5.248237"/>
</kw>
<status status="PASS" start="2026-02-19T10:22:13.976337" elapsed="18.112022"/>
</suite>
<suite id="s1-s2" name="01 Login" source="C:\Users\user\Desktop\CAPSTONE PROJECT\Ecommerce\robot-framework\tests\01_login.robot">
<kw name="Open Website" owner="ecommerce_keywords" type="SETUP">
<if>
<branch type="IF" condition="'${BROWSER}' == 'Chrome'">
<kw name="Evaluate" owner="BuiltIn">
<var>${options}</var>
<arg>sys.modules['selenium.webdriver'].ChromeOptions()</arg>
<arg>sys, selenium.webdriver</arg>
<doc>Evaluates the given expression in Python and returns the result.</doc>
<status status="NOT RUN" start="2026-02-19T10:22:32.092868" elapsed="0.000021"/>
</kw>
<kw name="Evaluate" owner="BuiltIn">
<var>${temp_dir}</var>
<arg>__import__('tempfile').mkdtemp()</arg>
<doc>Evaluates the given expression in Python and returns the result.</doc>
<status status="NOT RUN" start="2026-02-19T10:22:32.092964" elapsed="0.000015"/>
</kw>
<kw name="Create Dictionary" owner="BuiltIn">
<var>${prefs}</var>
<arg>credentials_enable_service=False</arg>
<arg>profile.password_manager_enabled=False</arg>
<arg>profile.default_content_setting_values.notifications=2</arg>
<doc>Creates and returns a dictionary based on the given ``items``.</doc>
<status status="NOT RUN" start="2026-02-19T10:22:32.093103" elapsed="0.000048"/>
</kw>
<kw name="Call Method" owner="BuiltIn">
<arg>${options}</arg>
<arg>add_experimental_option</arg>
<arg>prefs</arg>
<arg>${prefs}</arg>
<doc>Calls the named method of the given object with the provided arguments.</doc>
<status status="NOT RUN" start="2026-02-19T10:22:32.093274" elapsed="0.000031"/>
</kw>
<kw name="Set Variable" owner="BuiltIn">
<var>${incognito}</var>
<arg>--incognito</arg>
<doc>Returns the given values which can then be assigned to a variables.</doc>
<status status="NOT RUN" start="2026-02-19T10:22:32.093412" elapsed="0.000028"/>
</kw>
<kw name="Set Variable" owner="BuiltIn">
<var>${disable_pw}</var>
<arg>--disable-features=PasswordLeakDetection</arg>
<doc>Returns the given values which can then be assigned to a variables.</doc>
<status status="NOT RUN" start="2026-02-19T10:22:32.093538" elapsed="0.000028"/>
</kw>
<kw name="Set Variable" owner="BuiltIn">
<var>${disable_notify}</var>
<arg>--disable-notifications</arg>
<doc>Returns the given values which can then be assigned to a variables.</doc>
<status status="NOT RUN" start="2026-02-19T10:22:32.093664" elapsed="0.000028"/>
</kw>
<kw name="Set Variable" owner="BuiltIn">
<var>${no_first}</var>
<arg>--no-first-run</arg>
<doc>Returns the given values which can then be assigned to a variables.</doc>
<status status="NOT RUN" start="2026-02-19T10:22:32.093787" elapsed="0.000026"/>
</kw>
<kw name="Set Variable" owner="BuiltIn">
<var>${no_default}</var>
<arg>--no-default-browser-check</arg>
<doc>Returns the given values which can then be assigned to a variables.</doc>
<status status="NOT RUN" start="2026-02-19T10:22:32.093904" elapsed="0.000025"/>
</kw>
<kw name="Set Variable" owner="BuiltIn">
<var>${maximize}</var>
<arg>--start-maximized</arg>
<doc>Returns the given values which can then be assigned to a variables.</doc>
<status status="NOT RUN" start="2026-02-19T10:22:32.094019" elapsed="0.000028"/>
</kw>
<kw name="Set Variable" owner="BuiltIn">
<var>${profile}</var>
<arg>--user-data-dir=${temp_dir}</arg>
<doc>Returns the given values which can then be assigned to a variables.</doc>
<status status="NOT RUN" start="2026-02-19T10:22:32.094136" elapsed="0.000026"/>
</kw>
<kw name="Call Method" owner="BuiltIn">
<arg>${options}</arg>
<arg>add_argument</arg>
<arg>${incognito}</arg>
<doc>Calls the named method of the given object with the provided arguments.</doc>
<status status="NOT RUN" start="2026-02-19T10:22:32.094257" elapsed="0.000027"/>
</kw>
<kw name="Call Method" owner="BuiltIn">
<arg>${options}</arg>
<arg>add_argument</arg>
<arg>${disable_pw}</arg>
<doc>Calls the named method of the given object with the provided arguments.</doc>
<status status="NOT RUN" start="2026-02-19T10:22:32.094374" elapsed="0.000026"/>
</kw>
<kw name="Call Method" owner="BuiltIn">
<arg>${options}</arg>
<arg>add_argument</arg>
<arg>${disable_notify}</arg>
<doc>Calls the named method of the given object with the provided arguments.</doc>
<status status="NOT RUN" start="2026-02-19T10:22:32.094495" elapsed="0.000027"/>
</kw>
<kw name="Call Method" owner="BuiltIn">
<arg>${options}</arg>
<arg>add_argument</arg>
<arg>${no_first}</arg>
<doc>Calls the named method of the given object with the provided arguments.</doc>
<status status="NOT RUN" start="2026-02-19T10:22:32.094610" elapsed="0.000027"/>
</kw>
<kw name="Call Method" owner="BuiltIn">
<arg>${options}</arg>
<arg>add_argument</arg>
<arg>${no_default}</arg>
<doc>Calls the named method of the given object with the provided arguments.</doc>
<status status="NOT RUN" start="2026-02-19T10:22:32.094870" elapsed="0.000032"/>
</kw>
<kw name="Call Method" owner="BuiltIn">
<arg>${options}</arg>
<arg>add_argument</arg>
<arg>${maximize}</arg>
<doc>Calls the named method of the given object with the provided arguments.</doc>
<status status="NOT RUN" start="2026-02-19T10:22:32.094998" elapsed="0.000029"/>
</kw>
<kw name="Call Method" owner="BuiltIn">
<arg>${options}</arg>
<arg>add_argument</arg>
<arg>${profile}</arg>
<doc>Calls the named method of the given object with the provided arguments.</doc>
<status status="NOT RUN" start="2026-02-19T10:22:32.095611" elapsed="0.000036"/>
</kw>
<kw name="Create Webdriver" owner="SeleniumLibrary">
<arg>Chrome</arg>
<arg>options=${options}</arg>
<doc>Creates an instance of Selenium WebDriver.</doc>
<status status="NOT RUN" start="2026-02-19T10:22:32.095763" elapsed="0.000030"/>
</kw>
<kw name="Go To" owner="SeleniumLibrary">
<arg>${URL}</arg>
<doc>Navigates the current browser window to the provided ``url``.</doc>
<status status="NOT RUN" start="2026-02-19T10:22:32.095893" elapsed="0.000032"/>
</kw>
<status status="NOT RUN" start="2026-02-19T10:22:32.092707" elapsed="0.003264"/>
</branch>
<branch type="ELSE IF" condition="'${BROWSER}' == 'Edge'">
<kw name="Open Browser" owner="SeleniumLibrary">
<arg>${URL}</arg>
<arg>Edge</arg>
<doc>Opens a new browser instance to the optional ``url``.</doc>
<status status="NOT RUN" start="2026-02-19T10:22:32.096619" elapsed="0.000039"/>
</kw>
<kw name="Maximize Browser Window" owner="SeleniumLibrary">
<doc>Maximizes current browser window.</doc>
<status status="NOT RUN" start="2026-02-19T10:22:32.096774" elapsed="0.000027"/>
</kw>
<status status="NOT RUN" start="2026-02-19T10:22:32.096268" elapsed="0.000576"/>
</branch>
<branch type="ELSE IF" condition="'${BROWSER}' == 'Firefox'">
<kw name="Evaluate" owner="BuiltIn">
<msg time="2026-02-19T10:22:32.097568" level="INFO">${ff_options} = &lt;selenium.webdriver.firefox.options.Options object at 0x000001FE6CF5E0D0&gt;</msg>
<var>${ff_options}</var>
<arg>sys.modules['selenium.webdriver'].FirefoxOptions()</arg>
<arg>sys, selenium.webdriver</arg>
<doc>Evaluates the given expression in Python and returns the result.</doc>
<status status="PASS" start="2026-02-19T10:22:32.097101" elapsed="0.000494"/>
</kw>
<kw name="Call Method" owner="BuiltIn">
<arg>${ff_options}</arg>
<arg>add_argument</arg>
<arg>-private</arg>
<doc>Calls the named method of the given object with the provided arguments.</doc>
<status status="PASS" start="2026-02-19T10:22:32.097682" elapsed="0.000395"/>
</kw>
<kw name="Create Webdriver" owner="SeleniumLibrary">
<msg time="2026-02-19T10:22:32.098425" level="INFO">Creating an instance of the Firefox WebDriver.</msg>
<arg>Firefox</arg>
<arg>options=${ff_options}</arg>
<doc>Creates an instance of Selenium WebDriver.</doc>
<status status="PASS" start="2026-02-19T10:22:32.098223" elapsed="8.105695"/>
</kw>
<kw name="Go To" owner="SeleniumLibrary">
<msg time="2026-02-19T10:22:40.204967" level="INFO">Opening url 'https://www.saucedemo.com/'</msg>
<arg>${URL}</arg>
<doc>Navigates the current browser window to the provided ``url``.</doc>
<status status="PASS" start="2026-02-19T10:22:40.204436" elapsed="1.080663"/>
</kw>
<status status="PASS" start="2026-02-19T10:22:32.096889" elapsed="9.188695"/>
</branch>
<status status="PASS" start="2026-02-19T10:22:32.092688" elapsed="9.193402"/>
</if>
<kw name="Wait Until Element Is Visible" owner="SeleniumLibrary">
<arg>id=user-name</arg>
<arg>timeout=10s</arg>
<doc>Waits until the element ``locator`` is visible.</doc>
<status status="PASS" start="2026-02-19T10:22:41.286998" elapsed="0.108834"/>
</kw>
<kw name="Sleep" owner="BuiltIn">
<msg time="2026-02-19T10:22:42.098412" level="INFO">Slept 700 milliseconds.</msg>
<arg>${DELAY}</arg>
<doc>Pauses the test executed for the given time.</doc>
<status status="PASS" start="2026-02-19T10:22:41.396321" elapsed="0.702364"/>
</kw>
<status status="PASS" start="2026-02-19T10:22:32.092569" elapsed="10.006373"/>
</kw>
<test id="s1-s2-t1" name="User Login Successful" line="7">
<kw name="Login To Application" owner="ecommerce_keywords">
<kw name="Input Text" owner="SeleniumLibrary">
<msg time="2026-02-19T10:22:42.101934" level="INFO">Typing text 'standard_user' into text field 'id=user-name'.</msg>
<arg>id=user-name</arg>
<arg>${USERNAME}</arg>
<doc>Types the given ``text`` into the text field identified by ``locator``.</doc>
<status status="PASS" start="2026-02-19T10:22:42.101334" elapsed="0.244308"/>
</kw>
<kw name="Sleep" owner="BuiltIn">
<msg time="2026-02-19T10:22:43.048063" level="INFO">Slept 700 milliseconds.</msg>
<arg>${DELAY}</arg>
<doc>Pauses the test executed for the given time.</doc>
<status status="PASS" start="2026-02-19T10:22:42.346321" elapsed="0.702015"/>
</kw>
<kw name="Input Text" owner="SeleniumLibrary">
<msg time="2026-02-19T10:22:43.049405" level="INFO">Typing text 'secret_sauce' into text field 'id=password'.</msg>
<arg>id=password</arg>
<arg>${PASSWORD}</arg>
<doc>Types the given ``text`` into the text field identified by ``locator``.</doc>
<status status="PASS" start="2026-02-19T10:22:43.048761" elapsed="0.070484"/>
</kw>
<kw name="Sleep" owner="BuiltIn">
<msg time="2026-02-19T10:22:43.823267" level="INFO">Slept 700 milliseconds.</msg>
<arg>${DELAY}</arg>
<doc>Pauses the test executed for the given time.</doc>
<status status="PASS" start="2026-02-19T10:22:43.119869" elapsed="0.703768"/>
</kw>
<kw name="Click Button" owner="SeleniumLibrary">
<msg time="2026-02-19T10:22:43.824911" level="INFO">Clicking button 'id=login-button'.</msg>
<arg>id=login-button</arg>
<doc>Clicks the button identified by ``locator``.</doc>
<status status="PASS" start="2026-02-19T10:22:43.824243" elapsed="0.114124"/>
</kw>
<kw name="Wait Until Page Contains Element" owner="SeleniumLibrary">
<arg>css=.inventory_list</arg>
<doc>Waits until the element ``locator`` appears on the current page.</doc>
<status status="PASS" start="2026-02-19T10:22:43.938678" elapsed="0.003883"/>
</kw>
<kw name="Sleep" owner="BuiltIn">
<msg time="2026-02-19T10:22:44.643577" level="INFO">Slept 700 milliseconds.</msg>
<arg>${DELAY}</arg>
<doc>Pauses the test executed for the given time.</doc>
<status status="PASS" start="2026-02-19T10:22:43.942758" elapsed="0.701060"/>
</kw>
<status status="PASS" start="2026-02-19T10:22:42.100541" elapsed="2.543538"/>
</kw>
<kw name="Location Should Contain" owner="SeleniumLibrary">
<msg time="2026-02-19T10:22:44.647354" level="INFO">Current location contains 'inventory'.</msg>
<arg>inventory</arg>
<doc>Verifies that the current URL contains ``expected``.</doc>
<status status="PASS" start="2026-02-19T10:22:44.644720" elapsed="0.002750"/>
</kw>
<status status="PASS" start="2026-02-19T10:22:42.099129" elapsed="2.548784"/>
</test>
<kw name="Close Website" owner="ecommerce_keywords" type="TEARDOWN">
<kw name="Sleep" owner="BuiltIn">
<msg time="2026-02-19T10:22:45.350904" level="INFO">Slept 700 milliseconds.</msg>
<arg>${DELAY}</arg>
<doc>Pauses the test executed for the given time.</doc>
<status status="PASS" start="2026-02-19T10:22:44.649869" elapsed="0.701236"/>
</kw>
<kw name="Close Browser" owner="SeleniumLibrary">
<doc>Closes the current browser.</doc>
<status status="PASS" start="2026-02-19T10:22:45.351431" elapsed="3.336818"/>
</kw>
<status status="PASS" start="2026-02-19T10:22:44.649519" elapsed="4.038933"/>
</kw>
<status status="PASS" start="2026-02-19T10:22:32.089413" elapsed="16.599108"/>
</suite>
<suite id="s1-s3" name="02 Product" source="C:\Users\user\Desktop\CAPSTONE PROJECT\Ecommerce\robot-framework\tests\02_product.robot">
<kw name="Open Website" owner="ecommerce_keywords" type="SETUP">
<if>
<branch type="IF" condition="'${BROWSER}' == 'Chrome'">
<kw name="Evaluate" owner="BuiltIn">
<var>${options}</var>
<arg>sys.modules['selenium.webdriver'].ChromeOptions()</arg>
<arg>sys, selenium.webdriver</arg>
<doc>Evaluates the given expression in Python and returns the result.</doc>
<status status="NOT RUN" start="2026-02-19T10:22:48.699050" elapsed="0.000059"/>
</kw>
<kw name="Evaluate" owner="BuiltIn">
<var>${temp_dir}</var>
<arg>__import__('tempfile').mkdtemp()</arg>
<doc>Evaluates the given expression in Python and returns the result.</doc>
<status status="NOT RUN" start="2026-02-19T10:22:48.699279" elapsed="0.000041"/>
</kw>
<kw name="Create Dictionary" owner="BuiltIn">
<var>${prefs}</var>
<arg>credentials_enable_service=False</arg>
<arg>profile.password_manager_enabled=False</arg>
<arg>profile.default_content_setting_values.notifications=2</arg>
<doc>Creates and returns a dictionary based on the given ``items``.</doc>
<status status="NOT RUN" start="2026-02-19T10:22:48.699470" elapsed="0.000040"/>
</kw>
<kw name="Call Method" owner="BuiltIn">
<arg>${options}</arg>
<arg>add_experimental_option</arg>
<arg>prefs</arg>
<arg>${prefs}</arg>
<doc>Calls the named method of the given object with the provided arguments.</doc>
<status status="NOT RUN" start="2026-02-19T10:22:48.699649" elapsed="0.000039"/>
</kw>
<kw name="Set Variable" owner="BuiltIn">
<var>${incognito}</var>
<arg>--incognito</arg>
<doc>Returns the given values which can then be assigned to a variables.</doc>
<status status="NOT RUN" start="2026-02-19T10:22:48.699823" elapsed="0.000035"/>
</kw>
<kw name="Set Variable" owner="BuiltIn">
<var>${disable_pw}</var>
<arg>--disable-features=PasswordLeakDetection</arg>
<doc>Returns the given values which can then be assigned to a variables.</doc>
<status status="NOT RUN" start="2026-02-19T10:22:48.699973" elapsed="0.000032"/>
</kw>
<kw name="Set Variable" owner="BuiltIn">
<var>${disable_notify}</var>
<arg>--disable-notifications</arg>
<doc>Returns the given values which can then be assigned to a variables.</doc>
<status status="NOT RUN" start="2026-02-19T10:22:48.700128" elapsed="0.000035"/>
</kw>
<kw name="Set Variable" owner="BuiltIn">
<var>${no_first}</var>
<arg>--no-first-run</arg>
<doc>Returns the given values which can then be assigned to a variables.</doc>
<status status="NOT RUN" start="2026-02-19T10:22:48.700274" elapsed="0.000034"/>
</kw>
<kw name="Set Variable" owner="BuiltIn">
<var>${no_default}</var>
<arg>--no-default-browser-check</arg>
<doc>Returns the given values which can then be assigned to a variables.</doc>
<status status="NOT RUN" start="2026-02-19T10:22:48.700430" elapsed="0.000033"/>
</kw>
<kw name="Set Variable" owner="BuiltIn">
<var>${maximize}</var>
<arg>--start-maximized</arg>
<doc>Returns the given values which can then be assigned to a variables.</doc>
<status status="NOT RUN" start="2026-02-19T10:22:48.700571" elapsed="0.000032"/>
</kw>
<kw name="Set Variable" owner="BuiltIn">
<var>${profile}</var>
<arg>--user-data-dir=${temp_dir}</arg>
<doc>Returns the given values which can then be assigned to a variables.</doc>
<status status="NOT RUN" start="2026-02-19T10:22:48.700712" elapsed="0.000031"/>
</kw>
<kw name="Call Method" owner="BuiltIn">
<arg>${options}</arg>
<arg>add_argument</arg>
<arg>${incognito}</arg>
<doc>Calls the named method of the given object with the provided arguments.</doc>
<status status="NOT RUN" start="2026-02-19T10:22:48.700972" elapsed="0.000076"/>
</kw>
<kw name="Call Method" owner="BuiltIn">
<arg>${options}</arg>
<arg>add_argument</arg>
<arg>${disable_pw}</arg>
<doc>Calls the named method of the given object with the provided arguments.</doc>
<status status="NOT RUN" start="2026-02-19T10:22:48.701223" elapsed="0.000045"/>
</kw>
<kw name="Call Method" owner="BuiltIn">
<arg>${options}</arg>
<arg>add_argument</arg>
<arg>${disable_notify}</arg>
<doc>Calls the named method of the given object with the provided arguments.</doc>
<status status="NOT RUN" start="2026-02-19T10:22:48.701406" elapsed="0.000042"/>
</kw>
<kw name="Call Method" owner="BuiltIn">
<arg>${options}</arg>
<arg>add_argument</arg>
<arg>${no_first}</arg>
<doc>Calls the named method of the given object with the provided arguments.</doc>
<status status="NOT RUN" start="2026-02-19T10:22:48.701582" elapsed="0.000047"/>
</kw>
<kw name="Call Method" owner="BuiltIn">
<arg>${options}</arg>
<arg>add_argument</arg>
<arg>${no_default}</arg>
<doc>Calls the named method of the given object with the provided arguments.</doc>
<status status="NOT RUN" start="2026-02-19T10:22:48.702067" elapsed="0.000095"/>
</kw>
<kw name="Call Method" owner="BuiltIn">
<arg>${options}</arg>
<arg>add_argument</arg>
<arg>${maximize}</arg>
<doc>Calls the named method of the given object with the provided arguments.</doc>
<status status="NOT RUN" start="2026-02-19T10:22:48.702536" elapsed="0.000103"/>
</kw>
<kw name="Call Method" owner="BuiltIn">
<arg>${options}</arg>
<arg>add_argument</arg>
<arg>${profile}</arg>
<doc>Calls the named method of the given object with the provided arguments.</doc>
<status status="NOT RUN" start="2026-02-19T10:22:48.702827" elapsed="0.000057"/>
</kw>
<kw name="Create Webdriver" owner="SeleniumLibrary">
<arg>Chrome</arg>
<arg>options=${options}</arg>
<doc>Creates an instance of Selenium WebDriver.</doc>
<status status="NOT RUN" start="2026-02-19T10:22:48.703533" elapsed="0.000288"/>
</kw>
<kw name="Go To" owner="SeleniumLibrary">
<arg>${URL}</arg>
<doc>Navigates the current browser window to the provided ``url``.</doc>
<status status="NOT RUN" start="2026-02-19T10:22:48.704453" elapsed="0.000092"/>
</kw>
<status status="NOT RUN" start="2026-02-19T10:22:48.698470" elapsed="0.006196"/>
</branch>
<branch type="ELSE IF" condition="'${BROWSER}' == 'Edge'">
<kw name="Open Browser" owner="SeleniumLibrary">
<arg>${URL}</arg>
<arg>Edge</arg>
<doc>Opens a new browser instance to the optional ``url``.</doc>
<status status="NOT RUN" start="2026-02-19T10:22:48.706433" elapsed="0.000108"/>
</kw>
<kw name="Maximize Browser Window" owner="SeleniumLibrary">
<doc>Maximizes current browser window.</doc>
<status status="NOT RUN" start="2026-02-19T10:22:48.707014" elapsed="0.000067"/>
</kw>
<status status="NOT RUN" start="2026-02-19T10:22:48.704743" elapsed="0.002404"/>
</branch>
<branch type="ELSE IF" condition="'${BROWSER}' == 'Firefox'">
<kw name="Evaluate" owner="BuiltIn">
<msg time="2026-02-19T10:22:48.708575" level="INFO">${ff_options} = &lt;selenium.webdriver.firefox.options.Options object at 0x000001FE6CB06350&gt;</msg>
<var>${ff_options}</var>
<arg>sys.modules['selenium.webdriver'].FirefoxOptions()</arg>
<arg>sys, selenium.webdriver</arg>
<doc>Evaluates the given expression in Python and returns the result.</doc>
<status status="PASS" start="2026-02-19T10:22:48.707734" elapsed="0.000903"/>
</kw>
<kw name="Call Method" owner="BuiltIn">
<arg>${ff_options}</arg>
<arg>add_argument</arg>
<arg>-private</arg>
<doc>Calls the named method of the given object with the provided arguments.</doc>
<status status="PASS" start="2026-02-19T10:22:48.708850" elapsed="0.000632"/>
</kw>
<kw name="Create Webdriver" owner="SeleniumLibrary">
<msg time="2026-02-19T10:22:48.709837" level="INFO">Creating an instance of the Firefox WebDriver.</msg>
<arg>Firefox</arg>
<arg>options=${ff_options}</arg>
<doc>Creates an instance of Selenium WebDriver.</doc>
<status status="PASS" start="2026-02-19T10:22:48.709644" elapsed="10.232244"/>
</kw>
<kw name="Go To" owner="SeleniumLibrary">
<msg time="2026-02-19T10:22:58.942215" level="INFO">Opening url 'https://www.saucedemo.com/'</msg>
<msg time="2026-02-19T10:22:58.948213" level="WARN">Keyword 'Capture Page Screenshot' could not be run on failure: Message: Browsing context has been discarded
Stacktrace:
RemoteError@chrome://remote/content/shared/RemoteError.sys.mjs:8:8
WebDriverError@chrome://remote/content/shared/webdriver/Errors.sys.mjs:202:5
NoSuchWindowError@chrome://remote/content/shared/webdriver/Errors.sys.mjs:782:5
assert.that/&lt;@chrome://remote/content/shared/webdriver/Assert.sys.mjs:581:13
assert.open@chrome://remote/content/shared/webdriver/Assert.sys.mjs:169:4
GeckoDriver.prototype.takeScreenshot@chrome://remote/content/marionette/driver.sys.mjs:2963:15
dispatch@chrome://remote/content/marionette/server.sys.mjs:318:40
execute@chrome://remote/content/marionette/server.sys.mjs:289:16
onPacket/&lt;@chrome://remote/content/marionette/server.sys.mjs:262:20
onPacket@chrome://remote/content/marionette/server.sys.mjs:263:9
_onJSONObjectReady/&lt;@chrome://remote/content/marionette/transport.sys.mjs:494:20
</msg>
<msg time="2026-02-19T10:22:58.949030" level="FAIL">NoSuchWindowException: Message: Browsing context has been discarded
Stacktrace:
RemoteError@chrome://remote/content/shared/RemoteError.sys.mjs:8:8
WebDriverError@chrome://remote/content/shared/webdriver/Errors.sys.mjs:202:5
NoSuchWindowError@chrome://remote/content/shared/webdriver/Errors.sys.mjs:782:5
assert.that/&lt;@chrome://remote/content/shared/webdriver/Assert.sys.mjs:581:13
assert.open@chrome://remote/content/shared/webdriver/Assert.sys.mjs:169:4
GeckoDriver.prototype.navigateTo@chrome://remote/content/marionette/driver.sys.mjs:1184:39
dispatch@chrome://remote/content/marionette/server.sys.mjs:318:40
execute@chrome://remote/content/marionette/server.sys.mjs:289:16
onPacket/&lt;@chrome://remote/content/marionette/server.sys.mjs:262:20
onPacket@chrome://remote/content/marionette/server.sys.mjs:263:9
_onJSONObjectReady/&lt;@chrome://remote/content/marionette/transport.sys.mjs:494:20
</msg>
<arg>${URL}</arg>
<doc>Navigates the current browser window to the provided ``url``.</doc>
<status status="FAIL" start="2026-02-19T10:22:58.942062" elapsed="0.009161">NoSuchWindowException: Message: Browsing context has been discarded
Stacktrace:
RemoteError@chrome://remote/content/shared/RemoteError.sys.mjs:8:8
WebDriverError@chrome://remote/content/shared/webdriver/Errors.sys.mjs:202:5
NoSuchWindowError@chrome://remote/content/shared/webdriver/Errors.sys.mjs:782:5
assert.that/&lt;@chrome://remote/content/shared/webdriver/Assert.sys.mjs:581:13
assert.open@chrome://remote/content/shared/webdriver/Assert.sys.mjs:169:4
GeckoDriver.prototype.navigateTo@chrome://remote/content/marionette/driver.sys.mjs:1184:39
dispatch@chrome://remote/content/marionette/server.sys.mjs:318:40
execute@chrome://remote/content/marionette/server.sys.mjs:289:16
onPacket/&lt;@chrome://remote/content/marionette/server.sys.mjs:262:20
onPacket@chrome://remote/content/marionette/server.sys.mjs:263:9
_onJSONObjectReady/&lt;@chrome://remote/content/marionette/transport.sys.mjs:494:20
</status>
</kw>
<status status="FAIL" start="2026-02-19T10:22:48.707302" elapsed="10.244059">NoSuchWindowException: Message: Browsing context has been discarded
Stacktrace:
RemoteError@chrome://remote/content/shared/RemoteError.sys.mjs:8:8
WebDriverError@chrome://remote/content/shared/webdriver/Errors.sys.mjs:202:5
NoSuchWindowError@chrome://remote/content/shared/webdriver/Errors.sys.mjs:782:5
assert.that/&lt;@chrome://remote/content/shared/webdriver/Assert.sys.mjs:581:13
assert.open@chrome://remote/content/shared/webdriver/Assert.sys.mjs:169:4
GeckoDriver.prototype.navigateTo@chrome://remote/content/marionette/driver.sys.mjs:1184:39
dispatch@chrome://remote/content/marionette/server.sys.mjs:318:40
execute@chrome://remote/content/marionette/server.sys.mjs:289:16
onPacket/&lt;@chrome://remote/content/marionette/server.sys.mjs:262:20
onPacket@chrome://remote/content/marionette/server.sys.mjs:263:9
_onJSONObjectReady/&lt;@chrome://remote/content/marionette/transport.sys.mjs:494:20
</status>
</branch>
<status status="FAIL" start="2026-02-19T10:22:48.698430" elapsed="10.252995">NoSuchWindowException: Message: Browsing context has been discarded
Stacktrace:
RemoteError@chrome://remote/content/shared/RemoteError.sys.mjs:8:8
WebDriverError@chrome://remote/content/shared/webdriver/Errors.sys.mjs:202:5
NoSuchWindowError@chrome://remote/content/shared/webdriver/Errors.sys.mjs:782:5
assert.that/&lt;@chrome://remote/content/shared/webdriver/Assert.sys.mjs:581:13
assert.open@chrome://remote/content/shared/webdriver/Assert.sys.mjs:169:4
GeckoDriver.prototype.navigateTo@chrome://remote/content/marionette/driver.sys.mjs:1184:39
dispatch@chrome://remote/content/marionette/server.sys.mjs:318:40
execute@chrome://remote/content/marionette/server.sys.mjs:289:16
onPacket/&lt;@chrome://remote/content/marionette/server.sys.mjs:262:20
onPacket@chrome://remote/content/marionette/server.sys.mjs:263:9
_onJSONObjectReady/&lt;@chrome://remote/content/marionette/transport.sys.mjs:494:20
</status>
</if>
<kw name="Wait Until Element Is Visible" owner="SeleniumLibrary">
<arg>id=user-name</arg>
<arg>timeout=10s</arg>
<doc>Waits until the element ``locator`` is visible.</doc>
<status status="NOT RUN" start="2026-02-19T10:22:58.951572" elapsed="0.000037"/>
</kw>
<kw name="Sleep" owner="BuiltIn">
<arg>${DELAY}</arg>
<doc>Pauses the test executed for the given time.</doc>
<status status="NOT RUN" start="2026-02-19T10:22:58.951707" elapsed="0.000028"/>
</kw>
<status status="FAIL" start="2026-02-19T10:22:48.698155" elapsed="10.253700">NoSuchWindowException: Message: Browsing context has been discarded
Stacktrace:
RemoteError@chrome://remote/content/shared/RemoteError.sys.mjs:8:8
WebDriverError@chrome://remote/content/shared/webdriver/Errors.sys.mjs:202:5
NoSuchWindowError@chrome://remote/content/shared/webdriver/Errors.sys.mjs:782:5
assert.that/&lt;@chrome://remote/content/shared/webdriver/Assert.sys.mjs:581:13
assert.open@chrome://remote/content/shared/webdriver/Assert.sys.mjs:169:4
GeckoDriver.prototype.navigateTo@chrome://remote/content/marionette/driver.sys.mjs:1184:39
dispatch@chrome://remote/content/marionette/server.sys.mjs:318:40
execute@chrome://remote/content/marionette/server.sys.mjs:289:16
onPacket/&lt;@chrome://remote/content/marionette/server.sys.mjs:262:20
onPacket@chrome://remote/content/marionette/server.sys.mjs:263:9
_onJSONObjectReady/&lt;@chrome://remote/content/marionette/transport.sys.mjs:494:20
</status>
</kw>
<test id="s1-s3-t1" name="User Can View Product Details" line="7">
<status status="FAIL" start="2026-02-19T10:22:58.951943" elapsed="0.000458">Parent suite setup failed:
NoSuchWindowException: Message: Browsing context has been discarded
Stacktrace:
RemoteError@chrome://remote/content/shared/RemoteError.sys.mjs:8:8
WebDriverError@chrome://remote/content/shared/webdriver/Errors.sys.mjs:202:5
NoSuchWindowError@chrome://remote/content/shared/webdriver/Errors.sys.mjs:782:5
assert.that/&lt;@chrome://remote/content/shared/webdriver/Assert.sys.mjs:581:13
assert.open@chrome://remote/content/shared/webdriver/Assert.sys.mjs:169:4
GeckoDriver.prototype.navigateTo@chrome://remote/content/marionette/driver.sys.mjs:1184:39
dispatch@chrome://remote/content/marionette/server.sys.mjs:318:40
execute@chrome://remote/content/marionette/server.sys.mjs:289:16
onPacket/&lt;@chrome://remote/content/marionette/server.sys.mjs:262:20
onPacket@chrome://remote/content/marionette/server.sys.mjs:263:9
_onJSONObjectReady/&lt;@chrome://remote/content/marionette/transport.sys.mjs:494:20
</status>
</test>
<kw name="Close Website" owner="ecommerce_keywords" type="TEARDOWN">
<kw name="Sleep" owner="BuiltIn">
<msg time="2026-02-19T10:22:59.654264" level="INFO">Slept 700 milliseconds.</msg>
<arg>${DELAY}</arg>
<doc>Pauses the test executed for the given time.</doc>
<status status="PASS" start="2026-02-19T10:22:58.953585" elapsed="0.700902"/>
</kw>
<kw name="Close Browser" owner="SeleniumLibrary">
<doc>Closes the current browser.</doc>
<status status="PASS" start="2026-02-19T10:22:59.654823" elapsed="2.866599"/>
</kw>
<status status="PASS" start="2026-02-19T10:22:58.953469" elapsed="3.568085"/>
</kw>
<status status="FAIL" start="2026-02-19T10:22:48.690655" elapsed="13.830951">Suite setup failed:
NoSuchWindowException: Message: Browsing context has been discarded
Stacktrace:
RemoteError@chrome://remote/content/shared/RemoteError.sys.mjs:8:8
WebDriverError@chrome://remote/content/shared/webdriver/Errors.sys.mjs:202:5
NoSuchWindowError@chrome://remote/content/shared/webdriver/Errors.sys.mjs:782:5
assert.that/&lt;@chrome://remote/content/shared/webdriver/Assert.sys.mjs:581:13
assert.open@chrome://remote/content/shared/webdriver/Assert.sys.mjs:169:4
GeckoDriver.prototype.navigateTo@chrome://remote/content/marionette/driver.sys.mjs:1184:39
dispatch@chrome://remote/content/marionette/server.sys.mjs:318:40
execute@chrome://remote/content/marionette/server.sys.mjs:289:16
onPacket/&lt;@chrome://remote/content/marionette/server.sys.mjs:262:20
onPacket@chrome://remote/content/marionette/server.sys.mjs:263:9
_onJSONObjectReady/&lt;@chrome://remote/content/marionette/transport.sys.mjs:494:20
</status>
</suite>
<suite id="s1-s4" name="03 Add To Cart" source="C:\Users\user\Desktop\CAPSTONE PROJECT\Ecommerce\robot-framework\tests\03_add_to_cart.robot">
<kw name="Open Website" owner="ecommerce_keywords" type="SETUP">
<if>
<branch type="IF" condition="'${BROWSER}' == 'Chrome'">
<kw name="Evaluate" owner="BuiltIn">
<var>${options}</var>
<arg>sys.modules['selenium.webdriver'].ChromeOptions()</arg>
<arg>sys, selenium.webdriver</arg>
<doc>Evaluates the given expression in Python and returns the result.</doc>
<status status="NOT RUN" start="2026-02-19T10:23:02.527365" elapsed="0.000041"/>
</kw>
<kw name="Evaluate" owner="BuiltIn">
<var>${temp_dir}</var>
<arg>__import__('tempfile').mkdtemp()</arg>
<doc>Evaluates the given expression in Python and returns the result.</doc>
<status status="NOT RUN" start="2026-02-19T10:23:02.527542" elapsed="0.000032"/>
</kw>
<kw name="Create Dictionary" owner="BuiltIn">
<var>${prefs}</var>
<arg>credentials_enable_service=False</arg>
<arg>profile.password_manager_enabled=False</arg>
<arg>profile.default_content_setting_values.notifications=2</arg>
<doc>Creates and returns a dictionary based on the given ``items``.</doc>
<status status="NOT RUN" start="2026-02-19T10:23:02.527693" elapsed="0.000029"/>
</kw>
<kw name="Call Method" owner="BuiltIn">
<arg>${options}</arg>
<arg>add_experimental_option</arg>
<arg>prefs</arg>
<arg>${prefs}</arg>
<doc>Calls the named method of the given object with the provided arguments.</doc>
<status status="NOT RUN" start="2026-02-19T10:23:02.527829" elapsed="0.000034"/>
</kw>
<kw name="Set Variable" owner="BuiltIn">
<var>${incognito}</var>
<arg>--incognito</arg>
<doc>Returns the given values which can then be assigned to a variables.</doc>
<status status="NOT RUN" start="2026-02-19T10:23:02.527971" elapsed="0.000028"/>
</kw>
<kw name="Set Variable" owner="BuiltIn">
<var>${disable_pw}</var>
<arg>--disable-features=PasswordLeakDetection</arg>
<doc>Returns the given values which can then be assigned to a variables.</doc>
<status status="NOT RUN" start="2026-02-19T10:23:02.528095" elapsed="0.000027"/>
</kw>
<kw name="Set Variable" owner="BuiltIn">
<var>${disable_notify}</var>
<arg>--disable-notifications</arg>
<doc>Returns the given values which can then be assigned to a variables.</doc>
<status status="NOT RUN" start="2026-02-19T10:23:02.528214" elapsed="0.000028"/>
</kw>
<kw name="Set Variable" owner="BuiltIn">
<var>${no_first}</var>
<arg>--no-first-run</arg>
<doc>Returns the given values which can then be assigned to a variables.</doc>
<status status="NOT RUN" start="2026-02-19T10:23:02.528334" elapsed="0.000028"/>
</kw>
<kw name="Set Variable" owner="BuiltIn">
<var>${no_default}</var>
<arg>--no-default-browser-check</arg>
<doc>Returns the given values which can then be assigned to a variables.</doc>
<status status="NOT RUN" start="2026-02-19T10:23:02.528463" elapsed="0.000025"/>
</kw>
<kw name="Set Variable" owner="BuiltIn">
<var>${maximize}</var>
<arg>--start-maximized</arg>
<doc>Returns the given values which can then be assigned to a variables.</doc>
<status status="NOT RUN" start="2026-02-19T10:23:02.528574" elapsed="0.000029"/>
</kw>
<kw name="Set Variable" owner="BuiltIn">
<var>${profile}</var>
<arg>--user-data-dir=${temp_dir}</arg>
<doc>Returns the given values which can then be assigned to a variables.</doc>
<status status="NOT RUN" start="2026-02-19T10:23:02.528692" elapsed="0.000026"/>
</kw>
<kw name="Call Method" owner="BuiltIn">
<arg>${options}</arg>
<arg>add_argument</arg>
<arg>${incognito}</arg>
<doc>Calls the named method of the given object with the provided arguments.</doc>
<status status="NOT RUN" start="2026-02-19T10:23:02.528802" elapsed="0.000026"/>
</kw>
<kw name="Call Method" owner="BuiltIn">
<arg>${options}</arg>
<arg>add_argument</arg>
<arg>${disable_pw}</arg>
<doc>Calls the named method of the given object with the provided arguments.</doc>
<status status="NOT RUN" start="2026-02-19T10:23:02.528915" elapsed="0.000026"/>
</kw>
<kw name="Call Method" owner="BuiltIn">
<arg>${options}</arg>
<arg>add_argument</arg>
<arg>${disable_notify}</arg>
<doc>Calls the named method of the given object with the provided arguments.</doc>
<status status="NOT RUN" start="2026-02-19T10:23:02.529029" elapsed="0.000025"/>
</kw>
<kw name="Call Method" owner="BuiltIn">
<arg>${options}</arg>
<arg>add_argument</arg>
<arg>${no_first}</arg>
<doc>Calls the named method of the given object with the provided arguments.</doc>
<status status="NOT RUN" start="2026-02-19T10:23:02.529140" elapsed="0.000025"/>
</kw>
<kw name="Call Method" owner="BuiltIn">
<arg>${options}</arg>
<arg>add_argument</arg>
<arg>${no_default}</arg>
<doc>Calls the named method of the given object with the provided arguments.</doc>
<status status="NOT RUN" start="2026-02-19T10:23:02.529253" elapsed="0.000025"/>
</kw>
<kw name="Call Method" owner="BuiltIn">
<arg>${options}</arg>
<arg>add_argument</arg>
<arg>${maximize}</arg>
<doc>Calls the named method of the given object with the provided arguments.</doc>
<status status="NOT RUN" start="2026-02-19T10:23:02.529369" elapsed="0.000027"/>
</kw>
<kw name="Call Method" owner="BuiltIn">
<arg>${options}</arg>
<arg>add_argument</arg>
<arg>${profile}</arg>
<doc>Calls the named method of the given object with the provided arguments.</doc>
<status status="NOT RUN" start="2026-02-19T10:23:02.529485" elapsed="0.000026"/>
</kw>
<kw name="Create Webdriver" owner="SeleniumLibrary">
<arg>Chrome</arg>
<arg>options=${options}</arg>
<doc>Creates an instance of Selenium WebDriver.</doc>
<status status="NOT RUN" start="2026-02-19T10:23:02.529617" elapsed="0.000028"/>
</kw>
<kw name="Go To" owner="SeleniumLibrary">
<arg>${URL}</arg>
<doc>Navigates the current browser window to the provided ``url``.</doc>
<status status="NOT RUN" start="2026-02-19T10:23:02.529749" elapsed="0.000035"/>
</kw>
<status status="NOT RUN" start="2026-02-19T10:23:02.527102" elapsed="0.002734"/>
</branch>
<branch type="ELSE IF" condition="'${BROWSER}' == 'Edge'">
<kw name="Open Browser" owner="SeleniumLibrary">
<arg>${URL}</arg>
<arg>Edge</arg>
<doc>Opens a new browser instance to the optional ``url``.</doc>
<status status="NOT RUN" start="2026-02-19T10:23:02.530402" elapsed="0.000075"/>
</kw>
<kw name="Maximize Browser Window" owner="SeleniumLibrary">
<doc>Maximizes current browser window.</doc>
<status status="NOT RUN" start="2026-02-19T10:23:02.530701" elapsed="0.000026"/>
</kw>
<status status="NOT RUN" start="2026-02-19T10:23:02.529897" elapsed="0.000873"/>
</branch>
<branch type="ELSE IF" condition="'${BROWSER}' == 'Firefox'">
<kw name="Evaluate" owner="BuiltIn">
<msg time="2026-02-19T10:23:02.531732" level="INFO">${ff_options} = &lt;selenium.webdriver.firefox.options.Options object at 0x000001FE6CF716E0&gt;</msg>
<var>${ff_options}</var>
<arg>sys.modules['selenium.webdriver'].FirefoxOptions()</arg>
<arg>sys, selenium.webdriver</arg>
<doc>Evaluates the given expression in Python and returns the result.</doc>
<status status="PASS" start="2026-02-19T10:23:02.531013" elapsed="0.000755"/>
</kw>
<kw name="Call Method" owner="BuiltIn">
<arg>${ff_options}</arg>
<arg>add_argument</arg>
<arg>-private</arg>
<doc>Calls the named method of the given object with the provided arguments.</doc>
<status status="PASS" start="2026-02-19T10:23:02.531886" elapsed="0.000470"/>
</kw>
<kw name="Create Webdriver" owner="SeleniumLibrary">
<msg time="2026-02-19T10:23:02.532825" level="INFO">Creating an instance of the Firefox WebDriver.</msg>
<arg>Firefox</arg>
<arg>options=${ff_options}</arg>
<doc>Creates an instance of Selenium WebDriver.</doc>
<status status="PASS" start="2026-02-19T10:23:02.532565" elapsed="9.139460"/>
</kw>
<kw name="Go To" owner="SeleniumLibrary">
<msg time="2026-02-19T10:23:11.672806" level="INFO">Opening url 'https://www.saucedemo.com/'</msg>
<arg>${URL}</arg>
<doc>Navigates the current browser window to the provided ``url``.</doc>
<status status="PASS" start="2026-02-19T10:23:11.672425" elapsed="2.282650"/>
</kw>
<status status="PASS" start="2026-02-19T10:23:02.530812" elapsed="11.424403"/>
</branch>
<status status="PASS" start="2026-02-19T10:23:02.527073" elapsed="11.428402"/>
</if>
<kw name="Wait Until Element Is Visible" owner="SeleniumLibrary">
<arg>id=user-name</arg>
<arg>timeout=10s</arg>
<doc>Waits until the element ``locator`` is visible.</doc>
<status status="PASS" start="2026-02-19T10:23:13.955829" elapsed="0.047760"/>
</kw>
<kw name="Sleep" owner="BuiltIn">
<msg time="2026-02-19T10:23:14.704770" level="INFO">Slept 700 milliseconds.</msg>
<arg>${DELAY}</arg>
<doc>Pauses the test executed for the given time.</doc>
<status status="PASS" start="2026-02-19T10:23:14.003850" elapsed="0.701115"/>
</kw>
<status status="PASS" start="2026-02-19T10:23:02.526859" elapsed="12.178273"/>
</kw>
<test id="s1-s4-t1" name="User Can Add Four Products To Cart" line="7">
<kw name="Login To Application" owner="ecommerce_keywords">
<kw name="Input Text" owner="SeleniumLibrary">
<msg time="2026-02-19T10:23:14.707382" level="INFO">Typing text 'standard_user' into text field 'id=user-name'.</msg>
<arg>id=user-name</arg>
<arg>${USERNAME}</arg>
<doc>Types the given ``text`` into the text field identified by ``locator``.</doc>
<status status="PASS" start="2026-02-19T10:23:14.706972" elapsed="0.154580"/>
</kw>
<kw name="Sleep" owner="BuiltIn">
<msg time="2026-02-19T10:23:15.562979" level="INFO">Slept 700 milliseconds.</msg>
<arg>${DELAY}</arg>
<doc>Pauses the test executed for the given time.</doc>
<status status="PASS" start="2026-02-19T10:23:14.861938" elapsed="0.701261"/>
</kw>
<kw name="Input Text" owner="SeleniumLibrary">
<msg time="2026-02-19T10:23:15.563995" level="INFO">Typing text 'secret_sauce' into text field 'id=password'.</msg>
<arg>id=password</arg>
<arg>${PASSWORD}</arg>
<doc>Types the given ``text`` into the text field identified by ``locator``.</doc>
<status status="PASS" start="2026-02-19T10:23:15.563524" elapsed="0.074733"/>
</kw>
<kw name="Sleep" owner="BuiltIn">
<msg time="2026-02-19T10:23:16.340011" level="INFO">Slept 700 milliseconds.</msg>
<arg>${DELAY}</arg>
<doc>Pauses the test executed for the given time.</doc>
<status status="PASS" start="2026-02-19T10:23:15.638714" elapsed="0.701445"/>
</kw>
<kw name="Click Button" owner="SeleniumLibrary">
<msg time="2026-02-19T10:23:16.340701" level="INFO">Clicking button 'id=login-button'.</msg>
<arg>id=login-button</arg>
<doc>Clicks the button identified by ``locator``.</doc>
<status status="PASS" start="2026-02-19T10:23:16.340373" elapsed="0.148947"/>
</kw>
<kw name="Wait Until Page Contains Element" owner="SeleniumLibrary">
<arg>css=.inventory_list</arg>
<doc>Waits until the element ``locator`` appears on the current page.</doc>
<status status="PASS" start="2026-02-19T10:23:16.489593" elapsed="0.004802"/>
</kw>
<kw name="Sleep" owner="BuiltIn">
<msg time="2026-02-19T10:23:17.196081" level="INFO">Slept 700 milliseconds.</msg>
<arg>${DELAY}</arg>
<doc>Pauses the test executed for the given time.</doc>
<status status="PASS" start="2026-02-19T10:23:16.494692" elapsed="0.702221"/>
</kw>
<status status="PASS" start="2026-02-19T10:23:14.706210" elapsed="2.490957"/>
</kw>
<kw name="Add Four Products To Cart" owner="ecommerce_keywords">
<kw name="Get WebElements" owner="SeleniumLibrary">
<msg time="2026-02-19T10:23:17.202773" level="INFO">${buttons} = [&lt;selenium.webdriver.remote.webelement.WebElement (session="89bbe0cd-8533-4920-a569-d64e4fa89425", element="36d2de82-f302-4786-b5d3-50212bbc06fb")&gt;, &lt;selenium.webdriver.remote.webelement.WebElement (s...</msg>
<var>${buttons}</var>
<arg>xpath=//button[contains(text(),'Add to cart')]</arg>
<doc>Returns a list of WebElement objects matching the ``locator``.</doc>
<status status="PASS" start="2026-02-19T10:23:17.198115" elapsed="0.004707"/>
</kw>
<for flavor="IN RANGE">
<iter>
<kw name="Click Element" owner="SeleniumLibrary">
<msg time="2026-02-19T10:23:17.203495" level="INFO">Clicking element '&lt;selenium.webdriver.remote.webelement.WebElement (session="89bbe0cd-8533-4920-a569-d64e4fa89425", element="36d2de82-f302-4786-b5d3-50212bbc06fb")&gt;'.</msg>
<arg>${buttons}[${index}]</arg>
<doc>Click the element identified by ``locator``.</doc>
<status status="PASS" start="2026-02-19T10:23:17.203276" elapsed="0.060817"/>
</kw>
<kw name="Sleep" owner="BuiltIn">
<msg time="2026-02-19T10:23:17.965135" level="INFO">Slept 700 milliseconds.</msg>
<arg>${DELAY}</arg>
<doc>Pauses the test executed for the given time.</doc>
<status status="PASS" start="2026-02-19T10:23:17.264248" elapsed="0.701041"/>
</kw>
<var name="${index}">0</var>
<status status="PASS" start="2026-02-19T10:23:17.203154" elapsed="0.762230"/>
</iter>
<iter>
<kw name="Click Element" owner="SeleniumLibrary">
<msg time="2026-02-19T10:23:17.966112" level="INFO">Clicking element '&lt;selenium.webdriver.remote.webelement.WebElement (session="89bbe0cd-8533-4920-a569-d64e4fa89425", element="e5a538c8-f7bc-4d03-bb73-3a9b3d642175")&gt;'.</msg>
<arg>${buttons}[${index}]</arg>
<doc>Click the element identified by ``locator``.</doc>
<status status="PASS" start="2026-02-19T10:23:17.965770" elapsed="0.076060"/>
</kw>
<kw name="Sleep" owner="BuiltIn">
<msg time="2026-02-19T10:23:18.742450" level="INFO">Slept 700 milliseconds.</msg>
<arg>${DELAY}</arg>
<doc>Pauses the test executed for the given time.</doc>
<status status="PASS" start="2026-02-19T10:23:18.041964" elapsed="0.700578"/>
</kw>
<var name="${index}">1</var>
<status status="PASS" start="2026-02-19T10:23:17.965605" elapsed="0.776992"/>
</iter>
<iter>
<kw name="Click Element" owner="SeleniumLibrary">
<msg time="2026-02-19T10:23:18.742987" level="INFO">Clicking element '&lt;selenium.webdriver.remote.webelement.WebElement (session="89bbe0cd-8533-4920-a569-d64e4fa89425", element="5ba30452-644d-486b-95e1-fe2e85a90627")&gt;'.</msg>
<arg>${buttons}[${index}]</arg>
<doc>Click the element identified by ``locator``.</doc>
<status status="PASS" start="2026-02-19T10:23:18.742812" elapsed="0.062014"/>
</kw>
<kw name="Sleep" owner="BuiltIn">
<msg time="2026-02-19T10:23:19.505678" level="INFO">Slept 700 milliseconds.</msg>
<arg>${DELAY}</arg>
<doc>Pauses the test executed for the given time.</doc>
<status status="PASS" start="2026-02-19T10:23:18.805006" elapsed="0.700858"/>
</kw>
<var name="${index}">2</var>
<status status="PASS" start="2026-02-19T10:23:18.742719" elapsed="0.763261"/>
</iter>
<iter>
<kw name="Click Element" owner="SeleniumLibrary">
<msg time="2026-02-19T10:23:19.507124" level="INFO">Clicking element '&lt;selenium.webdriver.remote.webelement.WebElement (session="89bbe0cd-8533-4920-a569-d64e4fa89425", element="2713cde9-27ef-4d6d-9546-7548b45d37a6")&gt;'.</msg>
<arg>${buttons}[${index}]</arg>
<doc>Click the element identified by ``locator``.</doc>
<status status="PASS" start="2026-02-19T10:23:19.506802" elapsed="0.075348"/>
</kw>
<kw name="Sleep" owner="BuiltIn">
<msg time="2026-02-19T10:23:20.283382" level="INFO">Slept 700 milliseconds.</msg>
<arg>${DELAY}</arg>
<doc>Pauses the test executed for the given time.</doc>
<status status="PASS" start="2026-02-19T10:23:19.582308" elapsed="0.701276"/>
</kw>
<var name="${index}">3</var>
<status status="PASS" start="2026-02-19T10:23:19.506596" elapsed="0.777114"/>
</iter>
<var>${index}</var>
<value>0</value>
<value>4</value>
<status status="PASS" start="2026-02-19T10:23:17.202925" elapsed="3.080875"/>
</for>
<status status="PASS" start="2026-02-19T10:23:17.197775" elapsed="3.086140"/>
</kw>
<kw name="Verify Cart Has Four Items" owner="ecommerce_keywords">
<kw name="Get Text" owner="SeleniumLibrary">
<msg time="2026-02-19T10:23:20.301621" level="INFO">${count} = 4</msg>
<var>${count}</var>
<arg>css=.shopping_cart_badge</arg>
<doc>Returns the text value of the element identified by ``locator``.</doc>
<status status="PASS" start="2026-02-19T10:23:20.284964" elapsed="0.016696"/>
</kw>
<kw name="Should Be Equal" owner="BuiltIn">
<arg>${count}</arg>
<arg>4</arg>
<doc>Fails if the given objects are unequal.</doc>
<status status="PASS" start="2026-02-19T10:23:20.301812" elapsed="0.000311"/>
</kw>
<kw name="Sleep" owner="BuiltIn">
<msg time="2026-02-19T10:23:21.003175" level="INFO">Slept 700 milliseconds.</msg>
<arg>${DELAY}</arg>
<doc>Pauses the test executed for the given time.</doc>
<status status="PASS" start="2026-02-19T10:23:20.302204" elapsed="0.701228"/>
</kw>
<status status="PASS" start="2026-02-19T10:23:20.284671" elapsed="0.718903"/>
</kw>
<kw name="Go To Cart" owner="ecommerce_keywords">
<kw name="Click Element" owner="SeleniumLibrary">
<msg time="2026-02-19T10:23:21.004953" level="INFO">Clicking element 'css=.shopping_cart_link'.</msg>
<arg>css=.shopping_cart_link</arg>
<doc>Click the element identified by ``locator``.</doc>
<status status="PASS" start="2026-02-19T10:23:21.004734" elapsed="0.089393"/>
</kw>
<kw name="Wait Until Page Contains" owner="SeleniumLibrary">
<arg>Your Cart</arg>
<doc>Waits until ``text`` appears on the current page.</doc>
<status status="PASS" start="2026-02-19T10:23:21.094277" elapsed="0.005522"/>
</kw>
<kw name="Sleep" owner="BuiltIn">
<msg time="2026-02-19T10:23:21.800933" level="INFO">Slept 700 milliseconds.</msg>
<arg>${DELAY}</arg>
<doc>Pauses the test executed for the given time.</doc>
<status status="PASS" start="2026-02-19T10:23:21.099942" elapsed="0.701136"/>
</kw>
<status status="PASS" start="2026-02-19T10:23:21.004364" elapsed="0.796836"/>
</kw>
<kw name="Page Should Contain" owner="SeleniumLibrary">
<msg time="2026-02-19T10:23:21.810616" level="INFO">Current page contains text 'Your Cart'.</msg>
<arg>Your Cart</arg>
<doc>Verifies that current page contains ``text``.</doc>
<status status="PASS" start="2026-02-19T10:23:21.801957" elapsed="0.008751"/>
</kw>
<status status="PASS" start="2026-02-19T10:23:14.705247" elapsed="7.106010"/>
</test>
<kw name="Close Website" owner="ecommerce_keywords" type="TEARDOWN">
<kw name="Sleep" owner="BuiltIn">
<msg time="2026-02-19T10:23:22.513175" level="INFO">Slept 700 milliseconds.</msg>
<arg>${DELAY}</arg>
<doc>Pauses the test executed for the given time.</doc>
<status status="PASS" start="2026-02-19T10:23:21.812165" elapsed="0.701143"/>
</kw>
<kw name="Close Browser" owner="SeleniumLibrary">
<doc>Closes the current browser.</doc>
<status status="PASS" start="2026-02-19T10:23:22.513493" elapsed="3.066981"/>
</kw>
<status status="PASS" start="2026-02-19T10:23:21.812023" elapsed="3.768589"/>
</kw>
<status status="PASS" start="2026-02-19T10:23:02.523437" elapsed="23.057225"/>
</suite>
<suite id="s1-s5" name="04 Update Cart" source="C:\Users\user\Desktop\CAPSTONE PROJECT\Ecommerce\robot-framework\tests\04_update_cart.robot">
<kw name="Open Website" owner="ecommerce_keywords" type="SETUP">
<if>
<branch type="IF" condition="'${BROWSER}' == 'Chrome'">
<kw name="Evaluate" owner="BuiltIn">
<var>${options}</var>
<arg>sys.modules['selenium.webdriver'].ChromeOptions()</arg>
<arg>sys, selenium.webdriver</arg>
<doc>Evaluates the given expression in Python and returns the result.</doc>
<status status="NOT RUN" start="2026-02-19T10:23:25.586767" elapsed="0.000022"/>
</kw>
<kw name="Evaluate" owner="BuiltIn">
<var>${temp_dir}</var>
<arg>__import__('tempfile').mkdtemp()</arg>
<doc>Evaluates the given expression in Python and returns the result.</doc>
<status status="NOT RUN" start="2026-02-19T10:23:25.586861" elapsed="0.000015"/>
</kw>
<kw name="Create Dictionary" owner="BuiltIn">
<var>${prefs}</var>
<arg>credentials_enable_service=False</arg>
<arg>profile.password_manager_enabled=False</arg>
<arg>profile.default_content_setting_values.notifications=2</arg>
<doc>Creates and returns a dictionary based on the given ``items``.</doc>
<status status="NOT RUN" start="2026-02-19T10:23:25.586938" elapsed="0.000016"/>
</kw>
<kw name="Call Method" owner="BuiltIn">
<arg>${options}</arg>
<arg>add_experimental_option</arg>
<arg>prefs</arg>
<arg>${prefs}</arg>
<doc>Calls the named method of the given object with the provided arguments.</doc>
<status status="NOT RUN" start="2026-02-19T10:23:25.587020" elapsed="0.000014"/>
</kw>
<kw name="Set Variable" owner="BuiltIn">
<var>${incognito}</var>
<arg>--incognito</arg>
<doc>Returns the given values which can then be assigned to a variables.</doc>
<status status="NOT RUN" start="2026-02-19T10:23:25.587090" elapsed="0.000015"/>
</kw>
<kw name="Set Variable" owner="BuiltIn">
<var>${disable_pw}</var>
<arg>--disable-features=PasswordLeakDetection</arg>
<doc>Returns the given values which can then be assigned to a variables.</doc>
<status status="NOT RUN" start="2026-02-19T10:23:25.587155" elapsed="0.000014"/>
</kw>
<kw name="Set Variable" owner="BuiltIn">
<var>${disable_notify}</var>
<arg>--disable-notifications</arg>
<doc>Returns the given values which can then be assigned to a variables.</doc>
<status status="NOT RUN" start="2026-02-19T10:23:25.587217" elapsed="0.000014"/>
</kw>
<kw name="Set Variable" owner="BuiltIn">
<var>${no_first}</var>
<arg>--no-first-run</arg>
<doc>Returns the given values which can then be assigned to a variables.</doc>
<status status="NOT RUN" start="2026-02-19T10:23:25.587279" elapsed="0.000013"/>
</kw>
<kw name="Set Variable" owner="BuiltIn">
<var>${no_default}</var>
<arg>--no-default-browser-check</arg>
<doc>Returns the given values which can then be assigned to a variables.</doc>
<status status="NOT RUN" start="2026-02-19T10:23:25.587340" elapsed="0.000013"/>
</kw>
<kw name="Set Variable" owner="BuiltIn">
<var>${maximize}</var>
<arg>--start-maximized</arg>
<doc>Returns the given values which can then be assigned to a variables.</doc>
<status status="NOT RUN" start="2026-02-19T10:23:25.587400" elapsed="0.000014"/>
</kw>
<kw name="Set Variable" owner="BuiltIn">
<var>${profile}</var>
<arg>--user-data-dir=${temp_dir}</arg>
<doc>Returns the given values which can then be assigned to a variables.</doc>
<status status="NOT RUN" start="2026-02-19T10:23:25.587467" elapsed="0.000016"/>
</kw>
<kw name="Call Method" owner="BuiltIn">
<arg>${options}</arg>
<arg>add_argument</arg>
<arg>${incognito}</arg>
<doc>Calls the named method of the given object with the provided arguments.</doc>
<status status="NOT RUN" start="2026-02-19T10:23:25.587536" elapsed="0.000014"/>
</kw>
<kw name="Call Method" owner="BuiltIn">
<arg>${options}</arg>
<arg>add_argument</arg>
<arg>${disable_pw}</arg>
<doc>Calls the named method of the given object with the provided arguments.</doc>
<status status="NOT RUN" start="2026-02-19T10:23:25.587599" elapsed="0.000014"/>
</kw>
<kw name="Call Method" owner="BuiltIn">
<arg>${options}</arg>
<arg>add_argument</arg>
<arg>${disable_notify}</arg>
<doc>Calls the named method of the given object with the provided arguments.</doc>
<status status="NOT RUN" start="2026-02-19T10:23:25.587660" elapsed="0.000014"/>
</kw>
<kw name="Call Method" owner="BuiltIn">
<arg>${options}</arg>
<arg>add_argument</arg>
<arg>${no_first}</arg>
<doc>Calls the named method of the given object with the provided arguments.</doc>
<status status="NOT RUN" start="2026-02-19T10:23:25.587919" elapsed="0.000041"/>
</kw>
<kw name="Call Method" owner="BuiltIn">
<arg>${options}</arg>
<arg>add_argument</arg>
<arg>${no_default}</arg>
<doc>Calls the named method of the given object with the provided arguments.</doc>
<status status="NOT RUN" start="2026-02-19T10:23:25.588097" elapsed="0.000058"/>
</kw>
<kw name="Call Method" owner="BuiltIn">
<arg>${options}</arg>
<arg>add_argument</arg>
<arg>${maximize}</arg>
<doc>Calls the named method of the given object with the provided arguments.</doc>
<status status="NOT RUN" start="2026-02-19T10:23:25.588341" elapsed="0.000052"/>
</kw>
<kw name="Call Method" owner="BuiltIn">
<arg>${options}</arg>
<arg>add_argument</arg>
<arg>${profile}</arg>
<doc>Calls the named method of the given object with the provided arguments.</doc>
<status status="NOT RUN" start="2026-02-19T10:23:25.588564" elapsed="0.000056"/>
</kw>
<kw name="Create Webdriver" owner="SeleniumLibrary">
<arg>Chrome</arg>
<arg>options=${options}</arg>
<doc>Creates an instance of Selenium WebDriver.</doc>
<status status="NOT RUN" start="2026-02-19T10:23:25.588820" elapsed="0.000052"/>
</kw>
<kw name="Go To" owner="SeleniumLibrary">
<arg>${URL}</arg>
<doc>Navigates the current browser window to the provided ``url``.</doc>
<status status="NOT RUN" start="2026-02-19T10:23:25.589058" elapsed="0.000050"/>
</kw>
<status status="NOT RUN" start="2026-02-19T10:23:25.586602" elapsed="0.002699"/>
</branch>
<branch type="ELSE IF" condition="'${BROWSER}' == 'Edge'">
<kw name="Open Browser" owner="SeleniumLibrary">
<arg>${URL}</arg>
<arg>Edge</arg>
<doc>Opens a new browser instance to the optional ``url``.</doc>
<status status="NOT RUN" start="2026-02-19T10:23:25.589794" elapsed="0.000052"/>
</kw>
<kw name="Maximize Browser Window" owner="SeleniumLibrary">
<doc>Maximizes current browser window.</doc>
<status status="NOT RUN" start="2026-02-19T10:23:25.590015" elapsed="0.000046"/>
</kw>
<status status="NOT RUN" start="2026-02-19T10:23:25.589389" elapsed="0.000740"/>
</branch>
<branch type="ELSE IF" condition="'${BROWSER}' == 'Firefox'">
<kw name="Evaluate" owner="BuiltIn">
<msg time="2026-02-19T10:23:25.591366" level="INFO">${ff_options} = &lt;selenium.webdriver.firefox.options.Options object at 0x000001FE6CF72B10&gt;</msg>
<var>${ff_options}</var>
<arg>sys.modules['selenium.webdriver'].FirefoxOptions()</arg>
<arg>sys, selenium.webdriver</arg>
<doc>Evaluates the given expression in Python and returns the result.</doc>
<status status="PASS" start="2026-02-19T10:23:25.590508" elapsed="0.000900"/>
</kw>
<kw name="Call Method" owner="BuiltIn">
<arg>${ff_options}</arg>
<arg>add_argument</arg>
<arg>-private</arg>
<doc>Calls the named method of the given object with the provided arguments.</doc>
<status status="PASS" start="2026-02-19T10:23:25.591536" elapsed="0.000377"/>
</kw>
<kw name="Create Webdriver" owner="SeleniumLibrary">
<msg time="2026-02-19T10:23:25.592401" level="INFO">Creating an instance of the Firefox WebDriver.</msg>
<arg>Firefox</arg>
<arg>options=${ff_options}</arg>
<doc>Creates an instance of Selenium WebDriver.</doc>
<status status="PASS" start="2026-02-19T10:23:25.592188" elapsed="9.834513"/>
</kw>
<kw name="Go To" owner="SeleniumLibrary">
<msg time="2026-02-19T10:23:35.427081" level="INFO">Opening url 'https://www.saucedemo.com/'</msg>
<msg time="2026-02-19T10:23:35.434832" level="WARN">Keyword 'Capture Page Screenshot' could not be run on failure: Message: Browsing context has been discarded
Stacktrace:
RemoteError@chrome://remote/content/shared/RemoteError.sys.mjs:8:8
WebDriverError@chrome://remote/content/shared/webdriver/Errors.sys.mjs:202:5
NoSuchWindowError@chrome://remote/content/shared/webdriver/Errors.sys.mjs:782:5
assert.that/&lt;@chrome://remote/content/shared/webdriver/Assert.sys.mjs:581:13
assert.open@chrome://remote/content/shared/webdriver/Assert.sys.mjs:169:4
GeckoDriver.prototype.takeScreenshot@chrome://remote/content/marionette/driver.sys.mjs:2963:15
dispatch@chrome://remote/content/marionette/server.sys.mjs:318:40
execute@chrome://remote/content/marionette/server.sys.mjs:289:16
onPacket/&lt;@chrome://remote/content/marionette/server.sys.mjs:262:20
onPacket@chrome://remote/content/marionette/server.sys.mjs:263:9
_onJSONObjectReady/&lt;@chrome://remote/content/marionette/transport.sys.mjs:494:20
</msg>
<msg time="2026-02-19T10:23:35.435550" level="FAIL">NoSuchWindowException: Message: Browsing context has been discarded
Stacktrace:
RemoteError@chrome://remote/content/shared/RemoteError.sys.mjs:8:8
WebDriverError@chrome://remote/content/shared/webdriver/Errors.sys.mjs:202:5
NoSuchWindowError@chrome://remote/content/shared/webdriver/Errors.sys.mjs:782:5
assert.that/&lt;@chrome://remote/content/shared/webdriver/Assert.sys.mjs:581:13
assert.open@chrome://remote/content/shared/webdriver/Assert.sys.mjs:169:4
GeckoDriver.prototype.navigateTo@chrome://remote/content/marionette/driver.sys.mjs:1184:39
dispatch@chrome://remote/content/marionette/server.sys.mjs:318:40
execute@chrome://remote/content/marionette/server.sys.mjs:289:16
onPacket/&lt;@chrome://remote/content/marionette/server.sys.mjs:262:20
onPacket@chrome://remote/content/marionette/server.sys.mjs:263:9
_onJSONObjectReady/&lt;@chrome://remote/content/marionette/transport.sys.mjs:494:20
</msg>
<arg>${URL}</arg>
<doc>Navigates the current browser window to the provided ``url``.</doc>
<status status="FAIL" start="2026-02-19T10:23:35.426906" elapsed="0.010498">NoSuchWindowException: Message: Browsing context has been discarded
Stacktrace:
RemoteError@chrome://remote/content/shared/RemoteError.sys.mjs:8:8
WebDriverError@chrome://remote/content/shared/webdriver/Errors.sys.mjs:202:5
NoSuchWindowError@chrome://remote/content/shared/webdriver/Errors.sys.mjs:782:5
assert.that/&lt;@chrome://remote/content/shared/webdriver/Assert.sys.mjs:581:13
assert.open@chrome://remote/content/shared/webdriver/Assert.sys.mjs:169:4
GeckoDriver.prototype.navigateTo@chrome://remote/content/marionette/driver.sys.mjs:1184:39
dispatch@chrome://remote/content/marionette/server.sys.mjs:318:40
execute@chrome://remote/content/marionette/server.sys.mjs:289:16
onPacket/&lt;@chrome://remote/content/marionette/server.sys.mjs:262:20
onPacket@chrome://remote/content/marionette/server.sys.mjs:263:9
_onJSONObjectReady/&lt;@chrome://remote/content/marionette/transport.sys.mjs:494:20
</status>
</kw>
<status status="FAIL" start="2026-02-19T10:23:25.590200" elapsed="9.847359">NoSuchWindowException: Message: Browsing context has been discarded
Stacktrace:
RemoteError@chrome://remote/content/shared/RemoteError.sys.mjs:8:8
WebDriverError@chrome://remote/content/shared/webdriver/Errors.sys.mjs:202:5
NoSuchWindowError@chrome://remote/content/shared/webdriver/Errors.sys.mjs:782:5
assert.that/&lt;@chrome://remote/content/shared/webdriver/Assert.sys.mjs:581:13
assert.open@chrome://remote/content/shared/webdriver/Assert.sys.mjs:169:4
GeckoDriver.prototype.navigateTo@chrome://remote/content/marionette/driver.sys.mjs:1184:39
dispatch@chrome://remote/content/marionette/server.sys.mjs:318:40
execute@chrome://remote/content/marionette/server.sys.mjs:289:16
onPacket/&lt;@chrome://remote/content/marionette/server.sys.mjs:262:20
onPacket@chrome://remote/content/marionette/server.sys.mjs:263:9
_onJSONObjectReady/&lt;@chrome://remote/content/marionette/transport.sys.mjs:494:20
</status>
</branch>
<status status="FAIL" start="2026-02-19T10:23:25.586586" elapsed="9.851045">NoSuchWindowException: Message: Browsing context has been discarded
Stacktrace:
RemoteError@chrome://remote/content/shared/RemoteError.sys.mjs:8:8
WebDriverError@chrome://remote/content/shared/webdriver/Errors.sys.mjs:202:5
NoSuchWindowError@chrome://remote/content/shared/webdriver/Errors.sys.mjs:782:5
assert.that/&lt;@chrome://remote/content/shared/webdriver/Assert.sys.mjs:581:13
assert.open@chrome://remote/content/shared/webdriver/Assert.sys.mjs:169:4
GeckoDriver.prototype.navigateTo@chrome://remote/content/marionette/driver.sys.mjs:1184:39
dispatch@chrome://remote/content/marionette/server.sys.mjs:318:40
execute@chrome://remote/content/marionette/server.sys.mjs:289:16
onPacket/&lt;@chrome://remote/content/marionette/server.sys.mjs:262:20
onPacket@chrome://remote/content/marionette/server.sys.mjs:263:9
_onJSONObjectReady/&lt;@chrome://remote/content/marionette/transport.sys.mjs:494:20
</status>
</if>
<kw name="Wait Until Element Is Visible" owner="SeleniumLibrary">
<arg>id=user-name</arg>
<arg>timeout=10s</arg>
<doc>Waits until the element ``locator`` is visible.</doc>
<status status="NOT RUN" start="2026-02-19T10:23:35.437791" elapsed="0.000040"/>
</kw>
<kw name="Sleep" owner="BuiltIn">
<arg>${DELAY}</arg>
<doc>Pauses the test executed for the given time.</doc>
<status status="NOT RUN" start="2026-02-19T10:23:35.437937" elapsed="0.000030"/>
</kw>
<status status="FAIL" start="2026-02-19T10:23:25.586455" elapsed="9.851642">NoSuchWindowException: Message: Browsing context has been discarded
Stacktrace:
RemoteError@chrome://remote/content/shared/RemoteError.sys.mjs:8:8
WebDriverError@chrome://remote/content/shared/webdriver/Errors.sys.mjs:202:5
NoSuchWindowError@chrome://remote/content/shared/webdriver/Errors.sys.mjs:782:5
assert.that/&lt;@chrome://remote/content/shared/webdriver/Assert.sys.mjs:581:13
assert.open@chrome://remote/content/shared/webdriver/Assert.sys.mjs:169:4
GeckoDriver.prototype.navigateTo@chrome://remote/content/marionette/driver.sys.mjs:1184:39
dispatch@chrome://remote/content/marionette/server.sys.mjs:318:40
execute@chrome://remote/content/marionette/server.sys.mjs:289:16
onPacket/&lt;@chrome://remote/content/marionette/server.sys.mjs:262:20
onPacket@chrome://remote/content/marionette/server.sys.mjs:263:9
_onJSONObjectReady/&lt;@chrome://remote/content/marionette/transport.sys.mjs:494:20
</status>
</kw>
<test id="s1-s5-t1" name="User Can Remove Product From Cart" line="7">
<status status="FAIL" start="2026-02-19T10:23:35.438260" elapsed="0.000631">Parent suite setup failed:
NoSuchWindowException: Message: Browsing context has been discarded
Stacktrace:
RemoteError@chrome://remote/content/shared/RemoteError.sys.mjs:8:8
WebDriverError@chrome://remote/content/shared/webdriver/Errors.sys.mjs:202:5
NoSuchWindowError@chrome://remote/content/shared/webdriver/Errors.sys.mjs:782:5
assert.that/&lt;@chrome://remote/content/shared/webdriver/Assert.sys.mjs:581:13
assert.open@chrome://remote/content/shared/webdriver/Assert.sys.mjs:169:4
GeckoDriver.prototype.navigateTo@chrome://remote/content/marionette/driver.sys.mjs:1184:39
dispatch@chrome://remote/content/marionette/server.sys.mjs:318:40
execute@chrome://remote/content/marionette/server.sys.mjs:289:16
onPacket/&lt;@chrome://remote/content/marionette/server.sys.mjs:262:20
onPacket@chrome://remote/content/marionette/server.sys.mjs:263:9
_onJSONObjectReady/&lt;@chrome://remote/content/marionette/transport.sys.mjs:494:20
</status>
</test>
<kw name="Close Website" owner="ecommerce_keywords" type="TEARDOWN">
<kw name="Sleep" owner="BuiltIn">
<msg time="2026-02-19T10:23:36.141171" level="INFO">Slept 700 milliseconds.</msg>
<arg>${DELAY}</arg>
<doc>Pauses the test executed for the given time.</doc>
<status status="PASS" start="2026-02-19T10:23:35.440581" elapsed="0.700726"/>
</kw>
<kw name="Close Browser" owner="SeleniumLibrary">
<doc>Closes the current browser.</doc>
<status status="PASS" start="2026-02-19T10:23:36.141495" elapsed="3.063736"/>
</kw>
<status status="PASS" start="2026-02-19T10:23:35.440375" elapsed="3.765111"/>
</kw>
<status status="FAIL" start="2026-02-19T10:23:25.581806" elapsed="13.623793">Suite setup failed:
NoSuchWindowException: Message: Browsing context has been discarded
Stacktrace:
RemoteError@chrome://remote/content/shared/RemoteError.sys.mjs:8:8
WebDriverError@chrome://remote/content/shared/webdriver/Errors.sys.mjs:202:5
NoSuchWindowError@chrome://remote/content/shared/webdriver/Errors.sys.mjs:782:5
assert.that/&lt;@chrome://remote/content/shared/webdriver/Assert.sys.mjs:581:13
assert.open@chrome://remote/content/shared/webdriver/Assert.sys.mjs:169:4
GeckoDriver.prototype.navigateTo@chrome://remote/content/marionette/driver.sys.mjs:1184:39
dispatch@chrome://remote/content/marionette/server.sys.mjs:318:40
execute@chrome://remote/content/marionette/server.sys.mjs:289:16
onPacket/&lt;@chrome://remote/content/marionette/server.sys.mjs:262:20
onPacket@chrome://remote/content/marionette/server.sys.mjs:263:9
_onJSONObjectReady/&lt;@chrome://remote/content/marionette/transport.sys.mjs:494:20
</status>
</suite>
<suite id="s1-s6" name="05 Logout" source="C:\Users\user\Desktop\CAPSTONE PROJECT\Ecommerce\robot-framework\tests\05_logout.robot">
<kw name="Open Website" owner="ecommerce_keywords" type="SETUP">
<if>
<branch type="IF" condition="'${BROWSER}' == 'Chrome'">
<kw name="Evaluate" owner="BuiltIn">
<var>${options}</var>
<arg>sys.modules['selenium.webdriver'].ChromeOptions()</arg>
<arg>sys, selenium.webdriver</arg>
<doc>Evaluates the given expression in Python and returns the result.</doc>
<status status="NOT RUN" start="2026-02-19T10:23:39.211944" elapsed="0.000109"/>
</kw>
<kw name="Evaluate" owner="BuiltIn">
<var>${temp_dir}</var>
<arg>__import__('tempfile').mkdtemp()</arg>
<doc>Evaluates the given expression in Python and returns the result.</doc>
<status status="NOT RUN" start="2026-02-19T10:23:39.212309" elapsed="0.000065"/>
</kw>
<kw name="Create Dictionary" owner="BuiltIn">
<var>${prefs}</var>
<arg>credentials_enable_service=False</arg>
<arg>profile.password_manager_enabled=False</arg>
<arg>profile.default_content_setting_values.notifications=2</arg>
<doc>Creates and returns a dictionary based on the given ``items``.</doc>
<status status="NOT RUN" start="2026-02-19T10:23:39.212610" elapsed="0.000061"/>
</kw>
<kw name="Call Method" owner="BuiltIn">
<arg>${options}</arg>
<arg>add_experimental_option</arg>
<arg>prefs</arg>
<arg>${prefs}</arg>
<doc>Calls the named method of the given object with the provided arguments.</doc>
<status status="NOT RUN" start="2026-02-19T10:23:39.212886" elapsed="0.000059"/>
</kw>
<kw name="Set Variable" owner="BuiltIn">
<var>${incognito}</var>
<arg>--incognito</arg>
<doc>Returns the given values which can then be assigned to a variables.</doc>
<status status="NOT RUN" start="2026-02-19T10:23:39.213168" elapsed="0.000055"/>
</kw>
<kw name="Set Variable" owner="BuiltIn">
<var>${disable_pw}</var>
<arg>--disable-features=PasswordLeakDetection</arg>
<doc>Returns the given values which can then be assigned to a variables.</doc>
<status status="NOT RUN" start="2026-02-19T10:23:39.213411" elapsed="0.000051"/>
</kw>
<kw name="Set Variable" owner="BuiltIn">
<var>${disable_notify}</var>
<arg>--disable-notifications</arg>
<doc>Returns the given values which can then be assigned to a variables.</doc>
<status status="NOT RUN" start="2026-02-19T10:23:39.213646" elapsed="0.000052"/>
</kw>
<kw name="Set Variable" owner="BuiltIn">
<var>${no_first}</var>
<arg>--no-first-run</arg>
<doc>Returns the given values which can then be assigned to a variables.</doc>
<status status="NOT RUN" start="2026-02-19T10:23:39.213877" elapsed="0.000048"/>
</kw>
<kw name="Set Variable" owner="BuiltIn">
<var>${no_default}</var>
<arg>--no-default-browser-check</arg>
<doc>Returns the given values which can then be assigned to a variables.</doc>
<status status="NOT RUN" start="2026-02-19T10:23:39.214100" elapsed="0.000055"/>
</kw>
<kw name="Set Variable" owner="BuiltIn">
<var>${maximize}</var>
<arg>--start-maximized</arg>
<doc>Returns the given values which can then be assigned to a variables.</doc>
<status status="NOT RUN" start="2026-02-19T10:23:39.214327" elapsed="0.000044"/>
</kw>
<kw name="Set Variable" owner="BuiltIn">
<var>${profile}</var>
<arg>--user-data-dir=${temp_dir}</arg>
<doc>Returns the given values which can then be assigned to a variables.</doc>
<status status="NOT RUN" start="2026-02-19T10:23:39.214526" elapsed="0.000043"/>
</kw>
<kw name="Call Method" owner="BuiltIn">
<arg>${options}</arg>
<arg>add_argument</arg>
<arg>${incognito}</arg>
<doc>Calls the named method of the given object with the provided arguments.</doc>
<status status="NOT RUN" start="2026-02-19T10:23:39.214723" elapsed="0.000044"/>
</kw>
<kw name="Call Method" owner="BuiltIn">
<arg>${options}</arg>
[...]
<var>${postal_code}</var>
<arg>${columns}</arg>
<arg>2</arg>
<doc>Returns the value specified with an ``index`` from ``list``.</doc>
<status status="PASS" start="2026-02-19T10:25:22.240873" elapsed="0.000404"/>
</kw>
<kw name="Checkout With User Data" owner="ecommerce_keywords">
<kw name="Login To Application" owner="ecommerce_keywords">
<kw name="Input Text" owner="SeleniumLibrary">
<msg time="2026-02-19T10:25:22.242318" level="INFO">Typing text 'standard_user' into text field 'id=user-name'.</msg>
<arg>id=user-name</arg>
<arg>${USERNAME}</arg>
<doc>Types the given ``text`` into the text field identified by ``locator``.</doc>
<status status="PASS" start="2026-02-19T10:25:22.242134" elapsed="0.021532"/>
</kw>
<kw name="Sleep" owner="BuiltIn">
<msg time="2026-02-19T10:25:22.964913" level="INFO">Slept 700 milliseconds.</msg>
<arg>${DELAY}</arg>
<doc>Pauses the test executed for the given time.</doc>
<status status="PASS" start="2026-02-19T10:25:22.263898" elapsed="0.701247"/>
</kw>
<kw name="Input Text" owner="SeleniumLibrary">
<msg time="2026-02-19T10:25:22.965619" level="INFO">Typing text 'secret_sauce' into text field 'id=password'.</msg>
<arg>id=password</arg>
<arg>${PASSWORD}</arg>
<doc>Types the given ``text`` into the text field identified by ``locator``.</doc>
<status status="PASS" start="2026-02-19T10:25:22.965348" elapsed="0.033727"/>
</kw>
<kw name="Sleep" owner="BuiltIn">
<msg time="2026-02-19T10:25:23.700241" level="INFO">Slept 700 milliseconds.</msg>
<arg>${DELAY}</arg>
<doc>Pauses the test executed for the given time.</doc>
<status status="PASS" start="2026-02-19T10:25:22.999281" elapsed="0.701147"/>
</kw>
<kw name="Click Button" owner="SeleniumLibrary">
<msg time="2026-02-19T10:25:23.701034" level="INFO">Clicking button 'id=login-button'.</msg>
<arg>id=login-button</arg>
<doc>Clicks the button identified by ``locator``.</doc>
<status status="PASS" start="2026-02-19T10:25:23.700706" elapsed="0.097886"/>
</kw>
<kw name="Wait Until Page Contains Element" owner="SeleniumLibrary">
<arg>css=.inventory_list</arg>
<doc>Waits until the element ``locator`` appears on the current page.</doc>
<status status="PASS" start="2026-02-19T10:25:23.798852" elapsed="0.004488"/>
</kw>
<kw name="Sleep" owner="BuiltIn">
<msg time="2026-02-19T10:25:24.504492" level="INFO">Slept 700 milliseconds.</msg>
<arg>${DELAY}</arg>
<doc>Pauses the test executed for the given time.</doc>
<status status="PASS" start="2026-02-19T10:25:23.803551" elapsed="0.701078"/>
</kw>
<status status="PASS" start="2026-02-19T10:25:22.241942" elapsed="2.262816"/>
</kw>
<kw name="Sort Products Low To High" owner="ecommerce_keywords">
<kw name="Select From List By Value" owner="SeleniumLibrary">
<msg time="2026-02-19T10:25:24.505551" level="INFO">Selecting options from selection list 'css=.product_sort_container' by value lohi.</msg>
<arg>css=.product_sort_container</arg>
<arg>lohi</arg>
<doc>Selects options from selection list ``locator`` by ``values``.</doc>
<status status="PASS" start="2026-02-19T10:25:24.505322" elapsed="0.087778"/>
</kw>
<kw name="Sleep" owner="BuiltIn">
<msg time="2026-02-19T10:25:25.294387" level="INFO">Slept 700 milliseconds.</msg>
<arg>${DELAY}</arg>
<doc>Pauses the test executed for the given time.</doc>
<status status="PASS" start="2026-02-19T10:25:24.593257" elapsed="0.701297"/>
</kw>
<status status="PASS" start="2026-02-19T10:25:24.504986" elapsed="0.789698"/>
</kw>
<kw name="Add Four Products To Cart" owner="ecommerce_keywords">
<kw name="Get WebElements" owner="SeleniumLibrary">
<msg time="2026-02-19T10:25:25.301577" level="INFO">${buttons} = [&lt;selenium.webdriver.remote.webelement.WebElement (session="652f4f69-73d8-4be7-b42b-d4ecf665b3c2", element="513c6afc-1e34-4d1a-bb65-329be41d5f09")&gt;, &lt;selenium.webdriver.remote.webelement.WebElement (s...</msg>
<var>${buttons}</var>
<arg>xpath=//button[contains(text(),'Add to cart')]</arg>
<doc>Returns a list of WebElement objects matching the ``locator``.</doc>
<status status="PASS" start="2026-02-19T10:25:25.295649" elapsed="0.005980"/>
</kw>
<for flavor="IN RANGE">
<iter>
<kw name="Click Element" owner="SeleniumLibrary">
<msg time="2026-02-19T10:25:25.302327" level="INFO">Clicking element '&lt;selenium.webdriver.remote.webelement.WebElement (session="652f4f69-73d8-4be7-b42b-d4ecf665b3c2", element="513c6afc-1e34-4d1a-bb65-329be41d5f09")&gt;'.</msg>
<arg>${buttons}[${index}]</arg>
<doc>Click the element identified by ``locator``.</doc>
<status status="PASS" start="2026-02-19T10:25:25.302073" elapsed="0.068979"/>
</kw>
<kw name="Sleep" owner="BuiltIn">
<msg time="2026-02-19T10:25:26.072179" level="INFO">Slept 700 milliseconds.</msg>
<arg>${DELAY}</arg>
<doc>Pauses the test executed for the given time.</doc>
<status status="PASS" start="2026-02-19T10:25:25.371256" elapsed="0.701093"/>
</kw>
<var name="${index}">0</var>
<status status="PASS" start="2026-02-19T10:25:25.301942" elapsed="0.770523"/>
</iter>
<iter>
<kw name="Click Element" owner="SeleniumLibrary">
<msg time="2026-02-19T10:25:26.073337" level="INFO">Clicking element '&lt;selenium.webdriver.remote.webelement.WebElement (session="652f4f69-73d8-4be7-b42b-d4ecf665b3c2", element="eb9d2c54-3b37-4718-aac4-df06e8226e60")&gt;'.</msg>
<arg>${buttons}[${index}]</arg>
<doc>Click the element identified by ``locator``.</doc>
<status status="PASS" start="2026-02-19T10:25:26.072926" elapsed="0.060638"/>
</kw>
<kw name="Sleep" owner="BuiltIn">
<msg time="2026-02-19T10:25:26.835093" level="INFO">Slept 700 milliseconds.</msg>
<arg>${DELAY}</arg>
<doc>Pauses the test executed for the given time.</doc>
<status status="PASS" start="2026-02-19T10:25:26.133758" elapsed="0.701482"/>
</kw>
<var name="${index}">1</var>
<status status="PASS" start="2026-02-19T10:25:26.072707" elapsed="0.762628"/>
</iter>
<iter>
<kw name="Click Element" owner="SeleniumLibrary">
<msg time="2026-02-19T10:25:26.835917" level="INFO">Clicking element '&lt;selenium.webdriver.remote.webelement.WebElement (session="652f4f69-73d8-4be7-b42b-d4ecf665b3c2", element="e7e434a1-8157-4b40-a330-2e575c0caecd")&gt;'.</msg>
<arg>${buttons}[${index}]</arg>
<doc>Click the element identified by ``locator``.</doc>
<status status="PASS" start="2026-02-19T10:25:26.835648" elapsed="0.064318"/>
</kw>
<kw name="Sleep" owner="BuiltIn">
<msg time="2026-02-19T10:25:27.601837" level="INFO">Slept 700 milliseconds.</msg>
<arg>${DELAY}</arg>
<doc>Pauses the test executed for the given time.</doc>
<status status="PASS" start="2026-02-19T10:25:26.900282" elapsed="0.701850"/>
</kw>
<var name="${index}">2</var>
<status status="PASS" start="2026-02-19T10:25:26.835508" elapsed="0.766829"/>
</iter>
<iter>
<kw name="Click Element" owner="SeleniumLibrary">
<msg time="2026-02-19T10:25:27.603688" level="INFO">Clicking element '&lt;selenium.webdriver.remote.webelement.WebElement (session="652f4f69-73d8-4be7-b42b-d4ecf665b3c2", element="b3a7e5ba-e785-4bdd-a615-865fc20492d2")&gt;'.</msg>
<arg>${buttons}[${index}]</arg>
<doc>Click the element identified by ``locator``.</doc>
<status status="PASS" start="2026-02-19T10:25:27.603096" elapsed="0.082469"/>
</kw>
<kw name="Sleep" owner="BuiltIn">
<msg time="2026-02-19T10:25:28.387061" level="INFO">Slept 700 milliseconds.</msg>
<arg>${DELAY}</arg>
<doc>Pauses the test executed for the given time.</doc>
<status status="PASS" start="2026-02-19T10:25:27.685790" elapsed="0.701381"/>
</kw>
<var name="${index}">3</var>
<status status="PASS" start="2026-02-19T10:25:27.602770" elapsed="0.784465"/>
</iter>
<var>${index}</var>
<value>0</value>
<value>4</value>
<status status="PASS" start="2026-02-19T10:25:25.301734" elapsed="3.085544"/>
</for>
<status status="PASS" start="2026-02-19T10:25:25.295169" elapsed="3.092185"/>
</kw>
<kw name="Verify Cart Has Four Items" owner="ecommerce_keywords">
<kw name="Get Text" owner="SeleniumLibrary">
<msg time="2026-02-19T10:25:28.403081" level="INFO">${count} = 4</msg>
<var>${count}</var>
<arg>css=.shopping_cart_badge</arg>
<doc>Returns the text value of the element identified by ``locator``.</doc>
<status status="PASS" start="2026-02-19T10:25:28.387744" elapsed="0.015429"/>
</kw>
<kw name="Should Be Equal" owner="BuiltIn">
<arg>${count}</arg>
<arg>4</arg>
<doc>Fails if the given objects are unequal.</doc>
<status status="PASS" start="2026-02-19T10:25:28.403494" elapsed="0.000677"/>
</kw>
<kw name="Sleep" owner="BuiltIn">
<msg time="2026-02-19T10:25:29.105211" level="INFO">Slept 700 milliseconds.</msg>
<arg>${DELAY}</arg>
<doc>Pauses the test executed for the given time.</doc>
<status status="PASS" start="2026-02-19T10:25:28.404398" elapsed="0.700991"/>
</kw>
<status status="PASS" start="2026-02-19T10:25:28.387509" elapsed="0.718056"/>
</kw>
<kw name="Go To Cart" owner="ecommerce_keywords">
<kw name="Click Element" owner="SeleniumLibrary">
<msg time="2026-02-19T10:25:29.106911" level="INFO">Clicking element 'css=.shopping_cart_link'.</msg>
<arg>css=.shopping_cart_link</arg>
<doc>Click the element identified by ``locator``.</doc>
<status status="PASS" start="2026-02-19T10:25:29.106682" elapsed="0.082854"/>
</kw>
<kw name="Wait Until Page Contains" owner="SeleniumLibrary">
<arg>Your Cart</arg>
<doc>Waits until ``text`` appears on the current page.</doc>
<status status="PASS" start="2026-02-19T10:25:29.189686" elapsed="0.004440"/>
</kw>
<kw name="Sleep" owner="BuiltIn">
<msg time="2026-02-19T10:25:29.895584" level="INFO">Slept 700 milliseconds.</msg>
<arg>${DELAY}</arg>
<doc>Pauses the test executed for the given time.</doc>
<status status="PASS" start="2026-02-19T10:25:29.194454" elapsed="0.701264"/>
</kw>
<status status="PASS" start="2026-02-19T10:25:29.105880" elapsed="0.789956"/>
</kw>
<kw name="Sleep" owner="BuiltIn">
<msg time="2026-02-19T10:25:30.597221" level="INFO">Slept 700 milliseconds.</msg>
<arg>${DELAY}</arg>
<doc>Pauses the test executed for the given time.</doc>
<status status="PASS" start="2026-02-19T10:25:29.896156" elapsed="0.701166"/>
</kw>
<kw name="Click Button" owner="SeleniumLibrary">
<msg time="2026-02-19T10:25:30.597630" level="INFO">Clicking button 'id=checkout'.</msg>
<arg>id=checkout</arg>
<doc>Clicks the button identified by ``locator``.</doc>
<status status="PASS" start="2026-02-19T10:25:30.597469" elapsed="0.084672"/>
</kw>
<kw name="Sleep" owner="BuiltIn">
<msg time="2026-02-19T10:25:31.384153" level="INFO">Slept 700 milliseconds.</msg>
<arg>${DELAY}</arg>
<doc>Pauses the test executed for the given time.</doc>
<status status="PASS" start="2026-02-19T10:25:30.682447" elapsed="0.701844"/>
</kw>
<kw name="Input Text" owner="SeleniumLibrary">
<msg time="2026-02-19T10:25:31.385383" level="INFO">Typing text 'Ravinesh' into text field 'id=first-name'.</msg>
<arg>id=first-name</arg>
<arg>${first_name}</arg>
<doc>Types the given ``text`` into the text field identified by ``locator``.</doc>
<status status="PASS" start="2026-02-19T10:25:31.384633" elapsed="0.034784"/>
</kw>
<kw name="Sleep" owner="BuiltIn">
<msg time="2026-02-19T10:25:32.120796" level="INFO">Slept 700 milliseconds.</msg>
<arg>${DELAY}</arg>
<doc>Pauses the test executed for the given time.</doc>
<status status="PASS" start="2026-02-19T10:25:31.419684" elapsed="0.701244"/>
</kw>
<kw name="Input Text" owner="SeleniumLibrary">
<msg time="2026-02-19T10:25:32.121390" level="INFO">Typing text 'Tiwari' into text field 'id=last-name'.</msg>
<arg>id=last-name</arg>
<arg>${last_name}</arg>
<doc>Types the given ``text`` into the text field identified by ``locator``.</doc>
<status status="PASS" start="2026-02-19T10:25:32.121126" elapsed="0.028122"/>
</kw>
<kw name="Sleep" owner="BuiltIn">
<msg time="2026-02-19T10:25:32.850179" level="INFO">Slept 700 milliseconds.</msg>
<arg>${DELAY}</arg>
<doc>Pauses the test executed for the given time.</doc>
<status status="PASS" start="2026-02-19T10:25:32.149477" elapsed="0.700953"/>
</kw>
<kw name="Input Text" owner="SeleniumLibrary">
<msg time="2026-02-19T10:25:32.851486" level="INFO">Typing text '45678' into text field 'id=postal-code'.</msg>
<arg>id=postal-code</arg>
<arg>${postal_code}</arg>
<doc>Types the given ``text`` into the text field identified by ``locator``.</doc>
<status status="PASS" start="2026-02-19T10:25:32.850909" elapsed="0.023772"/>
</kw>
<kw name="Sleep" owner="BuiltIn">
<msg time="2026-02-19T10:25:33.575903" level="INFO">Slept 700 milliseconds.</msg>
<arg>${DELAY}</arg>
<doc>Pauses the test executed for the given time.</doc>
<status status="PASS" start="2026-02-19T10:25:32.874975" elapsed="0.701355"/>
</kw>
<kw name="Click Button" owner="SeleniumLibrary">
<msg time="2026-02-19T10:25:33.576702" level="INFO">Clicking button 'id=continue'.</msg>
<arg>id=continue</arg>
<doc>Clicks the button identified by ``locator``.</doc>
<status status="PASS" start="2026-02-19T10:25:33.576521" elapsed="0.087188"/>
</kw>
<kw name="Sleep" owner="BuiltIn">
<msg time="2026-02-19T10:25:34.364819" level="INFO">Slept 700 milliseconds.</msg>
<arg>${DELAY}</arg>
<doc>Pauses the test executed for the given time.</doc>
<status status="PASS" start="2026-02-19T10:25:33.663906" elapsed="0.701190"/>
</kw>
<kw name="Click Button" owner="SeleniumLibrary">
<msg time="2026-02-19T10:25:34.366415" level="INFO">Clicking button 'id=finish'.</msg>
<arg>id=finish</arg>
<doc>Clicks the button identified by ``locator``.</doc>
<status status="PASS" start="2026-02-19T10:25:34.365615" elapsed="0.079162"/>
</kw>
<kw name="Sleep" owner="BuiltIn">
<msg time="2026-02-19T10:25:35.146501" level="INFO">Slept 700 milliseconds.</msg>
<arg>${DELAY}</arg>
<doc>Pauses the test executed for the given time.</doc>
<status status="PASS" start="2026-02-19T10:25:34.445102" elapsed="0.701529"/>
</kw>
<kw name="Page Should Contain" owner="SeleniumLibrary">
<msg time="2026-02-19T10:25:35.156015" level="INFO">Current page contains text 'Thank you for your order!'.</msg>
<arg>Thank you for your order!</arg>
<doc>Verifies that current page contains ``text``.</doc>
<status status="PASS" start="2026-02-19T10:25:35.146912" elapsed="0.009271"/>
</kw>
<kw name="Click Button" owner="SeleniumLibrary">
<msg time="2026-02-19T10:25:35.156503" level="INFO">Clicking button 'id=back-to-products'.</msg>
<arg>id=back-to-products</arg>
<doc>Clicks the button identified by ``locator``.</doc>
<status status="PASS" start="2026-02-19T10:25:35.156341" elapsed="0.078842"/>
</kw>
<kw name="Logout From Application" owner="ecommerce_keywords">
<kw name="Click Element" owner="SeleniumLibrary">
<msg time="2026-02-19T10:25:35.236489" level="INFO">Clicking element 'id=react-burger-menu-btn'.</msg>
<arg>id=react-burger-menu-btn</arg>
<doc>Click the element identified by ``locator``.</doc>
<status status="PASS" start="2026-02-19T10:25:35.236243" elapsed="0.075755"/>
</kw>
<kw name="Sleep" owner="BuiltIn">
<msg time="2026-02-19T10:25:36.013399" level="INFO">Slept 700 milliseconds.</msg>
<arg>${DELAY}</arg>
<doc>Pauses the test executed for the given time.</doc>
<status status="PASS" start="2026-02-19T10:25:35.312191" elapsed="0.701374"/>
</kw>
<kw name="Click Element" owner="SeleniumLibrary">
<msg time="2026-02-19T10:25:36.014053" level="INFO">Clicking element 'id=logout_sidebar_link'.</msg>
<arg>id=logout_sidebar_link</arg>
<doc>Click the element identified by ``locator``.</doc>
<status status="PASS" start="2026-02-19T10:25:36.013795" elapsed="0.077854"/>
</kw>
<kw name="Wait Until Element Is Visible" owner="SeleniumLibrary">
<arg>id=login-button</arg>
<doc>Waits until the element ``locator`` is visible.</doc>
<status status="PASS" start="2026-02-19T10:25:36.091857" elapsed="0.020163"/>
</kw>
<kw name="Sleep" owner="BuiltIn">
<msg time="2026-02-19T10:25:36.813157" level="INFO">Slept 700 milliseconds.</msg>
<arg>${DELAY}</arg>
<doc>Pauses the test executed for the given time.</doc>
<status status="PASS" start="2026-02-19T10:25:36.112352" elapsed="0.701064"/>
</kw>
<status status="PASS" start="2026-02-19T10:25:35.235722" elapsed="1.577969"/>
</kw>
<arg>${first_name}</arg>
<arg>${last_name}</arg>
<arg>${postal_code}</arg>
<status status="PASS" start="2026-02-19T10:25:22.241528" elapsed="14.572350"/>
</kw>
<var name="${row}">Ravinesh,Tiwari,45678</var>
<status status="PASS" start="2026-02-19T10:25:22.238379" elapsed="14.575657"/>
</iter>
<var>${row}</var>
<value>@{data}</value>
<status status="PASS" start="2026-02-19T10:24:09.278443" elapsed="87.535770"/>
</for>
<status status="PASS" start="2026-02-19T10:24:09.242518" elapsed="87.572465"/>
</test>
<kw name="Close Website" owner="ecommerce_keywords" type="TEARDOWN">
<kw name="Sleep" owner="BuiltIn">
<msg time="2026-02-19T10:25:37.518541" level="INFO">Slept 700 milliseconds.</msg>
<arg>${DELAY}</arg>
<doc>Pauses the test executed for the given time.</doc>
<status status="PASS" start="2026-02-19T10:25:36.817166" elapsed="0.701528"/>
</kw>
<kw name="Close Browser" owner="SeleniumLibrary">
<doc>Closes the current browser.</doc>
<status status="PASS" start="2026-02-19T10:25:37.519147" elapsed="3.220850"/>
</kw>
<status status="PASS" start="2026-02-19T10:25:36.816717" elapsed="3.923431"/>
</kw>
<status status="PASS" start="2026-02-19T10:23:57.372833" elapsed="103.367343"/>
</suite>
<status status="FAIL" start="2026-02-19T10:22:13.948185" elapsed="206.792690"/>
</suite>
<statistics>
<total>
<stat pass="5" fail="2" skip="0">All Tests</stat>
</total>
<tag>
</tag>
<suite>
<stat name="Tests" id="s1" pass="5" fail="2" skip="0">Tests</stat>
<stat name="00 Invalid Login" id="s1-s1" pass="1" fail="0" skip="0">Tests.00 Invalid Login</stat>
<stat name="01 Login" id="s1-s2" pass="1" fail="0" skip="0">Tests.01 Login</stat>
<stat name="02 Product" id="s1-s3" pass="0" fail="1" skip="0">Tests.02 Product</stat>
<stat name="03 Add To Cart" id="s1-s4" pass="1" fail="0" skip="0">Tests.03 Add To Cart</stat>
<stat name="04 Update Cart" id="s1-s5" pass="0" fail="1" skip="0">Tests.04 Update Cart</stat>
<stat name="05 Logout" id="s1-s6" pass="1" fail="0" skip="0">Tests.05 Logout</stat>
<stat name="06 Checkout" id="s1-s7" pass="1" fail="0" skip="0">Tests.06 Checkout</stat>
</suite>
</statistics>
<errors>
<msg time="2026-02-19T10:22:58.948213" level="WARN">Keyword 'Capture Page Screenshot' could not be run on failure: Message: Browsing context has been discarded
Stacktrace:
RemoteError@chrome://remote/content/shared/RemoteError.sys.mjs:8:8
WebDriverError@chrome://remote/content/shared/webdriver/Errors.sys.mjs:202:5
NoSuchWindowError@chrome://remote/content/shared/webdriver/Errors.sys.mjs:782:5
assert.that/&lt;@chrome://remote/content/shared/webdriver/Assert.sys.mjs:581:13
assert.open@chrome://remote/content/shared/webdriver/Assert.sys.mjs:169:4
GeckoDriver.prototype.takeScreenshot@chrome://remote/content/marionette/driver.sys.mjs:2963:15
dispatch@chrome://remote/content/marionette/server.sys.mjs:318:40
execute@chrome://remote/content/marionette/server.sys.mjs:289:16
onPacket/&lt;@chrome://remote/content/marionette/server.sys.mjs:262:20
onPacket@chrome://remote/content/marionette/server.sys.mjs:263:9
_onJSONObjectReady/&lt;@chrome://remote/content/marionette/transport.sys.mjs:494:20
</msg>
<msg time="2026-02-19T10:23:35.434832" level="WARN">Keyword 'Capture Page Screenshot' could not be run on failure: Message: Browsing context has been discarded
Stacktrace:
RemoteError@chrome://remote/content/shared/RemoteError.sys.mjs:8:8
WebDriverError@chrome://remote/content/shared/webdriver/Errors.sys.mjs:202:5
NoSuchWindowError@chrome://remote/content/shared/webdriver/Errors.sys.mjs:782:5
assert.that/&lt;@chrome://remote/content/shared/webdriver/Assert.sys.mjs:581:13
assert.open@chrome://remote/content/shared/webdriver/Assert.sys.mjs:169:4
GeckoDriver.prototype.takeScreenshot@chrome://remote/content/marionette/driver.sys.mjs:2963:15
dispatch@chrome://remote/content/marionette/server.sys.mjs:318:40
execute@chrome://remote/content/marionette/server.sys.mjs:289:16
onPacket/&lt;@chrome://remote/content/marionette/server.sys.mjs:262:20
onPacket@chrome://remote/content/marionette/server.sys.mjs:263:9
_onJSONObjectReady/&lt;@chrome://remote/content/marionette/transport.sys.mjs:494:20
</msg>
</errors>
</robot>
